1003646	161020 032639.076 sending frame: DISC
1003647	161020 032639.077 > 7EA00A00 0272FB61 538CDB7E           ~....r.aS..~     
1003648	161020 032639.191 < 7EA02161 000272FB 73075481 80120501  ~.!a..r.s.T..... 
1003649	161020 032639.191 < F806013E 07040000 00010804 00000001  ...>............ 
1003650	161020 032639.191 < 480E7E                               H.~              
1003651	161020 032639.191 recved frame: UA * Info=21
1003652	161020 032639.191 hdlc disconnected
1003653	161020 032640.196 closed /dev/tts7 tx=570/13 rx=760/13, recv_delay=1.905s, send_delay=0.000s
1003654	161020 032644.177 com=8 meter=2 baud=13 acqtime=2016-10-20 03:26:00
1003655	161020 032645.227 opened (3)/dev/tts7 8N1 9600 tx_ipg=24984, rx_ipg=24984 (DTR|RTS|CTS|CAR|RNG)
1003656	161020 032645.305 sending frame: SNRM Info=23
1003657	161020 032645.314 > 7EA02300 0272FB61 933A3F81 80140502  ~.#..r.a.:?..... 
1003658	161020 032645.315 > 07F00602 07F00704 00000001 08040000  ................ 
1003659	161020 032645.315 > 00015856 7E                          ..XV~            
1003660	161020 032645.446 < 7EA02161 000272FB 73075481 80120501  ~.!a..r.s.T..... 
1003661	161020 032645.446 < F806013E 07040000 00010804 00000001  ...>............ 
1003662	161020 032645.446 < 480E7E                               H.~              
1003663	161020 032645.446 recved frame: UA * Info=21
1003664	161020 032645.447 negotiated mtu tx/rx = 79/2049
1003665	161020 032645.447 hdlc connected
1003666	161020 032645.449 sending frame: I N(R)=0 N(S)=0 Info=54
1003667	161020 032645.450 > 7EA04200 0272FB61 10F9B2E6 E6006031  ~.B..r.a......`1 
1003668	161020 032645.452 > 80020780 A1090607 60857405 0801028A  ........`.t..... 
1003669	161020 032645.453 > 0207808B 07608574 05080202 AC028000  .....`.t........ 
1003670	161020 032645.455 > BE0F040D 01000000 065F0400 FFFFFF00  ........._...... 
1003671	161020 032645.456 > 00BC7F7E                             ...~             
1003672	161020 032645.695 < 7EA05261 000272FB 30BA9DE6 E7006141  ~.Ra..r.0.....aA 
1003673	161020 032645.696 < A1090607 60857405 080102A2 03020100  ....`.t......... 
1003674	161020 032645.696 < A305A103 02010E88 02078089 07608574  .............`.t 
1003675	161020 032645.696 < 05080202 AA0A8008 38443137 30303030  ........8D170000 
1003676	161020 032645.696 < BE0F040D 0800065F 04001802 200960FA  ......._.... .`. 
1003677	161020 032645.697 < 00594F7E                             .YO~             
1003678	161020 032645.697 recved frame: I * N(R)=1 N(S)=0 Info=70
1003679	161020 032645.699 AARE: app=(2,16,756,5,8,1,2) asso_result=0 (14) initiate err=0 +auth secu_machanism=(2,16,756,5,8,2,2)
1003680	161020 032645.700 xdlms param: qos=0 ver=6 max_send_pdu=2400, vaa=fa00
1003681	161020 032645.700 sending frame: I N(R)=1 N(S)=1 Info=19
1003682	161020 032645.706 > 7EA01F00 0272FB61 3269ECE6 E6000601  ~....r.a2i...... 
1003683	161020 032645.706 > 02FA5801 09083946 34423536 3730C5E2  ..X...9F4B5670.. 
1003684	161020 032645.706 > 7E                                   ~                
1003685	161020 032645.831 < 7EA01261 000272FB 52A81AE6 E7000D01  ~..a..r.R....... 
1003686	161020 032645.831 < 0007E47E                             ...~             
1003687	161020 032645.831 recved frame: I * N(R)=2 N(S)=1 Info=6
1003688	161020 032645.832 hls auth ok
1003689	161020 032645.832 read LDN
1003690	161020 032645.832 reading 1 vars, ttl=1
1003691	161020 032645.833 sending frame: I N(R)=2 N(S)=2 Info=8
1003692	161020 032645.833 > 7EA01400 0272FB61 54DB9CE6 E6000501  ~....r.aT....... 
1003693	161020 032645.833 > 02FD0810 D37E                        .....~           
1003694	161020 032645.976 < 7EA02461 000272FB 741BD0E6 E7000C01  ~.$a..r.t....... 
1003695	161020 032645.976 < 0009104C 475A3530 35303634 32310000  ...LGZ50506421.. 
1003696	161020 032645.976 < 00000040 8E7E                        ...@.~           
1003697	161020 032645.976 recved frame: I * N(R)=3 N(S)=2 Info=24
1003698	161020 032645.987 keepalive stopped
1003699	161020 032646.047 solve obj names:
1003700	161020 032646.057 read server info
1003701	161020 032646.075 reading 3 vars, ttl=3
1003702	161020 032646.090 sending frame: I N(R)=3 N(S)=3 Info=14
1003703	161020 032646.094 > 7EA01A00 0272FB61 76EA18E6 E6000503  ~....r.av....... 
1003704	161020 032646.096 > 02FF0802 4BD80299 58ED327E           ....K...X.2~     
1003705	161020 032646.276 < 7EA02C61 000272FB 96EBCAE6 E7000C03  ~.,a..r......... 
1003706	161020 032646.276 < 000A0348 30330006 00000011 00090C07  ...H03.......... 
1003707	161020 032646.276 < E00A0106 000000FF 8000FF06 4F7E      ............O~   
1003708	161020 032646.277 recved frame: I * N(R)=4 N(S)=3 Info=32
1003709	161020 032646.278 detected a suspicous clock value, status=0xff
1003710	161020 032646.391 keepalive stopped
1003711	161020 032646.391 ldn: LGZ50506421 ver: H03 vz1: 17 last billing reset: 2016-10-01 00:00:00
1003712	161020 032646.450 server objects info:
1003713	161020 032646.457 mp1  : ln=1.1.1.8.0.255 class=3-0-23-20010
1003714	161020 032646.457 mp3  : ln=1.1.2.8.0.255 class=3-0-23-20010
1003715	161020 032646.457 mp5  : ln=1.1.5.8.0.255 class=3-0-23-20010
1003716	161020 032646.458 mp6  : ln=1.1.6.8.0.255 class=3-0-23-20010
1003717	161020 032646.458 mp7  : ln=1.1.7.8.0.255 class=3-0-23-20010
1003718	161020 032646.458 mp8  : ln=1.1.8.8.0.255 class=3-0-23-20010
1003719	161020 032646.458 mp9  : ln=1.1.1.8.1.255 class=3-0-23-20010
1003720	161020 032646.458 mp10 : ln=1.1.1.8.2.255 class=3-0-23-20010
1003721	161020 032646.458 mp11 : ln=1.1.1.8.3.255 class=3-0-23-20010
1003722	161020 032646.458 mp12 : ln=1.1.1.8.4.255 class=3-0-23-20010
1003723	161020 032646.459 mp17 : ln=1.1.2.8.1.255 class=3-0-23-20010
1003724	161020 032646.459 mp18 : ln=1.1.2.8.2.255 class=3-0-23-20010
1003725	161020 032646.459 mp19 : ln=1.1.2.8.3.255 class=3-0-23-20010
1003726	161020 032646.459 mp20 : ln=1.1.2.8.4.255 class=3-0-23-20010
1003727	161020 032646.459 mp41 : ln=1.1.32.7.0.255 class=3-0-21-20009
1003728	161020 032646.459 mp42 : ln=1.1.52.7.0.255 class=3-0-21-20009
1003729	161020 032646.459 mp43 : ln=1.1.72.7.0.255 class=3-0-21-20009
1003730	161020 032646.459 mp44 : ln=1.1.31.7.0.255 class=3-0-21-20009
1003731	161020 032646.460 mp45 : ln=1.1.51.7.0.255 class=3-0-21-20009
1003732	161020 032646.460 mp46 : ln=1.1.71.7.0.255 class=3-0-21-20009
1003733	161020 032646.460 mp47 : ln=1.1.16.7.0.255 class=3-0-21-20009
1003734	161020 032646.460 mp51 : ln=1.1.131.7.0.255 class=3-0-21-20009
1003735	161020 032646.460 mp55 : ln=1.1.13.7.0.255 class=3-0-21-20009
1003736	161020 032646.466 mp59 : ln=1.1.14.7.0.255 class=3-0-21-20009
1003737	161020 032646.467 mp60 : ln=1.1.1.6.0.255 class=4-0-0-20051
1003738	161020 032646.468 mp61 : ln=1.1.1.6.1.255 class=4-0-0-20051
1003739	161020 032646.469 mp62 : ln=1.1.1.6.2.255 class=4-0-0-20051
1003740	161020 032646.471 mp63 : ln=1.1.1.6.3.255 class=4-0-0-20051
1003741	161020 032646.471 mp64 : ln=1.1.1.6.4.255 class=4-0-0-20051
1003742	161020 032646.472 mp65 : ln=1.1.2.6.0.255 class=4-0-0-20051
1003743	161020 032646.472 rubish register: ln=0.0.240.10.0.255 class=10620-3
1003744	161020 032646.480 value presentation of mp's:
1003745	161020 032646.481 mp1  : disp (3, 5.3) comm (0) storage (0)
1003746	161020 032646.483 mp2  : disp (-128, 0.0 *) comm (-128) storage (-128)
1003747	161020 032646.483 mp3  : disp (3, 5.3) comm (0) storage (0)
1003748	161020 032646.483 mp4  : disp (-128, 0.0 *) comm (-128) storage (-128)
1003749	161020 032646.483 mp5  : disp (3, 5.3) comm (0) storage (0)
1003750	161020 032646.483 mp6  : disp (3, 5.3) comm (0) storage (0)
1003751	161020 032646.484 mp7  : disp (3, 5.3) comm (0) storage (0)
1003752	161020 032646.484 mp8  : disp (3, 5.3) comm (0) storage (0)
1003753	161020 032646.484 mp9  : disp (3, 5.3) comm (0) storage (0)
1003754	161020 032646.484 mp10 : disp (3, 5.3) comm (0) storage (0)
1003755	161020 032646.484 mp11 : disp (3, 5.3) comm (0) storage (0)
1003756	161020 032646.484 mp12 : disp (3, 5.3) comm (0) storage (0)
1003757	161020 032646.484 mp13 : disp (-128, 0.0 *) comm (-128) storage (-128)
1003758	161020 032646.484 mp14 : disp (-128, 0.0 *) comm (-128) storage (-128)
1003759	161020 032646.484 mp15 : disp (-128, 0.0 *) comm (-128) storage (-128)
1003760	161020 032646.485 mp16 : disp (-128, 0.0 *) comm (-128) storage (-128)
1003761	161020 032646.485 mp17 : disp (3, 5.3) comm (0) storage (0)
1003762	161020 032646.485 mp18 : disp (3, 5.3) comm (0) storage (0)
1003763	161020 032646.485 mp19 : disp (3, 5.3) comm (0) storage (0)
1003764	161020 032646.485 mp20 : disp (3, 5.3) comm (0) storage (0)
1003765	161020 032646.489 mp21 : disp (-128, 0.0 *) comm (-128) storage (-128)
1003766	161020 032646.494 mp22 : disp (-128, 0.0 *) comm (-128) storage (-128)
1003767	161020 032646.495 mp23 : disp (-128, 0.0 *) comm (-128) storage (-128)
1003768	161020 032646.498 mp24 : disp (-128, 0.0 *) comm (-128) storage (-128)
1003769	161020 032646.499 mp25 : disp (-128, 0.0 *) comm (-128) storage (-128)
1003770	161020 032646.501 mp26 : disp (-128, 0.0 *) comm (-128) storage (-128)
1003771	161020 032646.501 mp27 : disp (-128, 0.0 *) comm (-128) storage (-128)
1003772	161020 032646.501 mp28 : disp (-128, 0.0 *) comm (-128) storage (-128)
1003773	161020 032646.501 mp29 : disp (-128, 0.0 *) comm (-128) storage (-128)
1003774	161020 032646.501 mp30 : disp (-128, 0.0 *) comm (-128) storage (-128)
1003775	161020 032646.502 mp31 : disp (-128, 0.0 *) comm (-128) storage (-128)
1003776	161020 032646.502 mp32 : disp (-128, 0.0 *) comm (-128) storage (-128)
1003777	161020 032646.502 mp33 : disp (-128, 0.0 *) comm (-128) storage (-128)
1003778	161020 032646.502 mp34 : disp (-128, 0.0 *) comm (-128) storage (-128)
1003779	161020 032646.502 mp35 : disp (-128, 0.0 *) comm (-128) storage (-128)
1003780	161020 032646.502 mp36 : disp (-128, 0.0 *) comm (-128) storage (-128)
1003781	161020 032646.502 mp37 : disp (-128, 0.0 *) comm (-128) storage (-128)
1003782	161020 032646.503 mp38 : disp (-128, 0.0 *) comm (-128) storage (-128)
1003783	161020 032646.503 mp39 : disp (-128, 0.0 *) comm (-128) storage (-128)
1003784	161020 032646.503 mp40 : disp (-128, 0.0 *) comm (-128) storage (-128)
1003785	161020 032646.503 mp41 : disp (0, 3.1) comm (-1) storage (-1)
1003786	161020 032646.503 mp42 : disp (0, 3.1) comm (-1) storage (-1)
1003787	161020 032646.503 mp43 : disp (0, 3.1) comm (-1) storage (-1)
1003788	161020 032646.503 mp44 : disp (0, 1.3) comm (-3) storage (-3)
1003789	161020 032646.503 mp45 : disp (0, 1.3) comm (-3) storage (-3)
1003790	161020 032646.503 mp46 : disp (0, 1.3) comm (-3) storage (-3)
1003791	161020 032646.504 mp47 : disp (3, 1.3) comm (0) storage (0)
1003792	161020 032646.504 mp48 : disp (-128, 0.0 *) comm (-128) storage (-128)
1003793	161020 032646.504 mp49 : disp (-128, 0.0 *) comm (-128) storage (-128)
1003794	161020 032646.504 mp50 : disp (-128, 0.0 *) comm (-128) storage (-128)
1003795	161020 032646.504 mp51 : disp (3, 1.3) comm (0) storage (0)
1003796	161020 032646.504 mp52 : disp (-128, 0.0 *) comm (-128) storage (-128)
1003797	161020 032646.504 mp53 : disp (-128, 0.0 *) comm (-128) storage (-128)
1003798	161020 032646.505 mp54 : disp (-128, 0.0 *) comm (-128) storage (-128)
1003799	161020 032646.505 mp55 : disp (0, 1.2) comm (-2) storage (-2)
1003800	161020 032646.505 mp56 : disp (-128, 0.0 *) comm (-128) storage (-128)
1003801	161020 032646.505 mp57 : disp (-128, 0.0 *) comm (-128) storage (-128)
1003802	161020 032646.517 mp58 : disp (-128, 0.0 *) comm (-128) storage (-128)
1003803	161020 032646.518 mp59 : disp (0, 2.2) comm (-2) storage (-2)
1003804	161020 032646.522 mp60 : disp (3, 1.4) comm (-1) storage (-1)
1003805	161020 032646.523 mp61 : disp (3, 1.4) comm (-1) storage (-1)
1003806	161020 032646.524 mp62 : disp (3, 1.4) comm (-1) storage (-1)
1003807	161020 032646.527 mp63 : disp (3, 1.4) comm (-1) storage (-1)
1003808	161020 032646.527 mp64 : disp (3, 1.4) comm (-1) storage (-1)
1003809	161020 032646.529 mp65 : disp (3, 1.4) comm (-1) storage (-1)
1003810	161020 032646.530 mp66 : disp (-128, 0.0 *) comm (-128) storage (124)
1003811	161020 032646.541 mp67 : disp (-128, 0.0 *) comm (-128) storage (124)
1003812	161020 032646.543 mp68 : disp (-128, 0.0 *) comm (-128) storage (124)
1003813	161020 032646.544 mp69 : disp (-128, 0.0 *) comm (-128) storage (124)
1003814	161020 032646.545 mp70 : disp (-128, 0.0 *) comm (-128) storage (124)
1003815	161020 032646.546 mp71 : disp (-128, 0.0 *) comm (-128) storage (124)
1003816	161020 032646.548 mp72 : disp (-128, 0.0 *) comm (-128) storage (124)
1003817	161020 032646.549 mp73 : disp (-128, 0.0 *) comm (-128) storage (124)
1003818	161020 032646.551 mp74 : disp (-128, 0.0 *) comm (-128) storage (124)
1003819	161020 032646.551 mp75 : disp (-128, 0.0 *) comm (-128) storage (124)
1003820	161020 032646.551 mp76 : disp (-128, 0.0 *) comm (-128) storage (124)
1003821	161020 032646.551 mp77 : disp (-128, 0.0 *) comm (-128) storage (124)
1003822	161020 032646.551 mp78 : disp (-128, 0.0 *) comm (-128) storage (124)
1003823	161020 032646.551 mp79 : disp (-128, 0.0 *) comm (-128) storage (124)
1003824	161020 032646.607 read server clock
1003825	161020 032646.608 reading 1 vars, ttl=1
1003826	161020 032646.610 sending frame: I N(R)=4 N(S)=4 Info=8
1003827	161020 032646.612 > 7EA01400 0272FB61 98BB90E6 E6000501  ~....r.a........ 
1003828	161020 032646.614 > 022BC8F7 1E7E                        .+...~           
1003829	161020 032646.760 < 7EA02061 000272FB B80DB3E6 E7000C01  ~. a..r......... 
1003830	161020 032646.761 < 00090C07 E00A1404 031A2DFF 8000009F  ..........-..... 
1003831	161020 032646.761 < AB7E                                 .~               
1003832	161020 032646.761 recved frame: I * N(R)=5 N(S)=4 Info=20
1003833	161020 032646.766 keepalive stopped
1003834	161020 032646.766 server time is 2016-10-20 03:26:44.92
1003835	161020 032646.770 time drift (-2s) out of sync window, sync is aborted
1003836	161020 032646.869 profile 1.0.99.1.0.255 period=900, objs_num=12, sort_method=1 entries_in_use=0, entries=0
1003837	161020 032646.876 start read load profile for 8 mp's from 2016-10-20 03:15:00 to 2016-10-20 03:15:00
1003838	161020 032646.877 profile read max step=8:00.00
1003839	161020 032646.881 read profile buf [2016-10-20 03:15:00, 2016-10-20 03:15:01]
1003840	161020 032646.883 sending frame: I N(R)=5 N(S)=5 Info=59
1003841	161020 032646.884 > 7EA04700 0272FB61 BA0A48E6 E6000501  ~.G..r.a..H..... 
1003842	161020 032646.921 > 04627801 02040204 12000809 06000001  .bx............. 
1003843	161020 032646.922 > 0000FF0F 02120000 090C07E0 0A14FF03  ................ 
1003844	161020 032646.924 > 0F000080 0000090C 07E00A14 FF030F01  ................ 
1003845	161020 032646.925 > 00800000 01001530 7E                 .......0~        
1003846	161020 032647.321 < 7EA06B61 000272FB DA9D42E6 E7000C01  ~.ka..r...B..... 
1003847	161020 032647.321 < 00010102 0C090C07 E00A1404 030F00FF  ................ 
1003848	161020 032647.321 < 80000006 00810004 14000000 000014B9  ................ 
1003849	161020 032647.321 < E6140000 00000000 19B71400 00000000  ................ 
1003850	161020 032647.322 < 01293B14 00000000 00003DAE 05000002  .);.......=..... 
1003851	161020 032647.322 < 7E050000 00000500 00000005 00000000  ~............... 
1003852	161020 032647.322 < 05000000 00050000 0000158E 7E        ............~    
1003853	161020 032647.323 recved frame: I * N(R)=6 N(S)=5 Info=95
1003854	161020 032647.323 profile row 0: 2016-10-20 03:15:00
1003855	161020 032647.381 saved 79 mp's at 2016-10-20 03:16:00 (err=0)
1003856	161020 032647.431 keepalive stopped
1003857	161020 032647.490 saved 1 mp's at 2016-10-20 03:26:00 (err=0)
1003858	161020 032647.500 saved 1 mp's at 2016-10-20 03:26:00 (err=0)
1003859	161020 032647.541 saved 1 mp's at 2016-10-20 03:26:00 (err=0)
1003860	161020 032647.557 saved 1 mp's at 2016-10-20 03:26:00 (err=0)
1003861	161020 032647.562 saved 1 mp's at 2016-10-20 03:26:00 (err=0)
1003862	161020 032647.565 saved 1 mp's at 2016-10-20 03:26:00 (err=0)
1003863	161020 032647.568 saved 1 mp's at 2016-10-20 03:26:00 (err=0)
1003864	161020 032647.573 saved 1 mp's at 2016-10-20 03:26:00 (err=0)
1003865	161020 032647.575 22 mp's need to read from running registers
1003866	161020 032647.589 read registers
1003867	161020 032647.592 reading 28 vars, ttl=28
1003868	161020 032647.594 sending frame: I N(R)=6 N(S)=6 Info=62 S
1003869	161020 032647.596 > 7EA84A00 0272FB61 DCC94DE6 E600051C  ~.J..r.a..M..... 
1003870	161020 032647.597 > 021A2002 1B80021A D0021C30 02016002  .. ........0..`. 
1003871	161020 032647.599 > 02100202 C0020370 02042002 04D00205  .......p.. ..... 
1003872	161020 032647.600 > 80020630 0261D002 63600257 180254B8  ...0.a..c`.W..T. 
1003873	161020 032647.602 > 02AD3802 AD5002AE 4845527E           ..8..P..HER~     
1003874	161020 032647.751 < 7EA00A61 000272FB F11CE67E           ~..a..r....~     
1003875	161020 032647.751 recved frame: RR * N(R)=7
1003876	161020 032647.751 sending frame: I N(R)=6 N(S)=7 Info=27
1003877	161020 032647.752 > 7EA02700 0272FB61 DEADC902 AE6002AE  ~.'..r.a.....`.. 
1003878	161020 032647.752 > D002AEE8 02AF5802 AF7002AF E002AFF8  ......X..p...... 
1003879	161020 032647.752 > 02ADC002 ADD8CDCA 7E                 ........~        
1003880	161020 032648.571 < 7EA8CB61 000272FB 1C8529E6 E7000C1C  ~..a..r...)..... 
1003881	161020 032648.571 < 00140000 00000000 5C4D0014 00000000  ........\M...... 
1003882	161020 032648.571 < 00003C2D 00140000 00000000 01800014  ..<-............ 
1003883	161020 032648.572 < 00000000 0000CCEE 00140000 00000000  ................ 
1003884	161020 032648.572 < 00000014 00000000 00071F72 00140000  ...........r.... 
1003885	161020 032648.572 < 00000008 03F80014 00000000 0005967B  ...............{ 
1003886	161020 032648.572 < 00140000 00000000 00000014 00000000  ................ 
1003887	161020 032648.573 < 0000088E 00140000 00000000 08C00014  ................ 
1003888	161020 032648.573 < 00000000 00000869 00050000 00000005  .......i........ 
1003889	161020 032648.573 < 00000000 00050000 00C80005 00001386  ................ 
1003890	161020 032648.574 < 00050000 00000009 0C07D001 01060000  ................ 
1003891	161020 032648.574 < 00FF8000 00000500 00000000 090C07D0  ................ 
1003892	161020 032648.574 < 01010600 0000FF80 000022AF 7E        ..........".~    
1003893	161020 032648.574 recved frame: I * N(R)=0 N(S)=6 Info=191 S
1003894	161020 032648.575 sending frame: RR N(R)=7
1003895	161020 032648.583 > 7EA00A00 0272FB61 F1945D7E           ~....r.a..]~     
1003896	161020 032648.756 < 7EA06061 000272FB 1E37B400 05000000  ~.`a..r..7...... 
1003897	161020 032648.756 < 0000090C 07D00101 06000000 FF800000  ................ 
1003898	161020 032648.756 < 00050000 00000009 0C07D001 01060000  ................ 
1003899	161020 032648.757 < 00FF8000 00000500 00000000 090C07D0  ................ 
1003900	161020 032648.757 < 01010600 0000FF80 00000005 00000016  ................ 
1003901	161020 032648.757 < 00090C07 E00A0F06 060000FF 8000007F  ................ 
1003902	161020 032648.757 < 657E                                 e~               
1003903	161020 032648.758 recved frame: I * N(R)=0 N(S)=7 Info=84
1003904	161020 032648.761 keepalive stopped
1003905	161020 032648.820 saved 22 mp's using register values
1003906	161020 032648.876 keepalive stopped
1003907	161020 032648.877 [ERR] profile 0.0.98.133.63.255 not found in server
1003908	161020 032648.877 [ERR] profile 0.0.98.133.64.255 not found in server
1003909	161020 032648.878 49 mp's use dummy acquisition
1003910	161020 032649.188 saved 49 dummy mp's
1003911	161020 032649.201 keepalive stopped
1003912	161020 032649.462 profile 1.0.99.98.0.255 period=0, objs_num=4, sort_method=1 entries_in_use=0, entries=0
1003913	161020 032649.463 start read event log
1003914	161020 032649.465 profile read max step=0:56.00
1003915	161020 032649.467 read profile buf [2016-10-20 02:26:01, 2016-10-20 03:22:00]
1003916	161020 032649.467 sending frame: I N(R)=0 N(S)=0 Info=59
1003917	161020 032649.468 > 7EA04700 0272FB61 105A42E6 E6000501  ~.G..r.a.ZB..... 
1003918	161020 032649.470 > 0460E801 02040204 12000809 06000001  .`.............. 
1003919	161020 032649.486 > 0000FF0F 02120000 090C07E0 0A14FF02  ................ 
1003920	161020 032649.489 > 1A010080 0000090C 07E00A14 FF031600  ................ 
1003921	161020 032649.500 > 00800000 0100317B 7E                 ......1{~        
1003922	161020 032649.646 < 7EA01461 000272FB 307102E6 E7000C01  ~..a..r.0q...... 
1003923	161020 032649.646 < 000100F9 F17E                        .....~           
1003924	161020 032649.646 recved frame: I * N(R)=1 N(S)=0 Info=8
1003925	161020 032649.649 keepalive stopped
1003926	161020 032649.650 read profile buf [2016-10-20 03:22:01, 2016-10-20 03:26:00]
1003927	161020 032649.656 sending frame: I N(R)=1 N(S)=1 Info=59
1003928	161020 032649.657 > 7EA04700 0272FB61 324A40E6 E6000501  ~.G..r.a2J@..... 
1003929	161020 032649.659 > 0460E801 02040204 12000809 06000001  .`.............. 
1003930	161020 032649.676 > 0000FF0F 02120000 090C07E0 0A14FF03  ................ 
1003931	161020 032649.677 > 16010080 0000090C 07E00A14 FF031A00  ................ 
1003932	161020 032649.678 > 00800000 0100711E 7E                 ......q.~        
1003933	161020 032649.876 < 7EA01461 000272FB 526542E6 E7000C01  ~..a..r.ReB..... 
1003934	161020 032649.876 < 000100F9 F17E                        .....~           
1003935	161020 032649.876 recved frame: I * N(R)=2 N(S)=1 Info=8
1003936	161020 032649.881 keepalive stopped
1003937	161020 032649.881 sending frame: DISC
1003938	161020 032649.882 > 7EA00A00 0272FB61 538CDB7E           ~....r.aS..~     
1003939	161020 032649.991 < 7EA02161 000272FB 73075481 80120501  ~.!a..r.s.T..... 
1003940	161020 032649.991 < F806013E 07040000 00010804 00000001  ...>............ 
1003941	161020 032649.991 < 480E7E                               H.~              
1003942	161020 032649.992 recved frame: UA * Info=21
1003943	161020 032649.992 hdlc disconnected
1003944	161020 032650.996 closed /dev/tts7 tx=570/13 rx=760/13, recv_delay=1.875s, send_delay=0.000s
1003945	161020 032654.548 com=8 meter=2 baud=13 acqtime=2016-10-20 03:26:00
1003946	161020 032655.985 opened (3)/dev/tts7 8N1 9600 tx_ipg=24984, rx_ipg=24984 (DTR|RTS|CTS|CAR|RNG)
1003947	161020 032656.087 sending frame: SNRM Info=23
1003948	161020 032656.089 > 7EA02300 0272FB61 933A3F81 80140502  ~.#..r.a.:?..... 
1003949	161020 032656.111 > 07F00602 07F00704 00000001 08040000  ................ 
1003950	161020 032656.112 > 00015856 7E                          ..XV~            
1003951	161020 032656.211 < 7EA02161 000272FB 73075481 80120501  ~.!a..r.s.T..... 
1003952	161020 032656.211 < F806013E 07040000 00010804 00000001  ...>............ 
1003953	161020 032656.211 < 480E7E                               H.~              
1003954	161020 032656.212 recved frame: UA * Info=21
1003955	161020 032656.212 negotiated mtu tx/rx = 79/2049
1003956	161020 032656.212 hdlc connected
1003957	161020 032656.215 sending frame: I N(R)=0 N(S)=0 Info=54
1003958	161020 032656.232 > 7EA04200 0272FB61 10F9B2E6 E6006031  ~.B..r.a......`1 
1003959	161020 032656.234 > 80020780 A1090607 60857405 0801028A  ........`.t..... 
1003960	161020 032656.236 > 0207808B 07608574 05080202 AC028000  .....`.t........ 
1003961	161020 032656.238 > BE0F040D 01000000 065F0400 FFFFFF00  ........._...... 
1003962	161020 032656.239 > 00BC7F7E                             ...~             
1003963	161020 032656.461 < 7EA05261 000272FB 30BA9DE6 E7006141  ~.Ra..r.0.....aA 
1003964	161020 032656.461 < A1090607 60857405 080102A2 03020100  ....`.t......... 
1003965	161020 032656.461 < A305A103 02010E88 02078089 07608574  .............`.t 
1003966	161020 032656.462 < 05080202 AA0A8008 45413033 30303030  ........EA030000 
1003967	161020 032656.462 < BE0F040D 0800065F 04001802 200960FA  ......._.... .`. 
1003968	161020 032656.462 < 00CDA57E                             ...~             
1003969	161020 032656.462 recved frame: I * N(R)=1 N(S)=0 Info=70
1003970	161020 032656.465 AARE: app=(2,16,756,5,8,1,2) asso_result=0 (14) initiate err=0 +auth secu_machanism=(2,16,756,5,8,2,2)
1003971	161020 032656.465 xdlms param: qos=0 ver=6 max_send_pdu=2400, vaa=fa00
1003972	161020 032656.491 sending frame: I N(R)=1 N(S)=1 Info=19
1003973	161020 032656.492 > 7EA01F00 0272FB61 3269ECE6 E6000601  ~....r.a2i...... 
1003974	161020 032656.494 > 02FA5801 09084643 33373536 3730DB04  ..X...FC375670.. 
1003975	161020 032656.512 > 7E                                   ~                
1003976	161020 032656.601 < 7EA01261 000272FB 52A81AE6 E7000D01  ~..a..r.R....... 
1003977	161020 032656.601 < 0007E47E                             ...~             
1003978	161020 032656.601 recved frame: I * N(R)=2 N(S)=1 Info=6
1003979	161020 032656.602 hls auth ok
1003980	161020 032656.602 read LDN
1003981	161020 032656.602 reading 1 vars, ttl=1
1003982	161020 032656.602 sending frame: I N(R)=2 N(S)=2 Info=8
1003983	161020 032656.603 > 7EA01400 0272FB61 54DB9CE6 E6000501  ~....r.aT....... 
1003984	161020 032656.603 > 02FD0810 D37E                        .....~           
1003985	161020 032656.726 < 7EA02461 000272FB 741BD0E6 E7000C01  ~.$a..r.t....... 
1003986	161020 032656.726 < 0009104C 475A3530 35303634 32310000  ...LGZ50506421.. 
1003987	161020 032656.726 < 00000040 8E7E                        ...@.~           
1003988	161020 032656.726 recved frame: I * N(R)=3 N(S)=2 Info=24
1003989	161020 032656.737 keepalive stopped
1003990	161020 032656.860 solve obj names:
1003991	161020 032656.894 read server info
1003992	161020 032656.906 reading 3 vars, ttl=3
1003993	161020 032656.908 sending frame: I N(R)=3 N(S)=3 Info=14
1003994	161020 032656.909 > 7EA01A00 0272FB61 76EA18E6 E6000503  ~....r.av....... 
1003995	161020 032656.931 > 02FF0802 4BD80299 58ED327E           ....K...X.2~     
1003996	161020 032657.071 < 7EA02C61 000272FB 96EBCAE6 E7000C03  ~.,a..r......... 
1003997	161020 032657.071 < 000A0348 30330006 00000011 00090C07  ...H03.......... 
1003998	161020 032657.072 < E00A0106 000000FF 8000FF06 4F7E      ............O~   
1003999	161020 032657.072 recved frame: I * N(R)=4 N(S)=3 Info=32
1004000	161020 032657.073 detected a suspicous clock value, status=0xff
1004001	161020 032657.186 keepalive stopped
1004002	161020 032657.187 ldn: LGZ50506421 ver: H03 vz1: 17 last billing reset: 2016-10-01 00:00:00
1004003	161020 032657.432 server objects info:
1004004	161020 032657.433 mp1  : ln=1.1.1.8.0.255 class=3-0-23-20010
1004005	161020 032657.435 mp3  : ln=1.1.2.8.0.255 class=3-0-23-20010
1004006	161020 032657.436 mp5  : ln=1.1.5.8.0.255 class=3-0-23-20010
1004007	161020 032657.436 mp6  : ln=1.1.6.8.0.255 class=3-0-23-20010
1004008	161020 032657.436 mp7  : ln=1.1.7.8.0.255 class=3-0-23-20010
1004009	161020 032657.436 mp8  : ln=1.1.8.8.0.255 class=3-0-23-20010
1004010	161020 032657.436 mp9  : ln=1.1.1.8.1.255 class=3-0-23-20010
1004011	161020 032657.437 mp10 : ln=1.1.1.8.2.255 class=3-0-23-20010
1004012	161020 032657.437 mp11 : ln=1.1.1.8.3.255 class=3-0-23-20010
1004013	161020 032657.437 mp12 : ln=1.1.1.8.4.255 class=3-0-23-20010
1004014	161020 032657.437 mp17 : ln=1.1.2.8.1.255 class=3-0-23-20010
1004015	161020 032657.437 mp18 : ln=1.1.2.8.2.255 class=3-0-23-20010
1004016	161020 032657.437 mp19 : ln=1.1.2.8.3.255 class=3-0-23-20010
1004017	161020 032657.437 mp20 : ln=1.1.2.8.4.255 class=3-0-23-20010
1004018	161020 032657.438 mp41 : ln=1.1.32.7.0.255 class=3-0-21-20009
1004019	161020 032657.438 mp42 : ln=1.1.52.7.0.255 class=3-0-21-20009
1004020	161020 032657.438 mp43 : ln=1.1.72.7.0.255 class=3-0-21-20009
1004021	161020 032657.438 mp44 : ln=1.1.31.7.0.255 class=3-0-21-20009
1004022	161020 032657.438 mp45 : ln=1.1.51.7.0.255 class=3-0-21-20009
1004023	161020 032657.438 mp46 : ln=1.1.71.7.0.255 class=3-0-21-20009
1004024	161020 032657.438 mp47 : ln=1.1.16.7.0.255 class=3-0-21-20009
1004025	161020 032657.438 mp51 : ln=1.1.131.7.0.255 class=3-0-21-20009
1004026	161020 032657.439 mp55 : ln=1.1.13.7.0.255 class=3-0-21-20009
1004027	161020 032657.439 mp59 : ln=1.1.14.7.0.255 class=3-0-21-20009
1004028	161020 032657.439 mp60 : ln=1.1.1.6.0.255 class=4-0-0-20051
1004029	161020 032657.439 mp61 : ln=1.1.1.6.1.255 class=4-0-0-20051
1004030	161020 032657.439 mp62 : ln=1.1.1.6.2.255 class=4-0-0-20051
1004031	161020 032657.439 mp63 : ln=1.1.1.6.3.255 class=4-0-0-20051
1004032	161020 032657.439 mp64 : ln=1.1.1.6.4.255 class=4-0-0-20051
1004033	161020 032657.439 mp65 : ln=1.1.2.6.0.255 class=4-0-0-20051
1004034	161020 032657.440 rubish register: ln=0.0.240.10.0.255 class=10620-3
1004035	161020 032657.472 value presentation of mp's:
1004036	161020 032657.472 mp1  : disp (3, 5.3) comm (0) storage (0)
1004037	161020 032657.474 mp2  : disp (-128, 0.0 *) comm (-128) storage (-128)
1004038	161020 032657.500 mp3  : disp (3, 5.3) comm (0) storage (0)
1004039	161020 032657.501 mp4  : disp (-128, 0.0 *) comm (-128) storage (-128)
1004040	161020 032657.502 mp5  : disp (3, 5.3) comm (0) storage (0)
1004041	161020 032657.504 mp6  : disp (3, 5.3) comm (0) storage (0)
1004042	161020 032657.505 mp7  : disp (3, 5.3) comm (0) storage (0)
1004043	161020 032657.516 mp8  : disp (3, 5.3) comm (0) storage (0)
1004044	161020 032657.518 mp9  : disp (3, 5.3) comm (0) storage (0)
1004045	161020 032657.519 mp10 : disp (3, 5.3) comm (0) storage (0)
1004046	161020 032657.521 mp11 : disp (3, 5.3) comm (0) storage (0)
1004047	161020 032657.531 mp12 : disp (3, 5.3) comm (0) storage (0)
1004048	161020 032657.532 mp13 : disp (-128, 0.0 *) comm (-128) storage (-128)
1004049	161020 032657.534 mp14 : disp (-128, 0.0 *) comm (-128) storage (-128)
1004050	161020 032657.545 mp15 : disp (-128, 0.0 *) comm (-128) storage (-128)
1004051	161020 032657.547 mp16 : disp (-128, 0.0 *) comm (-128) storage (-128)
1004052	161020 032657.548 mp17 : disp (3, 5.3) comm (0) storage (0)
1004053	161020 032657.549 mp18 : disp (3, 5.3) comm (0) storage (0)
1004054	161020 032657.560 mp19 : disp (3, 5.3) comm (0) storage (0)
1004055	161020 032657.561 mp20 : disp (3, 5.3) comm (0) storage (0)
1004056	161020 032657.563 mp21 : disp (-128, 0.0 *) comm (-128) storage (-128)
1004057	161020 032657.564 mp22 : disp (-128, 0.0 *) comm (-128) storage (-128)
1004058	161020 032657.565 mp23 : disp (-128, 0.0 *) comm (-128) storage (-128)
1004059	161020 032657.576 mp24 : disp (-128, 0.0 *) comm (-128) storage (-128)
1004060	161020 032657.577 mp25 : disp (-128, 0.0 *) comm (-128) storage (-128)
1004061	161020 032657.579 mp26 : disp (-128, 0.0 *) comm (-128) storage (-128)
1004062	161020 032657.580 mp27 : disp (-128, 0.0 *) comm (-128) storage (-128)
1004063	161020 032657.591 mp28 : disp (-128, 0.0 *) comm (-128) storage (-128)
1004064	161020 032657.592 mp29 : disp (-128, 0.0 *) comm (-128) storage (-128)
1004065	161020 032657.594 mp30 : disp (-128, 0.0 *) comm (-128) storage (-128)
1004066	161020 032657.595 mp31 : disp (-128, 0.0 *) comm (-128) storage (-128)
1004067	161020 032657.597 mp32 : disp (-128, 0.0 *) comm (-128) storage (-128)
1004068	161020 032657.598 mp33 : disp (-128, 0.0 *) comm (-128) storage (-128)
1004069	161020 032657.599 mp34 : disp (-128, 0.0 *) comm (-128) storage (-128)
1004070	161020 032657.601 mp35 : disp (-128, 0.0 *) comm (-128) storage (-128)
1004071	161020 032657.602 mp36 : disp (-128, 0.0 *) comm (-128) storage (-128)
1004072	161020 032657.602 mp37 : disp (-128, 0.0 *) comm (-128) storage (-128)
1004073	161020 032657.602 mp38 : disp (-128, 0.0 *) comm (-128) storage (-128)
1004074	161020 032657.602 mp39 : disp (-128, 0.0 *) comm (-128) storage (-128)
1004075	161020 032657.602 mp40 : disp (-128, 0.0 *) comm (-128) storage (-128)
1004076	161020 032657.602 mp41 : disp (0, 3.1) comm (-1) storage (-1)
1004077	161020 032657.602 mp42 : disp (0, 3.1) comm (-1) storage (-1)
1004078	161020 032657.603 mp43 : disp (0, 3.1) comm (-1) storage (-1)
1004079	161020 032657.603 mp44 : disp (0, 1.3) comm (-3) storage (-3)
1004080	161020 032657.603 mp45 : disp (0, 1.3) comm (-3) storage (-3)
1004081	161020 032657.603 mp46 : disp (0, 1.3) comm (-3) storage (-3)
1004082	161020 032657.603 mp47 : disp (3, 1.3) comm (0) storage (0)
1004083	161020 032657.603 mp48 : disp (-128, 0.0 *) comm (-128) storage (-128)
1004084	161020 032657.603 mp49 : disp (-128, 0.0 *) comm (-128) storage (-128)
1004085	161020 032657.604 mp50 : disp (-128, 0.0 *) comm (-128) storage (-128)
1004086	161020 032657.604 mp51 : disp (3, 1.3) comm (0) storage (0)
1004087	161020 032657.604 mp52 : disp (-128, 0.0 *) comm (-128) storage (-128)
1004088	161020 032657.604 mp53 : disp (-128, 0.0 *) comm (-128) storage (-128)
1004089	161020 032657.604 mp54 : disp (-128, 0.0 *) comm (-128) storage (-128)
1004090	161020 032657.604 mp55 : disp (0, 1.2) comm (-2) storage (-2)
1004091	161020 032657.604 mp56 : disp (-128, 0.0 *) comm (-128) storage (-128)
1004092	161020 032657.604 mp57 : disp (-128, 0.0 *) comm (-128) storage (-128)
1004093	161020 032657.605 mp58 : disp (-128, 0.0 *) comm (-128) storage (-128)
1004094	161020 032657.605 mp59 : disp (0, 2.2) comm (-2) storage (-2)
1004095	161020 032657.605 mp60 : disp (3, 1.4) comm (-1) storage (-1)
1004096	161020 032657.605 mp61 : disp (3, 1.4) comm (-1) storage (-1)
1004097	161020 032657.616 mp62 : disp (3, 1.4) comm (-1) storage (-1)
1004098	161020 032657.617 mp63 : disp (3, 1.4) comm (-1) storage (-1)
1004099	161020 032657.621 mp64 : disp (3, 1.4) comm (-1) storage (-1)
1004100	161020 032657.621 mp65 : disp (3, 1.4) comm (-1) storage (-1)
1004101	161020 032657.622 mp66 : disp (-128, 0.0 *) comm (-128) storage (124)
1004102	161020 032657.624 mp67 : disp (-128, 0.0 *) comm (-128) storage (124)
1004103	161020 032657.625 mp68 : disp (-128, 0.0 *) comm (-128) storage (124)
1004104	161020 032657.636 mp69 : disp (-128, 0.0 *) comm (-128) storage (124)
1004105	161020 032657.637 mp70 : disp (-128, 0.0 *) comm (-128) storage (124)
1004106	161020 032657.641 mp71 : disp (-128, 0.0 *) comm (-128) storage (124)
1004107	161020 032657.645 mp72 : disp (-128, 0.0 *) comm (-128) storage (124)
1004108	161020 032657.646 mp73 : disp (-128, 0.0 *) comm (-128) storage (124)
1004109	161020 032657.646 mp74 : disp (-128, 0.0 *) comm (-128) storage (124)
1004110	161020 032657.646 mp75 : disp (-128, 0.0 *) comm (-128) storage (124)
1004111	161020 032657.646 mp76 : disp (-128, 0.0 *) comm (-128) storage (124)
1004112	161020 032657.647 mp77 : disp (-128, 0.0 *) comm (-128) storage (124)
1004113	161020 032657.647 mp78 : disp (-128, 0.0 *) comm (-128) storage (124)
1004114	161020 032657.647 mp79 : disp (-128, 0.0 *) comm (-128) storage (124)
1004115	161020 032657.727 read server clock
1004116	161020 032657.729 reading 1 vars, ttl=1
1004117	161020 032657.731 sending frame: I N(R)=4 N(S)=4 Info=8
1004118	161020 032657.732 > 7EA01400 0272FB61 98BB90E6 E6000501  ~....r.a........ 
1004119	161020 032657.733 > 022BC8F7 1E7E                        .+...~           
1004120	161020 032657.866 < 7EA02061 000272FB B80DB3E6 E7000C01  ~. a..r......... 
1004121	161020 032657.866 < 00090C07 E00A1404 031A38FF 8000008B  ..........8..... 
1004122	161020 032657.866 < 397E                                 9~               
1004123	161020 032657.866 recved frame: I * N(R)=5 N(S)=4 Info=20
1004124	161020 032657.871 keepalive stopped
1004125	161020 032657.871 server time is 2016-10-20 03:26:55.92
1004126	161020 032657.875 time drift (-2s) out of sync window, sync is aborted
1004127	161020 032658.076 profile 1.0.99.1.0.255 period=900, objs_num=12, sort_method=1 entries_in_use=0, entries=0
1004128	161020 032658.091 start read load profile for 8 mp's from 2016-10-20 03:15:00 to 2016-10-20 03:15:00
1004129	161020 032658.091 profile read max step=8:00.00
1004130	161020 032658.106 read profile buf [2016-10-20 03:15:00, 2016-10-20 03:15:01]
1004131	161020 032658.111 sending frame: I N(R)=5 N(S)=5 Info=59
1004132	161020 032658.112 > 7EA04700 0272FB61 BA0A48E6 E6000501  ~.G..r.a..H..... 
1004133	161020 032658.114 > 04627801 02040204 12000809 06000001  .bx............. 
1004134	161020 032658.125 > 0000FF0F 02120000 090C07E0 0A14FF03  ................ 
1004135	161020 032658.127 > 0F000080 0000090C 07E00A14 FF030F01  ................ 
1004136	161020 032658.128 > 00800000 01001530 7E                 .......0~        
1004137	161020 032658.636 < 7EA07C61 000272FB DA4C30E6 E7000C01  ~.|a..r..L0..... 
1004138	161020 032658.636 < 00E6E700 0C010009 0C07E00A 1404031A  ................ 
1004139	161020 032658.636 < 38000101 020C090C 07E00A14 04030F00  8............... 
1004140	161020 032658.637 < FF800000 06008100 04140000 00000014  ................ 
1004141	161020 032658.637 < B9E61400 00000000 0019B714 00000000  ................ 
1004142	161020 032658.637 < 0001293B 14000000 0000003D AE050000  ..);.......=.... 
1004143	161020 032658.637 < 027E0500 00000005 00000000 05000000  .~.............. 
1004144	161020 032658.638 < 00050000 00000500 000000D3 5B7E      ............[~   
1004145	161020 032658.638 recved frame: I * N(R)=6 N(S)=5 Info=112
1004146	161020 032658.639 [ERR] unrecognized tag of data: 230
1004147	161020 032658.656 saved 1 mp's at 2016-10-20 03:26:00 (err=0)
1004148	161020 032658.669 saved 1 mp's at 2016-10-20 03:26:00 (err=0)
1004149	161020 032658.698 saved 1 mp's at 2016-10-20 03:26:00 (err=0)
1004150	161020 032658.708 saved 1 mp's at 2016-10-20 03:26:00 (err=0)
1004151	161020 032658.726 saved 1 mp's at 2016-10-20 03:26:00 (err=0)
1004152	161020 032658.732 saved 1 mp's at 2016-10-20 03:26:00 (err=0)
1004153	161020 032658.737 saved 1 mp's at 2016-10-20 03:26:00 (err=0)
1004154	161020 032658.772 saved 1 mp's at 2016-10-20 03:26:00 (err=0)
1004155	161020 032658.773 22 mp's need to read from running registers
1004156	161020 032658.791 read registers
1004157	161020 032658.794 reading 28 vars, ttl=28
1004158	161020 032658.821 sending frame: I N(R)=6 N(S)=6 Info=62 S
1004159	161020 032658.826 > 7EA84A00 0272FB61 DCC94DE6 E600051C  ~.J..r.a..M..... 
1004160	161020 032658.827 > 021A2002 1B80021A D0021C30 02016002  .. ........0..`. 
1004161	161020 032658.828 > 02100202 C0020370 02042002 04D00205  .......p.. ..... 
1004162	161020 032658.830 > 80020630 0261D002 63600257 180254B8  ...0.a..c`.W..T. 
1004163	161020 032658.830 > 02AD3802 AD5002AE 4845527E           ..8..P..HER~     
1004164	161020 032706.840 [WARNING] seri_phy recv timeout
1004165	161020 032706.841 [WARNING] tx_outstanding timeout: vr=6, vs=7
1004166	161020 032706.841 sending frame: RR N(R)=6
1004167	161020 032706.841 > 7EA00A00 0272FB61 D1967C7E           ~....r.a..|~     
1004168	161020 032714.850 [WARNING] seri_phy recv timeout
1004169	161020 032714.851 [WARNING] tx_outstanding timeout: vr=6, vs=7
1004170	161020 032714.851 sending frame: RR N(R)=6
1004171	161020 032714.851 > 7EA00A00 0272FB61 D1967C7E           ~....r.a..|~     
1004172	161020 032722.860 [WARNING] seri_phy recv timeout
1004173	161020 032722.861 [WARNING] hdlc_fsm reached max_nb_of_retries: 3
1004174	161020 032722.861 sending frame: DISC
1004175	161020 032722.861 > 7EA00A00 0272FB61 538CDB7E           ~....r.aS..~     
1004176	161020 032730.871 [WARNING] seri_phy recv timeout
1004177	161020 032730.871 sending frame: DISC
1004178	161020 032730.871 > 7EA00A00 0272FB61 538CDB7E           ~....r.aS..~     
1004179	161020 032738.880 [WARNING] seri_phy recv timeout
1004180	161020 032738.881 sending frame: DISC
1004181	161020 032738.881 > 7EA00A00 0272FB61 538CDB7E           ~....r.aS..~     
1004182	161020 032746.890 [WARNING] seri_phy recv timeout
1004183	161020 032746.891 [WARNING] hdlc_fsm reached max_nb_of_retries: 3
1004184	161020 032747.059 saved 22 mp's using register values
1004185	161020 032747.121 keepalive stopped
1004186	161020 032747.122 [ERR] profile 0.0.98.133.63.255 not found in server
1004187	161020 032747.122 [ERR] profile 0.0.98.133.64.255 not found in server
1004188	161020 032747.123 49 mp's use dummy acquisition
1004189	161020 032747.453 saved 49 dummy mp's
1004190	161020 032747.546 keepalive stopped
1004191	161020 032747.587 already run so long, event requiring canceled for this time
1004192	161020 032747.589 sending frame: DISC
1004193	161020 032747.601 > 7EA00A00 0272FB61 538CDB7E           ~....r.aS..~     
1004194	161020 032755.610 [WARNING] seri_phy recv timeout
1004195	161020 032755.611 sending frame: DISC
1004196	161020 032755.611 > 7EA00A00 0272FB61 538CDB7E           ~....r.aS..~     
1004197	161020 032803.621 [WARNING] seri_phy recv timeout
1004198	161020 032803.621 sending frame: DISC
1004199	161020 032803.621 > 7EA00A00 0272FB61 538CDB7E           ~....r.aS..~     
1004200	161020 032811.630 [WARNING] seri_phy recv timeout
1004201	161020 032811.631 [WARNING] hdlc_fsm reached max_nb_of_retries: 3
1004202	161020 032812.636 closed /dev/tts7 tx=455/16 rx=383/7, recv_delay=72.945s, send_delay=0.000s
1004203	161020 032816.544 com=8 meter=2 baud=13 acqtime=2016-10-20 03:28:00
1004204	161020 032817.798 opened (3)/dev/tts7 8N1 9600 tx_ipg=24984, rx_ipg=24984 (DTR|RTS|CTS|CAR|RNG)
1004205	161020 032817.838 sending frame: SNRM Info=23
1004206	161020 032817.840 > 7EA02300 0272FB61 933A3F81 80140502  ~.#..r.a.:?..... 
1004207	161020 032817.841 > 07F00602 07F00704 00000001 08040000  ................ 
1004208	161020 032817.841 > 00015856 7E                          ..XV~            
1004209	161020 032825.851 [WARNING] seri_phy recv timeout
1004210	161020 032825.851 sending frame: SNRM Info=23
1004211	161020 032825.852 > 7EA02300 0272FB61 933A3F81 80140502  ~.#..r.a.:?..... 
1004212	161020 032825.852 > 07F00602 07F00704 00000001 08040000  ................ 
1004213	161020 032825.852 > 00015856 7E                          ..XV~            
1004214	161020 032833.861 [WARNING] seri_phy recv timeout
1004215	161020 032833.861 sending frame: SNRM Info=23
1004216	161020 032833.862 > 7EA02300 0272FB61 933A3F81 80140502  ~.#..r.a.:?..... 
1004217	161020 032833.862 > 07F00602 07F00704 00000001 08040000  ................ 
1004218	161020 032833.862 > 00015856 7E                          ..XV~            
1004219	161020 032841.875 [WARNING] seri_phy recv timeout
1004220	161020 032841.876 [WARNING] hdlc_fsm reached max_nb_of_retries: 3
1004221	161020 032841.876 sending frame: DISC
1004222	161020 032841.876 > 7EA00A00 0272FB61 538CDB7E           ~....r.aS..~     
1004223	161020 032849.885 [WARNING] seri_phy recv timeout
1004224	161020 032849.886 sending frame: DISC
1004225	161020 032849.886 > 7EA00A00 0272FB61 538CDB7E           ~....r.aS..~     
1004226	161020 032857.895 [WARNING] seri_phy recv timeout
1004227	161020 032857.896 sending frame: DISC
1004228	161020 032857.896 > 7EA00A00 0272FB61 538CDB7E           ~....r.aS..~     
1004229	161020 032905.905 [WARNING] seri_phy recv timeout
1004230	161020 032905.906 [WARNING] hdlc_fsm reached max_nb_of_retries: 3
1004231	161020 032905.919 saved 1 mp's at 2016-10-20 03:28:00 (err=0)
1004232	161020 032905.926 saved 1 mp's at 2016-10-20 03:28:00 (err=0)
1004233	161020 032905.933 saved 1 mp's at 2016-10-20 03:28:00 (err=0)
1004234	161020 032905.949 saved 1 mp's at 2016-10-20 03:28:00 (err=0)
1004235	161020 032905.966 saved 1 mp's at 2016-10-20 03:28:00 (err=0)
1004236	161020 032905.981 saved 1 mp's at 2016-10-20 03:28:00 (err=0)
1004237	161020 032905.984 saved 1 mp's at 2016-10-20 03:28:00 (err=0)
1004238	161020 032905.991 saved 1 mp's at 2016-10-20 03:28:00 (err=0)
1004239	161020 032905.996 saved 1 mp's at 2016-10-20 03:28:00 (err=0)
1004240	161020 032906.001 saved 1 mp's at 2016-10-20 03:28:00 (err=0)
1004241	161020 032906.005 saved 1 mp's at 2016-10-20 03:28:00 (err=0)
1004242	161020 032906.013 saved 1 mp's at 2016-10-20 03:28:00 (err=0)
1004243	161020 032906.021 saved 1 mp's at 2016-10-20 03:28:00 (err=0)
1004244	161020 032906.025 saved 1 mp's at 2016-10-20 03:28:00 (err=0)
1004245	161020 032906.033 saved 1 mp's at 2016-10-20 03:28:00 (err=0)
1004246	161020 032906.041 saved 1 mp's at 2016-10-20 03:28:00 (err=0)
1004247	161020 032906.044 saved 1 mp's at 2016-10-20 03:28:00 (err=0)
1004248	161020 032906.052 saved 1 mp's at 2016-10-20 03:28:00 (err=0)
1004249	161020 032906.061 saved 1 mp's at 2016-10-20 03:28:00 (err=0)
1004250	161020 032906.065 saved 1 mp's at 2016-10-20 03:28:00 (err=0)
1004251	161020 032906.078 saved 1 mp's at 2016-10-20 03:28:00 (err=0)
1004252	161020 032906.086 saved 1 mp's at 2016-10-20 03:28:00 (err=0)
1004253	161020 032906.089 saved 1 mp's at 2016-10-20 03:28:00 (err=0)
1004254	161020 032906.092 saved 1 mp's at 2016-10-20 03:28:00 (err=0)
1004255	161020 032906.094 saved 1 mp's at 2016-10-20 03:28:00 (err=0)
1004256	161020 032906.118 saved 1 mp's at 2016-10-20 03:28:00 (err=0)
1004257	161020 032906.123 saved 1 mp's at 2016-10-20 03:28:00 (err=0)
1004258	161020 032906.142 saved 1 mp's at 2016-10-20 03:28:00 (err=0)
1004259	161020 032906.147 saved 1 mp's at 2016-10-20 03:28:00 (err=0)
1004260	161020 032906.151 saved 1 mp's at 2016-10-20 03:28:00 (err=0)
1004261	161020 032906.156 saved 1 mp's at 2016-10-20 03:28:00 (err=0)
1004262	161020 032906.174 saved 1 mp's at 2016-10-20 03:28:00 (err=0)
1004263	161020 032906.179 saved 1 mp's at 2016-10-20 03:28:00 (err=0)
1004264	161020 032906.182 saved 1 mp's at 2016-10-20 03:28:00 (err=0)
1004265	161020 032906.184 saved 1 mp's at 2016-10-20 03:28:00 (err=0)
1004266	161020 032906.197 saved 1 mp's at 2016-10-20 03:28:00 (err=0)
1004267	161020 032906.202 saved 1 mp's at 2016-10-20 03:28:00 (err=0)
1004268	161020 032906.204 saved 1 mp's at 2016-10-20 03:28:00 (err=0)
1004269	161020 032906.210 saved 1 mp's at 2016-10-20 03:28:00 (err=0)
1004270	161020 032906.215 saved 1 mp's at 2016-10-20 03:28:00 (err=0)
1004271	161020 032906.222 saved 1 mp's at 2016-10-20 03:28:00 (err=0)
1004272	161020 032906.224 saved 1 mp's at 2016-10-20 03:28:00 (err=0)
1004273	161020 032906.228 saved 1 mp's at 2016-10-20 03:28:00 (err=0)
1004274	161020 032906.233 saved 1 mp's at 2016-10-20 03:28:00 (err=0)
1004275	161020 032906.252 saved 1 mp's at 2016-10-20 03:28:00 (err=0)
1004276	161020 032906.261 saved 1 mp's at 2016-10-20 03:28:00 (err=0)
1004277	161020 032906.265 saved 1 mp's at 2016-10-20 03:28:00 (err=0)
1004278	161020 032906.280 saved 1 mp's at 2016-10-20 03:28:00 (err=0)
1004279	161020 032906.291 saved 1 mp's at 2016-10-20 03:28:00 (err=0)
1004280	161020 032906.300 saved 1 mp's at 2016-10-20 03:28:00 (err=0)
1004281	161020 032906.316 saved 1 mp's at 2016-10-20 03:28:00 (err=0)
1004282	161020 032906.326 saved 1 mp's at 2016-10-20 03:28:00 (err=0)
1004283	161020 032906.336 saved 1 mp's at 2016-10-20 03:28:00 (err=0)
1004284	161020 032906.346 saved 1 mp's at 2016-10-20 03:28:00 (err=0)
1004285	161020 032906.356 saved 1 mp's at 2016-10-20 03:28:00 (err=0)
1004286	161020 032906.366 saved 1 mp's at 2016-10-20 03:28:00 (err=0)
1004287	161020 032906.371 saved 1 mp's at 2016-10-20 03:28:00 (err=0)
1004288	161020 032906.374 saved 1 mp's at 2016-10-20 03:28:00 (err=0)
1004289	161020 032906.391 saved 1 mp's at 2016-10-20 03:28:00 (err=0)
1004290	161020 032906.398 saved 1 mp's at 2016-10-20 03:28:00 (err=0)
1004291	161020 032906.404 saved 1 mp's at 2016-10-20 03:28:00 (err=0)
1004292	161020 032906.429 saved 1 mp's at 2016-10-20 03:28:00 (err=0)
1004293	161020 032906.471 saved 1 mp's at 2016-10-20 03:28:00 (err=0)
1004294	161020 032906.480 saved 1 mp's at 2016-10-20 03:28:00 (err=0)
1004295	161020 032906.490 saved 1 mp's at 2016-10-20 03:28:00 (err=0)
1004296	161020 032906.519 saved 1 mp's at 2016-10-20 03:28:00 (err=0)
1004297	161020 032906.525 saved 1 mp's at 2016-10-20 03:28:00 (err=0)
1004298	161020 032906.545 saved 1 mp's at 2016-10-20 03:28:00 (err=0)
1004299	161020 032906.550 saved 1 mp's at 2016-10-20 03:28:00 (err=0)
1004300	161020 032906.589 saved 1 mp's at 2016-10-20 03:28:00 (err=0)
1004301	161020 032906.592 saved 1 mp's at 2016-10-20 03:28:00 (err=0)
1004302	161020 032906.610 saved 1 mp's at 2016-10-20 03:28:00 (err=0)
1004303	161020 032906.615 saved 1 mp's at 2016-10-20 03:28:00 (err=0)
1004304	161020 032906.637 saved 1 mp's at 2016-10-20 03:28:00 (err=0)
1004305	161020 032906.644 saved 1 mp's at 2016-10-20 03:28:00 (err=0)
1004306	161020 032906.650 saved 1 mp's at 2016-10-20 03:28:00 (err=0)
1004307	161020 032906.684 saved 1 mp's at 2016-10-20 03:28:00 (err=0)
1004308	161020 032906.713 saved 1 mp's at 2016-10-20 03:28:00 (err=0)
1004309	161020 032906.729 saved 1 mp's at 2016-10-20 03:28:00 (err=0)
1004310	161020 032907.732 closed /dev/tts7 tx=147/6 rx=0/0, recv_delay=48.065s, send_delay=0.000s
1004311	ERR: xdlms error, exit code = 1
1004312	161020 033228.250 com=8 meter=2 baud=13 acqtime=2016-10-20 03:32:00
1004313	161020 033229.344 opened (3)/dev/tts7 8N1 9600 tx_ipg=24984, rx_ipg=24984 (DTR|RTS|CTS|CAR|RNG)
1004314	161020 033229.431 sending frame: SNRM Info=23
1004315	161020 033229.433 > 7EA02300 0272FB61 933A3F81 80140502  ~.#..r.a.:?..... 
1004316	161020 033229.438 > 07F00602 07F00704 00000001 08040000  ................ 
1004317	161020 033229.439 > 00015856 7E                          ..XV~            
1004318	161020 033229.565 < 7EA02161 000272FB 73075481 80120501  ~.!a..r.s.T..... 
1004319	161020 033229.565 < F806013E 07040000 00010804 00000001  ...>............ 
1004320	161020 033229.565 < 480E7E                               H.~              
1004321	161020 033229.566 recved frame: UA * Info=21
1004322	161020 033229.566 negotiated mtu tx/rx = 79/2049
1004323	161020 033229.566 hdlc connected
1004324	161020 033229.568 sending frame: I N(R)=0 N(S)=0 Info=54
1004325	161020 033229.569 > 7EA04200 0272FB61 10F9B2E6 E6006031  ~.B..r.a......`1 
1004326	161020 033229.569 > 80020780 A1090607 60857405 0801028A  ........`.t..... 
1004327	161020 033229.569 > 0207808B 07608574 05080202 AC028000  .....`.t........ 
1004328	161020 033229.575 > BE0F040D 01000000 065F0400 FFFFFF00  ........._...... 
1004329	161020 033229.576 > 00BC7F7E                             ...~             
1004330	161020 033229.810 < 7EA05261 000272FB 30BA9DE6 E7006141  ~.Ra..r.0.....aA 
1004331	161020 033229.810 < A1090607 60857405 080102A2 03020100  ....`.t......... 
1004332	161020 033229.810 < A305A103 02010E88 02078089 07608574  .............`.t 
1004333	161020 033229.811 < 05080202 AA0A8008 44363036 30303030  ........D6060000 
1004334	161020 033229.811 < BE0F040D 0800065F 04001802 200960FA  ......._.... .`. 
1004335	161020 033229.811 < 0028F97E                             .(.~             
1004336	161020 033229.811 recved frame: I * N(R)=1 N(S)=0 Info=70
1004337	161020 033229.814 AARE: app=(2,16,756,5,8,1,2) asso_result=0 (14) initiate err=0 +auth secu_machanism=(2,16,756,5,8,2,2)
1004338	161020 033229.814 xdlms param: qos=0 ver=6 max_send_pdu=2400, vaa=fa00
1004339	161020 033229.814 sending frame: I N(R)=1 N(S)=1 Info=19
1004340	161020 033229.820 > 7EA01F00 0272FB61 3269ECE6 E6000601  ~....r.a2i...... 
1004341	161020 033229.821 > 02FA5801 09084538 33413536 3730AEC7  ..X...E83A5670.. 
1004342	161020 033229.822 > 7E                                   ~                
1004343	161020 033229.925 < 7EA01261 000272FB 52A81AE6 E7000D01  ~..a..r.R....... 
1004344	161020 033229.925 < 0007E47E                             ...~             
1004345	161020 033229.925 recved frame: I * N(R)=2 N(S)=1 Info=6
1004346	161020 033229.926 hls auth ok
1004347	161020 033229.926 read LDN
1004348	161020 033229.926 reading 1 vars, ttl=1
1004349	161020 033229.926 sending frame: I N(R)=2 N(S)=2 Info=8
1004350	161020 033229.927 > 7EA01400 0272FB61 54DB9CE6 E6000501  ~....r.aT....... 
1004351	161020 033229.927 > 02FD0810 D37E                        .....~           
1004352	161020 033230.080 < 7EA02461 000272FB 741BD0E6 E7000C01  ~.$a..r.t....... 
1004353	161020 033230.080 < 0009104C 475A3530 35303634 32310000  ...LGZ50506421.. 
1004354	161020 033230.080 < 00000040 8E7E                        ...@.~           
1004355	161020 033230.080 recved frame: I * N(R)=3 N(S)=2 Info=24
1004356	161020 033230.087 keepalive stopped
1004357	161020 033230.122 solve obj names:
1004358	161020 033230.145 read server info
1004359	161020 033230.146 reading 3 vars, ttl=3
1004360	161020 033230.149 sending frame: I N(R)=3 N(S)=3 Info=14
1004361	161020 033230.155 > 7EA01A00 0272FB61 76EA18E6 E6000503  ~....r.av....... 
1004362	161020 033230.156 > 02FF0802 4BD80299 58ED327E           ....K...X.2~     
1004363	161020 033230.310 < 7EA02C61 000272FB 96EBCAE6 E7000C03  ~.,a..r......... 
1004364	161020 033230.310 < 000A0348 30330006 00000011 00090C07  ...H03.......... 
1004365	161020 033230.310 < E00A0106 000000FF 8000FF06 4F7E      ............O~   
1004366	161020 033230.311 recved frame: I * N(R)=4 N(S)=3 Info=32
1004367	161020 033230.312 detected a suspicous clock value, status=0xff
1004368	161020 033230.425 keepalive stopped
1004369	161020 033230.426 ldn: LGZ50506421 ver: H03 vz1: 17 last billing reset: 2016-10-01 00:00:00
1004370	161020 033230.516 server objects info:
1004371	161020 033230.517 mp1  : ln=1.1.1.8.0.255 class=3-0-23-20010
1004372	161020 033230.518 mp3  : ln=1.1.2.8.0.255 class=3-0-23-20010
1004373	161020 033230.520 mp5  : ln=1.1.5.8.0.255 class=3-0-23-20010
1004374	161020 033230.521 mp6  : ln=1.1.6.8.0.255 class=3-0-23-20010
1004375	161020 033230.522 mp7  : ln=1.1.7.8.0.255 class=3-0-23-20010
1004376	161020 033230.523 mp8  : ln=1.1.8.8.0.255 class=3-0-23-20010
1004377	161020 033230.531 mp9  : ln=1.1.1.8.1.255 class=3-0-23-20010
1004378	161020 033230.532 mp10 : ln=1.1.1.8.2.255 class=3-0-23-20010
1004379	161020 033230.534 mp11 : ln=1.1.1.8.3.255 class=3-0-23-20010
1004380	161020 033230.535 mp12 : ln=1.1.1.8.4.255 class=3-0-23-20010
1004381	161020 033230.535 mp17 : ln=1.1.2.8.1.255 class=3-0-23-20010
1004382	161020 033230.535 mp18 : ln=1.1.2.8.2.255 class=3-0-23-20010
1004383	161020 033230.535 mp19 : ln=1.1.2.8.3.255 class=3-0-23-20010
1004384	161020 033230.535 mp20 : ln=1.1.2.8.4.255 class=3-0-23-20010
1004385	161020 033230.536 mp41 : ln=1.1.32.7.0.255 class=3-0-21-20009
1004386	161020 033230.536 mp42 : ln=1.1.52.7.0.255 class=3-0-21-20009
1004387	161020 033230.536 mp43 : ln=1.1.72.7.0.255 class=3-0-21-20009
1004388	161020 033230.536 mp44 : ln=1.1.31.7.0.255 class=3-0-21-20009
1004389	161020 033230.536 mp45 : ln=1.1.51.7.0.255 class=3-0-21-20009
1004390	161020 033230.536 mp46 : ln=1.1.71.7.0.255 class=3-0-21-20009
1004391	161020 033230.536 mp47 : ln=1.1.16.7.0.255 class=3-0-21-20009
1004392	161020 033230.536 mp51 : ln=1.1.131.7.0.255 class=3-0-21-20009
1004393	161020 033230.536 mp55 : ln=1.1.13.7.0.255 class=3-0-21-20009
1004394	161020 033230.537 mp59 : ln=1.1.14.7.0.255 class=3-0-21-20009
1004395	161020 033230.537 mp60 : ln=1.1.1.6.0.255 class=4-0-0-20051
1004396	161020 033230.537 mp61 : ln=1.1.1.6.1.255 class=4-0-0-20051
1004397	161020 033230.537 mp62 : ln=1.1.1.6.2.255 class=4-0-0-20051
1004398	161020 033230.537 mp63 : ln=1.1.1.6.3.255 class=4-0-0-20051
1004399	161020 033230.537 mp64 : ln=1.1.1.6.4.255 class=4-0-0-20051
1004400	161020 033230.537 mp65 : ln=1.1.2.6.0.255 class=4-0-0-20051
1004401	161020 033230.537 rubish register: ln=0.0.240.10.0.255 class=10620-3
1004402	161020 033230.564 value presentation of mp's:
1004403	161020 033230.565 mp1  : disp (3, 5.3) comm (0) storage (0)
1004404	161020 033230.567 mp2  : disp (-128, 0.0 *) comm (-128) storage (-128)
1004405	161020 033230.567 mp3  : disp (3, 5.3) comm (0) storage (0)
1004406	161020 033230.568 mp4  : disp (-128, 0.0 *) comm (-128) storage (-128)
1004407	161020 033230.568 mp5  : disp (3, 5.3) comm (0) storage (0)
1004408	161020 033230.568 mp6  : disp (3, 5.3) comm (0) storage (0)
1004409	161020 033230.568 mp7  : disp (3, 5.3) comm (0) storage (0)
1004410	161020 033230.568 mp8  : disp (3, 5.3) comm (0) storage (0)
1004411	161020 033230.568 mp9  : disp (3, 5.3) comm (0) storage (0)
1004412	161020 033230.568 mp10 : disp (3, 5.3) comm (0) storage (0)
1004413	161020 033230.568 mp11 : disp (3, 5.3) comm (0) storage (0)
1004414	161020 033230.569 mp12 : disp (3, 5.3) comm (0) storage (0)
1004415	161020 033230.569 mp13 : disp (-128, 0.0 *) comm (-128) storage (-128)
1004416	161020 033230.569 mp14 : disp (-128, 0.0 *) comm (-128) storage (-128)
1004417	161020 033230.569 mp15 : disp (-128, 0.0 *) comm (-128) storage (-128)
1004418	161020 033230.569 mp16 : disp (-128, 0.0 *) comm (-128) storage (-128)
1004419	161020 033230.569 mp17 : disp (3, 5.3) comm (0) storage (0)
1004420	161020 033230.569 mp18 : disp (3, 5.3) comm (0) storage (0)
1004421	161020 033230.581 mp19 : disp (3, 5.3) comm (0) storage (0)
1004422	161020 033230.582 mp20 : disp (3, 5.3) comm (0) storage (0)
1004423	161020 033230.582 mp21 : disp (-128, 0.0 *) comm (-128) storage (-128)
1004424	161020 033230.582 mp22 : disp (-128, 0.0 *) comm (-128) storage (-128)
1004425	161020 033230.582 mp23 : disp (-128, 0.0 *) comm (-128) storage (-128)
1004426	161020 033230.582 mp24 : disp (-128, 0.0 *) comm (-128) storage (-128)
1004427	161020 033230.582 mp25 : disp (-128, 0.0 *) comm (-128) storage (-128)
1004428	161020 033230.582 mp26 : disp (-128, 0.0 *) comm (-128) storage (-128)
1004429	161020 033230.582 mp27 : disp (-128, 0.0 *) comm (-128) storage (-128)
1004430	161020 033230.583 mp28 : disp (-128, 0.0 *) comm (-128) storage (-128)
1004431	161020 033230.583 mp29 : disp (-128, 0.0 *) comm (-128) storage (-128)
1004432	161020 033230.583 mp30 : disp (-128, 0.0 *) comm (-128) storage (-128)
1004433	161020 033230.583 mp31 : disp (-128, 0.0 *) comm (-128) storage (-128)
1004434	161020 033230.583 mp32 : disp (-128, 0.0 *) comm (-128) storage (-128)
1004435	161020 033230.583 mp33 : disp (-128, 0.0 *) comm (-128) storage (-128)
1004436	161020 033230.584 mp34 : disp (-128, 0.0 *) comm (-128) storage (-128)
1004437	161020 033230.584 mp35 : disp (-128, 0.0 *) comm (-128) storage (-128)
1004438	161020 033230.584 mp36 : disp (-128, 0.0 *) comm (-128) storage (-128)
1004439	161020 033230.584 mp37 : disp (-128, 0.0 *) comm (-128) storage (-128)
1004440	161020 033230.584 mp38 : disp (-128, 0.0 *) comm (-128) storage (-128)
1004441	161020 033230.584 mp39 : disp (-128, 0.0 *) comm (-128) storage (-128)
1004442	161020 033230.586 mp40 : disp (-128, 0.0 *) comm (-128) storage (-128)
1004443	161020 033230.587 mp41 : disp (0, 3.1) comm (-1) storage (-1)
1004444	161020 033230.587 mp42 : disp (0, 3.1) comm (-1) storage (-1)
1004445	161020 033230.587 mp43 : disp (0, 3.1) comm (-1) storage (-1)
1004446	161020 033230.587 mp44 : disp (0, 1.3) comm (-3) storage (-3)
1004447	161020 033230.587 mp45 : disp (0, 1.3) comm (-3) storage (-3)
1004448	161020 033230.587 mp46 : disp (0, 1.3) comm (-3) storage (-3)
1004449	161020 033230.587 mp47 : disp (3, 1.3) comm (0) storage (0)
1004450	161020 033230.587 mp48 : disp (-128, 0.0 *) comm (-128) storage (-128)
1004451	161020 033230.588 mp49 : disp (-128, 0.0 *) comm (-128) storage (-128)
1004452	161020 033230.588 mp50 : disp (-128, 0.0 *) comm (-128) storage (-128)
1004453	161020 033230.588 mp51 : disp (3, 1.3) comm (0) storage (0)
1004454	161020 033230.588 mp52 : disp (-128, 0.0 *) comm (-128) storage (-128)
1004455	161020 033230.588 mp53 : disp (-128, 0.0 *) comm (-128) storage (-128)
1004456	161020 033230.588 mp54 : disp (-128, 0.0 *) comm (-128) storage (-128)
1004457	161020 033230.589 mp55 : disp (0, 1.2) comm (-2) storage (-2)
1004458	161020 033230.589 mp56 : disp (-128, 0.0 *) comm (-128) storage (-128)
1004459	161020 033230.589 mp57 : disp (-128, 0.0 *) comm (-128) storage (-128)
1004460	161020 033230.589 mp58 : disp (-128, 0.0 *) comm (-128) storage (-128)
1004461	161020 033230.589 mp59 : disp (0, 2.2) comm (-2) storage (-2)
1004462	161020 033230.589 mp60 : disp (3, 1.4) comm (-1) storage (-1)
1004463	161020 033230.597 mp61 : disp (3, 1.4) comm (-1) storage (-1)
1004464	161020 033230.598 mp62 : disp (3, 1.4) comm (-1) storage (-1)
1004465	161020 033230.605 mp63 : disp (3, 1.4) comm (-1) storage (-1)
1004466	161020 033230.605 mp64 : disp (3, 1.4) comm (-1) storage (-1)
1004467	161020 033230.605 mp65 : disp (3, 1.4) comm (-1) storage (-1)
1004468	161020 033230.605 mp66 : disp (-128, 0.0 *) comm (-128) storage (124)
1004469	161020 033230.605 mp67 : disp (-128, 0.0 *) comm (-128) storage (124)
1004470	161020 033230.606 mp68 : disp (-128, 0.0 *) comm (-128) storage (124)
1004471	161020 033230.606 mp69 : disp (-128, 0.0 *) comm (-128) storage (124)
1004472	161020 033230.606 mp70 : disp (-128, 0.0 *) comm (-128) storage (124)
1004473	161020 033230.606 mp71 : disp (-128, 0.0 *) comm (-128) storage (124)
1004474	161020 033230.606 mp72 : disp (-128, 0.0 *) comm (-128) storage (124)
1004475	161020 033230.607 mp73 : disp (-128, 0.0 *) comm (-128) storage (124)
1004476	161020 033230.607 mp74 : disp (-128, 0.0 *) comm (-128) storage (124)
1004477	161020 033230.607 mp75 : disp (-128, 0.0 *) comm (-128) storage (124)
1004478	161020 033230.607 mp76 : disp (-128, 0.0 *) comm (-128) storage (124)
1004479	161020 033230.607 mp77 : disp (-128, 0.0 *) comm (-128) storage (124)
1004480	161020 033230.607 mp78 : disp (-128, 0.0 *) comm (-128) storage (124)
1004481	161020 033230.607 mp79 : disp (-128, 0.0 *) comm (-128) storage (124)
1004482	161020 033230.649 read server clock
1004483	161020 033230.651 reading 1 vars, ttl=1
1004484	161020 033230.651 sending frame: I N(R)=4 N(S)=4 Info=8
1004485	161020 033230.652 > 7EA01400 0272FB61 98BB90E6 E6000501  ~....r.a........ 
1004486	161020 033230.652 > 022BC8F7 1E7E                        .+...~           
1004487	161020 033230.785 < 7EA02061 000272FB B80DB3E6 E7000C01  ~. a..r......... 
1004488	161020 033230.785 < 00090C07 E00A1404 03201DFF 80000090  ......... ...... 
1004489	161020 033230.786 < 917E                                 .~               
1004490	161020 033230.786 recved frame: I * N(R)=5 N(S)=4 Info=20
1004491	161020 033230.790 keepalive stopped
1004492	161020 033230.791 server time is 2016-10-20 03:32:28.92
1004493	161020 033230.805 time drift (-2s) out of sync window, sync is aborted
1004494	161020 033230.906 profile 1.0.99.1.0.255 period=900, objs_num=12, sort_method=1 entries_in_use=0, entries=0
1004495	161020 033230.910 start read load profile for 8 mp's from 2016-10-20 03:15:01 to 2016-10-20 03:30:00
1004496	161020 033230.911 profile read max step=8:00.00
1004497	161020 033230.915 read profile buf [2016-10-20 03:15:01, 2016-10-20 03:30:00]
1004498	161020 033230.916 sending frame: I N(R)=5 N(S)=5 Info=59
1004499	161020 033230.920 > 7EA04700 0272FB61 BA0A48E6 E6000501  ~.G..r.a..H..... 
1004500	161020 033230.921 > 04627801 02040204 12000809 06000001  .bx............. 
1004501	161020 033230.925 > 0000FF0F 02120000 090C07E0 0A14FF03  ................ 
1004502	161020 033230.926 > 0F010080 0000090C 07E00A14 FF031E00  ................ 
1004503	161020 033230.929 > 00800000 01006B42 7E                 ......kB~        
1004504	161020 033231.285 < 7EA06B61 000272FB DA9D42E6 E7000C01  ~.ka..r...B..... 
1004505	161020 033231.285 < 00010102 0C090C07 E00A1404 031E00FF  ................ 
1004506	161020 033231.286 < 80000006 00810004 14000000 000014B9  ................ 
1004507	161020 033231.286 < E6140000 00000000 19B71400 00000000  ................ 
1004508	161020 033231.286 < 01293B14 00000000 00003DAE 05000002  .);.......=..... 
1004509	161020 033231.286 < 7E050000 00000500 00000005 00000000  ~............... 
1004510	161020 033231.287 < 05000000 00050000 00007483 7E        ..........t.~    
1004511	161020 033231.287 recved frame: I * N(R)=6 N(S)=5 Info=95
1004512	161020 033231.288 profile row 0: 2016-10-20 03:30:00
1004513	161020 033231.428 saved 79 mp's at 2016-10-20 03:30:00 (err=0)
1004514	161020 033231.511 keepalive stopped
1004515	161020 033231.540 saved 1 mp's at 2016-10-20 03:32:00 (err=0)
1004516	161020 033231.549 saved 1 mp's at 2016-10-20 03:32:00 (err=0)
1004517	161020 033231.560 saved 1 mp's at 2016-10-20 03:32:00 (err=0)
1004518	161020 033231.580 saved 1 mp's at 2016-10-20 03:32:00 (err=0)
1004519	161020 033231.585 saved 1 mp's at 2016-10-20 03:32:00 (err=0)
1004520	161020 033231.592 saved 1 mp's at 2016-10-20 03:32:00 (err=0)
1004521	161020 033231.602 saved 1 mp's at 2016-10-20 03:32:00 (err=0)
1004522	161020 033231.607 saved 1 mp's at 2016-10-20 03:32:00 (err=0)
1004523	161020 033231.608 22 mp's need to read from running registers
1004524	161020 033231.616 read registers
1004525	161020 033231.621 reading 28 vars, ttl=28
1004526	161020 033231.623 sending frame: I N(R)=6 N(S)=6 Info=62 S
1004527	161020 033231.625 > 7EA84A00 0272FB61 DCC94DE6 E600051C  ~.J..r.a..M..... 
1004528	161020 033231.626 > 021A2002 1B80021A D0021C30 02016002  .. ........0..`. 
1004529	161020 033231.628 > 02100202 C0020370 02042002 04D00205  .......p.. ..... 
1004530	161020 033231.629 > 80020630 0261D002 63600257 180254B8  ...0.a..c`.W..T. 
1004531	161020 033231.637 > 02AD3802 AD5002AE 4845527E           ..8..P..HER~     
1004532	161020 033231.785 < 7EA00A61 000272FB F11CE67E           ~..a..r....~     
1004533	161020 033231.785 recved frame: RR * N(R)=7
1004534	161020 033231.786 sending frame: I N(R)=6 N(S)=7 Info=27
1004535	161020 033231.786 > 7EA02700 0272FB61 DEADC902 AE6002AE  ~.'..r.a.....`.. 
1004536	161020 033231.787 > D002AEE8 02AF5802 AF7002AF E002AFF8  ......X..p...... 
1004537	161020 033231.787 > 02ADC002 ADD8CDCA 7E                 ........~        
1004538	161020 033232.545 < 7EA8CB61 000272FB 1C8529E6 E7000C1C  ~..a..r...)..... 
1004539	161020 033232.545 < 00140000 00000000 5C4D0014 00000000  ........\M...... 
1004540	161020 033232.545 < 00003C2D 00140000 00000000 01800014  ..<-............ 
1004541	161020 033232.546 < 00000000 0000CCEE 00140000 00000000  ................ 
1004542	161020 033232.546 < 00000014 00000000 00071F72 00140000  ...........r.... 
1004543	161020 033232.546 < 00000008 03F80014 00000000 0005967B  ...............{ 
1004544	161020 033232.546 < 00140000 00000000 00000014 00000000  ................ 
1004545	161020 033232.546 < 0000088E 00140000 00000000 08C00014  ................ 
1004546	161020 033232.547 < 00000000 00000869 00050000 00000005  .......i........ 
1004547	161020 033232.547 < 00000000 00050000 00C80005 00001389  ................ 
1004548	161020 033232.547 < 00050000 00000009 0C07D001 01060000  ................ 
1004549	161020 033232.547 < 00FF8000 00000500 00000000 090C07D0  ................ 
1004550	161020 033232.548 < 01010600 0000FF80 00007CCE 7E        ..........|.~    
1004551	161020 033232.548 recved frame: I * N(R)=0 N(S)=6 Info=191 S
1004552	161020 033232.548 sending frame: RR N(R)=7
1004553	161020 033232.549 > 7EA00A00 0272FB61 F1945D7E           ~....r.a..]~     
1004554	161020 033232.715 < 7EA06061 000272FB 1E37B400 05000000  ~.`a..r..7...... 
1004555	161020 033232.715 < 0000090C 07D00101 06000000 FF800000  ................ 
1004556	161020 033232.715 < 00050000 00000009 0C07D001 01060000  ................ 
1004557	161020 033232.716 < 00FF8000 00000500 00000000 090C07D0  ................ 
1004558	161020 033232.716 < 01010600 0000FF80 00000005 00000016  ................ 
1004559	161020 033232.716 < 00090C07 E00A0F06 060000FF 8000007F  ................ 
1004560	161020 033232.716 < 657E                                 e~               
1004561	161020 033232.716 recved frame: I * N(R)=0 N(S)=7 Info=84
1004562	161020 033232.721 keepalive stopped
1004563	161020 033232.904 saved 22 mp's using register values
1004564	161020 033232.935 keepalive stopped
1004565	161020 033232.936 [ERR] profile 0.0.98.133.63.255 not found in server
1004566	161020 033232.936 [ERR] profile 0.0.98.133.64.255 not found in server
1004567	161020 033232.937 49 mp's use dummy acquisition
1004568	161020 033233.313 saved 49 dummy mp's
1004569	161020 033233.365 keepalive stopped
1004570	161020 033233.542 profile 1.0.99.98.0.255 period=0, objs_num=4, sort_method=1 entries_in_use=0, entries=0
1004571	161020 033233.544 start read event log
1004572	161020 033233.545 profile read max step=0:56.00
1004573	161020 033233.546 read profile buf [2016-10-20 02:32:01, 2016-10-20 03:28:00]
1004574	161020 033233.546 sending frame: I N(R)=0 N(S)=0 Info=59
1004575	161020 033233.547 > 7EA04700 0272FB61 105A42E6 E6000501  ~.G..r.a.ZB..... 
1004576	161020 033233.547 > 0460E801 02040204 12000809 06000001  .`.............. 
1004577	161020 033233.548 > 0000FF0F 02120000 090C07E0 0A14FF02  ................ 
1004578	161020 033233.548 > 20010080 0000090C 07E00A14 FF031C00   ............... 
1004579	161020 033233.548 > 00800000 01006B22 7E                 ......k"~        
1004580	161020 033233.720 < 7EA01461 000272FB 307102E6 E7000C01  ~..a..r.0q...... 
1004581	161020 033233.720 < 000100F9 F17E                        .....~           
1004582	161020 033233.720 recved frame: I * N(R)=1 N(S)=0 Info=8
1004583	161020 033233.730 keepalive stopped
1004584	161020 033233.731 read profile buf [2016-10-20 03:28:01, 2016-10-20 03:32:00]
1004585	161020 033233.731 sending frame: I N(R)=1 N(S)=1 Info=59
1004586	161020 033233.732 > 7EA04700 0272FB61 324A40E6 E6000501  ~.G..r.a2J@..... 
1004587	161020 033233.732 > 0460E801 02040204 12000809 06000001  .`.............. 
1004588	161020 033233.733 > 0000FF0F 02120000 090C07E0 0A14FF03  ................ 
1004589	161020 033233.733 > 1C010080 0000090C 07E00A14 FF032000  .............. . 
1004590	161020 033233.733 > 00800000 01003CED 7E                 ......<.~        
1004591	161020 033233.930 < 7EA01461 000272FB 526542E6 E7000C01  ~..a..r.ReB..... 
1004592	161020 033233.930 < 000100F9 F17E                        .....~           
1004593	161020 033233.930 recved frame: I * N(R)=2 N(S)=1 Info=8
1004594	161020 033233.935 keepalive stopped
1004595	161020 033233.936 sending frame: DISC
1004596	161020 033233.936 > 7EA00A00 0272FB61 538CDB7E           ~....r.aS..~     
1004597	161020 033234.060 < 7EA02161 000272FB 73075481 80120501  ~.!a..r.s.T..... 
1004598	161020 033234.060 < F806013E 07040000 00010804 00000001  ...>............ 
1004599	161020 033234.060 < 480E7E                               H.~              
1004600	161020 033234.060 recved frame: UA * Info=21
1004601	161020 033234.061 hdlc disconnected
1004602	161020 033235.065 closed /dev/tts7 tx=570/13 rx=760/13, recv_delay=1.845s, send_delay=0.000s
1004603	161020 033238.903 com=8 meter=2 baud=13 acqtime=2016-10-20 03:32:00
1004604	161020 033239.937 opened (3)/dev/tts7 8N1 9600 tx_ipg=24984, rx_ipg=24984 (DTR|RTS|CTS|CAR|RNG)
1004605	161020 033240.049 sending frame: SNRM Info=23
1004606	161020 033240.053 > 7EA02300 0272FB61 933A3F81 80140502  ~.#..r.a.:?..... 
1004607	161020 033240.084 > 07F00602 07F00704 00000001 08040000  ................ 
1004608	161020 033240.088 > 00015856 7E                          ..XV~            
1004609	161020 033240.185 < 7EA02161 000272FB 73075481 80120501  ~.!a..r.s.T..... 
1004610	161020 033240.185 < F806013E 07040000 00010804 00000001  ...>............ 
1004611	161020 033240.186 < 480E7E                               H.~              
1004612	161020 033240.186 recved frame: UA * Info=21
1004613	161020 033240.186 negotiated mtu tx/rx = 79/2049
1004614	161020 033240.186 hdlc connected
1004615	161020 033240.189 sending frame: I N(R)=0 N(S)=0 Info=54
1004616	161020 033240.189 > 7EA04200 0272FB61 10F9B2E6 E6006031  ~.B..r.a......`1 
1004617	161020 033240.195 > 80020780 A1090607 60857405 0801028A  ........`.t..... 
1004618	161020 033240.196 > 0207808B 07608574 05080202 AC028000  .....`.t........ 
1004619	161020 033240.197 > BE0F040D 01000000 065F0400 FFFFFF00  ........._...... 
1004620	161020 033240.199 > 00BC7F7E                             ...~             
1004621	161020 033240.435 < 7EA05261 000272FB 30BA9DE6 E7006141  ~.Ra..r.0.....aA 
1004622	161020 033240.435 < A1090607 60857405 080102A2 03020100  ....`.t......... 
1004623	161020 033240.436 < A305A103 02010E88 02078089 07608574  .............`.t 
1004624	161020 033240.436 < 05080202 AA0A8008 31363137 30303030  ........16170000 
1004625	161020 033240.436 < BE0F040D 0800065F 04001802 200960FA  ......._.... .`. 
1004626	161020 033240.436 < 002A127E                             .*.~             
1004627	161020 033240.436 recved frame: I * N(R)=1 N(S)=0 Info=70
1004628	161020 033240.439 AARE: app=(2,16,756,5,8,1,2) asso_result=0 (14) initiate err=0 +auth secu_machanism=(2,16,756,5,8,2,2)
1004629	161020 033240.439 xdlms param: qos=0 ver=6 max_send_pdu=2400, vaa=fa00
1004630	161020 033240.439 sending frame: I N(R)=1 N(S)=1 Info=19
1004631	161020 033240.445 > 7EA01F00 0272FB61 3269ECE6 E6000601  ~....r.a2i...... 
1004632	161020 033240.447 > 02FA5801 09083238 34423536 3730C4D2  ..X...284B5670.. 
1004633	161020 033240.448 > 7E                                   ~                
1004634	161020 033240.560 < 7EA01261 000272FB 52A81AE6 E7000D01  ~..a..r.R....... 
1004635	161020 033240.560 < 0007E47E                             ...~             
1004636	161020 033240.560 recved frame: I * N(R)=2 N(S)=1 Info=6
1004637	161020 033240.561 hls auth ok
1004638	161020 033240.561 read LDN
1004639	161020 033240.561 reading 1 vars, ttl=1
1004640	161020 033240.562 sending frame: I N(R)=2 N(S)=2 Info=8
1004641	161020 033240.562 > 7EA01400 0272FB61 54DB9CE6 E6000501  ~....r.aT....... 
1004642	161020 033240.562 > 02FD0810 D37E                        .....~           
1004643	161020 033240.695 < 7EA02461 000272FB 741BD0E6 E7000C01  ~.$a..r.t....... 
1004644	161020 033240.695 < 0009104C 475A3530 35303634 32310000  ...LGZ50506421.. 
1004645	161020 033240.695 < 00000040 8E7E                        ...@.~           
1004646	161020 033240.696 recved frame: I * N(R)=3 N(S)=2 Info=24
