  1096	1476770615.366 read profile buf [2016-10-18 13:10:15, 2016-10-18 14:02:00]
  1097	1476770615.366 sending frame: I N(R)=0 N(S)=0 Info=59
  1098	1476770615.367 > 7EA04700 0272FB61 105A42E6 E6000501  ~.G..r.a.ZB..... 
  1099	1476770615.367 > 0460E801 02040204 12000809 06000001  .`.............. 
  1100	1476770615.367 > 0000FF0F 02120000 090C07E0 0A12FF0D  ................ 
  1101	1476770615.368 > 0A0F0080 0000090C 07E00A12 FF0E0200  ................ 
  1102	1476770615.368 > 00800000 01000BD9 7E                 ........~        
  1103	1476770615.535 < 7EA01461 000272FB 307102E6 E7000C01  ~..a..r.0q...... 
  1104	1476770615.536 < 000100F9 F17E                        .....~           
  1105	1476770615.536 recved frame: I * N(R)=1 N(S)=0 Info=8
  1106	1476770615.538 keepalive stopped
  1107	1476770615.538 sending frame: DISC
  1108	1476770615.539 > 7EA00A00 0272FB61 538CDB7E           ~....r.aS..~     
  1109	1476770615.640 < 7EA02161 000272FB 73075481 80120501  ~.!a..r.s.T..... 
  1110	1476770615.641 < F806013E 07040000 00010804 00000001  ...>............ 
  1111	1476770615.641 < 480E7E                               H.~              
  1112	1476770615.641 recved frame: UA * Info=21
  1113	1476770615.641 hdlc disconnected
  1114	1476770616.645 closed /dev/tts7 tx=497/12 rx=738/12, recv_delay=1.625s, send_delay=0.000s
  1115	1476770646.849 com=8 meter=2 baud=13 acqtime=2016-10-18 14:04:00
  1116	1476770647.379 opened (3)/dev/tts7 8N1 9600 tx_ipg=24984, rx_ipg=24984 (DTR|RTS|CTS|CAR|RNG)
  1117	1476770647.409 sending frame: SNRM Info=23
  1118	1476770647.416 > 7EA02300 0272FB61 933A3F81 80140502  ~.#..r.a.:?..... 
  1119	1476770647.417 > 07F00602 07F00704 00000001 08040000  ................ 
  1120	1476770647.419 > 00015856 7E                          ..XV~            
  1121	1476770647.540 < 7EA02161 000272FB 73075481 80120501  ~.!a..r.s.T..... 
  1122	1476770647.541 < F806013E 07040000 00010804 00000001  ...>............ 
  1123	1476770647.541 < 480E7E                               H.~              
  1124	1476770647.541 recved frame: UA * Info=21
  1125	1476770647.542 negotiated mtu tx/rx = 79/2049
  1126	1476770647.542 hdlc connected
  1127	1476770647.544 sending frame: I N(R)=0 N(S)=0 Info=54
  1128	1476770647.544 > 7EA04200 0272FB61 10F9B2E6 E6006031  ~.B..r.a......`1 
  1129	1476770647.545 > 80020780 A1090607 60857405 0801028A  ........`.t..... 
  1130	1476770647.545 > 0207808B 07608574 05080202 AC028000  .....`.t........ 
  1131	1476770647.545 > BE0F040D 01000000 065F0400 FFFFFF00  ........._...... 
  1132	1476770647.549 > 00BC7F7E                             ...~             
  1133	1476770647.795 < 7EA05261 000272FB 30BA9DE6 E7006141  ~.Ra..r.0.....aA 
  1134	1476770647.796 < A1090607 60857405 080102A2 03020100  ....`.t......... 
  1135	1476770647.796 < A305A103 02010E88 02078089 07608574  .............`.t 
  1136	1476770647.796 < 05080202 AA0A8008 46423138 30303030  ........FB180000 
  1137	1476770647.796 < BE0F040D 0800065F 04001802 200960FA  ......._.... .`. 
  1138	1476770647.797 < 000E5C7E                             ..\~             
  1139	1476770647.797 recved frame: I * N(R)=1 N(S)=0 Info=70
  1140	1476770647.799 AARE: app=(2,16,756,5,8,1,2) asso_result=0 (14) initiate err=0 +auth secu_machanism=(2,16,756,5,8,2,2)
  1141	1476770647.799 xdlms param: qos=0 ver=6 max_send_pdu=2400, vaa=fa00
  1142	1476770647.799 sending frame: I N(R)=1 N(S)=1 Info=19
  1143	1476770647.800 > 7EA01F00 0272FB61 3269ECE6 E6000601  ~....r.a2i...... 
  1144	1476770647.805 > 02FA5801 09083044 34433536 37303972  ..X...0D4C56709r 
  1145	1476770647.806 > 7E                                   ~                
  1146	1476770647.915 < 7EA01261 000272FB 52A81AE6 E7000D01  ~..a..r.R....... 
  1147	1476770647.916 < 0007E47E                             ...~             
  1148	1476770647.916 recved frame: I * N(R)=2 N(S)=1 Info=6
  1149	1476770647.916 hls auth ok
  1150	1476770647.916 read LDN
  1151	1476770647.917 reading 1 vars, ttl=1
  1152	1476770647.917 sending frame: I N(R)=2 N(S)=2 Info=8
  1153	1476770647.917 > 7EA01400 0272FB61 54DB9CE6 E6000501  ~....r.aT....... 
  1154	1476770647.917 > 02FD0810 D37E                        .....~           
  1155	1476770648.041 < 7EA02461 000272FB 741BD0E6 E7000C01  ~.$a..r.t....... 
  1156	1476770648.041 < 0009104C 475A3530 35303634 32310000  ...LGZ50506421.. 
  1157	1476770648.041 < 00000040 8E7E                        ...@.~           
  1158	1476770648.041 recved frame: I * N(R)=3 N(S)=2 Info=24
  1159	1476770648.047 keepalive stopped
  1160	1476770648.092 solve obj names:
  1161	1476770648.105 read server info
  1162	1476770648.106 reading 3 vars, ttl=3
  1163	1476770648.108 sending frame: I N(R)=3 N(S)=3 Info=14
  1164	1476770648.109 > 7EA01A00 0272FB61 76EA18E6 E6000503  ~....r.av....... 
  1165	1476770648.111 > 02FF0802 4BD80299 58ED327E           ....K...X.2~     
  1166	1476770648.306 < 7EA02C61 000272FB 96EBCAE6 E7000C03  ~.,a..r......... 
  1167	1476770648.306 < 000A0348 30330006 0000000F 00090C07  ...H03.......... 
  1168	1476770648.307 < E00A0106 000000FF 8000FF19 827E      .............~   
  1169	1476770648.307 recved frame: I * N(R)=4 N(S)=3 Info=32
  1170	1476770648.308 detected a suspicous clock value, status=0xff
  1171	1476770648.421 keepalive stopped
  1172	1476770648.421 ldn: LGZ50506421 ver: H03 vz1: 15 last billing reset: 2016-10-01 00:00:00
  1173	1476770648.529 server objects info:
  1174	1476770648.529 mp1  : ln=1.1.1.8.0.255 class=3-0-23-20010
  1175	1476770648.531 mp3  : ln=1.1.2.8.0.255 class=3-0-23-20010
  1176	1476770648.534 mp5  : ln=1.1.5.8.0.255 class=3-0-23-20010
  1177	1476770648.535 mp6  : ln=1.1.6.8.0.255 class=3-0-23-20010
  1178	1476770648.538 mp7  : ln=1.1.7.8.0.255 class=3-0-23-20010
  1179	1476770648.539 mp8  : ln=1.1.8.8.0.255 class=3-0-23-20010
  1180	1476770648.540 mp9  : ln=1.1.1.8.1.255 class=3-0-23-20010
  1181	1476770648.543 mp10 : ln=1.1.1.8.2.255 class=3-0-23-20010
  1182	1476770648.544 mp11 : ln=1.1.1.8.3.255 class=3-0-23-20010
  1183	1476770648.545 mp12 : ln=1.1.1.8.4.255 class=3-0-23-20010
  1184	1476770648.556 mp17 : ln=1.1.2.8.1.255 class=3-0-23-20010
  1185	1476770648.557 mp18 : ln=1.1.2.8.2.255 class=3-0-23-20010
  1186	1476770648.558 mp19 : ln=1.1.2.8.3.255 class=3-0-23-20010
  1187	1476770648.559 mp20 : ln=1.1.2.8.4.255 class=3-0-23-20010
  1188	1476770648.561 mp41 : ln=1.1.32.7.0.255 class=3-0-21-20009
  1189	1476770648.561 mp42 : ln=1.1.52.7.0.255 class=3-0-21-20009
  1190	1476770648.561 mp43 : ln=1.1.72.7.0.255 class=3-0-21-20009
  1191	1476770648.561 mp44 : ln=1.1.31.7.0.255 class=3-0-21-20009
  1192	1476770648.561 mp45 : ln=1.1.51.7.0.255 class=3-0-21-20009
  1193	1476770648.561 mp46 : ln=1.1.71.7.0.255 class=3-0-21-20009
  1194	1476770648.561 mp47 : ln=1.1.16.7.0.255 class=3-0-21-20009
  1195	1476770648.562 mp51 : ln=1.1.131.7.0.255 class=3-0-21-20009
  1196	1476770648.562 mp55 : ln=1.1.13.7.0.255 class=3-0-21-20009
  1197	1476770648.562 mp59 : ln=1.1.14.7.0.255 class=3-0-21-20009
  1198	1476770648.562 mp60 : ln=1.1.1.6.0.255 class=4-0-0-20051
  1199	1476770648.562 mp61 : ln=1.1.1.6.1.255 class=4-0-0-20051
  1200	1476770648.562 mp62 : ln=1.1.1.6.2.255 class=4-0-0-20051
  1201	1476770648.562 mp63 : ln=1.1.1.6.3.255 class=4-0-0-20051
  1202	1476770648.562 mp64 : ln=1.1.1.6.4.255 class=4-0-0-20051
  1203	1476770648.562 mp65 : ln=1.1.2.6.0.255 class=4-0-0-20051
  1204	1476770648.562 rubish register: ln=0.0.240.10.0.255 class=10620-3
  1205	1476770648.573 value presentation of mp's:
  1206	1476770648.574 mp1  : disp (3, 5.3) comm (0) storage (0)
  1207	1476770648.575 mp2  : disp (-128, 0.0 *) comm (-128) storage (-128)
  1208	1476770648.585 mp3  : disp (3, 5.3) comm (0) storage (0)
  1209	1476770648.586 mp4  : disp (-128, 0.0 *) comm (-128) storage (-128)
  1210	1476770648.586 mp5  : disp (3, 5.3) comm (0) storage (0)
  1211	1476770648.586 mp6  : disp (3, 5.3) comm (0) storage (0)
  1212	1476770648.586 mp7  : disp (3, 5.3) comm (0) storage (0)
  1213	1476770648.587 mp8  : disp (3, 5.3) comm (0) storage (0)
  1214	1476770648.587 mp9  : disp (3, 5.3) comm (0) storage (0)
  1215	1476770648.587 mp10 : disp (3, 5.3) comm (0) storage (0)
  1216	1476770648.587 mp11 : disp (3, 5.3) comm (0) storage (0)
  1217	1476770648.587 mp12 : disp (3, 5.3) comm (0) storage (0)
  1218	1476770648.587 mp13 : disp (-128, 0.0 *) comm (-128) storage (-128)
  1219	1476770648.587 mp14 : disp (-128, 0.0 *) comm (-128) storage (-128)
  1220	1476770648.587 mp15 : disp (-128, 0.0 *) comm (-128) storage (-128)
  1221	1476770648.587 mp16 : disp (-128, 0.0 *) comm (-128) storage (-128)
  1222	1476770648.587 mp17 : disp (3, 5.3) comm (0) storage (0)
  1223	1476770648.587 mp18 : disp (3, 5.3) comm (0) storage (0)
  1224	1476770648.587 mp19 : disp (3, 5.3) comm (0) storage (0)
  1225	1476770648.587 mp20 : disp (3, 5.3) comm (0) storage (0)
  1226	1476770648.587 mp21 : disp (-128, 0.0 *) comm (-128) storage (-128)
  1227	1476770648.587 mp22 : disp (-128, 0.0 *) comm (-128) storage (-128)
  1228	1476770648.588 mp23 : disp (-128, 0.0 *) comm (-128) storage (-128)
  1229	1476770648.588 mp24 : disp (-128, 0.0 *) comm (-128) storage (-128)
  1230	1476770648.588 mp25 : disp (-128, 0.0 *) comm (-128) storage (-128)
  1231	1476770648.588 mp26 : disp (-128, 0.0 *) comm (-128) storage (-128)
  1232	1476770648.588 mp27 : disp (-128, 0.0 *) comm (-128) storage (-128)
  1233	1476770648.588 mp28 : disp (-128, 0.0 *) comm (-128) storage (-128)
  1234	1476770648.588 mp29 : disp (-128, 0.0 *) comm (-128) storage (-128)
  1235	1476770648.588 mp30 : disp (-128, 0.0 *) comm (-128) storage (-128)
  1236	1476770648.588 mp31 : disp (-128, 0.0 *) comm (-128) storage (-128)
  1237	1476770648.588 mp32 : disp (-128, 0.0 *) comm (-128) storage (-128)
  1238	1476770648.588 mp33 : disp (-128, 0.0 *) comm (-128) storage (-128)
  1239	1476770648.588 mp34 : disp (-128, 0.0 *) comm (-128) storage (-128)
  1240	1476770648.588 mp35 : disp (-128, 0.0 *) comm (-128) storage (-128)
  1241	1476770648.588 mp36 : disp (-128, 0.0 *) comm (-128) storage (-128)
  1242	1476770648.588 mp37 : disp (-128, 0.0 *) comm (-128) storage (-128)
  1243	1476770648.589 mp38 : disp (-128, 0.0 *) comm (-128) storage (-128)
  1244	1476770648.589 mp39 : disp (-128, 0.0 *) comm (-128) storage (-128)
  1245	1476770648.589 mp40 : disp (-128, 0.0 *) comm (-128) storage (-128)
  1246	1476770648.589 mp41 : disp (0, 3.1) comm (-1) storage (-1)
  1247	1476770648.589 mp42 : disp (0, 3.1) comm (-1) storage (-1)
  1248	1476770648.589 mp43 : disp (0, 3.1) comm (-1) storage (-1)
  1249	1476770648.589 mp44 : disp (0, 1.3) comm (-3) storage (-3)
  1250	1476770648.589 mp45 : disp (0, 1.3) comm (-3) storage (-3)
  1251	1476770648.589 mp46 : disp (0, 1.3) comm (-3) storage (-3)
  1252	1476770648.589 mp47 : disp (3, 1.3) comm (0) storage (0)
  1253	1476770648.589 mp48 : disp (-128, 0.0 *) comm (-128) storage (-128)
  1254	1476770648.589 mp49 : disp (-128, 0.0 *) comm (-128) storage (-128)
  1255	1476770648.589 mp50 : disp (-128, 0.0 *) comm (-128) storage (-128)
  1256	1476770648.590 mp51 : disp (3, 1.3) comm (0) storage (0)
  1257	1476770648.590 mp52 : disp (-128, 0.0 *) comm (-128) storage (-128)
  1258	1476770648.590 mp53 : disp (-128, 0.0 *) comm (-128) storage (-128)
  1259	1476770648.590 mp54 : disp (-128, 0.0 *) comm (-128) storage (-128)
  1260	1476770648.590 mp55 : disp (0, 1.2) comm (-2) storage (-2)
  1261	1476770648.590 mp56 : disp (-128, 0.0 *) comm (-128) storage (-128)
  1262	1476770648.590 mp57 : disp (-128, 0.0 *) comm (-128) storage (-128)
  1263	1476770648.593 mp58 : disp (-128, 0.0 *) comm (-128) storage (-128)
  1264	1476770648.595 mp59 : disp (0, 2.2) comm (-2) storage (-2)
  1265	1476770648.596 mp60 : disp (3, 1.4) comm (-1) storage (-1)
  1266	1476770648.597 mp61 : disp (3, 1.4) comm (-1) storage (-1)
  1267	1476770648.598 mp62 : disp (3, 1.4) comm (-1) storage (-1)
  1268	1476770648.600 mp63 : disp (3, 1.4) comm (-1) storage (-1)
  1269	1476770648.601 mp64 : disp (3, 1.4) comm (-1) storage (-1)
  1270	1476770648.602 mp65 : disp (3, 1.4) comm (-1) storage (-1)
  1271	1476770648.604 mp66 : disp (-128, 0.0 *) comm (-128) storage (124)
  1272	1476770648.605 mp67 : disp (-128, 0.0 *) comm (-128) storage (124)
  1273	1476770648.606 mp68 : disp (-128, 0.0 *) comm (-128) storage (124)
  1274	1476770648.607 mp69 : disp (-128, 0.0 *) comm (-128) storage (124)
  1275	1476770648.608 mp70 : disp (-128, 0.0 *) comm (-128) storage (124)
  1276	1476770648.610 mp71 : disp (-128, 0.0 *) comm (-128) storage (124)
  1277	1476770648.611 mp72 : disp (-128, 0.0 *) comm (-128) storage (124)
  1278	1476770648.612 mp73 : disp (-128, 0.0 *) comm (-128) storage (124)
  1279	1476770648.614 mp74 : disp (-128, 0.0 *) comm (-128) storage (124)
  1280	1476770648.614 mp75 : disp (-128, 0.0 *) comm (-128) storage (124)
  1281	1476770648.616 mp76 : disp (-128, 0.0 *) comm (-128) storage (124)
  1282	1476770648.616 mp77 : disp (-128, 0.0 *) comm (-128) storage (124)
  1283	1476770648.616 mp78 : disp (-128, 0.0 *) comm (-128) storage (124)
  1284	1476770648.616 mp79 : disp (-128, 0.0 *) comm (-128) storage (124)
  1285	1476770648.634 read server clock
  1286	1476770648.636 reading 1 vars, ttl=1
  1287	1476770648.636 sending frame: I N(R)=4 N(S)=4 Info=8
  1288	1476770648.637 > 7EA01400 0272FB61 98BB90E6 E6000501  ~....r.a........ 
  1289	1476770648.637 > 022BC8F7 1E7E                        .+...~           
  1290	1476770648.785 < 7EA02061 000272FB B80DB3E6 E7000C01  ~. a..r......... 
  1291	1476770648.786 < 00090C07 E00A1202 0E0407FF 80000055  ...............U 
  1292	1476770648.786 < 6B7E                                 k~               
  1293	1476770648.786 recved frame: I * N(R)=5 N(S)=4 Info=20
  1294	1476770648.791 keepalive stopped
  1295	1476770648.791 server time is 2016-10-18 14:04:06.92
  1296	1476770648.801 time drift (-2s) out of sync window, sync is aborted
  1297	1476770648.868 profile 1.0.99.1.0.255 period=900, objs_num=12, sort_method=1 entries_in_use=0, entries=0
  1298	1476770648.870 start read load profile for 8 mp's from 2016-10-18 14:00:00 to 2016-10-18 14:00:00
  1299	1476770648.871 profile read max step=8:00.00
  1300	1476770648.873 read profile buf [2016-10-18 14:00:00, 2016-10-18 14:00:01]
  1301	1476770648.875 sending frame: I N(R)=5 N(S)=5 Info=59
  1302	1476770648.876 > 7EA04700 0272FB61 BA0A48E6 E6000501  ~.G..r.a..H..... 
  1303	1476770648.877 > 04627801 02040204 12000809 06000001  .bx............. 
  1304	1476770648.877 > 0000FF0F 02120000 090C07E0 0A12FF0E  ................ 
  1305	1476770648.877 > 00000080 0000090C 07E00A12 FF0E0001  ................ 
  1306	1476770648.877 > 00800000 0100C694 7E                 ........~        
  1307	1476770649.245 < 7EA06B61 000272FB DA9D42E6 E7000C01  ~.ka..r...B..... 
  1308	1476770649.246 < 00010102 0C090C07 E00A1202 0E0000FF  ................ 
  1309	1476770649.246 < 80000006 00810004 14000000 000014B9  ................ 
  1310	1476770649.246 < E6140000 00000000 19B71400 00000000  ................ 
  1311	1476770649.246 < 01293B14 00000000 00003DAE 05000002  .);.......=..... 
  1312	1476770649.247 < 68050000 00000500 00000005 00000000  h............... 
  1313	1476770649.247 < 05000000 00050000 00009742 7E        ...........B~    
  1314	1476770649.247 recved frame: I * N(R)=6 N(S)=5 Info=95
  1315	1476770649.248 profile row 0: 2016-10-18 14:00:00
  1316	1476770649.326 saved 79 mp's at 2016-10-18 14:00:00 (err=0)
  1317	1476770649.361 keepalive stopped
  1318	1476770649.384 saved 1 mp's at 2016-10-18 14:04:00 (err=0)
  1319	1476770649.389 saved 1 mp's at 2016-10-18 14:04:00 (err=0)
  1320	1476770649.394 saved 1 mp's at 2016-10-18 14:04:00 (err=0)
  1321	1476770649.399 saved 1 mp's at 2016-10-18 14:04:00 (err=0)
  1322	1476770649.403 saved 1 mp's at 2016-10-18 14:04:00 (err=0)
  1323	1476770649.409 saved 1 mp's at 2016-10-18 14:04:00 (err=0)
  1324	1476770649.414 saved 1 mp's at 2016-10-18 14:04:00 (err=0)
  1325	1476770649.419 saved 1 mp's at 2016-10-18 14:04:00 (err=0)
  1326	1476770649.421 22 mp's need to read from running registers
  1327	1476770649.425 read registers
  1328	1476770649.429 reading 28 vars, ttl=28
  1329	1476770649.429 sending frame: I N(R)=6 N(S)=6 Info=62 S
  1330	1476770649.430 > 7EA84A00 0272FB61 DCC94DE6 E600051C  ~.J..r.a..M..... 
  1331	1476770649.431 > 021A2002 1B80021A D0021C30 02016002  .. ........0..`. 
  1332	1476770649.434 > 02100202 C0020370 02042002 04D00205  .......p.. ..... 
  1333	1476770649.436 > 80020630 0261D002 63600257 180254B8  ...0.a..c`.W..T. 
  1334	1476770649.436 > 02AD3802 AD5002AE 4845527E           ..8..P..HER~     
  1335	1476770649.600 < 7EA00A61 000272FB F11CE67E           ~..a..r....~     
  1336	1476770649.601 recved frame: RR * N(R)=7
  1337	1476770649.601 sending frame: I N(R)=6 N(S)=7 Info=27
  1338	1476770649.601 > 7EA02700 0272FB61 DEADC902 AE6002AE  ~.'..r.a.....`.. 
  1339	1476770649.602 > D002AEE8 02AF5802 AF7002AF E002AFF8  ......X..p...... 
  1340	1476770649.602 > 02ADC002 ADD8CDCA 7E                 ........~        
  1341	1476770650.320 < 7EA8CB61 000272FB 1C8529E6 E7000C1C  ~..a..r...)..... 
  1342	1476770650.321 < 00140000 00000000 5C4D0014 00000000  ........\M...... 
  1343	1476770650.321 < 00003C2D 00140000 00000000 01800014  ..<-............ 
  1344	1476770650.321 < 00000000 0000CCEE 00140000 00000000  ................ 
  1345	1476770650.321 < 00000014 00000000 00071F72 00140000  ...........r.... 
  1346	1476770650.322 < 00000008 03F80014 00000000 0005967B  ...............{ 
  1347	1476770650.322 < 00140000 00000000 00000014 00000000  ................ 
  1348	1476770650.322 < 0000088E 00140000 00000000 08C00014  ................ 
  1349	1476770650.322 < 00000000 00000869 00050000 00000005  .......i........ 
  1350	1476770650.322 < 00000000 00050000 00C80005 0000138A  ................ 
  1351	1476770650.323 < 00050000 00000009 0C07D001 01060000  ................ 
  1352	1476770650.323 < 00FF8000 00000500 00000000 090C07D0  ................ 
  1353	1476770650.323 < 01010600 0000FF80 0000307E 7E        ..........0~~    
  1354	1476770650.323 recved frame: I * N(R)=0 N(S)=6 Info=191 S
  1355	1476770650.323 sending frame: RR N(R)=7
  1356	1476770650.324 > 7EA00A00 0272FB61 F1945D7E           ~....r.a..]~     
  1357	1476770650.500 < 7EA06061 000272FB 1E37B400 05000000  ~.`a..r..7...... 
  1358	1476770650.501 < 0000090C 07D00101 06000000 FF800000  ................ 
  1359	1476770650.501 < 00050000 00000009 0C07D001 01060000  ................ 
  1360	1476770650.501 < 00FF8000 00000500 00000000 090C07D0  ................ 
  1361	1476770650.501 < 01010600 0000FF80 00000005 00000016  ................ 
  1362	1476770650.502 < 00090C07 E00A0F06 060000FF 8000007F  ................ 
  1363	1476770650.502 < 657E                                 e~               
  1364	1476770650.502 recved frame: I * N(R)=0 N(S)=7 Info=84
  1365	1476770650.505 keepalive stopped
  1366	1476770650.604 saved 22 mp's using register values
  1367	1476770650.636 keepalive stopped
  1368	1476770650.636 [ERR] profile 0.0.98.133.63.255 not found in server
  1369	1476770650.637 [ERR] profile 0.0.98.133.64.255 not found in server
  1370	1476770650.637 49 mp's use dummy acquisition
  1371	1476770650.826 saved 49 dummy mp's
  1372	1476770650.851 keepalive stopped
  1373	1476770650.919 profile 1.0.99.98.0.255 period=0, objs_num=4, sort_method=1 entries_in_use=0, entries=0
  1374	1476770650.920 start read event log
  1375	1476770650.921 profile read max step=0:56.00
  1376	1476770650.922 read profile buf [2016-10-18 13:10:15, 2016-10-18 14:04:00]
  1377	1476770650.922 sending frame: I N(R)=0 N(S)=0 Info=59
  1378	1476770650.923 > 7EA04700 0272FB61 105A42E6 E6000501  ~.G..r.a.ZB..... 
  1379	1476770650.923 > 0460E801 02040204 12000809 06000001  .`.............. 
  1380	1476770650.923 > 0000FF0F 02120000 090C07E0 0A12FF0D  ................ 
  1381	1476770650.924 > 0A0F0080 0000090C 07E00A12 FF0E0400  ................ 
  1382	1476770650.924 > 00800000 0100BAC4 7E                 ........~        
  1383	1476770651.090 < 7EA01461 000272FB 307102E6 E7000C01  ~..a..r.0q...... 
  1384	1476770651.091 < 000100F9 F17E                        .....~           
  1385	1476770651.091 recved frame: I * N(R)=1 N(S)=0 Info=8
  1386	1476770651.094 keepalive stopped
  1387	1476770651.095 sending frame: DISC
  1388	1476770651.102 > 7EA00A00 0272FB61 538CDB7E           ~....r.aS..~     
  1389	1476770651.205 < 7EA02161 000272FB 73075481 80120501  ~.!a..r.s.T..... 
  1390	1476770651.206 < F806013E 07040000 00010804 00000001  ...>............ 
  1391	1476770651.206 < 480E7E                               H.~              
  1392	1476770651.206 recved frame: UA * Info=21
  1393	1476770651.206 hdlc disconnected
  1394	1476770652.211 closed /dev/tts7 tx=497/12 rx=738/12, recv_delay=1.705s, send_delay=0.000s
  1395	1476770682.459 com=8 meter=2 baud=13 acqtime=2016-10-18 14:04:00
  1396	1476770683.038 opened (3)/dev/tts7 8N1 9600 tx_ipg=24984, rx_ipg=24984 (DTR|RTS|CTS|CAR|RNG)
  1397	1476770683.059 sending frame: SNRM Info=23
  1398	1476770683.062 > 7EA02300 0272FB61 933A3F81 80140502  ~.#..r.a.:?..... 
  1399	1476770683.063 > 07F00602 07F00704 00000001 08040000  ................ 
  1400	1476770683.064 > 00015856 7E                          ..XV~            
  1401	1476770683.190 < 7EA02161 000272FB 73075481 80120501  ~.!a..r.s.T..... 
  1402	1476770683.191 < F806013E 07040000 00010804 00000001  ...>............ 
  1403	1476770683.191 < 480E7E                               H.~              
  1404	1476770683.191 recved frame: UA * Info=21
  1405	1476770683.191 negotiated mtu tx/rx = 79/2049
  1406	1476770683.191 hdlc connected
  1407	1476770683.194 sending frame: I N(R)=0 N(S)=0 Info=54
  1408	1476770683.194 > 7EA04200 0272FB61 10F9B2E6 E6006031  ~.B..r.a......`1 
  1409	1476770683.194 > 80020780 A1090607 60857405 0801028A  ........`.t..... 
  1410	1476770683.195 > 0207808B 07608574 05080202 AC028000  .....`.t........ 
  1411	1476770683.195 > BE0F040D 01000000 065F0400 FFFFFF00  ........._...... 
  1412	1476770683.195 > 00BC7F7E                             ...~             
  1413	1476770683.435 < 7EA05261 000272FB 30BA9DE6 E7006141  ~.Ra..r.0.....aA 
  1414	1476770683.436 < A1090607 60857405 080102A2 03020100  ....`.t......... 
  1415	1476770683.436 < A305A103 02010E88 02078089 07608574  .............`.t 
  1416	1476770683.436 < 05080202 AA0A8008 37423034 30303030  ........7B040000 
  1417	1476770683.436 < BE0F040D 0800065F 04001802 200960FA  ......._.... .`. 
  1418	1476770683.436 < 0056D87E                             .V.~             
  1419	1476770683.436 recved frame: I * N(R)=1 N(S)=0 Info=70
  1420	1476770683.438 AARE: app=(2,16,756,5,8,1,2) asso_result=0 (14) initiate err=0 +auth secu_machanism=(2,16,756,5,8,2,2)
  1421	1476770683.439 xdlms param: qos=0 ver=6 max_send_pdu=2400, vaa=fa00
  1422	1476770683.439 sending frame: I N(R)=1 N(S)=1 Info=19
  1423	1476770683.440 > 7EA01F00 0272FB61 3269ECE6 E6000601  ~....r.a2i...... 
  1424	1476770683.440 > 02FA5801 09083844 33383536 37304B11  ..X...8D385670K. 
  1425	1476770683.440 > 7E                                   ~                
  1426	1476770683.561 < 7EA01261 000272FB 52A81AE6 E7000D01  ~..a..r.R....... 
  1427	1476770683.561 < 0007E47E                             ...~             
  1428	1476770683.561 recved frame: I * N(R)=2 N(S)=1 Info=6
  1429	1476770683.561 hls auth ok
  1430	1476770683.561 read LDN
  1431	1476770683.562 reading 1 vars, ttl=1
  1432	1476770683.562 sending frame: I N(R)=2 N(S)=2 Info=8
  1433	1476770683.562 > 7EA01400 0272FB61 54DB9CE6 E6000501  ~....r.aT....... 
  1434	1476770683.563 > 02FD0810 D37E                        .....~           
  1435	1476770683.685 < 7EA02461 000272FB 741BD0E6 E7000C01  ~.$a..r.t....... 
  1436	1476770683.686 < 0009104C 475A3530 35303634 32310000  ...LGZ50506421.. 
  1437	1476770683.686 < 00000040 8E7E                        ...@.~           
  1438	1476770683.686 recved frame: I * N(R)=3 N(S)=2 Info=24
  1439	1476770683.692 keepalive stopped
  1440	1476770683.731 solve obj names:
  1441	1476770683.761 read server info
  1442	1476770683.763 reading 3 vars, ttl=3
  1443	1476770683.764 sending frame: I N(R)=3 N(S)=3 Info=14
  1444	1476770683.766 > 7EA01A00 0272FB61 76EA18E6 E6000503  ~....r.av....... 
  1445	1476770683.767 > 02FF0802 4BD80299 58ED327E           ....K...X.2~     
  1446	1476770683.940 < 7EA02C61 000272FB 96EBCAE6 E7000C03  ~.,a..r......... 
  1447	1476770683.941 < 000A0348 30330006 0000000F 00090C07  ...H03.......... 
  1448	1476770683.941 < E00A0106 000000FF 8000FF19 827E      .............~   
  1449	1476770683.941 recved frame: I * N(R)=4 N(S)=3 Info=32
  1450	1476770683.942 detected a suspicous clock value, status=0xff
  1451	1476770684.051 keepalive stopped
  1452	1476770684.051 ldn: LGZ50506421 ver: H03 vz1: 15 last billing reset: 2016-10-01 00:00:00
  1453	1476770684.098 server objects info:
  1454	1476770684.099 mp1  : ln=1.1.1.8.0.255 class=3-0-23-20010
  1455	1476770684.101 mp3  : ln=1.1.2.8.0.255 class=3-0-23-20010
  1456	1476770684.101 mp5  : ln=1.1.5.8.0.255 class=3-0-23-20010
  1457	1476770684.101 mp6  : ln=1.1.6.8.0.255 class=3-0-23-20010
  1458	1476770684.103 mp7  : ln=1.1.7.8.0.255 class=3-0-23-20010
  1459	1476770684.103 mp8  : ln=1.1.8.8.0.255 class=3-0-23-20010
  1460	1476770684.103 mp9  : ln=1.1.1.8.1.255 class=3-0-23-20010
  1461	1476770684.103 mp10 : ln=1.1.1.8.2.255 class=3-0-23-20010
  1462	1476770684.103 mp11 : ln=1.1.1.8.3.255 class=3-0-23-20010
  1463	1476770684.103 mp12 : ln=1.1.1.8.4.255 class=3-0-23-20010
  1464	1476770684.104 mp17 : ln=1.1.2.8.1.255 class=3-0-23-20010
  1465	1476770684.104 mp18 : ln=1.1.2.8.2.255 class=3-0-23-20010
  1466	1476770684.104 mp19 : ln=1.1.2.8.3.255 class=3-0-23-20010
  1467	1476770684.104 mp20 : ln=1.1.2.8.4.255 class=3-0-23-20010
  1468	1476770684.104 mp41 : ln=1.1.32.7.0.255 class=3-0-21-20009
  1469	1476770684.104 mp42 : ln=1.1.52.7.0.255 class=3-0-21-20009
  1470	1476770684.104 mp43 : ln=1.1.72.7.0.255 class=3-0-21-20009
  1471	1476770684.104 mp44 : ln=1.1.31.7.0.255 class=3-0-21-20009
  1472	1476770684.104 mp45 : ln=1.1.51.7.0.255 class=3-0-21-20009
  1473	1476770684.104 mp46 : ln=1.1.71.7.0.255 class=3-0-21-20009
  1474	1476770684.104 mp47 : ln=1.1.16.7.0.255 class=3-0-21-20009
  1475	1476770684.104 mp51 : ln=1.1.131.7.0.255 class=3-0-21-20009
  1476	1476770684.104 mp55 : ln=1.1.13.7.0.255 class=3-0-21-20009
  1477	1476770684.105 mp59 : ln=1.1.14.7.0.255 class=3-0-21-20009
  1478	1476770684.105 mp60 : ln=1.1.1.6.0.255 class=4-0-0-20051
  1479	1476770684.105 mp61 : ln=1.1.1.6.1.255 class=4-0-0-20051
  1480	1476770684.105 mp62 : ln=1.1.1.6.2.255 class=4-0-0-20051
  1481	1476770684.105 mp63 : ln=1.1.1.6.3.255 class=4-0-0-20051
  1482	1476770684.105 mp64 : ln=1.1.1.6.4.255 class=4-0-0-20051
  1483	1476770684.105 mp65 : ln=1.1.2.6.0.255 class=4-0-0-20051
  1484	1476770684.108 rubish register: ln=0.0.240.10.0.255 class=10620-3
  1485	1476770684.119 value presentation of mp's:
  1486	1476770684.120 mp1  : disp (3, 5.3) comm (0) storage (0)
  1487	1476770684.123 mp2  : disp (-128, 0.0 *) comm (-128) storage (-128)
  1488	1476770684.124 mp3  : disp (3, 5.3) comm (0) storage (0)
  1489	1476770684.125 mp4  : disp (-128, 0.0 *) comm (-128) storage (-128)
  1490	1476770684.128 mp5  : disp (3, 5.3) comm (0) storage (0)
  1491	1476770684.129 mp6  : disp (3, 5.3) comm (0) storage (0)
  1492	1476770684.132 mp7  : disp (3, 5.3) comm (0) storage (0)
  1493	1476770684.132 mp8  : disp (3, 5.3) comm (0) storage (0)
  1494	1476770684.132 mp9  : disp (3, 5.3) comm (0) storage (0)
  1495	1476770684.132 mp10 : disp (3, 5.3) comm (0) storage (0)
  1496	1476770684.133 mp11 : disp (3, 5.3) comm (0) storage (0)
  1497	1476770684.133 mp12 : disp (3, 5.3) comm (0) storage (0)
  1498	1476770684.133 mp13 : disp (-128, 0.0 *) comm (-128) storage (-128)
  1499	1476770684.133 mp14 : disp (-128, 0.0 *) comm (-128) storage (-128)
  1500	1476770684.133 mp15 : disp (-128, 0.0 *) comm (-128) storage (-128)
  1501	1476770684.133 mp16 : disp (-128, 0.0 *) comm (-128) storage (-128)
  1502	1476770684.133 mp17 : disp (3, 5.3) comm (0) storage (0)
  1503	1476770684.133 mp18 : disp (3, 5.3) comm (0) storage (0)
  1504	1476770684.133 mp19 : disp (3, 5.3) comm (0) storage (0)
  1505	1476770684.133 mp20 : disp (3, 5.3) comm (0) storage (0)
  1506	1476770684.133 mp21 : disp (-128, 0.0 *) comm (-128) storage (-128)
  1507	1476770684.133 mp22 : disp (-128, 0.0 *) comm (-128) storage (-128)
  1508	1476770684.133 mp23 : disp (-128, 0.0 *) comm (-128) storage (-128)
  1509	1476770684.133 mp24 : disp (-128, 0.0 *) comm (-128) storage (-128)
  1510	1476770684.134 mp25 : disp (-128, 0.0 *) comm (-128) storage (-128)
  1511	1476770684.134 mp26 : disp (-128, 0.0 *) comm (-128) storage (-128)
  1512	1476770684.134 mp27 : disp (-128, 0.0 *) comm (-128) storage (-128)
  1513	1476770684.134 mp28 : disp (-128, 0.0 *) comm (-128) storage (-128)
  1514	1476770684.134 mp29 : disp (-128, 0.0 *) comm (-128) storage (-128)
  1515	1476770684.134 mp30 : disp (-128, 0.0 *) comm (-128) storage (-128)
  1516	1476770684.134 mp31 : disp (-128, 0.0 *) comm (-128) storage (-128)
  1517	1476770684.134 mp32 : disp (-128, 0.0 *) comm (-128) storage (-128)
  1518	1476770684.134 mp33 : disp (-128, 0.0 *) comm (-128) storage (-128)
  1519	1476770684.134 mp34 : disp (-128, 0.0 *) comm (-128) storage (-128)
  1520	1476770684.134 mp35 : disp (-128, 0.0 *) comm (-128) storage (-128)
  1521	1476770684.134 mp36 : disp (-128, 0.0 *) comm (-128) storage (-128)
  1522	1476770684.134 mp37 : disp (-128, 0.0 *) comm (-128) storage (-128)
  1523	1476770684.134 mp38 : disp (-128, 0.0 *) comm (-128) storage (-128)
  1524	1476770684.135 mp39 : disp (-128, 0.0 *) comm (-128) storage (-128)
  1525	1476770684.136 mp40 : disp (-128, 0.0 *) comm (-128) storage (-128)
  1526	1476770684.136 mp41 : disp (0, 3.1) comm (-1) storage (-1)
  1527	1476770684.136 mp42 : disp (0, 3.1) comm (-1) storage (-1)
  1528	1476770684.136 mp43 : disp (0, 3.1) comm (-1) storage (-1)
  1529	1476770684.136 mp44 : disp (0, 1.3) comm (-3) storage (-3)
  1530	1476770684.136 mp45 : disp (0, 1.3) comm (-3) storage (-3)
  1531	1476770684.136 mp46 : disp (0, 1.3) comm (-3) storage (-3)
  1532	1476770684.137 mp47 : disp (3, 1.3) comm (0) storage (0)
  1533	1476770684.137 mp48 : disp (-128, 0.0 *) comm (-128) storage (-128)
  1534	1476770684.137 mp49 : disp (-128, 0.0 *) comm (-128) storage (-128)
  1535	1476770684.137 mp50 : disp (-128, 0.0 *) comm (-128) storage (-128)
  1536	1476770684.137 mp51 : disp (3, 1.3) comm (0) storage (0)
  1537	1476770684.137 mp52 : disp (-128, 0.0 *) comm (-128) storage (-128)
  1538	1476770684.137 mp53 : disp (-128, 0.0 *) comm (-128) storage (-128)
  1539	1476770684.137 mp54 : disp (-128, 0.0 *) comm (-128) storage (-128)
  1540	1476770684.137 mp55 : disp (0, 1.2) comm (-2) storage (-2)
  1541	1476770684.137 mp56 : disp (-128, 0.0 *) comm (-128) storage (-128)
  1542	1476770684.137 mp57 : disp (-128, 0.0 *) comm (-128) storage (-128)
  1543	1476770684.137 mp58 : disp (-128, 0.0 *) comm (-128) storage (-128)
  1544	1476770684.137 mp59 : disp (0, 2.2) comm (-2) storage (-2)
  1545	1476770684.137 mp60 : disp (3, 1.4) comm (-1) storage (-1)
  1546	1476770684.137 mp61 : disp (3, 1.4) comm (-1) storage (-1)
  1547	1476770684.138 mp62 : disp (3, 1.4) comm (-1) storage (-1)
  1548	1476770684.138 mp63 : disp (3, 1.4) comm (-1) storage (-1)
  1549	1476770684.138 mp64 : disp (3, 1.4) comm (-1) storage (-1)
  1550	1476770684.138 mp65 : disp (3, 1.4) comm (-1) storage (-1)
  1551	1476770684.138 mp66 : disp (-128, 0.0 *) comm (-128) storage (124)
  1552	1476770684.138 mp67 : disp (-128, 0.0 *) comm (-128) storage (124)
  1553	1476770684.138 mp68 : disp (-128, 0.0 *) comm (-128) storage (124)
  1554	1476770684.138 mp69 : disp (-128, 0.0 *) comm (-128) storage (124)
  1555	1476770684.138 mp70 : disp (-128, 0.0 *) comm (-128) storage (124)
  1556	1476770684.138 mp71 : disp (-128, 0.0 *) comm (-128) storage (124)
  1557	1476770684.138 mp72 : disp (-128, 0.0 *) comm (-128) storage (124)
  1558	1476770684.138 mp73 : disp (-128, 0.0 *) comm (-128) storage (124)
  1559	1476770684.138 mp74 : disp (-128, 0.0 *) comm (-128) storage (124)
  1560	1476770684.138 mp75 : disp (-128, 0.0 *) comm (-128) storage (124)
  1561	1476770684.139 mp76 : disp (-128, 0.0 *) comm (-128) storage (124)
  1562	1476770684.139 mp77 : disp (-128, 0.0 *) comm (-128) storage (124)
  1563	1476770684.139 mp78 : disp (-128, 0.0 *) comm (-128) storage (124)
  1564	1476770684.139 mp79 : disp (-128, 0.0 *) comm (-128) storage (124)
  1565	1476770684.169 read server clock
  1566	1476770684.170 reading 1 vars, ttl=1
  1567	1476770684.172 sending frame: I N(R)=4 N(S)=4 Info=8
  1568	1476770684.173 > 7EA01400 0272FB61 98BB90E6 E6000501  ~....r.a........ 
  1569	1476770684.174 > 022BC8F7 1E7E                        .+...~           
  1570	1476770684.295 < 7EA02061 000272FB B80DB3E6 E7000C01  ~. a..r......... 
  1571	1476770684.296 < 00090C07 E00A1202 0E042BFF 800000F4  ..........+..... 
  1572	1476770684.296 < 7C7E                                 |~               
  1573	1476770684.296 recved frame: I * N(R)=5 N(S)=4 Info=20
  1574	1476770684.299 keepalive stopped
  1575	1476770684.300 server time is 2016-10-18 14:04:42.93
  1576	1476770684.306 time drift (-2s) out of sync window, sync is aborted
  1577	1476770684.362 profile 1.0.99.1.0.255 period=900, objs_num=12, sort_method=1 entries_in_use=0, entries=0
  1578	1476770684.364 start read load profile for 8 mp's from 2016-10-18 14:00:00 to 2016-10-18 14:00:00
  1579	1476770684.366 profile read max step=8:00.00
  1580	1476770684.366 read profile buf [2016-10-18 14:00:00, 2016-10-18 14:00:01]
  1581	1476770684.367 sending frame: I N(R)=5 N(S)=5 Info=59
  1582	1476770684.368 > 7EA04700 0272FB61 BA0A48E6 E6000501  ~.G..r.a..H..... 
  1583	1476770684.368 > 04627801 02040204 12000809 06000001  .bx............. 
  1584	1476770684.368 > 0000FF0F 02120000 090C07E0 0A12FF0E  ................ 
  1585	1476770684.368 > 00000080 0000090C 07E00A12 FF0E0001  ................ 
  1586	1476770684.368 > 00800000 0100C694 7E                 ........~        
  1587	1476770684.835 < 7EA07C61 000272FB DA4C30E6 E7000C01  ~.|a..r..L0..... 
  1588	1476770684.836 < 00E6E700 0C010009 0C07E00A 12020E04  ................ 
  1589	1476770684.836 < 2B000101 020C090C 07E00A12 020E0000  +............... 
  1590	1476770684.836 < FF800000 06008100 04140000 00000014  ................ 
  1591	1476770684.836 < B9E61400 00000000 0019B714 00000000  ................ 
  1592	1476770684.836 < 0001293B 14000000 0000003D AE050000  ..);.......=.... 
  1593	1476770684.837 < 02680500 00000005 00000000 05000000  .h.............. 
  1594	1476770684.837 < 00050000 00000500 000000FB 137E      .............~   
  1595	1476770684.837 recved frame: I * N(R)=6 N(S)=5 Info=112
  1596	1476770684.837 [ERR] unrecognized tag of data: 230
  1597	1476770684.838 22 mp's need to read from running registers
  1598	1476770684.847 read registers
  1599	1476770684.850 reading 28 vars, ttl=28
  1600	1476770684.851 sending frame: I N(R)=6 N(S)=6 Info=62 S
  1601	1476770684.853 > 7EA84A00 0272FB61 DCC94DE6 E600051C  ~.J..r.a..M..... 
  1602	1476770684.854 > 021A2002 1B80021A D0021C30 02016002  .. ........0..`. 
  1603	1476770684.859 > 02100202 C0020370 02042002 04D00205  .......p.. ..... 
  1604	1476770684.862 > 80020630 0261D002 63600257 180254B8  ...0.a..c`.W..T. 
  1605	1476770684.863 > 02AD3802 AD5002AE 4845527E           ..8..P..HER~     
  1606	1476770692.875 [WARNING] seri_phy recv timeout
  1607	1476770692.875 [WARNING] tx_outstanding timeout: vr=6, vs=7
  1608	1476770692.876 sending frame: RR N(R)=6
  1609	1476770692.876 > 7EA00A00 0272FB61 D1967C7E           ~....r.a..|~     
  1610	1476770700.885 [WARNING] seri_phy recv timeout
  1611	1476770700.885 [WARNING] tx_outstanding timeout: vr=6, vs=7
  1612	1476770700.886 sending frame: RR N(R)=6
  1613	1476770700.886 > 7EA00A00 0272FB61 D1967C7E           ~....r.a..|~     
  1614	1476770708.895 [WARNING] seri_phy recv timeout
  1615	1476770708.895 [WARNING] hdlc_fsm reached max_nb_of_retries: 3
  1616	1476770708.896 sending frame: DISC
  1617	1476770708.896 > 7EA00A00 0272FB61 538CDB7E           ~....r.aS..~     
  1618	1476770716.905 [WARNING] seri_phy recv timeout
  1619	1476770716.906 sending frame: DISC
  1620	1476770716.906 > 7EA00A00 0272FB61 538CDB7E           ~....r.aS..~     
  1621	1476770724.915 [WARNING] seri_phy recv timeout
  1622	1476770724.915 sending frame: DISC
  1623	1476770724.916 > 7EA00A00 0272FB61 538CDB7E           ~....r.aS..~     
  1624	1476770732.925 [WARNING] seri_phy recv timeout
  1625	1476770732.925 [WARNING] hdlc_fsm reached max_nb_of_retries: 3
  1626	1476770733.015 saved 22 mp's using register values
  1627	1476770733.041 keepalive stopped
  1628	1476770733.041 [ERR] profile 0.0.98.133.63.255 not found in server
  1629	1476770733.041 [ERR] profile 0.0.98.133.64.255 not found in server
  1630	1476770733.042 49 mp's use dummy acquisition
  1631	1476770733.216 saved 49 dummy mp's
  1632	1476770733.263 keepalive stopped
  1633	1476770733.289 already run so long, event requiring canceled for this time
  1634	1476770733.290 sending frame: DISC
  1635	1476770733.298 > 7EA00A00 0272FB61 538CDB7E           ~....r.aS..~     
  1636	1476770741.305 [WARNING] seri_phy recv timeout
  1637	1476770741.305 sending frame: DISC
  1638	1476770741.306 > 7EA00A00 0272FB61 538CDB7E           ~....r.aS..~     
  1639	1476770749.315 [WARNING] seri_phy recv timeout
  1640	1476770749.316 sending frame: DISC
  1641	1476770749.316 > 7EA00A00 0272FB61 538CDB7E           ~....r.aS..~     
  1642	1476770757.325 [WARNING] seri_phy recv timeout
  1643	1476770757.325 [WARNING] hdlc_fsm reached max_nb_of_retries: 3
  1644	1476770758.330 closed /dev/tts7 tx=455/16 rx=383/7, recv_delay=72.945s, send_delay=0.000s
  1645	1476770788.953 com=8 meter=2 baud=13 acqtime=2016-10-18 14:06:00
  1646	1476770789.483 opened (3)/dev/tts7 8N1 9600 tx_ipg=24984, rx_ipg=24984 (DTR|RTS|CTS|CAR|RNG)
  1647	1476770789.513 sending frame: SNRM Info=23
  1648	1476770789.517 > 7EA02300 0272FB61 933A3F81 80140502  ~.#..r.a.:?..... 
  1649	1476770789.518 > 07F00602 07F00704 00000001 08040000  ................ 
  1650	1476770789.519 > 00015856 7E                          ..XV~            
  1651	1476770797.530 [WARNING] seri_phy recv timeout
  1652	1476770797.531 sending frame: SNRM Info=23
  1653	1476770797.531 > 7EA02300 0272FB61 933A3F81 80140502  ~.#..r.a.:?..... 
  1654	1476770797.531 > 07F00602 07F00704 00000001 08040000  ................ 
  1655	1476770797.532 > 00015856 7E                          ..XV~            
  1656	1476770805.540 [WARNING] seri_phy recv timeout
  1657	1476770805.541 sending frame: SNRM Info=23
  1658	1476770805.541 > 7EA02300 0272FB61 933A3F81 80140502  ~.#..r.a.:?..... 
  1659	1476770805.541 > 07F00602 07F00704 00000001 08040000  ................ 
  1660	1476770805.542 > 00015856 7E                          ..XV~            
  1661	1476770813.549 [WARNING] seri_phy recv timeout
  1662	1476770813.550 [WARNING] hdlc_fsm reached max_nb_of_retries: 3
  1663	1476770813.550 sending frame: DISC
  1664	1476770813.550 > 7EA00A00 0272FB61 538CDB7E           ~....r.aS..~     
  1665	1476770821.560 [WARNING] seri_phy recv timeout
  1666	1476770821.561 sending frame: DISC
  1667	1476770821.561 > 7EA00A00 0272FB61 538CDB7E           ~....r.aS..~     
  1668	1476770829.573 [WARNING] seri_phy recv timeout
  1669	1476770829.573 sending frame: DISC
  1670	1476770829.573 > 7EA00A00 0272FB61 538CDB7E           ~....r.aS..~     
  1671	1476770837.583 [WARNING] seri_phy recv timeout
  1672	1476770837.583 [WARNING] hdlc_fsm reached max_nb_of_retries: 3
  1673	1476770837.593 saved 1 mp's at 2016-10-18 14:06:00 (err=0)
  1674	1476770837.606 saved 1 mp's at 2016-10-18 14:06:00 (err=0)
  1675	1476770837.617 saved 1 mp's at 2016-10-18 14:06:00 (err=0)
  1676	1476770837.630 saved 1 mp's at 2016-10-18 14:06:00 (err=0)
  1677	1476770837.638 saved 1 mp's at 2016-10-18 14:06:00 (err=0)
  1678	1476770837.641 saved 1 mp's at 2016-10-18 14:06:00 (err=0)
  1679	1476770837.644 saved 1 mp's at 2016-10-18 14:06:00 (err=0)
  1680	1476770837.647 saved 1 mp's at 2016-10-18 14:06:00 (err=0)
  1681	1476770837.650 saved 1 mp's at 2016-10-18 14:06:00 (err=0)
  1682	1476770837.654 saved 1 mp's at 2016-10-18 14:06:00 (err=0)
  1683	1476770837.657 saved 1 mp's at 2016-10-18 14:06:00 (err=0)
  1684	1476770837.676 saved 1 mp's at 2016-10-18 14:06:00 (err=0)
  1685	1476770837.684 saved 1 mp's at 2016-10-18 14:06:00 (err=0)
  1686	1476770837.689 saved 1 mp's at 2016-10-18 14:06:00 (err=0)
  1687	1476770837.692 saved 1 mp's at 2016-10-18 14:06:00 (err=0)
  1688	1476770837.695 saved 1 mp's at 2016-10-18 14:06:00 (err=0)
  1689	1476770837.697 saved 1 mp's at 2016-10-18 14:06:00 (err=0)
  1690	1476770837.702 saved 1 mp's at 2016-10-18 14:06:00 (err=0)
  1691	1476770837.707 saved 1 mp's at 2016-10-18 14:06:00 (err=0)
  1692	1476770837.712 saved 1 mp's at 2016-10-18 14:06:00 (err=0)
  1693	1476770837.716 saved 1 mp's at 2016-10-18 14:06:00 (err=0)
  1694	1476770837.721 saved 1 mp's at 2016-10-18 14:06:00 (err=0)
  1695	1476770837.726 saved 1 mp's at 2016-10-18 14:06:00 (err=0)
  1696	1476770837.731 saved 1 mp's at 2016-10-18 14:06:00 (err=0)
  1697	1476770837.736 saved 1 mp's at 2016-10-18 14:06:00 (err=0)
  1698	1476770837.739 saved 1 mp's at 2016-10-18 14:06:00 (err=0)
  1699	1476770837.742 saved 1 mp's at 2016-10-18 14:06:00 (err=0)
  1700	1476770837.748 saved 1 mp's at 2016-10-18 14:06:00 (err=0)
  1701	1476770837.753 saved 1 mp's at 2016-10-18 14:06:00 (err=0)
  1702	1476770837.757 saved 1 mp's at 2016-10-18 14:06:00 (err=0)
  1703	1476770837.762 saved 1 mp's at 2016-10-18 14:06:00 (err=0)
  1704	1476770837.767 saved 1 mp's at 2016-10-18 14:06:00 (err=0)
  1705	1476770837.770 saved 1 mp's at 2016-10-18 14:06:00 (err=0)
  1706	1476770837.772 saved 1 mp's at 2016-10-18 14:06:00 (err=0)
  1707	1476770837.775 saved 1 mp's at 2016-10-18 14:06:00 (err=0)
  1708	1476770837.778 saved 1 mp's at 2016-10-18 14:06:00 (err=0)
  1709	1476770837.781 saved 1 mp's at 2016-10-18 14:06:00 (err=0)
  1710	1476770837.786 saved 1 mp's at 2016-10-18 14:06:00 (err=0)
  1711	1476770837.789 saved 1 mp's at 2016-10-18 14:06:00 (err=0)
  1712	1476770837.792 saved 1 mp's at 2016-10-18 14:06:00 (err=0)
  1713	1476770837.797 saved 1 mp's at 2016-10-18 14:06:00 (err=0)
  1714	1476770837.802 saved 1 mp's at 2016-10-18 14:06:00 (err=0)
  1715	1476770837.807 saved 1 mp's at 2016-10-18 14:06:00 (err=0)
  1716	1476770837.813 saved 1 mp's at 2016-10-18 14:06:00 (err=0)
  1717	1476770837.818 saved 1 mp's at 2016-10-18 14:06:00 (err=0)
  1718	1476770837.823 saved 1 mp's at 2016-10-18 14:06:00 (err=0)
  1719	1476770837.830 saved 1 mp's at 2016-10-18 14:06:00 (err=0)
  1720	1476770837.833 saved 1 mp's at 2016-10-18 14:06:00 (err=0)
  1721	1476770837.840 saved 1 mp's at 2016-10-18 14:06:00 (err=0)
  1722	1476770837.851 saved 1 mp's at 2016-10-18 14:06:00 (err=0)
  1723	1476770837.861 saved 1 mp's at 2016-10-18 14:06:00 (err=0)
  1724	1476770837.871 saved 1 mp's at 2016-10-18 14:06:00 (err=0)
  1725	1476770837.876 saved 1 mp's at 2016-10-18 14:06:00 (err=0)
  1726	1476770837.889 saved 1 mp's at 2016-10-18 14:06:00 (err=0)
  1727	1476770837.898 saved 1 mp's at 2016-10-18 14:06:00 (err=0)
  1728	1476770837.904 saved 1 mp's at 2016-10-18 14:06:00 (err=0)
  1729	1476770837.909 saved 1 mp's at 2016-10-18 14:06:00 (err=0)
  1730	1476770837.913 saved 1 mp's at 2016-10-18 14:06:00 (err=0)
  1731	1476770837.918 saved 1 mp's at 2016-10-18 14:06:00 (err=0)
  1732	1476770837.923 saved 1 mp's at 2016-10-18 14:06:00 (err=0)
  1733	1476770837.929 saved 1 mp's at 2016-10-18 14:06:00 (err=0)
  1734	1476770837.932 saved 1 mp's at 2016-10-18 14:06:00 (err=0)
  1735	1476770837.940 saved 1 mp's at 2016-10-18 14:06:00 (err=0)
  1736	1476770837.944 saved 1 mp's at 2016-10-18 14:06:00 (err=0)
  1737	1476770837.947 saved 1 mp's at 2016-10-18 14:06:00 (err=0)
  1738	1476770837.950 saved 1 mp's at 2016-10-18 14:06:00 (err=0)
  1739	1476770837.953 saved 1 mp's at 2016-10-18 14:06:00 (err=0)
  1740	1476770837.956 saved 1 mp's at 2016-10-18 14:06:00 (err=0)
  1741	1476770837.959 saved 1 mp's at 2016-10-18 14:06:00 (err=0)
  1742	1476770837.961 saved 1 mp's at 2016-10-18 14:06:00 (err=0)
  1743	1476770837.974 saved 1 mp's at 2016-10-18 14:06:00 (err=0)
  1744	1476770837.977 saved 1 mp's at 2016-10-18 14:06:00 (err=0)
  1745	1476770837.982 saved 1 mp's at 2016-10-18 14:06:00 (err=0)
  1746	1476770837.987 saved 1 mp's at 2016-10-18 14:06:00 (err=0)
  1747	1476770837.991 saved 1 mp's at 2016-10-18 14:06:00 (err=0)
  1748	1476770837.995 saved 1 mp's at 2016-10-18 14:06:00 (err=0)
  1749	1476770838.001 saved 1 mp's at 2016-10-18 14:06:00 (err=0)
  1750	1476770838.005 saved 1 mp's at 2016-10-18 14:06:00 (err=0)
  1751	1476770838.010 saved 1 mp's at 2016-10-18 14:06:00 (err=0)
  1752	1476770839.013 closed /dev/tts7 tx=147/6 rx=0/0, recv_delay=48.062s, send_delay=0.000s
  1753	1476770869.238 com=8 meter=2 baud=13 acqtime=2016-10-18 14:06:00
  1754	1476770869.738 opened (3)/dev/tts7 8N1 9600 tx_ipg=24984, rx_ipg=24984 (DTR|RTS|CTS|CAR|RNG)
  1755	1476770869.772 sending frame: SNRM Info=23
  1756	1476770869.773 > 7EA02300 0272FB61 933A3F81 80140502  ~.#..r.a.:?..... 
  1757	1476770869.774 > 07F00602 07F00704 00000001 08040000  ................ 
  1758	1476770869.774 > 00015856 7E                          ..XV~            
  1759	1476770877.783 [WARNING] seri_phy recv timeout
  1760	1476770877.783 sending frame: SNRM Info=23
  1761	1476770877.784 > 7EA02300 0272FB61 933A3F81 80140502  ~.#..r.a.:?..... 
  1762	1476770877.784 > 07F00602 07F00704 00000001 08040000  ................ 
  1763	1476770877.784 > 00015856 7E                          ..XV~            
  1764	1476770885.793 [WARNING] seri_phy recv timeout
  1765	1476770885.793 sending frame: SNRM Info=23
  1766	1476770885.793 > 7EA02300 0272FB61 933A3F81 80140502  ~.#..r.a.:?..... 
  1767	1476770885.794 > 07F00602 07F00704 00000001 08040000  ................ 
  1768	1476770885.794 > 00015856 7E                          ..XV~            
  1769	1476770893.803 [WARNING] seri_phy recv timeout
  1770	1476770893.803 [WARNING] hdlc_fsm reached max_nb_of_retries: 3
  1771	1476770893.803 sending frame: DISC
  1772	1476770893.804 > 7EA00A00 0272FB61 538CDB7E           ~....r.aS..~     
  1773	1476770901.812 [WARNING] seri_phy recv timeout
  1774	1476770901.813 sending frame: DISC
  1775	1476770901.813 > 7EA00A00 0272FB61 538CDB7E           ~....r.aS..~     
  1776	1476770909.823 [WARNING] seri_phy recv timeout
  1777	1476770909.823 sending frame: DISC
  1778	1476770909.823 > 7EA00A00 0272FB61 538CDB7E           ~....r.aS..~     
  1779	1476770917.833 [WARNING] seri_phy recv timeout
  1780	1476770917.833 [WARNING] hdlc_fsm reached max_nb_of_retries: 3
  1781	1476770918.838 closed /dev/tts7 tx=147/6 rx=0/0, recv_delay=48.060s, send_delay=0.000s
  1782	1476770949.186 com=8 meter=2 baud=13 acqtime=2016-10-18 14:08:00
  1783	1476770949.720 opened (3)/dev/tts7 8N1 9600 tx_ipg=24984, rx_ipg=24984 (DTR|RTS|CTS|CAR|RNG)
  1784	1476770949.752 sending frame: SNRM Info=23
  1785	1476770949.757 > 7EA02300 0272FB61 933A3F81 80140502  ~.#..r.a.:?..... 
  1786	1476770949.758 > 07F00602 07F00704 00000001 08040000  ................ 
  1787	1476770949.761 > 00015856 7E                          ..XV~            
  1788	1476770957.773 [WARNING] seri_phy recv timeout
  1789	1476770957.773 sending frame: SNRM Info=23
  1790	1476770957.774 > 7EA02300 0272FB61 933A3F81 80140502  ~.#..r.a.:?..... 
  1791	1476770957.774 > 07F00602 07F00704 00000001 08040000  ................ 
  1792	1476770957.774 > 00015856 7E                          ..XV~            
  1793	1476770965.783 [WARNING] seri_phy recv timeout
  1794	1476770965.783 sending frame: SNRM Info=23
  1795	1476770965.783 > 7EA02300 0272FB61 933A3F81 80140502  ~.#..r.a.:?..... 
  1796	1476770965.783 > 07F00602 07F00704 00000001 08040000  ................ 
  1797	1476770965.784 > 00015856 7E                          ..XV~            
  1798	1476770973.793 [WARNING] seri_phy recv timeout
  1799	1476770973.793 [WARNING] hdlc_fsm reached max_nb_of_retries: 3
  1800	1476770973.793 sending frame: DISC
  1801	1476770973.793 > 7EA00A00 0272FB61 538CDB7E           ~....r.aS..~     
  1802	1476770981.803 [WARNING] seri_phy recv timeout
  1803	1476770981.803 sending frame: DISC
  1804	1476770981.803 > 7EA00A00 0272FB61 538CDB7E           ~....r.aS..~     
  1805	1476770989.813 [WARNING] seri_phy recv timeout
  1806	1476770989.813 sending frame: DISC
  1807	1476770989.813 > 7EA00A00 0272FB61 538CDB7E           ~....r.aS..~     
  1808	1476770997.823 [WARNING] seri_phy recv timeout
  1809	1476770997.823 [WARNING] hdlc_fsm reached max_nb_of_retries: 3
  1810	1476770997.830 saved 1 mp's at 2016-10-18 14:08:00 (err=0)
  1811	1476770997.836 saved 1 mp's at 2016-10-18 14:08:00 (err=0)
  1812	1476770997.847 saved 1 mp's at 2016-10-18 14:08:00 (err=0)
  1813	1476770997.854 saved 1 mp's at 2016-10-18 14:08:00 (err=0)
  1814	1476770997.863 saved 1 mp's at 2016-10-18 14:08:00 (err=0)
  1815	1476770997.871 saved 1 mp's at 2016-10-18 14:08:00 (err=0)
  1816	1476770997.881 saved 1 mp's at 2016-10-18 14:08:00 (err=0)
  1817	1476770997.890 saved 1 mp's at 2016-10-18 14:08:00 (err=0)
  1818	1476770997.903 saved 1 mp's at 2016-10-18 14:08:00 (err=0)
  1819	1476770997.911 saved 1 mp's at 2016-10-18 14:08:00 (err=0)
  1820	1476770997.920 saved 1 mp's at 2016-10-18 14:08:00 (err=0)
  1821	1476770997.929 saved 1 mp's at 2016-10-18 14:08:00 (err=0)
  1822	1476770997.934 saved 1 mp's at 2016-10-18 14:08:00 (err=0)
  1823	1476770997.947 saved 1 mp's at 2016-10-18 14:08:00 (err=0)
  1824	1476770997.950 saved 1 mp's at 2016-10-18 14:08:00 (err=0)
  1825	1476770997.954 saved 1 mp's at 2016-10-18 14:08:00 (err=0)
  1826	1476770997.957 saved 1 mp's at 2016-10-18 14:08:00 (err=0)
  1827	1476770997.962 saved 1 mp's at 2016-10-18 14:08:00 (err=0)
  1828	1476770997.967 saved 1 mp's at 2016-10-18 14:08:00 (err=0)
  1829	1476770997.970 saved 1 mp's at 2016-10-18 14:08:00 (err=0)
  1830	1476770997.973 saved 1 mp's at 2016-10-18 14:08:00 (err=0)
  1831	1476770997.976 saved 1 mp's at 2016-10-18 14:08:00 (err=0)
  1832	1476770997.979 saved 1 mp's at 2016-10-18 14:08:00 (err=0)
  1833	1476770997.982 saved 1 mp's at 2016-10-18 14:08:00 (err=0)
  1834	1476770997.987 saved 1 mp's at 2016-10-18 14:08:00 (err=0)
  1835	1476770997.992 saved 1 mp's at 2016-10-18 14:08:00 (err=0)
  1836	1476770997.996 saved 1 mp's at 2016-10-18 14:08:00 (err=0)
  1837	1476770997.999 saved 1 mp's at 2016-10-18 14:08:00 (err=0)
  1838	1476770998.001 saved 1 mp's at 2016-10-18 14:08:00 (err=0)
  1839	1476770998.004 saved 1 mp's at 2016-10-18 14:08:00 (err=0)
  1840	1476770998.008 saved 1 mp's at 2016-10-18 14:08:00 (err=0)
  1841	1476770998.011 saved 1 mp's at 2016-10-18 14:08:00 (err=0)
  1842	1476770998.016 saved 1 mp's at 2016-10-18 14:08:00 (err=0)
  1843	1476770998.019 saved 1 mp's at 2016-10-18 14:08:00 (err=0)
  1844	1476770998.022 saved 1 mp's at 2016-10-18 14:08:00 (err=0)
  1845	1476770998.028 saved 1 mp's at 2016-10-18 14:08:00 (err=0)
  1846	1476770998.032 saved 1 mp's at 2016-10-18 14:08:00 (err=0)
  1847	1476770998.037 saved 1 mp's at 2016-10-18 14:08:00 (err=0)
  1848	1476770998.043 saved 1 mp's at 2016-10-18 14:08:00 (err=0)
  1849	1476770998.048 saved 1 mp's at 2016-10-18 14:08:00 (err=0)
  1850	1476770998.052 saved 1 mp's at 2016-10-18 14:08:00 (err=0)
  1851	1476770998.059 saved 1 mp's at 2016-10-18 14:08:00 (err=0)
  1852	1476770998.064 saved 1 mp's at 2016-10-18 14:08:00 (err=0)
  1853	1476770998.072 saved 1 mp's at 2016-10-18 14:08:00 (err=0)
  1854	1476770998.082 saved 1 mp's at 2016-10-18 14:08:00 (err=0)
  1855	1476770998.090 saved 1 mp's at 2016-10-18 14:08:00 (err=0)
  1856	1476770998.100 saved 1 mp's at 2016-10-18 14:08:00 (err=0)
  1857	1476770998.111 saved 1 mp's at 2016-10-18 14:08:00 (err=0)
  1858	1476770998.121 saved 1 mp's at 2016-10-18 14:08:00 (err=0)
  1859	1476770998.131 saved 1 mp's at 2016-10-18 14:08:00 (err=0)
  1860	1476770998.154 saved 1 mp's at 2016-10-18 14:08:00 (err=0)
  1861	1476770998.161 saved 1 mp's at 2016-10-18 14:08:00 (err=0)
  1862	1476770998.168 saved 1 mp's at 2016-10-18 14:08:00 (err=0)
  1863	1476770998.176 saved 1 mp's at 2016-10-18 14:08:00 (err=0)
  1864	1476770998.183 saved 1 mp's at 2016-10-18 14:08:00 (err=0)
  1865	1476770998.187 saved 1 mp's at 2016-10-18 14:08:00 (err=0)
  1866	1476770998.190 saved 1 mp's at 2016-10-18 14:08:00 (err=0)
  1867	1476770998.192 saved 1 mp's at 2016-10-18 14:08:00 (err=0)
  1868	1476770998.197 saved 1 mp's at 2016-10-18 14:08:00 (err=0)
  1869	1476770998.201 saved 1 mp's at 2016-10-18 14:08:00 (err=0)
  1870	1476770998.215 saved 1 mp's at 2016-10-18 14:08:00 (err=0)
  1871	1476770998.220 saved 1 mp's at 2016-10-18 14:08:00 (err=0)
  1872	1476770998.225 saved 1 mp's at 2016-10-18 14:08:00 (err=0)
  1873	1476770998.230 saved 1 mp's at 2016-10-18 14:08:00 (err=0)
  1874	1476770998.239 saved 1 mp's at 2016-10-18 14:08:00 (err=0)
  1875	1476770998.248 saved 1 mp's at 2016-10-18 14:08:00 (err=0)
  1876	1476770998.261 saved 1 mp's at 2016-10-18 14:08:00 (err=0)
  1877	1476770998.266 saved 1 mp's at 2016-10-18 14:08:00 (err=0)
  1878	1476770998.271 saved 1 mp's at 2016-10-18 14:08:00 (err=0)
  1879	1476770998.278 saved 1 mp's at 2016-10-18 14:08:00 (err=0)
  1880	1476770998.284 saved 1 mp's at 2016-10-18 14:08:00 (err=0)
  1881	1476770998.289 saved 1 mp's at 2016-10-18 14:08:00 (err=0)
  1882	1476770998.293 saved 1 mp's at 2016-10-18 14:08:00 (err=0)
  1883	1476770998.298 saved 1 mp's at 2016-10-18 14:08:00 (err=0)
  1884	1476770998.303 saved 1 mp's at 2016-10-18 14:08:00 (err=0)
  1885	1476770998.311 saved 1 mp's at 2016-10-18 14:08:00 (err=0)
  1886	1476770998.320 saved 1 mp's at 2016-10-18 14:08:00 (err=0)
  1887	1476770998.323 saved 1 mp's at 2016-10-18 14:08:00 (err=0)
  1888	1476770998.330 saved 1 mp's at 2016-10-18 14:08:00 (err=0)
  1889	1476770999.333 closed /dev/tts7 tx=147/6 rx=0/0, recv_delay=48.060s, send_delay=0.000s
  1890	1476771029.589 com=8 meter=2 baud=13 acqtime=2016-10-18 14:10:00
  1891	1476771030.145 opened (3)/dev/tts7 8N1 9600 tx_ipg=24984, rx_ipg=24984 (DTR|RTS|CTS|CAR|RNG)
  1892	1476771030.177 sending frame: SNRM Info=23
  1893	1476771030.181 > 7EA02300 0272FB61 933A3F81 80140502  ~.#..r.a.:?..... 
  1894	1476771030.182 > 07F00602 07F00704 00000001 08040000  ................ 
  1895	1476771030.184 > 00015856 7E                          ..XV~            
  1896	1476771038.193 [WARNING] seri_phy recv timeout
  1897	1476771038.193 sending frame: SNRM Info=23
  1898	1476771038.194 > 7EA02300 0272FB61 933A3F81 80140502  ~.#..r.a.:?..... 
  1899	1476771038.194 > 07F00602 07F00704 00000001 08040000  ................ 
  1900	1476771038.194 > 00015856 7E                          ..XV~            
  1901	1476771046.203 [WARNING] seri_phy recv timeout
  1902	1476771046.204 sending frame: SNRM Info=23
  1903	1476771046.204 > 7EA02300 0272FB61 933A3F81 80140502  ~.#..r.a.:?..... 
  1904	1476771046.204 > 07F00602 07F00704 00000001 08040000  ................ 
  1905	1476771046.205 > 00015856 7E                          ..XV~            
  1906	1476771054.215 [WARNING] seri_phy recv timeout
  1907	1476771054.215 [WARNING] hdlc_fsm reached max_nb_of_retries: 3
  1908	1476771054.216 sending frame: DISC
  1909	1476771054.216 > 7EA00A00 0272FB61 538CDB7E           ~....r.aS..~     
  1910	1476771062.223 [WARNING] seri_phy recv timeout
  1911	1476771062.223 sending frame: DISC
  1912	1476771062.224 > 7EA00A00 0272FB61 538CDB7E           ~....r.aS..~     
  1913	1476771070.233 [WARNING] seri_phy recv timeout
  1914	1476771070.233 sending frame: DISC
  1915	1476771070.234 > 7EA00A00 0272FB61 538CDB7E           ~....r.aS..~     
  1916	1476771078.243 [WARNING] seri_phy recv timeout
  1917	1476771078.243 [WARNING] hdlc_fsm reached max_nb_of_retries: 3
  1918	1476771078.248 saved 1 mp's at 2016-10-18 14:10:00 (err=0)
  1919	1476771078.257 saved 1 mp's at 2016-10-18 14:10:00 (err=0)
  1920	1476771078.263 saved 1 mp's at 2016-10-18 14:10:00 (err=0)
  1921	1476771078.271 saved 1 mp's at 2016-10-18 14:10:00 (err=0)
  1922	1476771078.278 saved 1 mp's at 2016-10-18 14:10:00 (err=0)
  1923	1476771078.286 saved 1 mp's at 2016-10-18 14:10:00 (err=0)
  1924	1476771078.292 saved 1 mp's at 2016-10-18 14:10:00 (err=0)
  1925	1476771078.294 saved 1 mp's at 2016-10-18 14:10:00 (err=0)
  1926	1476771078.297 saved 1 mp's at 2016-10-18 14:10:00 (err=0)
  1927	1476771078.306 saved 1 mp's at 2016-10-18 14:10:00 (err=0)
  1928	1476771078.316 saved 1 mp's at 2016-10-18 14:10:00 (err=0)
  1929	1476771078.319 saved 1 mp's at 2016-10-18 14:10:00 (err=0)
  1930	1476771078.322 saved 1 mp's at 2016-10-18 14:10:00 (err=0)
  1931	1476771078.326 saved 1 mp's at 2016-10-18 14:10:00 (err=0)
  1932	1476771078.330 saved 1 mp's at 2016-10-18 14:10:00 (err=0)
  1933	1476771078.333 saved 1 mp's at 2016-10-18 14:10:00 (err=0)
  1934	1476771078.336 saved 1 mp's at 2016-10-18 14:10:00 (err=0)
  1935	1476771078.339 saved 1 mp's at 2016-10-18 14:10:00 (err=0)
  1936	1476771078.342 saved 1 mp's at 2016-10-18 14:10:00 (err=0)
  1937	1476771078.345 saved 1 mp's at 2016-10-18 14:10:00 (err=0)
  1938	1476771078.347 saved 1 mp's at 2016-10-18 14:10:00 (err=0)
  1939	1476771078.350 saved 1 mp's at 2016-10-18 14:10:00 (err=0)
  1940	1476771078.353 saved 1 mp's at 2016-10-18 14:10:00 (err=0)
  1941	1476771078.364 saved 1 mp's at 2016-10-18 14:10:00 (err=0)
  1942	1476771078.367 saved 1 mp's at 2016-10-18 14:10:00 (err=0)
  1943	1476771078.372 saved 1 mp's at 2016-10-18 14:10:00 (err=0)
  1944	1476771078.376 saved 1 mp's at 2016-10-18 14:10:00 (err=0)
  1945	1476771078.381 saved 1 mp's at 2016-10-18 14:10:00 (err=0)
  1946	1476771078.386 saved 1 mp's at 2016-10-18 14:10:00 (err=0)
  1947	1476771078.390 saved 1 mp's at 2016-10-18 14:10:00 (err=0)
  1948	1476771078.393 saved 1 mp's at 2016-10-18 14:10:00 (err=0)
  1949	1476771078.395 saved 1 mp's at 2016-10-18 14:10:00 (err=0)
  1950	1476771078.398 saved 1 mp's at 2016-10-18 14:10:00 (err=0)
  1951	1476771078.403 saved 1 mp's at 2016-10-18 14:10:00 (err=0)
  1952	1476771078.408 saved 1 mp's at 2016-10-18 14:10:00 (err=0)
  1953	1476771078.412 saved 1 mp's at 2016-10-18 14:10:00 (err=0)
  1954	1476771078.417 saved 1 mp's at 2016-10-18 14:10:00 (err=0)
  1955	1476771078.422 saved 1 mp's at 2016-10-18 14:10:00 (err=0)
  1956	1476771078.426 saved 1 mp's at 2016-10-18 14:10:00 (err=0)
  1957	1476771078.431 saved 1 mp's at 2016-10-18 14:10:00 (err=0)
  1958	1476771078.436 saved 1 mp's at 2016-10-18 14:10:00 (err=0)
  1959	1476771078.440 saved 1 mp's at 2016-10-18 14:10:00 (err=0)
  1960	1476771078.442 saved 1 mp's at 2016-10-18 14:10:00 (err=0)
  1961	1476771078.446 saved 1 mp's at 2016-10-18 14:10:00 (err=0)
  1962	1476771078.449 saved 1 mp's at 2016-10-18 14:10:00 (err=0)
  1963	1476771078.452 saved 1 mp's at 2016-10-18 14:10:00 (err=0)
  1964	1476771078.454 saved 1 mp's at 2016-10-18 14:10:00 (err=0)
  1965	1476771078.456 saved 1 mp's at 2016-10-18 14:10:00 (err=0)
  1966	1476771078.460 saved 1 mp's at 2016-10-18 14:10:00 (err=0)
  1967	1476771078.462 saved 1 mp's at 2016-10-18 14:10:00 (err=0)
  1968	1476771078.466 saved 1 mp's at 2016-10-18 14:10:00 (err=0)
  1969	1476771078.471 saved 1 mp's at 2016-10-18 14:10:00 (err=0)
  1970	1476771078.476 saved 1 mp's at 2016-10-18 14:10:00 (err=0)
  1971	1476771078.481 saved 1 mp's at 2016-10-18 14:10:00 (err=0)
  1972	1476771078.485 saved 1 mp's at 2016-10-18 14:10:00 (err=0)
  1973	1476771078.493 saved 1 mp's at 2016-10-18 14:10:00 (err=0)
  1974	1476771078.499 saved 1 mp's at 2016-10-18 14:10:00 (err=0)
  1975	1476771078.507 saved 1 mp's at 2016-10-18 14:10:00 (err=0)
  1976	1476771078.513 saved 1 mp's at 2016-10-18 14:10:00 (err=0)
  1977	1476771078.519 saved 1 mp's at 2016-10-18 14:10:00 (err=0)
  1978	1476771078.526 saved 1 mp's at 2016-10-18 14:10:00 (err=0)
  1979	1476771078.531 saved 1 mp's at 2016-10-18 14:10:00 (err=0)
  1980	1476771078.536 saved 1 mp's at 2016-10-18 14:10:00 (err=0)
  1981	1476771078.540 saved 1 mp's at 2016-10-18 14:10:00 (err=0)
  1982	1476771078.547 saved 1 mp's at 2016-10-18 14:10:00 (err=0)
  1983	1476771078.557 saved 1 mp's at 2016-10-18 14:10:00 (err=0)
  1984	1476771078.565 saved 1 mp's at 2016-10-18 14:10:00 (err=0)
  1985	1476771078.571 saved 1 mp's at 2016-10-18 14:10:00 (err=0)
  1986	1476771078.582 saved 1 mp's at 2016-10-18 14:10:00 (err=0)
  1987	1476771078.584 saved 1 mp's at 2016-10-18 14:10:00 (err=0)
  1988	1476771078.586 saved 1 mp's at 2016-10-18 14:10:00 (err=0)
  1989	1476771078.611 saved 1 mp's at 2016-10-18 14:10:00 (err=0)
  1990	1476771078.613 saved 1 mp's at 2016-10-18 14:10:00 (err=0)
  1991	1476771078.617 saved 1 mp's at 2016-10-18 14:10:00 (err=0)
  1992	1476771078.625 saved 1 mp's at 2016-10-18 14:10:00 (err=0)
  1993	1476771078.644 saved 1 mp's at 2016-10-18 14:10:00 (err=0)
  1994	1476771078.652 saved 1 mp's at 2016-10-18 14:10:00 (err=0)
  1995	1476771078.655 saved 1 mp's at 2016-10-18 14:10:00 (err=0)
  1996	1476771078.657 saved 1 mp's at 2016-10-18 14:10:00 (err=0)
  1997	1476771079.663 closed /dev/tts7 tx=147/6 rx=0/0, recv_delay=48.062s, send_delay=0.000s
  1998	1476771110.019 com=8 meter=2 baud=13 acqtime=2016-10-18 14:10:00
  1999	1476771110.620 opened (3)/dev/tts7 8N1 9600 tx_ipg=24984, rx_ipg=24984 (DTR|RTS|CTS|CAR|RNG)
  2000	1476771110.642 sending frame: SNRM Info=23
  2001	1476771110.644 > 7EA02300 0272FB61 933A3F81 80140502  ~.#..r.a.:?..... 
  2002	1476771110.645 > 07F00602 07F00704 00000001 08040000  ................ 
  2003	1476771110.646 > 00015856 7E                          ..XV~            
  2004	1476771118.653 [WARNING] seri_phy recv timeout
  2005	1476771118.654 sending frame: SNRM Info=23
  2006	1476771118.654 > 7EA02300 0272FB61 933A3F81 80140502  ~.#..r.a.:?..... 
  2007	1476771118.654 > 07F00602 07F00704 00000001 08040000  ................ 
  2008	1476771118.655 > 00015856 7E                          ..XV~            
  2009	1476771126.663 [WARNING] seri_phy recv timeout
  2010	1476771126.663 sending frame: SNRM Info=23
  2011	1476771126.664 > 7EA02300 0272FB61 933A3F81 80140502  ~.#..r.a.:?..... 
  2012	1476771126.664 > 07F00602 07F00704 00000001 08040000  ................ 
  2013	1476771126.664 > 00015856 7E                          ..XV~            
  2014	1476771134.673 [WARNING] seri_phy recv timeout
  2015	1476771134.673 [WARNING] hdlc_fsm reached max_nb_of_retries: 3
  2016	1476771134.674 sending frame: DISC
  2017	1476771134.674 > 7EA00A00 0272FB61 538CDB7E           ~....r.aS..~     
  2018	1476771142.683 [WARNING] seri_phy recv timeout
  2019	1476771142.683 sending frame: DISC
  2020	1476771142.684 > 7EA00A00 0272FB61 538CDB7E           ~....r.aS..~     
  2021	1476771150.693 [WARNING] seri_phy recv timeout
  2022	1476771150.693 sending frame: DISC
  2023	1476771150.694 > 7EA00A00 0272FB61 538CDB7E           ~....r.aS..~     
  2024	1476771158.703 [WARNING] seri_phy recv timeout
  2025	1476771158.703 [WARNING] hdlc_fsm reached max_nb_of_retries: 3
  2026	1476771159.708 closed /dev/tts7 tx=147/6 rx=0/0, recv_delay=48.060s, send_delay=0.000s
  2027	1476771189.930 com=8 meter=2 baud=13 acqtime=2016-10-18 14:12:00
  2028	1476771190.630 opened (3)/dev/tts7 8N1 9600 tx_ipg=24984, rx_ipg=24984 (DTR|RTS|CTS|CAR|RNG)
  2029	1476771190.683 sending frame: SNRM Info=23
  2030	1476771190.685 > 7EA02300 0272FB61 933A3F81 80140502  ~.#..r.a.:?..... 
  2031	1476771190.687 > 07F00602 07F00704 00000001 08040000  ................ 
  2032	1476771190.688 > 00015856 7E                          ..XV~            
  2033	1476771198.698 [WARNING] seri_phy recv timeout
  2034	1476771198.699 sending frame: SNRM Info=23
  2035	1476771198.699 > 7EA02300 0272FB61 933A3F81 80140502  ~.#..r.a.:?..... 
  2036	1476771198.699 > 07F00602 07F00704 00000001 08040000  ................ 
  2037	1476771198.700 > 00015856 7E                          ..XV~            
  2038	1476771206.708 [WARNING] seri_phy recv timeout
  2039	1476771206.708 sending frame: SNRM Info=23
  2040	1476771206.709 > 7EA02300 0272FB61 933A3F81 80140502  ~.#..r.a.:?..... 
  2041	1476771206.709 > 07F00602 07F00704 00000001 08040000  ................ 
  2042	1476771206.709 > 00015856 7E                          ..XV~            
  2043	1476771214.718 [WARNING] seri_phy recv timeout
  2044	1476771214.718 [WARNING] hdlc_fsm reached max_nb_of_retries: 3
  2045	1476771214.718 sending frame: DISC
  2046	1476771214.719 > 7EA00A00 0272FB61 538CDB7E           ~....r.aS..~     
  2047	1476771222.728 [WARNING] seri_phy recv timeout
  2048	1476771222.729 sending frame: DISC
  2049	1476771222.729 > 7EA00A00 0272FB61 538CDB7E           ~....r.aS..~     
  2050	1476771230.738 [WARNING] seri_phy recv timeout
  2051	1476771230.738 sending frame: DISC
  2052	1476771230.739 > 7EA00A00 0272FB61 538CDB7E           ~....r.aS..~     
  2053	1476771238.748 [WARNING] seri_phy recv timeout
  2054	1476771238.748 [WARNING] hdlc_fsm reached max_nb_of_retries: 3
  2055	1476771238.759 saved 1 mp's at 2016-10-18 14:12:00 (err=0)
  2056	1476771238.767 saved 1 mp's at 2016-10-18 14:12:00 (err=0)
  2057	1476771238.772 saved 1 mp's at 2016-10-18 14:12:00 (err=0)
  2058	1476771238.777 saved 1 mp's at 2016-10-18 14:12:00 (err=0)
  2059	1476771238.782 saved 1 mp's at 2016-10-18 14:12:00 (err=0)
  2060	1476771238.787 saved 1 mp's at 2016-10-18 14:12:00 (err=0)
  2061	1476771238.792 saved 1 mp's at 2016-10-18 14:12:00 (err=0)
  2062	1476771238.796 saved 1 mp's at 2016-10-18 14:12:00 (err=0)
  2063	1476771238.800 saved 1 mp's at 2016-10-18 14:12:00 (err=0)
  2064	1476771238.803 saved 1 mp's at 2016-10-18 14:12:00 (err=0)
  2065	1476771238.808 saved 1 mp's at 2016-10-18 14:12:00 (err=0)
  2066	1476771238.813 saved 1 mp's at 2016-10-18 14:12:00 (err=0)
  2067	1476771238.818 saved 1 mp's at 2016-10-18 14:12:00 (err=0)
  2068	1476771238.822 saved 1 mp's at 2016-10-18 14:12:00 (err=0)
  2069	1476771238.827 saved 1 mp's at 2016-10-18 14:12:00 (err=0)
  2070	1476771238.832 saved 1 mp's at 2016-10-18 14:12:00 (err=0)
  2071	1476771238.838 saved 1 mp's at 2016-10-18 14:12:00 (err=0)
  2072	1476771238.842 saved 1 mp's at 2016-10-18 14:12:00 (err=0)
  2073	1476771238.847 saved 1 mp's at 2016-10-18 14:12:00 (err=0)
  2074	1476771238.851 saved 1 mp's at 2016-10-18 14:12:00 (err=0)
  2075	1476771238.856 saved 1 mp's at 2016-10-18 14:12:00 (err=0)
  2076	1476771238.861 saved 1 mp's at 2016-10-18 14:12:00 (err=0)
  2077	1476771238.867 saved 1 mp's at 2016-10-18 14:12:00 (err=0)
  2078	1476771238.875 saved 1 mp's at 2016-10-18 14:12:00 (err=0)
  2079	1476771238.883 saved 1 mp's at 2016-10-18 14:12:00 (err=0)
  2080	1476771238.892 saved 1 mp's at 2016-10-18 14:12:00 (err=0)
  2081	1476771238.909 saved 1 mp's at 2016-10-18 14:12:00 (err=0)
  2082	1476771238.914 saved 1 mp's at 2016-10-18 14:12:00 (err=0)
  2083	1476771238.923 saved 1 mp's at 2016-10-18 14:12:00 (err=0)
  2084	1476771238.931 saved 1 mp's at 2016-10-18 14:12:00 (err=0)
  2085	1476771238.943 saved 1 mp's at 2016-10-18 14:12:00 (err=0)
  2086	1476771238.951 saved 1 mp's at 2016-10-18 14:12:00 (err=0)
  2087	1476771238.953 saved 1 mp's at 2016-10-18 14:12:00 (err=0)
  2088	1476771238.973 saved 1 mp's at 2016-10-18 14:12:00 (err=0)
  2089	1476771238.978 saved 1 mp's at 2016-10-18 14:12:00 (err=0)
  2090	1476771238.982 saved 1 mp's at 2016-10-18 14:12:00 (err=0)
  2091	1476771238.985 saved 1 mp's at 2016-10-18 14:12:00 (err=0)
  2092	1476771238.987 saved 1 mp's at 2016-10-18 14:12:00 (err=0)
  2093	1476771239.004 saved 1 mp's at 2016-10-18 14:12:00 (err=0)
  2094	1476771239.007 saved 1 mp's at 2016-10-18 14:12:00 (err=0)
  2095	1476771239.017 saved 1 mp's at 2016-10-18 14:12:00 (err=0)
  2096	1476771239.026 saved 1 mp's at 2016-10-18 14:12:00 (err=0)
