1433741	1476829175.870 mp42 : ln=1.1.52.7.0.255 class=3-0-21-20009
1433742	1476829175.870 mp43 : ln=1.1.72.7.0.255 class=3-0-21-20009
1433743	1476829175.870 mp44 : ln=1.1.31.7.0.255 class=3-0-21-20009
1433744	1476829175.870 mp45 : ln=1.1.51.7.0.255 class=3-0-21-20009
1433745	1476829175.870 mp46 : ln=1.1.71.7.0.255 class=3-0-21-20009
1433746	1476829175.871 mp47 : ln=1.1.16.7.0.255 class=3-0-21-20009
1433747	1476829175.871 mp51 : ln=1.1.131.7.0.255 class=3-0-21-20009
1433748	1476829175.871 mp55 : ln=1.1.13.7.0.255 class=3-0-21-20009
1433749	1476829175.871 mp59 : ln=1.1.14.7.0.255 class=3-0-21-20009
1433750	1476829175.871 mp60 : ln=1.1.1.6.0.255 class=4-0-0-20051
1433751	1476829175.871 mp61 : ln=1.1.1.6.1.255 class=4-0-0-20051
1433752	1476829175.871 mp62 : ln=1.1.1.6.2.255 class=4-0-0-20051
1433753	1476829175.871 mp63 : ln=1.1.1.6.3.255 class=4-0-0-20051
1433754	1476829175.871 mp64 : ln=1.1.1.6.4.255 class=4-0-0-20051
1433755	1476829175.871 mp65 : ln=1.1.2.6.0.255 class=4-0-0-20051
1433756	1476829175.871 rubish register: ln=0.0.240.10.0.255 class=10620-3
1433757	1476829175.882 value presentation of mp's:
1433758	1476829175.883 mp1  : disp (3, 5.3) comm (0) storage (0)
1433759	1476829175.884 mp2  : disp (-128, 0.0 *) comm (-128) storage (-128)
1433760	1476829175.885 mp3  : disp (3, 5.3) comm (0) storage (0)
1433761	1476829175.885 mp4  : disp (-128, 0.0 *) comm (-128) storage (-128)
1433762	1476829175.885 mp5  : disp (3, 5.3) comm (0) storage (0)
1433763	1476829175.885 mp6  : disp (3, 5.3) comm (0) storage (0)
1433764	1476829175.885 mp7  : disp (3, 5.3) comm (0) storage (0)
1433765	1476829175.885 mp8  : disp (3, 5.3) comm (0) storage (0)
1433766	1476829175.885 mp9  : disp (3, 5.3) comm (0) storage (0)
1433767	1476829175.886 mp10 : disp (3, 5.3) comm (0) storage (0)
1433768	1476829175.886 mp11 : disp (3, 5.3) comm (0) storage (0)
1433769	1476829175.886 mp12 : disp (3, 5.3) comm (0) storage (0)
1433770	1476829175.886 mp13 : disp (-128, 0.0 *) comm (-128) storage (-128)
1433771	1476829175.886 mp14 : disp (-128, 0.0 *) comm (-128) storage (-128)
1433772	1476829175.886 mp15 : disp (-128, 0.0 *) comm (-128) storage (-128)
1433773	1476829175.886 mp16 : disp (-128, 0.0 *) comm (-128) storage (-128)
1433774	1476829175.886 mp17 : disp (3, 5.3) comm (0) storage (0)
1433775	1476829175.887 mp18 : disp (3, 5.3) comm (0) storage (0)
1433776	1476829175.887 mp19 : disp (3, 5.3) comm (0) storage (0)
1433777	1476829175.887 mp20 : disp (3, 5.3) comm (0) storage (0)
1433778	1476829175.887 mp21 : disp (-128, 0.0 *) comm (-128) storage (-128)
1433779	1476829175.887 mp22 : disp (-128, 0.0 *) comm (-128) storage (-128)
1433780	1476829175.887 mp23 : disp (-128, 0.0 *) comm (-128) storage (-128)
1433781	1476829175.887 mp24 : disp (-128, 0.0 *) comm (-128) storage (-128)
1433782	1476829175.887 mp25 : disp (-128, 0.0 *) comm (-128) storage (-128)
1433783	1476829175.887 mp26 : disp (-128, 0.0 *) comm (-128) storage (-128)
1433784	1476829175.887 mp27 : disp (-128, 0.0 *) comm (-128) storage (-128)
1433785	1476829175.887 mp28 : disp (-128, 0.0 *) comm (-128) storage (-128)
1433786	1476829175.887 mp29 : disp (-128, 0.0 *) comm (-128) storage (-128)
1433787	1476829175.887 mp30 : disp (-128, 0.0 *) comm (-128) storage (-128)
1433788	1476829175.888 mp31 : disp (-128, 0.0 *) comm (-128) storage (-128)
1433789	1476829175.888 mp32 : disp (-128, 0.0 *) comm (-128) storage (-128)
1433790	1476829175.888 mp33 : disp (-128, 0.0 *) comm (-128) storage (-128)
1433791	1476829175.888 mp34 : disp (-128, 0.0 *) comm (-128) storage (-128)
1433792	1476829175.888 mp35 : disp (-128, 0.0 *) comm (-128) storage (-128)
1433793	1476829175.888 mp36 : disp (-128, 0.0 *) comm (-128) storage (-128)
1433794	1476829175.888 mp37 : disp (-128, 0.0 *) comm (-128) storage (-128)
1433795	1476829175.888 mp38 : disp (-128, 0.0 *) comm (-128) storage (-128)
1433796	1476829175.888 mp39 : disp (-128, 0.0 *) comm (-128) storage (-128)
1433797	1476829175.888 mp40 : disp (-128, 0.0 *) comm (-128) storage (-128)
1433798	1476829175.888 mp41 : disp (0, 3.1) comm (-1) storage (-1)
1433799	1476829175.888 mp42 : disp (0, 3.1) comm (-1) storage (-1)
1433800	1476829175.888 mp43 : disp (0, 3.1) comm (-1) storage (-1)
1433801	1476829175.889 mp44 : disp (0, 1.3) comm (-3) storage (-3)
1433802	1476829175.889 mp45 : disp (0, 1.3) comm (-3) storage (-3)
1433803	1476829175.889 mp46 : disp (0, 1.3) comm (-3) storage (-3)
1433804	1476829175.889 mp47 : disp (3, 1.3) comm (0) storage (0)
1433805	1476829175.889 mp48 : disp (-128, 0.0 *) comm (-128) storage (-128)
1433806	1476829175.895 mp49 : disp (-128, 0.0 *) comm (-128) storage (-128)
1433807	1476829175.896 mp50 : disp (-128, 0.0 *) comm (-128) storage (-128)
1433808	1476829175.897 mp51 : disp (3, 1.3) comm (0) storage (0)
1433809	1476829175.898 mp52 : disp (-128, 0.0 *) comm (-128) storage (-128)
1433810	1476829175.900 mp53 : disp (-128, 0.0 *) comm (-128) storage (-128)
1433811	1476829175.900 mp54 : disp (-128, 0.0 *) comm (-128) storage (-128)
1433812	1476829175.900 mp55 : disp (0, 1.2) comm (-2) storage (-2)
1433813	1476829175.900 mp56 : disp (-128, 0.0 *) comm (-128) storage (-128)
1433814	1476829175.901 mp57 : disp (-128, 0.0 *) comm (-128) storage (-128)
1433815	1476829175.901 mp58 : disp (-128, 0.0 *) comm (-128) storage (-128)
1433816	1476829175.901 mp59 : disp (0, 2.2) comm (-2) storage (-2)
1433817	1476829175.901 mp60 : disp (3, 1.4) comm (-1) storage (-1)
1433818	1476829175.901 mp61 : disp (3, 1.4) comm (-1) storage (-1)
1433819	1476829175.901 mp62 : disp (3, 1.4) comm (-1) storage (-1)
1433820	1476829175.901 mp63 : disp (3, 1.4) comm (-1) storage (-1)
1433821	1476829175.901 mp64 : disp (3, 1.4) comm (-1) storage (-1)
1433822	1476829175.901 mp65 : disp (3, 1.4) comm (-1) storage (-1)
1433823	1476829175.903 mp66 : disp (-128, 0.0 *) comm (-128) storage (124)
1433824	1476829175.903 mp67 : disp (-128, 0.0 *) comm (-128) storage (124)
1433825	1476829175.903 mp68 : disp (-128, 0.0 *) comm (-128) storage (124)
1433826	1476829175.903 mp69 : disp (-128, 0.0 *) comm (-128) storage (124)
1433827	1476829175.903 mp70 : disp (-128, 0.0 *) comm (-128) storage (124)
1433828	1476829175.904 mp71 : disp (-128, 0.0 *) comm (-128) storage (124)
1433829	1476829175.904 mp72 : disp (-128, 0.0 *) comm (-128) storage (124)
1433830	1476829175.904 mp73 : disp (-128, 0.0 *) comm (-128) storage (124)
1433831	1476829175.904 mp74 : disp (-128, 0.0 *) comm (-128) storage (124)
1433832	1476829175.904 mp75 : disp (-128, 0.0 *) comm (-128) storage (124)
1433833	1476829175.915 mp76 : disp (-128, 0.0 *) comm (-128) storage (124)
1433834	1476829175.918 mp77 : disp (-128, 0.0 *) comm (-128) storage (124)
1433835	1476829175.920 mp78 : disp (-128, 0.0 *) comm (-128) storage (124)
1433836	1476829175.920 mp79 : disp (-128, 0.0 *) comm (-128) storage (124)
1433837	1476829175.951 read server clock
1433838	1476829175.952 reading 1 vars, ttl=1
1433839	1476829175.954 sending frame: I N(R)=4 N(S)=4 Info=8
1433840	1476829175.957 > 7EA01400 0272FB61 98BB90E6 E6000501  ~....r.a........ 
1433841	1476829175.958 > 022BC8F7 1E7E                        .+...~           
1433842	1476829176.084 < 7EA02061 000272FB B80DB3E6 E7000C01  ~. a..r......... 
1433843	1476829176.085 < 00090C07 E00A1303 061323FF 8000001B  ..........#..... 
1433844	1476829176.085 < 6A7E                                 j~               
1433845	1476829176.085 recved frame: I * N(R)=5 N(S)=4 Info=20
1433846	1476829176.088 keepalive stopped
1433847	1476829176.088 server time is 2016-10-19 06:19:34.93
1433848	1476829176.093 time drift (-2s) out of sync window, sync is aborted
1433849	1476829176.132 profile 1.0.99.1.0.255 period=900, objs_num=12, sort_method=1 entries_in_use=0, entries=0
1433850	1476829176.134 start read load profile for 8 mp's from 2016-10-19 06:15:00 to 2016-10-19 06:15:00
1433851	1476829176.136 profile read max step=8:00.00
1433852	1476829176.137 read profile buf [2016-10-19 06:15:00, 2016-10-19 06:15:01]
1433853	1476829176.140 sending frame: I N(R)=5 N(S)=5 Info=59
1433854	1476829176.142 > 7EA04700 0272FB61 BA0A48E6 E6000501  ~.G..r.a..H..... 
1433855	1476829176.143 > 04627801 02040204 12000809 06000001  .bx............. 
1433856	1476829176.144 > 0000FF0F 02120000 090C07E0 0A13FF06  ................ 
1433857	1476829176.146 > 0F000080 0000090C 07E00A13 FF060F01  ................ 
1433858	1476829176.147 > 00800000 01004541 7E                 ......EA~        
1433859	1476829176.509 < 7EA06B61 000272FB DA9D42E6 E7000C01  ~.ka..r...B..... 
1433860	1476829176.510 < 00010102 0C090C07 E00A1303 060F00FF  ................ 
1433861	1476829176.510 < 80000006 00810004 14000000 000014B9  ................ 
1433862	1476829176.510 < E6140000 00000000 19B71400 00000000  ................ 
1433863	1476829176.510 < 01293B14 00000000 00003DAE 05000002  .);.......=..... 
1433864	1476829176.510 < 83050000 00000500 00000005 00000000  ................ 
1433865	1476829176.510 < 05000000 00050000 00006C95 7E        ..........l.~    
1433866	1476829176.511 recved frame: I * N(R)=6 N(S)=5 Info=95
1433867	1476829176.511 profile row 0: 2016-10-19 06:15:00
1433868	1476829176.571 saved 79 mp's at 2016-10-19 06:16:00 (err=0)
1433869	1476829176.625 keepalive stopped
1433870	1476829176.650 saved 1 mp's at 2016-10-19 06:18:00 (err=0)
1433871	1476829176.654 saved 1 mp's at 2016-10-19 06:18:00 (err=0)
1433872	1476829176.662 saved 1 mp's at 2016-10-19 06:18:00 (err=0)
1433873	1476829176.668 saved 1 mp's at 2016-10-19 06:18:00 (err=0)
1433874	1476829176.676 saved 1 mp's at 2016-10-19 06:18:00 (err=0)
1433875	1476829176.684 saved 1 mp's at 2016-10-19 06:18:00 (err=0)
1433876	1476829176.694 saved 1 mp's at 2016-10-19 06:18:00 (err=0)
1433877	1476829176.708 saved 1 mp's at 2016-10-19 06:18:00 (err=0)
1433878	1476829176.715 22 mp's need to read from running registers
1433879	1476829176.729 read registers
1433880	1476829176.746 reading 28 vars, ttl=28
1433881	1476829176.747 sending frame: I N(R)=6 N(S)=6 Info=62 S
1433882	1476829176.749 > 7EA84A00 0272FB61 DCC94DE6 E600051C  ~.J..r.a..M..... 
1433883	1476829176.752 > 021A2002 1B80021A D0021C30 02016002  .. ........0..`. 
1433884	1476829176.752 > 02100202 C0020370 02042002 04D00205  .......p.. ..... 
1433885	1476829176.752 > 80020630 0261D002 63600257 180254B8  ...0.a..c`.W..T. 
1433886	1476829176.753 > 02AD3802 AD5002AE 4845527E           ..8..P..HER~     
1433887	1476829176.914 < 7EA00A61 000272FB F11CE67E           ~..a..r....~     
1433888	1476829176.915 recved frame: RR * N(R)=7
1433889	1476829176.915 sending frame: I N(R)=6 N(S)=7 Info=27
1433890	1476829176.915 > 7EA02700 0272FB61 DEADC902 AE6002AE  ~.'..r.a.....`.. 
1433891	1476829176.916 > D002AEE8 02AF5802 AF7002AF E002AFF8  ......X..p...... 
1433892	1476829176.916 > 02ADC002 ADD8CDCA 7E                 ........~        
1433893	1476829177.694 < 7EA8CB61 000272FB 1C8529E6 E7000C1C  ~..a..r...)..... 
1433894	1476829177.695 < 00140000 00000000 5C4D0014 00000000  ........\M...... 
1433895	1476829177.695 < 00003C2D 00140000 00000000 01800014  ..<-............ 
1433896	1476829177.695 < 00000000 0000CCEE 00140000 00000000  ................ 
1433897	1476829177.695 < 00000014 00000000 00071F72 00140000  ...........r.... 
1433898	1476829177.695 < 00000008 03F80014 00000000 0005967B  ...............{ 
1433899	1476829177.696 < 00140000 00000000 00000014 00000000  ................ 
1433900	1476829177.696 < 0000088E 00140000 00000000 08C00014  ................ 
1433901	1476829177.696 < 00000000 00000869 00050000 00000005  .......i........ 
1433902	1476829177.696 < 00000000 00050000 00C80005 00001387  ................ 
1433903	1476829177.696 < 00050000 00000009 0C07D001 01060000  ................ 
1433904	1476829177.697 < 00FF8000 00000500 00000000 090C07D0  ................ 
1433905	1476829177.697 < 01010600 0000FF80 0000E6C0 7E        ............~    
1433906	1476829177.697 recved frame: I * N(R)=0 N(S)=6 Info=191 S
1433907	1476829177.697 sending frame: RR N(R)=7
1433908	1476829177.698 > 7EA00A00 0272FB61 F1945D7E           ~....r.a..]~     
1433909	1476829177.881 < 7EA06061 000272FB 1E37B400 05000000  ~.`a..r..7...... 
1433910	1476829177.881 < 0000090C 07D00101 06000000 FF800000  ................ 
1433911	1476829177.881 < 00050000 00000009 0C07D001 01060000  ................ 
1433912	1476829177.882 < 00FF8000 00000500 00000000 090C07D0  ................ 
1433913	1476829177.882 < 01010600 0000FF80 00000005 00000016  ................ 
1433914	1476829177.882 < 00090C07 E00A0F06 060000FF 8000007F  ................ 
1433915	1476829177.882 < 657E                                 e~               
1433916	1476829177.882 recved frame: I * N(R)=0 N(S)=7 Info=84
1433917	1476829177.893 keepalive stopped
1433918	1476829178.014 saved 22 mp's using register values
1433919	1476829178.120 keepalive stopped
1433920	1476829178.120 [ERR] profile 0.0.98.133.63.255 not found in server
1433921	1476829178.121 [ERR] profile 0.0.98.133.64.255 not found in server
1433922	1476829178.121 49 mp's use dummy acquisition
1433923	1476829178.315 saved 49 dummy mp's
1433924	1476829178.335 keepalive stopped
1433925	1476829178.418 profile 1.0.99.98.0.255 period=0, objs_num=4, sort_method=1 entries_in_use=0, entries=0
1433926	1476829178.421 start read event log
1433927	1476829178.422 profile read max step=0:56.00
1433928	1476829178.424 read profile buf [2016-10-19 05:18:01, 2016-10-19 06:14:00]
1433929	1476829178.427 sending frame: I N(R)=0 N(S)=0 Info=59
1433930	1476829178.429 > 7EA04700 0272FB61 105A42E6 E6000501  ~.G..r.a.ZB..... 
1433931	1476829178.431 > 0460E801 02040204 12000809 06000001  .`.............. 
1433932	1476829178.432 > 0000FF0F 02120000 090C07E0 0A13FF05  ................ 
1433933	1476829178.433 > 12010080 0000090C 07E00A13 FF060E00  ................ 
1433934	1476829178.438 > 00800000 01009B05 7E                 ........~        
1433935	1476829178.614 < 7EA01461 000272FB 307102E6 E7000C01  ~..a..r.0q...... 
1433936	1476829178.614 < 000100F9 F17E                        .....~           
1433937	1476829178.615 recved frame: I * N(R)=1 N(S)=0 Info=8
1433938	1476829178.619 keepalive stopped
1433939	1476829178.622 read profile buf [2016-10-19 06:14:01, 2016-10-19 06:18:00]
1433940	1476829178.624 sending frame: I N(R)=1 N(S)=1 Info=59
1433941	1476829178.628 > 7EA04700 0272FB61 324A40E6 E6000501  ~.G..r.a2J@..... 
1433942	1476829178.629 > 0460E801 02040204 12000809 06000001  .`.............. 
1433943	1476829178.629 > 0000FF0F 02120000 090C07E0 0A13FF06  ................ 
1433944	1476829178.630 > 0E010080 0000090C 07E00A13 FF061200  ................ 
1433945	1476829178.630 > 00800000 01005AE5 7E                 ......Z.~        
1433946	1476829178.809 < 7EA01461 000272FB 526542E6 E7000C01  ~..a..r.ReB..... 
1433947	1476829178.810 < 000100F9 F17E                        .....~           
1433948	1476829178.810 recved frame: I * N(R)=2 N(S)=1 Info=8
1433949	1476829178.814 keepalive stopped
1433950	1476829178.815 sending frame: DISC
1433951	1476829178.815 > 7EA00A00 0272FB61 538CDB7E           ~....r.aS..~     
1433952	1476829178.914 < 7EA02161 000272FB 73075481 80120501  ~.!a..r.s.T..... 
1433953	1476829178.915 < F806013E 07040000 00010804 00000001  ...>............ 
1433954	1476829178.915 < 480E7E                               H.~              
1433955	1476829178.915 recved frame: UA * Info=21
1433956	1476829178.915 hdlc disconnected
1433957	1476829179.919 closed /dev/tts7 tx=570/13 rx=760/13, recv_delay=1.860s, send_delay=0.000s
1433958	1476829183.180 com=8 meter=2 baud=13 acqtime=2016-10-19 06:18:00
1433959	1476829183.677 opened (3)/dev/tts7 8N1 9600 tx_ipg=24984, rx_ipg=24984 (DTR|RTS|CTS|CAR|RNG)
1433960	1476829183.708 sending frame: SNRM Info=23
1433961	1476829183.715 > 7EA02300 0272FB61 933A3F81 80140502  ~.#..r.a.:?..... 
1433962	1476829183.716 > 07F00602 07F00704 00000001 08040000  ................ 
1433963	1476829183.717 > 00015856 7E                          ..XV~            
1433964	1476829183.844 < 7EA02161 000272FB 73075481 80120501  ~.!a..r.s.T..... 
1433965	1476829183.845 < F806013E 07040000 00010804 00000001  ...>............ 
1433966	1476829183.845 < 480E7E                               H.~              
1433967	1476829183.845 recved frame: UA * Info=21
1433968	1476829183.845 negotiated mtu tx/rx = 79/2049
1433969	1476829183.845 hdlc connected
1433970	1476829183.848 sending frame: I N(R)=0 N(S)=0 Info=54
1433971	1476829183.848 > 7EA04200 0272FB61 10F9B2E6 E6006031  ~.B..r.a......`1 
1433972	1476829183.848 > 80020780 A1090607 60857405 0801028A  ........`.t..... 
1433973	1476829183.848 > 0207808B 07608574 05080202 AC028000  .....`.t........ 
1433974	1476829183.849 > BE0F040D 01000000 065F0400 FFFFFF00  ........._...... 
1433975	1476829183.849 > 00BC7F7E                             ...~             
1433976	1476829184.114 < 7EA05261 000272FB 30BA9DE6 E7006141  ~.Ra..r.0.....aA 
1433977	1476829184.115 < A1090607 60857405 080102A2 03020100  ....`.t......... 
1433978	1476829184.115 < A305A103 02010E88 02078089 07608574  .............`.t 
1433979	1476829184.115 < 05080202 AA0A8008 31363037 30303030  ........16070000 
1433980	1476829184.115 < BE0F040D 0800065F 04001802 200960FA  ......._.... .`. 
1433981	1476829184.115 < 00E39B7E                             ...~             
1433982	1476829184.115 recved frame: I * N(R)=1 N(S)=0 Info=70
1433983	1476829184.118 AARE: app=(2,16,756,5,8,1,2) asso_result=0 (14) initiate err=0 +auth secu_machanism=(2,16,756,5,8,2,2)
1433984	1476829184.118 xdlms param: qos=0 ver=6 max_send_pdu=2400, vaa=fa00
1433985	1476829184.118 sending frame: I N(R)=1 N(S)=1 Info=19
1433986	1476829184.119 > 7EA01F00 0272FB61 3269ECE6 E6000601  ~....r.a2i...... 
1433987	1476829184.119 > 02FA5801 09083238 33423536 373015CE  ..X...283B5670.. 
1433988	1476829184.119 > 7E                                   ~                
1433989	1476829184.224 < 7EA01261 000272FB 52A81AE6 E7000D01  ~..a..r.R....... 
1433990	1476829184.225 < 0007E47E                             ...~             
1433991	1476829184.225 recved frame: I * N(R)=2 N(S)=1 Info=6
1433992	1476829184.225 hls auth ok
1433993	1476829184.225 read LDN
1433994	1476829184.226 reading 1 vars, ttl=1
1433995	1476829184.226 sending frame: I N(R)=2 N(S)=2 Info=8
1433996	1476829184.226 > 7EA01400 0272FB61 54DB9CE6 E6000501  ~....r.aT....... 
1433997	1476829184.226 > 02FD0810 D37E                        .....~           
1433998	1476829184.359 < 7EA02461 000272FB 741BD0E6 E7000C01  ~.$a..r.t....... 
1433999	1476829184.359 < 0009104C 475A3530 35303634 32310000  ...LGZ50506421.. 
1434000	1476829184.360 < 00000040 8E7E                        ...@.~           
1434001	1476829184.360 recved frame: I * N(R)=3 N(S)=2 Info=24
1434002	1476829184.366 keepalive stopped
1434003	1476829184.387 solve obj names:
1434004	1476829184.406 read server info
1434005	1476829184.407 reading 3 vars, ttl=3
1434006	1476829184.408 sending frame: I N(R)=3 N(S)=3 Info=14
1434007	1476829184.410 > 7EA01A00 0272FB61 76EA18E6 E6000503  ~....r.av....... 
1434008	1476829184.410 > 02FF0802 4BD80299 58ED327E           ....K...X.2~     
1434009	1476829184.600 < 7EA02C61 000272FB 96EBCAE6 E7000C03  ~.,a..r......... 
1434010	1476829184.600 < 000A0348 30330006 00000010 00090C07  ...H03.......... 
1434011	1476829184.600 < E00A0106 000000FF 8000FF16 C17E      .............~   
1434012	1476829184.600 recved frame: I * N(R)=4 N(S)=3 Info=32
1434013	1476829184.601 detected a suspicous clock value, status=0xff
1434014	1476829184.710 keepalive stopped
1434015	1476829184.712 ldn: LGZ50506421 ver: H03 vz1: 16 last billing reset: 2016-10-01 00:00:00
1434016	1476829184.807 server objects info:
1434017	1476829184.808 mp1  : ln=1.1.1.8.0.255 class=3-0-23-20010
1434018	1476829184.810 mp3  : ln=1.1.2.8.0.255 class=3-0-23-20010
1434019	1476829184.810 mp5  : ln=1.1.5.8.0.255 class=3-0-23-20010
1434020	1476829184.810 mp6  : ln=1.1.6.8.0.255 class=3-0-23-20010
1434021	1476829184.810 mp7  : ln=1.1.7.8.0.255 class=3-0-23-20010
1434022	1476829184.810 mp8  : ln=1.1.8.8.0.255 class=3-0-23-20010
1434023	1476829184.810 mp9  : ln=1.1.1.8.1.255 class=3-0-23-20010
1434024	1476829184.810 mp10 : ln=1.1.1.8.2.255 class=3-0-23-20010
1434025	1476829184.810 mp11 : ln=1.1.1.8.3.255 class=3-0-23-20010
1434026	1476829184.811 mp12 : ln=1.1.1.8.4.255 class=3-0-23-20010
1434027	1476829184.811 mp17 : ln=1.1.2.8.1.255 class=3-0-23-20010
1434028	1476829184.811 mp18 : ln=1.1.2.8.2.255 class=3-0-23-20010
1434029	1476829184.811 mp19 : ln=1.1.2.8.3.255 class=3-0-23-20010
1434030	1476829184.811 mp20 : ln=1.1.2.8.4.255 class=3-0-23-20010
1434031	1476829184.811 mp41 : ln=1.1.32.7.0.255 class=3-0-21-20009
1434032	1476829184.811 mp42 : ln=1.1.52.7.0.255 class=3-0-21-20009
1434033	1476829184.811 mp43 : ln=1.1.72.7.0.255 class=3-0-21-20009
1434034	1476829184.811 mp44 : ln=1.1.31.7.0.255 class=3-0-21-20009
1434035	1476829184.811 mp45 : ln=1.1.51.7.0.255 class=3-0-21-20009
1434036	1476829184.811 mp46 : ln=1.1.71.7.0.255 class=3-0-21-20009
1434037	1476829184.811 mp47 : ln=1.1.16.7.0.255 class=3-0-21-20009
1434038	1476829184.812 mp51 : ln=1.1.131.7.0.255 class=3-0-21-20009
1434039	1476829184.812 mp55 : ln=1.1.13.7.0.255 class=3-0-21-20009
1434040	1476829184.812 mp59 : ln=1.1.14.7.0.255 class=3-0-21-20009
1434041	1476829184.812 mp60 : ln=1.1.1.6.0.255 class=4-0-0-20051
1434042	1476829184.812 mp61 : ln=1.1.1.6.1.255 class=4-0-0-20051
1434043	1476829184.812 mp62 : ln=1.1.1.6.2.255 class=4-0-0-20051
1434044	1476829184.812 mp63 : ln=1.1.1.6.3.255 class=4-0-0-20051
1434045	1476829184.812 mp64 : ln=1.1.1.6.4.255 class=4-0-0-20051
1434046	1476829184.812 mp65 : ln=1.1.2.6.0.255 class=4-0-0-20051
1434047	1476829184.812 rubish register: ln=0.0.240.10.0.255 class=10620-3
1434048	1476829184.823 value presentation of mp's:
1434049	1476829184.824 mp1  : disp (3, 5.3) comm (0) storage (0)
1434050	1476829184.825 mp2  : disp (-128, 0.0 *) comm (-128) storage (-128)
1434051	1476829184.825 mp3  : disp (3, 5.3) comm (0) storage (0)
1434052	1476829184.825 mp4  : disp (-128, 0.0 *) comm (-128) storage (-128)
1434053	1476829184.825 mp5  : disp (3, 5.3) comm (0) storage (0)
1434054	1476829184.825 mp6  : disp (3, 5.3) comm (0) storage (0)
1434055	1476829184.825 mp7  : disp (3, 5.3) comm (0) storage (0)
1434056	1476829184.826 mp8  : disp (3, 5.3) comm (0) storage (0)
1434057	1476829184.826 mp9  : disp (3, 5.3) comm (0) storage (0)
1434058	1476829184.826 mp10 : disp (3, 5.3) comm (0) storage (0)
1434059	1476829184.826 mp11 : disp (3, 5.3) comm (0) storage (0)
1434060	1476829184.826 mp12 : disp (3, 5.3) comm (0) storage (0)
1434061	1476829184.826 mp13 : disp (-128, 0.0 *) comm (-128) storage (-128)
1434062	1476829184.826 mp14 : disp (-128, 0.0 *) comm (-128) storage (-128)
1434063	1476829184.826 mp15 : disp (-128, 0.0 *) comm (-128) storage (-128)
1434064	1476829184.826 mp16 : disp (-128, 0.0 *) comm (-128) storage (-128)
1434065	1476829184.826 mp17 : disp (3, 5.3) comm (0) storage (0)
1434066	1476829184.826 mp18 : disp (3, 5.3) comm (0) storage (0)
1434067	1476829184.826 mp19 : disp (3, 5.3) comm (0) storage (0)
1434068	1476829184.826 mp20 : disp (3, 5.3) comm (0) storage (0)
1434069	1476829184.826 mp21 : disp (-128, 0.0 *) comm (-128) storage (-128)
1434070	1476829184.827 mp22 : disp (-128, 0.0 *) comm (-128) storage (-128)
1434071	1476829184.827 mp23 : disp (-128, 0.0 *) comm (-128) storage (-128)
1434072	1476829184.827 mp24 : disp (-128, 0.0 *) comm (-128) storage (-128)
1434073	1476829184.827 mp25 : disp (-128, 0.0 *) comm (-128) storage (-128)
1434074	1476829184.827 mp26 : disp (-128, 0.0 *) comm (-128) storage (-128)
1434075	1476829184.827 mp27 : disp (-128, 0.0 *) comm (-128) storage (-128)
1434076	1476829184.827 mp28 : disp (-128, 0.0 *) comm (-128) storage (-128)
1434077	1476829184.827 mp29 : disp (-128, 0.0 *) comm (-128) storage (-128)
1434078	1476829184.827 mp30 : disp (-128, 0.0 *) comm (-128) storage (-128)
1434079	1476829184.827 mp31 : disp (-128, 0.0 *) comm (-128) storage (-128)
1434080	1476829184.827 mp32 : disp (-128, 0.0 *) comm (-128) storage (-128)
1434081	1476829184.827 mp33 : disp (-128, 0.0 *) comm (-128) storage (-128)
1434082	1476829184.828 mp34 : disp (-128, 0.0 *) comm (-128) storage (-128)
1434083	1476829184.828 mp35 : disp (-128, 0.0 *) comm (-128) storage (-128)
1434084	1476829184.828 mp36 : disp (-128, 0.0 *) comm (-128) storage (-128)
1434085	1476829184.828 mp37 : disp (-128, 0.0 *) comm (-128) storage (-128)
1434086	1476829184.828 mp38 : disp (-128, 0.0 *) comm (-128) storage (-128)
1434087	1476829184.828 mp39 : disp (-128, 0.0 *) comm (-128) storage (-128)
1434088	1476829184.828 mp40 : disp (-128, 0.0 *) comm (-128) storage (-128)
1434089	1476829184.828 mp41 : disp (0, 3.1) comm (-1) storage (-1)
1434090	1476829184.828 mp42 : disp (0, 3.1) comm (-1) storage (-1)
1434091	1476829184.828 mp43 : disp (0, 3.1) comm (-1) storage (-1)
1434092	1476829184.829 mp44 : disp (0, 1.3) comm (-3) storage (-3)
1434093	1476829184.829 mp45 : disp (0, 1.3) comm (-3) storage (-3)
1434094	1476829184.829 mp46 : disp (0, 1.3) comm (-3) storage (-3)
1434095	1476829184.829 mp47 : disp (3, 1.3) comm (0) storage (0)
1434096	1476829184.829 mp48 : disp (-128, 0.0 *) comm (-128) storage (-128)
1434097	1476829184.829 mp49 : disp (-128, 0.0 *) comm (-128) storage (-128)
1434098	1476829184.829 mp50 : disp (-128, 0.0 *) comm (-128) storage (-128)
1434099	1476829184.835 mp51 : disp (3, 1.3) comm (0) storage (0)
1434100	1476829184.836 mp52 : disp (-128, 0.0 *) comm (-128) storage (-128)
1434101	1476829184.837 mp53 : disp (-128, 0.0 *) comm (-128) storage (-128)
1434102	1476829184.838 mp54 : disp (-128, 0.0 *) comm (-128) storage (-128)
1434103	1476829184.839 mp55 : disp (0, 1.2) comm (-2) storage (-2)
1434104	1476829184.839 mp56 : disp (-128, 0.0 *) comm (-128) storage (-128)
1434105	1476829184.840 mp57 : disp (-128, 0.0 *) comm (-128) storage (-128)
1434106	1476829184.840 mp58 : disp (-128, 0.0 *) comm (-128) storage (-128)
1434107	1476829184.840 mp59 : disp (0, 2.2) comm (-2) storage (-2)
1434108	1476829184.840 mp60 : disp (3, 1.4) comm (-1) storage (-1)
1434109	1476829184.840 mp61 : disp (3, 1.4) comm (-1) storage (-1)
1434110	1476829184.840 mp62 : disp (3, 1.4) comm (-1) storage (-1)
1434111	1476829184.840 mp63 : disp (3, 1.4) comm (-1) storage (-1)
1434112	1476829184.840 mp64 : disp (3, 1.4) comm (-1) storage (-1)
1434113	1476829184.840 mp65 : disp (3, 1.4) comm (-1) storage (-1)
1434114	1476829184.840 mp66 : disp (-128, 0.0 *) comm (-128) storage (124)
1434115	1476829184.840 mp67 : disp (-128, 0.0 *) comm (-128) storage (124)
1434116	1476829184.840 mp68 : disp (-128, 0.0 *) comm (-128) storage (124)
1434117	1476829184.841 mp69 : disp (-128, 0.0 *) comm (-128) storage (124)
1434118	1476829184.841 mp70 : disp (-128, 0.0 *) comm (-128) storage (124)
1434119	1476829184.841 mp71 : disp (-128, 0.0 *) comm (-128) storage (124)
1434120	1476829184.841 mp72 : disp (-128, 0.0 *) comm (-128) storage (124)
1434121	1476829184.841 mp73 : disp (-128, 0.0 *) comm (-128) storage (124)
1434122	1476829184.841 mp74 : disp (-128, 0.0 *) comm (-128) storage (124)
1434123	1476829184.841 mp75 : disp (-128, 0.0 *) comm (-128) storage (124)
1434124	1476829184.841 mp76 : disp (-128, 0.0 *) comm (-128) storage (124)
1434125	1476829184.841 mp77 : disp (-128, 0.0 *) comm (-128) storage (124)
1434126	1476829184.842 mp78 : disp (-128, 0.0 *) comm (-128) storage (124)
1434127	1476829184.842 mp79 : disp (-128, 0.0 *) comm (-128) storage (124)
1434128	1476829184.876 read server clock
1434129	1476829184.877 reading 1 vars, ttl=1
1434130	1476829184.879 sending frame: I N(R)=4 N(S)=4 Info=8
1434131	1476829184.880 > 7EA01400 0272FB61 98BB90E6 E6000501  ~....r.a........ 
1434132	1476829184.880 > 022BC8F7 1E7E                        .+...~           
1434133	1476829185.004 < 7EA02061 000272FB B80DB3E6 E7000C01  ~. a..r......... 
1434134	1476829185.005 < 00090C07 E00A1303 06132BFF 8000003B  ..........+....; 
1434135	1476829185.005 < 307E                                 0~               
1434136	1476829185.005 recved frame: I * N(R)=5 N(S)=4 Info=20
1434137	1476829185.007 keepalive stopped
1434138	1476829185.008 server time is 2016-10-19 06:19:42.93
1434139	1476829185.016 time drift (-3s) out of sync window, sync is aborted
1434140	1476829185.057 profile 1.0.99.1.0.255 period=900, objs_num=12, sort_method=1 entries_in_use=0, entries=0
1434141	1476829185.060 start read load profile for 8 mp's from 2016-10-19 06:15:00 to 2016-10-19 06:15:00
1434142	1476829185.061 profile read max step=8:00.00
1434143	1476829185.063 read profile buf [2016-10-19 06:15:00, 2016-10-19 06:15:01]
1434144	1476829185.064 sending frame: I N(R)=5 N(S)=5 Info=59
1434145	1476829185.066 > 7EA04700 0272FB61 BA0A48E6 E6000501  ~.G..r.a..H..... 
1434146	1476829185.067 > 04627801 02040204 12000809 06000001  .bx............. 
1434147	1476829185.069 > 0000FF0F 02120000 090C07E0 0A13FF06  ................ 
1434148	1476829185.070 > 0F000080 0000090C 07E00A13 FF060F01  ................ 
1434149	1476829185.070 > 00800000 01004541 7E                 ......EA~        
1434150	1476829185.424 < 7EA06B61 000272FB DA9D42E6 E7000C01  ~.ka..r...B..... 
1434151	1476829185.425 < 00010102 0C090C07 E00A1303 060F00FF  ................ 
1434152	1476829185.425 < 80000006 00810004 14000000 000014B9  ................ 
1434153	1476829185.425 < E6140000 00000000 19B71400 00000000  ................ 
1434154	1476829185.425 < 01293B14 00000000 00003DAE 05000002  .);.......=..... 
1434155	1476829185.425 < 83050000 00000500 00000005 00000000  ................ 
1434156	1476829185.425 < 05000000 00050000 00006C95 7E        ..........l.~    
1434157	1476829185.426 recved frame: I * N(R)=6 N(S)=5 Info=95
1434158	1476829185.426 profile row 0: 2016-10-19 06:15:00
1434159	1476829185.543 saved 79 mp's at 2016-10-19 06:16:00 (err=0)
1434160	1476829185.545 keepalive stopped
1434161	1476829185.612 saved 1 mp's at 2016-10-19 06:18:00 (err=0)
1434162	1476829185.617 saved 1 mp's at 2016-10-19 06:18:00 (err=0)
1434163	1476829185.620 saved 1 mp's at 2016-10-19 06:18:00 (err=0)
1434164	1476829185.623 saved 1 mp's at 2016-10-19 06:18:00 (err=0)
1434165	1476829185.625 saved 1 mp's at 2016-10-19 06:18:00 (err=0)
1434166	1476829185.628 saved 1 mp's at 2016-10-19 06:18:00 (err=0)
1434167	1476829185.641 saved 1 mp's at 2016-10-19 06:18:00 (err=0)
1434168	1476829185.646 saved 1 mp's at 2016-10-19 06:18:00 (err=0)
1434169	1476829185.647 22 mp's need to read from running registers
1434170	1476829185.649 read registers
1434171	1476829185.657 reading 28 vars, ttl=28
1434172	1476829185.658 sending frame: I N(R)=6 N(S)=6 Info=62 S
1434173	1476829185.660 > 7EA84A00 0272FB61 DCC94DE6 E600051C  ~.J..r.a..M..... 
1434174	1476829185.660 > 021A2002 1B80021A D0021C30 02016002  .. ........0..`. 
1434175	1476829185.660 > 02100202 C0020370 02042002 04D00205  .......p.. ..... 
1434176	1476829185.661 > 80020630 0261D002 63600257 180254B8  ...0.a..c`.W..T. 
1434177	1476829185.661 > 02AD3802 AD5002AE 4845527E           ..8..P..HER~     
1434178	1476829185.820 < 7EA00A61 000272FB F11CE67E           ~..a..r....~     
1434179	1476829185.820 recved frame: RR * N(R)=7
1434180	1476829185.820 sending frame: I N(R)=6 N(S)=7 Info=27
1434181	1476829185.821 > 7EA02700 0272FB61 DEADC902 AE6002AE  ~.'..r.a.....`.. 
1434182	1476829185.821 > D002AEE8 02AF5802 AF7002AF E002AFF8  ......X..p...... 
1434183	1476829185.821 > 02ADC002 ADD8CDCA 7E                 ........~        
1434184	1476829186.584 < 7EA8CB61 000272FB 1C8529E6 E7000C1C  ~..a..r...)..... 
1434185	1476829186.585 < 00140000 00000000 5C4D0014 00000000  ........\M...... 
1434186	1476829186.585 < 00003C2D 00140000 00000000 01800014  ..<-............ 
1434187	1476829186.585 < 00000000 0000CCEE 00140000 00000000  ................ 
1434188	1476829186.585 < 00000014 00000000 00071F72 00140000  ...........r.... 
1434189	1476829186.585 < 00000008 03F80014 00000000 0005967B  ...............{ 
1434190	1476829186.585 < 00140000 00000000 00000014 00000000  ................ 
1434191	1476829186.586 < 0000088E 00140000 00000000 08C00014  ................ 
1434192	1476829186.586 < 00000000 00000869 00050000 00000005  .......i........ 
1434193	1476829186.586 < 00000000 00050000 00C80005 00001386  ................ 
1434194	1476829186.586 < 00050000 00000009 0C07D001 01060000  ................ 
1434195	1476829186.586 < 00FF8000 00000500 00000000 090C07D0  ................ 
1434196	1476829186.587 < 01010600 0000FF80 000022AF 7E        ..........".~    
1434197	1476829186.587 recved frame: I * N(R)=0 N(S)=6 Info=191 S
1434198	1476829186.587 sending frame: RR N(R)=7
1434199	1476829186.587 > 7EA00A00 0272FB61 F1945D7E           ~....r.a..]~     
1434200	1476829186.769 < 7EA06061 000272FB 1E37B400 05000000  ~.`a..r..7...... 
1434201	1476829186.770 < 0000090C 07D00101 06000000 FF800000  ................ 
1434202	1476829186.770 < 00050000 00000009 0C07D001 01060000  ................ 
1434203	1476829186.770 < 00FF8000 00000500 00000000 090C07D0  ................ 
1434204	1476829186.770 < 01010600 0000FF80 00000005 00000016  ................ 
1434205	1476829186.770 < 00090C07 E00A0F06 060000FF 8000007F  ................ 
1434206	1476829186.770 < 657E                                 e~               
1434207	1476829186.771 recved frame: I * N(R)=0 N(S)=7 Info=84
1434208	1476829186.773 keepalive stopped
1434209	1476829186.839 saved 22 mp's using register values
1434210	1476829186.890 keepalive stopped
1434211	1476829186.890 [ERR] profile 0.0.98.133.63.255 not found in server
1434212	1476829186.890 [ERR] profile 0.0.98.133.64.255 not found in server
1434213	1476829186.891 49 mp's use dummy acquisition
1434214	1476829187.162 saved 49 dummy mp's
1434215	1476829187.210 keepalive stopped
1434216	1476829187.309 profile 1.0.99.98.0.255 period=0, objs_num=4, sort_method=1 entries_in_use=0, entries=0
1434217	1476829187.310 start read event log
1434218	1476829187.311 profile read max step=0:56.00
1434219	1476829187.315 read profile buf [2016-10-19 05:18:01, 2016-10-19 06:14:00]
1434220	1476829187.316 sending frame: I N(R)=0 N(S)=0 Info=59
1434221	1476829187.318 > 7EA04700 0272FB61 105A42E6 E6000501  ~.G..r.a.ZB..... 
1434222	1476829187.319 > 0460E801 02040204 12000809 06000001  .`.............. 
1434223	1476829187.325 > 0000FF0F 02120000 090C07E0 0A13FF05  ................ 
1434224	1476829187.327 > 12010080 0000090C 07E00A13 FF060E00  ................ 
1434225	1476829187.328 > 00800000 01009B05 7E                 ........~        
1434226	1476829187.519 < 7EA01461 000272FB 307102E6 E7000C01  ~..a..r.0q...... 
1434227	1476829187.520 < 000100F9 F17E                        .....~           
1434228	1476829187.520 recved frame: I * N(R)=1 N(S)=0 Info=8
1434229	1476829187.524 keepalive stopped
1434230	1476829187.527 read profile buf [2016-10-19 06:14:01, 2016-10-19 06:18:00]
1434231	1476829187.528 sending frame: I N(R)=1 N(S)=1 Info=59
1434232	1476829187.536 > 7EA04700 0272FB61 324A40E6 E6000501  ~.G..r.a2J@..... 
1434233	1476829187.536 > 0460E801 02040204 12000809 06000001  .`.............. 
1434234	1476829187.538 > 0000FF0F 02120000 090C07E0 0A13FF06  ................ 
1434235	1476829187.544 > 0E010080 0000090C 07E00A13 FF061200  ................ 
1434236	1476829187.545 > 00800000 01005AE5 7E                 ......Z.~        
1434237	1476829187.784 < 7EA02561 000272FB 52FA0BE6 E7000C01  ~.%a..r.R....... 
1434238	1476829187.785 < 00E6E700 0C01000F 06060000 FF800000  ................ 
1434239	1476829187.785 < 05000100 E44E7E                      .....N~          
1434240	1476829187.785 recved frame: I * N(R)=2 N(S)=1 Info=25
1434241	1476829187.785 [ERR] unrecognized tag of data: 230
1434242	1476829187.786 sending frame: DISC
1434243	1476829187.786 > 7EA00A00 0272FB61 538CDB7E           ~....r.aS..~     
1434244	1476829195.794 [WARNING] seri_phy recv timeout
1434245	1476829195.795 sending frame: DISC
1434246	1476829195.795 > 7EA00A00 0272FB61 538CDB7E           ~....r.aS..~     
1434247	1476829203.804 [WARNING] seri_phy recv timeout
1434248	1476829203.804 sending frame: DISC
1434249	1476829203.805 > 7EA00A00 0272FB61 538CDB7E           ~....r.aS..~     
1434250	1476829211.816 [WARNING] seri_phy recv timeout
1434251	1476829211.816 [WARNING] hdlc_fsm reached max_nb_of_retries: 3
1434252	1476829212.816 closed /dev/tts7 tx=594/15 rx=742/12, recv_delay=25.856s, send_delay=0.000s
1434253	1476829216.041 com=8 meter=2 baud=13 acqtime=2016-10-19 06:20:00
1434254	1476829216.560 opened (3)/dev/tts7 8N1 9600 tx_ipg=24984, rx_ipg=24984 (DTR|RTS|CTS|CAR|RNG)
1434255	1476829216.586 sending frame: SNRM Info=23
1434256	1476829216.589 > 7EA02300 0272FB61 933A3F81 80140502  ~.#..r.a.:?..... 
1434257	1476829216.592 > 07F00602 07F00704 00000001 08040000  ................ 
1434258	1476829216.593 > 00015856 7E                          ..XV~            
1434259	1476829224.605 [WARNING] seri_phy recv timeout
1434260	1476829224.605 sending frame: SNRM Info=23
1434261	1476829224.606 > 7EA02300 0272FB61 933A3F81 80140502  ~.#..r.a.:?..... 
1434262	1476829224.606 > 07F00602 07F00704 00000001 08040000  ................ 
1434263	1476829224.606 > 00015856 7E                          ..XV~            
1434264	1476829232.614 [WARNING] seri_phy recv timeout
1434265	1476829232.615 sending frame: SNRM Info=23
1434266	1476829232.615 > 7EA02300 0272FB61 933A3F81 80140502  ~.#..r.a.:?..... 
1434267	1476829232.615 > 07F00602 07F00704 00000001 08040000  ................ 
1434268	1476829232.616 > 00015856 7E                          ..XV~            
1434269	1476829240.624 [WARNING] seri_phy recv timeout
1434270	1476829240.625 [WARNING] hdlc_fsm reached max_nb_of_retries: 3
1434271	1476829240.625 sending frame: DISC
1434272	1476829240.625 > 7EA00A00 0272FB61 538CDB7E           ~....r.aS..~     
1434273	1476829248.634 [WARNING] seri_phy recv timeout
1434274	1476829248.635 sending frame: DISC
1434275	1476829248.635 > 7EA00A00 0272FB61 538CDB7E           ~....r.aS..~     
1434276	1476829256.644 [WARNING] seri_phy recv timeout
1434277	1476829256.645 sending frame: DISC
1434278	1476829256.645 > 7EA00A00 0272FB61 538CDB7E           ~....r.aS..~     
1434279	1476829264.655 [WARNING] seri_phy recv timeout
1434280	1476829264.655 [WARNING] hdlc_fsm reached max_nb_of_retries: 3
1434281	1476829264.660 saved 1 mp's at 2016-10-19 06:20:00 (err=0)
1434282	1476829264.665 saved 1 mp's at 2016-10-19 06:20:00 (err=0)
1434283	1476829264.669 saved 1 mp's at 2016-10-19 06:20:00 (err=0)
1434284	1476829264.674 saved 1 mp's at 2016-10-19 06:20:00 (err=0)
1434285	1476829264.683 saved 1 mp's at 2016-10-19 06:20:00 (err=0)
1434286	1476829264.691 saved 1 mp's at 2016-10-19 06:20:00 (err=0)
1434287	1476829264.693 saved 1 mp's at 2016-10-19 06:20:00 (err=0)
1434288	1476829264.696 saved 1 mp's at 2016-10-19 06:20:00 (err=0)
1434289	1476829264.698 saved 1 mp's at 2016-10-19 06:20:00 (err=0)
1434290	1476829264.702 saved 1 mp's at 2016-10-19 06:20:00 (err=0)
1434291	1476829264.706 saved 1 mp's at 2016-10-19 06:20:00 (err=0)
1434292	1476829264.711 saved 1 mp's at 2016-10-19 06:20:00 (err=0)
1434293	1476829264.715 saved 1 mp's at 2016-10-19 06:20:00 (err=0)
1434294	1476829264.718 saved 1 mp's at 2016-10-19 06:20:00 (err=0)
1434295	1476829264.723 saved 1 mp's at 2016-10-19 06:20:00 (err=0)
1434296	1476829264.730 saved 1 mp's at 2016-10-19 06:20:00 (err=0)
1434297	1476829264.735 saved 1 mp's at 2016-10-19 06:20:00 (err=0)
1434298	1476829264.742 saved 1 mp's at 2016-10-19 06:20:00 (err=0)
1434299	1476829264.747 saved 1 mp's at 2016-10-19 06:20:00 (err=0)
1434300	1476829264.752 saved 1 mp's at 2016-10-19 06:20:00 (err=0)
1434301	1476829264.757 saved 1 mp's at 2016-10-19 06:20:00 (err=0)
1434302	1476829264.762 saved 1 mp's at 2016-10-19 06:20:00 (err=0)
1434303	1476829264.765 saved 1 mp's at 2016-10-19 06:20:00 (err=0)
1434304	1476829264.768 saved 1 mp's at 2016-10-19 06:20:00 (err=0)
1434305	1476829264.771 saved 1 mp's at 2016-10-19 06:20:00 (err=0)
1434306	1476829264.773 saved 1 mp's at 2016-10-19 06:20:00 (err=0)
1434307	1476829264.781 saved 1 mp's at 2016-10-19 06:20:00 (err=0)
1434308	1476829264.784 saved 1 mp's at 2016-10-19 06:20:00 (err=0)
1434309	1476829264.793 saved 1 mp's at 2016-10-19 06:20:00 (err=0)
1434310	1476829264.796 saved 1 mp's at 2016-10-19 06:20:00 (err=0)
1434311	1476829264.799 saved 1 mp's at 2016-10-19 06:20:00 (err=0)
1434312	1476829264.802 saved 1 mp's at 2016-10-19 06:20:00 (err=0)
1434313	1476829264.808 saved 1 mp's at 2016-10-19 06:20:00 (err=0)
1434314	1476829264.811 saved 1 mp's at 2016-10-19 06:20:00 (err=0)
1434315	1476829264.814 saved 1 mp's at 2016-10-19 06:20:00 (err=0)
1434316	1476829264.818 saved 1 mp's at 2016-10-19 06:20:00 (err=0)
1434317	1476829264.824 saved 1 mp's at 2016-10-19 06:20:00 (err=0)
1434318	1476829264.839 saved 1 mp's at 2016-10-19 06:20:00 (err=0)
1434319	1476829264.846 saved 1 mp's at 2016-10-19 06:20:00 (err=0)
1434320	1476829264.854 saved 1 mp's at 2016-10-19 06:20:00 (err=0)
1434321	1476829264.863 saved 1 mp's at 2016-10-19 06:20:00 (err=0)
1434322	1476829264.872 saved 1 mp's at 2016-10-19 06:20:00 (err=0)
1434323	1476829264.877 saved 1 mp's at 2016-10-19 06:20:00 (err=0)
1434324	1476829264.885 saved 1 mp's at 2016-10-19 06:20:00 (err=0)
1434325	1476829264.889 saved 1 mp's at 2016-10-19 06:20:00 (err=0)
1434326	1476829264.900 saved 1 mp's at 2016-10-19 06:20:00 (err=0)
1434327	1476829264.906 saved 1 mp's at 2016-10-19 06:20:00 (err=0)
1434328	1476829264.915 saved 1 mp's at 2016-10-19 06:20:00 (err=0)
1434329	1476829264.918 saved 1 mp's at 2016-10-19 06:20:00 (err=0)
1434330	1476829264.921 saved 1 mp's at 2016-10-19 06:20:00 (err=0)
1434331	1476829264.923 saved 1 mp's at 2016-10-19 06:20:00 (err=0)
1434332	1476829264.926 saved 1 mp's at 2016-10-19 06:20:00 (err=0)
1434333	1476829264.929 saved 1 mp's at 2016-10-19 06:20:00 (err=0)
1434334	1476829264.932 saved 1 mp's at 2016-10-19 06:20:00 (err=0)
1434335	1476829264.941 saved 1 mp's at 2016-10-19 06:20:00 (err=0)
1434336	1476829264.943 saved 1 mp's at 2016-10-19 06:20:00 (err=0)
1434337	1476829264.946 saved 1 mp's at 2016-10-19 06:20:00 (err=0)
1434338	1476829264.948 saved 1 mp's at 2016-10-19 06:20:00 (err=0)
1434339	1476829264.955 saved 1 mp's at 2016-10-19 06:20:00 (err=0)
1434340	1476829264.958 saved 1 mp's at 2016-10-19 06:20:00 (err=0)
1434341	1476829264.962 saved 1 mp's at 2016-10-19 06:20:00 (err=0)
1434342	1476829264.965 saved 1 mp's at 2016-10-19 06:20:00 (err=0)
1434343	1476829264.968 saved 1 mp's at 2016-10-19 06:20:00 (err=0)
1434344	1476829264.971 saved 1 mp's at 2016-10-19 06:20:00 (err=0)
1434345	1476829264.974 saved 1 mp's at 2016-10-19 06:20:00 (err=0)
1434346	1476829264.982 saved 1 mp's at 2016-10-19 06:20:00 (err=0)
1434347	1476829264.989 saved 1 mp's at 2016-10-19 06:20:00 (err=0)
1434348	1476829264.997 saved 1 mp's at 2016-10-19 06:20:00 (err=0)
1434349	1476829264.999 saved 1 mp's at 2016-10-19 06:20:00 (err=0)
1434350	1476829265.009 saved 1 mp's at 2016-10-19 06:20:00 (err=0)
1434351	1476829265.016 saved 1 mp's at 2016-10-19 06:20:00 (err=0)
1434352	1476829265.025 saved 1 mp's at 2016-10-19 06:20:00 (err=0)
1434353	1476829265.029 saved 1 mp's at 2016-10-19 06:20:00 (err=0)
1434354	1476829265.034 saved 1 mp's at 2016-10-19 06:20:00 (err=0)
1434355	1476829265.039 saved 1 mp's at 2016-10-19 06:20:00 (err=0)
1434356	1476829265.043 saved 1 mp's at 2016-10-19 06:20:00 (err=0)
1434357	1476829265.047 saved 1 mp's at 2016-10-19 06:20:00 (err=0)
1434358	1476829265.057 saved 1 mp's at 2016-10-19 06:20:00 (err=0)
1434359	1476829265.061 saved 1 mp's at 2016-10-19 06:20:00 (err=0)
1434360	1476829266.065 closed /dev/tts7 tx=147/6 rx=0/0, recv_delay=48.061s, send_delay=0.000s
1434361	ERR: xdlms error, exit code = 1
1434362	1476829466.346 com=8 meter=2 baud=13 acqtime=2016-10-19 06:24:00
1434363	1476829466.920 opened (3)/dev/tts7 8N1 9600 tx_ipg=24984, rx_ipg=24984 (DTR|RTS|CTS|CAR|RNG)
1434364	1476829466.951 sending frame: SNRM Info=23
1434365	1476829466.954 > 7EA02300 0272FB61 933A3F81 80140502  ~.#..r.a.:?..... 
1434366	1476829466.960 > 07F00602 07F00704 00000001 08040000  ................ 
1434367	1476829466.961 > 00015856 7E                          ..XV~            
1434368	1476829467.080 < 7EA02161 000272FB 73075481 80120501  ~.!a..r.s.T..... 
1434369	1476829467.080 < F806013E 07040000 00010804 00000001  ...>............ 
1434370	1476829467.080 < 480E7E                               H.~              
1434371	1476829467.080 recved frame: UA * Info=21
1434372	1476829467.081 negotiated mtu tx/rx = 79/2049
1434373	1476829467.081 hdlc connected
1434374	1476829467.083 sending frame: I N(R)=0 N(S)=0 Info=54
1434375	1476829467.083 > 7EA04200 0272FB61 10F9B2E6 E6006031  ~.B..r.a......`1 
1434376	1476829467.084 > 80020780 A1090607 60857405 0801028A  ........`.t..... 
1434377	1476829467.084 > 0207808B 07608574 05080202 AC028000  .....`.t........ 
1434378	1476829467.084 > BE0F040D 01000000 065F0400 FFFFFF00  ........._...... 
1434379	1476829467.084 > 00BC7F7E                             ...~             
1434380	1476829467.325 < 7EA05261 000272FB 30BA9DE6 E7006141  ~.Ra..r.0.....aA 
1434381	1476829467.325 < A1090607 60857405 080102A2 03020100  ....`.t......... 
1434382	1476829467.325 < A305A103 02010E88 02078089 07608574  .............`.t 
1434383	1476829467.325 < 05080202 AA0A8008 33393037 30303030  ........39070000 
1434384	1476829467.326 < BE0F040D 0800065F 04001802 200960FA  ......._.... .`. 
1434385	1476829467.326 < 00DAD17E                             ...~             
1434386	1476829467.326 recved frame: I * N(R)=1 N(S)=0 Info=70
1434387	1476829467.328 AARE: app=(2,16,756,5,8,1,2) asso_result=0 (14) initiate err=0 +auth secu_machanism=(2,16,756,5,8,2,2)
1434388	1476829467.328 xdlms param: qos=0 ver=6 max_send_pdu=2400, vaa=fa00
1434389	1476829467.329 sending frame: I N(R)=1 N(S)=1 Info=19
1434390	1476829467.335 > 7EA01F00 0272FB61 3269ECE6 E6000601  ~....r.a2i...... 
1434391	1476829467.336 > 02FA5801 09083442 33423536 3730BF2B  ..X...4B3B5670.+ 
1434392	1476829467.337 > 7E                                   ~                
1434393	1476829467.475 < 7EA01261 000272FB 52A81AE6 E7000D01  ~..a..r.R....... 
1434394	1476829467.475 < 0007E47E                             ...~             
1434395	1476829467.475 recved frame: I * N(R)=2 N(S)=1 Info=6
1434396	1476829467.475 hls auth ok
1434397	1476829467.476 read LDN
1434398	1476829467.476 reading 1 vars, ttl=1
1434399	1476829467.476 sending frame: I N(R)=2 N(S)=2 Info=8
1434400	1476829467.476 > 7EA01400 0272FB61 54DB9CE6 E6000501  ~....r.aT....... 
1434401	1476829467.477 > 02FD0810 D37E                        .....~           
1434402	1476829467.615 < 7EA02461 000272FB 741BD0E6 E7000C01  ~.$a..r.t....... 
1434403	1476829467.615 < 0009104C 475A3530 35303634 32310000  ...LGZ50506421.. 
1434404	1476829467.615 < 00000040 8E7E                        ...@.~           
1434405	1476829467.615 recved frame: I * N(R)=3 N(S)=2 Info=24
1434406	1476829467.621 keepalive stopped
1434407	1476829467.659 solve obj names:
1434408	1476829467.680 read server info
1434409	1476829467.682 reading 3 vars, ttl=3
1434410	1476829467.683 sending frame: I N(R)=3 N(S)=3 Info=14
1434411	1476829467.685 > 7EA01A00 0272FB61 76EA18E6 E6000503  ~....r.av....... 
1434412	1476829467.686 > 02FF0802 4BD80299 58ED327E           ....K...X.2~     
1434413	1476829467.870 < 7EA02C61 000272FB 96EBCAE6 E7000C03  ~.,a..r......... 
1434414	1476829467.870 < 000A0348 30330006 00000010 00090C07  ...H03.......... 
1434415	1476829467.870 < E00A0106 000000FF 8000FF16 C17E      .............~   
1434416	1476829467.870 recved frame: I * N(R)=4 N(S)=3 Info=32
1434417	1476829467.871 detected a suspicous clock value, status=0xff
1434418	1476829467.980 keepalive stopped
1434419	1476829467.980 ldn: LGZ50506421 ver: H03 vz1: 16 last billing reset: 2016-10-01 00:00:00
1434420	1476829468.065 server objects info:
1434421	1476829468.069 mp1  : ln=1.1.1.8.0.255 class=3-0-23-20010
1434422	1476829468.070 mp3  : ln=1.1.2.8.0.255 class=3-0-23-20010
1434423	1476829468.071 mp5  : ln=1.1.5.8.0.255 class=3-0-23-20010
1434424	1476829468.073 mp6  : ln=1.1.6.8.0.255 class=3-0-23-20010
1434425	1476829468.074 mp7  : ln=1.1.7.8.0.255 class=3-0-23-20010
1434426	1476829468.075 mp8  : ln=1.1.8.8.0.255 class=3-0-23-20010
1434427	1476829468.075 mp9  : ln=1.1.1.8.1.255 class=3-0-23-20010
1434428	1476829468.075 mp10 : ln=1.1.1.8.2.255 class=3-0-23-20010
1434429	1476829468.075 mp11 : ln=1.1.1.8.3.255 class=3-0-23-20010
1434430	1476829468.075 mp12 : ln=1.1.1.8.4.255 class=3-0-23-20010
1434431	1476829468.075 mp17 : ln=1.1.2.8.1.255 class=3-0-23-20010
1434432	1476829468.075 mp18 : ln=1.1.2.8.2.255 class=3-0-23-20010
1434433	1476829468.075 mp19 : ln=1.1.2.8.3.255 class=3-0-23-20010
1434434	1476829468.075 mp20 : ln=1.1.2.8.4.255 class=3-0-23-20010
1434435	1476829468.075 mp41 : ln=1.1.32.7.0.255 class=3-0-21-20009
1434436	1476829468.075 mp42 : ln=1.1.52.7.0.255 class=3-0-21-20009
1434437	1476829468.076 mp43 : ln=1.1.72.7.0.255 class=3-0-21-20009
1434438	1476829468.076 mp44 : ln=1.1.31.7.0.255 class=3-0-21-20009
1434439	1476829468.076 mp45 : ln=1.1.51.7.0.255 class=3-0-21-20009
1434440	1476829468.076 mp46 : ln=1.1.71.7.0.255 class=3-0-21-20009
1434441	1476829468.076 mp47 : ln=1.1.16.7.0.255 class=3-0-21-20009
1434442	1476829468.076 mp51 : ln=1.1.131.7.0.255 class=3-0-21-20009
1434443	1476829468.076 mp55 : ln=1.1.13.7.0.255 class=3-0-21-20009
1434444	1476829468.076 mp59 : ln=1.1.14.7.0.255 class=3-0-21-20009
1434445	1476829468.076 mp60 : ln=1.1.1.6.0.255 class=4-0-0-20051
1434446	1476829468.076 mp61 : ln=1.1.1.6.1.255 class=4-0-0-20051
1434447	1476829468.076 mp62 : ln=1.1.1.6.2.255 class=4-0-0-20051
1434448	1476829468.076 mp63 : ln=1.1.1.6.3.255 class=4-0-0-20051
1434449	1476829468.076 mp64 : ln=1.1.1.6.4.255 class=4-0-0-20051
1434450	1476829468.077 mp65 : ln=1.1.2.6.0.255 class=4-0-0-20051
1434451	1476829468.077 rubish register: ln=0.0.240.10.0.255 class=10620-3
1434452	1476829468.086 value presentation of mp's:
1434453	1476829468.087 mp1  : disp (3, 5.3) comm (0) storage (0)
1434454	1476829468.088 mp2  : disp (-128, 0.0 *) comm (-128) storage (-128)
1434455	1476829468.089 mp3  : disp (3, 5.3) comm (0) storage (0)
1434456	1476829468.090 mp4  : disp (-128, 0.0 *) comm (-128) storage (-128)
1434457	1476829468.091 mp5  : disp (3, 5.3) comm (0) storage (0)
1434458	1476829468.092 mp6  : disp (3, 5.3) comm (0) storage (0)
1434459	1476829468.093 mp7  : disp (3, 5.3) comm (0) storage (0)
1434460	1476829468.095 mp8  : disp (3, 5.3) comm (0) storage (0)
1434461	1476829468.095 mp9  : disp (3, 5.3) comm (0) storage (0)
1434462	1476829468.095 mp10 : disp (3, 5.3) comm (0) storage (0)
1434463	1476829468.095 mp11 : disp (3, 5.3) comm (0) storage (0)
1434464	1476829468.095 mp12 : disp (3, 5.3) comm (0) storage (0)
1434465	1476829468.096 mp13 : disp (-128, 0.0 *) comm (-128) storage (-128)
1434466	1476829468.096 mp14 : disp (-128, 0.0 *) comm (-128) storage (-128)
1434467	1476829468.096 mp15 : disp (-128, 0.0 *) comm (-128) storage (-128)
1434468	1476829468.096 mp16 : disp (-128, 0.0 *) comm (-128) storage (-128)
1434469	1476829468.096 mp17 : disp (3, 5.3) comm (0) storage (0)
1434470	1476829468.096 mp18 : disp (3, 5.3) comm (0) storage (0)
1434471	1476829468.096 mp19 : disp (3, 5.3) comm (0) storage (0)
1434472	1476829468.096 mp20 : disp (3, 5.3) comm (0) storage (0)
1434473	1476829468.096 mp21 : disp (-128, 0.0 *) comm (-128) storage (-128)
1434474	1476829468.096 mp22 : disp (-128, 0.0 *) comm (-128) storage (-128)
1434475	1476829468.096 mp23 : disp (-128, 0.0 *) comm (-128) storage (-128)
1434476	1476829468.096 mp24 : disp (-128, 0.0 *) comm (-128) storage (-128)
1434477	1476829468.096 mp25 : disp (-128, 0.0 *) comm (-128) storage (-128)
1434478	1476829468.097 mp26 : disp (-128, 0.0 *) comm (-128) storage (-128)
1434479	1476829468.097 mp27 : disp (-128, 0.0 *) comm (-128) storage (-128)
1434480	1476829468.097 mp28 : disp (-128, 0.0 *) comm (-128) storage (-128)
1434481	1476829468.097 mp29 : disp (-128, 0.0 *) comm (-128) storage (-128)
1434482	1476829468.097 mp30 : disp (-128, 0.0 *) comm (-128) storage (-128)
1434483	1476829468.097 mp31 : disp (-128, 0.0 *) comm (-128) storage (-128)
1434484	1476829468.097 mp32 : disp (-128, 0.0 *) comm (-128) storage (-128)
1434485	1476829468.097 mp33 : disp (-128, 0.0 *) comm (-128) storage (-128)
1434486	1476829468.097 mp34 : disp (-128, 0.0 *) comm (-128) storage (-128)
1434487	1476829468.097 mp35 : disp (-128, 0.0 *) comm (-128) storage (-128)
1434488	1476829468.097 mp36 : disp (-128, 0.0 *) comm (-128) storage (-128)
1434489	1476829468.097 mp37 : disp (-128, 0.0 *) comm (-128) storage (-128)
1434490	1476829468.097 mp38 : disp (-128, 0.0 *) comm (-128) storage (-128)
1434491	1476829468.098 mp39 : disp (-128, 0.0 *) comm (-128) storage (-128)
1434492	1476829468.098 mp40 : disp (-128, 0.0 *) comm (-128) storage (-128)
1434493	1476829468.098 mp41 : disp (0, 3.1) comm (-1) storage (-1)
1434494	1476829468.098 mp42 : disp (0, 3.1) comm (-1) storage (-1)
1434495	1476829468.098 mp43 : disp (0, 3.1) comm (-1) storage (-1)
1434496	1476829468.098 mp44 : disp (0, 1.3) comm (-3) storage (-3)
1434497	1476829468.098 mp45 : disp (0, 1.3) comm (-3) storage (-3)
1434498	1476829468.098 mp46 : disp (0, 1.3) comm (-3) storage (-3)
1434499	1476829468.098 mp47 : disp (3, 1.3) comm (0) storage (0)
1434500	1476829468.098 mp48 : disp (-128, 0.0 *) comm (-128) storage (-128)
1434501	1476829468.098 mp49 : disp (-128, 0.0 *) comm (-128) storage (-128)
1434502	1476829468.098 mp50 : disp (-128, 0.0 *) comm (-128) storage (-128)
1434503	1476829468.098 mp51 : disp (3, 1.3) comm (0) storage (0)
1434504	1476829468.099 mp52 : disp (-128, 0.0 *) comm (-128) storage (-128)
1434505	1476829468.099 mp53 : disp (-128, 0.0 *) comm (-128) storage (-128)
1434506	1476829468.099 mp54 : disp (-128, 0.0 *) comm (-128) storage (-128)
1434507	1476829468.099 mp55 : disp (0, 1.2) comm (-2) storage (-2)
1434508	1476829468.099 mp56 : disp (-128, 0.0 *) comm (-128) storage (-128)
1434509	1476829468.099 mp57 : disp (-128, 0.0 *) comm (-128) storage (-128)
1434510	1476829468.099 mp58 : disp (-128, 0.0 *) comm (-128) storage (-128)
1434511	1476829468.099 mp59 : disp (0, 2.2) comm (-2) storage (-2)
1434512	1476829468.099 mp60 : disp (3, 1.4) comm (-1) storage (-1)
1434513	1476829468.099 mp61 : disp (3, 1.4) comm (-1) storage (-1)
1434514	1476829468.102 mp62 : disp (3, 1.4) comm (-1) storage (-1)
1434515	1476829468.103 mp63 : disp (3, 1.4) comm (-1) storage (-1)
1434516	1476829468.114 mp64 : disp (3, 1.4) comm (-1) storage (-1)
1434517	1476829468.115 mp65 : disp (3, 1.4) comm (-1) storage (-1)
1434518	1476829468.115 mp66 : disp (-128, 0.0 *) comm (-128) storage (124)
1434519	1476829468.115 mp67 : disp (-128, 0.0 *) comm (-128) storage (124)
1434520	1476829468.115 mp68 : disp (-128, 0.0 *) comm (-128) storage (124)
1434521	1476829468.115 mp69 : disp (-128, 0.0 *) comm (-128) storage (124)
1434522	1476829468.115 mp70 : disp (-128, 0.0 *) comm (-128) storage (124)
1434523	1476829468.115 mp71 : disp (-128, 0.0 *) comm (-128) storage (124)
1434524	1476829468.115 mp72 : disp (-128, 0.0 *) comm (-128) storage (124)
1434525	1476829468.115 mp73 : disp (-128, 0.0 *) comm (-128) storage (124)
1434526	1476829468.115 mp74 : disp (-128, 0.0 *) comm (-128) storage (124)
1434527	1476829468.115 mp75 : disp (-128, 0.0 *) comm (-128) storage (124)
1434528	1476829468.115 mp76 : disp (-128, 0.0 *) comm (-128) storage (124)
1434529	1476829468.116 mp77 : disp (-128, 0.0 *) comm (-128) storage (124)
1434530	1476829468.116 mp78 : disp (-128, 0.0 *) comm (-128) storage (124)
1434531	1476829468.116 mp79 : disp (-128, 0.0 *) comm (-128) storage (124)
1434532	1476829468.142 read server clock
1434533	1476829468.143 reading 1 vars, ttl=1
1434534	1476829468.145 sending frame: I N(R)=4 N(S)=4 Info=8
1434535	1476829468.146 > 7EA01400 0272FB61 98BB90E6 E6000501  ~....r.a........ 
1434536	1476829468.146 > 022BC8F7 1E7E                        .+...~           
1434537	1476829468.270 < 7EA02061 000272FB B80DB3E6 E7000C01  ~. a..r......... 
1434538	1476829468.270 < 00090C07 E00A1303 06181BFF 800000CF  ................ 
1434539	1476829468.270 < C97E                                 .~               
1434540	1476829468.270 recved frame: I * N(R)=5 N(S)=4 Info=20
1434541	1476829468.275 keepalive stopped
1434542	1476829468.275 server time is 2016-10-19 06:24:26.93
1434543	1476829468.279 time drift (-2s) out of sync window, sync is aborted
1434544	1476829468.361 profile 1.0.99.1.0.255 period=900, objs_num=12, sort_method=1 entries_in_use=0, entries=0
1434545	1476829468.364 start read load profile for 8 mp's from 2016-10-19 06:15:00 to 2016-10-19 06:15:00
1434546	1476829468.370 profile read max step=8:00.00
1434547	1476829468.371 read profile buf [2016-10-19 06:15:00, 2016-10-19 06:15:01]
1434548	1476829468.371 sending frame: I N(R)=5 N(S)=5 Info=59
1434549	1476829468.372 > 7EA04700 0272FB61 BA0A48E6 E6000501  ~.G..r.a..H..... 
1434550	1476829468.372 > 04627801 02040204 12000809 06000001  .bx............. 
1434551	1476829468.372 > 0000FF0F 02120000 090C07E0 0A13FF06  ................ 
1434552	1476829468.373 > 0F000080 0000090C 07E00A13 FF060F01  ................ 
1434553	1476829468.373 > 00800000 01004541 7E                 ......EA~        
1434554	1476829468.740 < 7EA06B61 000272FB DA9D42E6 E7000C01  ~.ka..r...B..... 
1434555	1476829468.740 < 00010102 0C090C07 E00A1303 060F00FF  ................ 
1434556	1476829468.740 < 80000006 00810004 14000000 000014B9  ................ 
1434557	1476829468.740 < E6140000 00000000 19B71400 00000000  ................ 
1434558	1476829468.741 < 01293B14 00000000 00003DAE 05000002  .);.......=..... 
1434559	1476829468.741 < 83050000 00000500 00000005 00000000  ................ 
1434560	1476829468.741 < 05000000 00050000 00006C95 7E        ..........l.~    
1434561	1476829468.741 recved frame: I * N(R)=6 N(S)=5 Info=95
1434562	1476829468.742 profile row 0: 2016-10-19 06:15:00
1434563	1476829468.814 saved 79 mp's at 2016-10-19 06:16:00 (err=0)
1434564	1476829468.850 keepalive stopped
1434565	1476829468.874 saved 1 mp's at 2016-10-19 06:24:00 (err=0)
1434566	1476829468.879 saved 1 mp's at 2016-10-19 06:24:00 (err=0)
1434567	1476829468.885 saved 1 mp's at 2016-10-19 06:24:00 (err=0)
1434568	1476829468.889 saved 1 mp's at 2016-10-19 06:24:00 (err=0)
1434569	1476829468.895 saved 1 mp's at 2016-10-19 06:24:00 (err=0)
1434570	1476829468.902 saved 1 mp's at 2016-10-19 06:24:00 (err=0)
1434571	1476829468.908 saved 1 mp's at 2016-10-19 06:24:00 (err=0)
1434572	1476829468.916 saved 1 mp's at 2016-10-19 06:24:00 (err=0)
1434573	1476829468.920 22 mp's need to read from running registers
1434574	1476829468.926 read registers
1434575	1476829468.931 reading 28 vars, ttl=28
1434576	1476829468.934 sending frame: I N(R)=6 N(S)=6 Info=62 S
1434577	1476829468.935 > 7EA84A00 0272FB61 DCC94DE6 E600051C  ~.J..r.a..M..... 
1434578	1476829468.938 > 021A2002 1B80021A D0021C30 02016002  .. ........0..`. 
1434579	1476829468.941 > 02100202 C0020370 02042002 04D00205  .......p.. ..... 
1434580	1476829468.944 > 80020630 0261D002 63600257 180254B8  ...0.a..c`.W..T. 
1434581	1476829468.945 > 02AD3802 AD5002AE 4845527E           ..8..P..HER~     
1434582	1476829469.095 < 7EA00A61 000272FB F11CE67E           ~..a..r....~     
1434583	1476829469.095 recved frame: RR * N(R)=7
1434584	1476829469.095 sending frame: I N(R)=6 N(S)=7 Info=27
1434585	1476829469.096 > 7EA02700 0272FB61 DEADC902 AE6002AE  ~.'..r.a.....`.. 
1434586	1476829469.096 > D002AEE8 02AF5802 AF7002AF E002AFF8  ......X..p...... 
1434587	1476829469.096 > 02ADC002 ADD8CDCA 7E                 ........~        
1434588	1476829469.935 < 7EA8CB61 000272FB 1C8529E6 E7000C1C  ~..a..r...)..... 
1434589	1476829469.935 < 00140000 00000000 5C4D0014 00000000  ........\M...... 
1434590	1476829469.935 < 00003C2D 00140000 00000000 01800014  ..<-............ 
1434591	1476829469.935 < 00000000 0000CCEE 00140000 00000000  ................ 
1434592	1476829469.936 < 00000014 00000000 00071F72 00140000  ...........r.... 
1434593	1476829469.936 < 00000008 03F80014 00000000 0005967B  ...............{ 
1434594	1476829469.936 < 00140000 00000000 00000014 00000000  ................ 
1434595	1476829469.936 < 0000088E 00140000 00000000 08C00014  ................ 
1434596	1476829469.936 < 00000000 00000869 00050000 00000005  .......i........ 
1434597	1476829469.937 < 00000000 00050000 00C80005 00001386  ................ 
1434598	1476829469.937 < 00050000 00000009 0C07D001 01060000  ................ 
1434599	1476829469.937 < 00FF8000 00000500 00000000 090C07D0  ................ 
1434600	1476829469.937 < 01010600 0000FF80 000022AF 7E        ..........".~    
1434601	1476829469.938 recved frame: I * N(R)=0 N(S)=6 Info=191 S
1434602	1476829469.938 sending frame: RR N(R)=7
1434603	1476829469.938 > 7EA00A00 0272FB61 F1945D7E           ~....r.a..]~     
1434604	1476829470.120 < 7EA06061 000272FB 1E37B400 05000000  ~.`a..r..7...... 
1434605	1476829470.120 < 0000090C 07D00101 06000000 FF800000  ................ 
1434606	1476829470.120 < 00050000 00000009 0C07D001 01060000  ................ 
1434607	1476829470.121 < 00FF8000 00000500 00000000 090C07D0  ................ 
1434608	1476829470.121 < 01010600 0000FF80 00000005 00000016  ................ 
1434609	1476829470.121 < 00090C07 E00A0F06 060000FF 8000007F  ................ 
1434610	1476829470.121 < 657E                                 e~               
1434611	1476829470.121 recved frame: I * N(R)=0 N(S)=7 Info=84
1434612	1476829470.126 keepalive stopped
1434613	1476829470.230 saved 22 mp's using register values
1434614	1476829470.236 keepalive stopped
1434615	1476829470.236 [ERR] profile 0.0.98.133.63.255 not found in server
1434616	1476829470.236 [ERR] profile 0.0.98.133.64.255 not found in server
1434617	1476829470.237 49 mp's use dummy acquisition
1434618	1476829470.482 saved 49 dummy mp's
1434619	1476829470.555 keepalive stopped
1434620	1476829470.671 profile 1.0.99.98.0.255 period=0, objs_num=4, sort_method=1 entries_in_use=0, entries=0
1434621	1476829470.672 start read event log
1434622	1476829470.673 profile read max step=0:56.00
1434623	1476829470.686 read profile buf [2016-10-19 05:24:01, 2016-10-19 06:20:00]
1434624	1476829470.687 sending frame: I N(R)=0 N(S)=0 Info=59
1434625	1476829470.689 > 7EA04700 0272FB61 105A42E6 E6000501  ~.G..r.a.ZB..... 
1434626	1476829470.690 > 0460E801 02040204 12000809 06000001  .`.............. 
1434627	1476829470.691 > 0000FF0F 02120000 090C07E0 0A13FF05  ................ 
1434628	1476829470.691 > 18010080 0000090C 07E00A13 FF061400  ................ 
1434629	1476829470.691 > 00800000 01002640 7E                 ......&@~        
1434630	1476829470.880 < 7EA01461 000272FB 307102E6 E7000C01  ~..a..r.0q...... 
1434631	1476829470.880 < 000100F9 F17E                        .....~           
1434632	1476829470.880 recved frame: I * N(R)=1 N(S)=0 Info=8
1434633	1476829470.885 keepalive stopped
1434634	1476829470.886 read profile buf [2016-10-19 06:20:01, 2016-10-19 06:24:00]
1434635	1476829470.886 sending frame: I N(R)=1 N(S)=1 Info=59
1434636	1476829470.887 > 7EA04700 0272FB61 324A40E6 E6000501  ~.G..r.a2J@..... 
1434637	1476829470.887 > 0460E801 02040204 12000809 06000001  .`.............. 
1434638	1476829470.887 > 0000FF0F 02120000 090C07E0 0A13FF06  ................ 
1434639	1476829470.887 > 14010080 0000090C 07E00A13 FF061800  ................ 
1434640	1476829470.888 > 00800000 0100E53E 7E                 .......>~        
1434641	1476829471.085 < 7EA01461 000272FB 526542E6 E7000C01  ~..a..r.ReB..... 
1434642	1476829471.085 < 000100F9 F17E                        .....~           
1434643	1476829471.085 recved frame: I * N(R)=2 N(S)=1 Info=8
1434644	1476829471.089 keepalive stopped
1434645	1476829471.090 sending frame: DISC
1434646	1476829471.090 > 7EA00A00 0272FB61 538CDB7E           ~....r.aS..~     
1434647	1476829471.200 < 7EA02161 000272FB 73075481 80120501  ~.!a..r.s.T..... 
1434648	1476829471.200 < F806013E 07040000 00010804 00000001  ...>............ 
1434649	1476829471.200 < 480E7E                               H.~              
1434650	1476829471.200 recved frame: UA * Info=21
1434651	1476829471.200 hdlc disconnected
1434652	1476829472.220 closed /dev/tts7 tx=570/13 rx=760/13, recv_delay=1.940s, send_delay=0.000s
1434653	1476829475.611 com=8 meter=2 baud=13 acqtime=2016-10-19 06:24:00
1434654	1476829476.840 opened (3)/dev/tts7 8N1 9600 tx_ipg=24984, rx_ipg=24984 (DTR|RTS|CTS|CAR|RNG)
1434655	1476829476.909 sending frame: SNRM Info=23
1434656	1476829476.925 > 7EA02300 0272FB61 933A3F81 80140502  ~.#..r.a.:?..... 
1434657	1476829476.927 > 07F00602 07F00704 00000001 08040000  ................ 
1434658	1476829476.928 > 00015856 7E                          ..XV~            
1434659	1476829477.060 < 7EA02161 000272FB 73075481 80120501  ~.!a..r.s.T..... 
1434660	1476829477.060 < F806013E 07040000 00010804 00000001  ...>............ 
1434661	1476829477.060 < 480E7E                               H.~              
1434662	1476829477.060 recved frame: UA * Info=21
1434663	1476829477.061 negotiated mtu tx/rx = 79/2049
1434664	1476829477.061 hdlc connected
1434665	1476829477.063 sending frame: I N(R)=0 N(S)=0 Info=54
1434666	1476829477.063 > 7EA04200 0272FB61 10F9B2E6 E6006031  ~.B..r.a......`1 
1434667	1476829477.064 > 80020780 A1090607 60857405 0801028A  ........`.t..... 
1434668	1476829477.064 > 0207808B 07608574 05080202 AC028000  .....`.t........ 
1434669	1476829477.064 > BE0F040D 01000000 065F0400 FFFFFF00  ........._...... 
1434670	1476829477.064 > 00BC7F7E                             ...~             
1434671	1476829477.310 < 7EA05261 000272FB 30BA9DE6 E7006141  ~.Ra..r.0.....aA 
1434672	1476829477.310 < A1090607 60857405 080102A2 03020100  ....`.t......... 
1434673	1476829477.310 < A305A103 02010E88 02078089 07608574  .............`.t 
1434674	1476829477.310 < 05080202 AA0A8008 38303034 30303030  ........80040000 
1434675	1476829477.310 < BE0F040D 0800065F 04001802 200960FA  ......._.... .`. 
1434676	1476829477.311 < 003F9C7E                             .?.~             
1434677	1476829477.311 recved frame: I * N(R)=1 N(S)=0 Info=70
1434678	1476829477.313 AARE: app=(2,16,756,5,8,1,2) asso_result=0 (14) initiate err=0 +auth secu_machanism=(2,16,756,5,8,2,2)
1434679	1476829477.313 xdlms param: qos=0 ver=6 max_send_pdu=2400, vaa=fa00
1434680	1476829477.314 sending frame: I N(R)=1 N(S)=1 Info=19
1434681	1476829477.314 > 7EA01F00 0272FB61 3269ECE6 E6000601  ~....r.a2i...... 
1434682	1476829477.314 > 02FA5801 09083932 33383536 373075D9  ..X...92385670u. 
1434683	1476829477.319 > 7E                                   ~                
1434684	1476829477.440 < 7EA01261 000272FB 52A81AE6 E7000D01  ~..a..r.R....... 
1434685	1476829477.440 < 0007E47E                             ...~             
1434686	1476829477.440 recved frame: I * N(R)=2 N(S)=1 Info=6
1434687	1476829477.440 hls auth ok
1434688	1476829477.441 read LDN
1434689	1476829477.441 reading 1 vars, ttl=1
1434690	1476829477.441 sending frame: I N(R)=2 N(S)=2 Info=8
1434691	1476829477.441 > 7EA01400 0272FB61 54DB9CE6 E6000501  ~....r.aT....... 
1434692	1476829477.442 > 02FD0810 D37E                        .....~           
1434693	1476829477.570 < 7EA02461 000272FB 741BD0E6 E7000C01  ~.$a..r.t....... 
1434694	1476829477.570 < 0009104C 475A3530 35303634 32310000  ...LGZ50506421.. 
1434695	1476829477.570 < 00000040 8E7E                        ...@.~           
1434696	1476829477.570 recved frame: I * N(R)=3 N(S)=2 Info=24
1434697	1476829477.580 keepalive stopped
1434698	1476829477.633 solve obj names:
1434699	1476829477.654 read server info
1434700	1476829477.657 reading 3 vars, ttl=3
1434701	1476829477.658 sending frame: I N(R)=3 N(S)=3 Info=14
1434702	1476829477.658 > 7EA01A00 0272FB61 76EA18E6 E6000503  ~....r.av....... 
1434703	1476829477.658 > 02FF0802 4BD80299 58ED327E           ....K...X.2~     
1434704	1476829477.845 < 7EA02C61 000272FB 96EBCAE6 E7000C03  ~.,a..r......... 
1434705	1476829477.845 < 000A0348 30330006 00000010 00090C07  ...H03.......... 
1434706	1476829477.845 < E00A0106 000000FF 8000FF16 C17E      .............~   
1434707	1476829477.845 recved frame: I * N(R)=4 N(S)=3 Info=32
1434708	1476829477.846 detected a suspicous clock value, status=0xff
1434709	1476829477.960 keepalive stopped
1434710	1476829477.960 ldn: LGZ50506421 ver: H03 vz1: 16 last billing reset: 2016-10-01 00:00:00
1434711	1476829478.070 server objects info:
1434712	1476829478.071 mp1  : ln=1.1.1.8.0.255 class=3-0-23-20010
1434713	1476829478.072 mp3  : ln=1.1.2.8.0.255 class=3-0-23-20010
1434714	1476829478.074 mp5  : ln=1.1.5.8.0.255 class=3-0-23-20010
1434715	1476829478.075 mp6  : ln=1.1.6.8.0.255 class=3-0-23-20010
1434716	1476829478.076 mp7  : ln=1.1.7.8.0.255 class=3-0-23-20010
1434717	1476829478.078 mp8  : ln=1.1.8.8.0.255 class=3-0-23-20010
1434718	1476829478.079 mp9  : ln=1.1.1.8.1.255 class=3-0-23-20010
1434719	1476829478.085 mp10 : ln=1.1.1.8.2.255 class=3-0-23-20010
1434720	1476829478.086 mp11 : ln=1.1.1.8.3.255 class=3-0-23-20010
1434721	1476829478.089 mp12 : ln=1.1.1.8.4.255 class=3-0-23-20010
1434722	1476829478.090 mp17 : ln=1.1.2.8.1.255 class=3-0-23-20010
1434723	1476829478.092 mp18 : ln=1.1.2.8.2.255 class=3-0-23-20010
1434724	1476829478.093 mp19 : ln=1.1.2.8.3.255 class=3-0-23-20010
1434725	1476829478.094 mp20 : ln=1.1.2.8.4.255 class=3-0-23-20010
1434726	1476829478.101 mp41 : ln=1.1.32.7.0.255 class=3-0-21-20009
1434727	1476829478.101 mp42 : ln=1.1.52.7.0.255 class=3-0-21-20009
1434728	1476829478.105 mp43 : ln=1.1.72.7.0.255 class=3-0-21-20009
1434729	1476829478.110 mp44 : ln=1.1.31.7.0.255 class=3-0-21-20009
1434730	1476829478.113 mp45 : ln=1.1.51.7.0.255 class=3-0-21-20009
1434731	1476829478.114 mp46 : ln=1.1.71.7.0.255 class=3-0-21-20009
1434732	1476829478.115 mp47 : ln=1.1.16.7.0.255 class=3-0-21-20009
1434733	1476829478.118 mp51 : ln=1.1.131.7.0.255 class=3-0-21-20009
1434734	1476829478.119 mp55 : ln=1.1.13.7.0.255 class=3-0-21-20009
1434735	1476829478.125 mp59 : ln=1.1.14.7.0.255 class=3-0-21-20009
1434736	1476829478.128 mp60 : ln=1.1.1.6.0.255 class=4-0-0-20051
1434737	1476829478.129 mp61 : ln=1.1.1.6.1.255 class=4-0-0-20051
1434738	1476829478.135 mp62 : ln=1.1.1.6.2.255 class=4-0-0-20051
1434739	1476829478.138 mp63 : ln=1.1.1.6.3.255 class=4-0-0-20051
1434740	1476829478.139 mp64 : ln=1.1.1.6.4.255 class=4-0-0-20051
1434741	1476829478.147 mp65 : ln=1.1.2.6.0.255 class=4-0-0-20051
