2147724	161021 190214.031   68 63 06 51 51 00 00 68 91 07 3d 37 33 37 33 33
2147725	161021 190214.035   35 ec 16
2147726	161021 190214.070 > fe fe fe fe 68 63 06 51 51 00 00 68 11 04 33 33
2147727	161021 190214.080 > 34 37 c1 16
2147728	161021 190214.307   68 63 06 51 51 00 00 68 d1 01 35 e2 16
2147729	161021 190214.350 > fe fe fe fe 68 63 06 51 51 00 00 68 11 04 34 33
2147730	161021 190214.363 > 34 37 c2 16
2147731	161021 190214.585   68 63 06 51 51 00 00 68 d1 01 35 e2 16
2147732	161021 190214.637 > fe fe fe fe 68 63 06 51 51 00 00 68 11 04 35 33
2147733	161021 190214.639 > 34 37 c3 16
2147734	161021 190214.832   68 63 06 51 51 00 00 68 d1 01 35 e2 16
2147735	161021 190214.865 > fe fe fe fe 68 63 06 51 51 00 00 68 11 04 36 33
2147736	161021 190214.884 > 34 37 c4 16
2147737	161021 190215.101   68 63 06 51 51 00 00 68 d1 01 35 e2 16
2147738	161021 190215.150 > fe fe fe fe 68 63 06 51 51 00 00 68 11 04 37 33
2147739	161021 190215.178 > 34 37 c5 16
2147740	161021 190215.395   68 63 06 51 51 00 00 68 d1 01 35 e2 16
2147741	161021 190215.425 > fe fe fe fe 68 63 06 51 51 00 00 68 11 04 38 33
2147742	161021 190215.429 > 34 37 c6 16
2147743	161021 190215.641   68 63 06 51 51 00 00 68 d1 01 35 e2 16
2147744	161021 190215.700 > fe fe fe fe 68 63 06 51 51 00 00 68 11 04 39 33
2147745	161021 190215.718 > 34 37 c7 16
2147746	161021 190215.935   68 63 06 51 51 00 00 68 d1 01 35 e2 16
2147747	161021 190215.970 > fe fe fe fe 68 63 06 51 51 00 00 68 11 04 3a 33
2147748	161021 190215.997 > 34 37 c8 16
2147749	161021 190216.248   68 63 06 51 51 00 00 68 d1 01 35 e2 16
2147750	161021 190216.280 > fe fe fe fe 68 63 06 51 51 00 00 68 11 04 3b 33
2147751	161021 190216.288 > 34 37 c9 16
2147752	161021 190216.577   68 63 06 51 51 00 00 68 d1 01 35 e2 16
2147753	161021 190216.630 > fe fe fe fe 68 63 06 51 51 00 00 68 11 04 34 32
2147754	161021 190216.644 > 34 33 bd 16
2147755	161021 190216.981   68 63 06 51 51 00 00 68 91 18 34 32 34 33 b6 68
2147756	161021 190217.004   34 33 33 33 33 33 9b 79 33 33 86 85 33 33 95 69
2147757	161021 190217.033   33 33 f1 16
2147758	161021 190217.060 > fe fe fe fe 68 63 06 51 51 00 00 68 11 04 34 32
2147759	161021 190217.072 > 35 33 be 16
2147760	161021 190217.500   68 63 06 51 51 00 00 68 91 18 34 32 35 33 94 33
2147761	161021 190217.523   33 33 33 33 33 33 53 33 33 33 53 33 33 33 53 33
2147762	161021 190217.525   33 33 0f 16
2147763	161021 190217.575 > fe fe fe fe 68 63 06 51 51 00 00 68 11 04 34 32
2147764	161021 190217.626 > 36 33 bf 16
2147765	161021 190218.018   68 63 06 51 51 00 00 68 91 18 34 32 36 33 94 3a
2147766	161021 190218.020   33 33 33 33 33 33 8b 35 33 33 cb 35 33 33 38 35
2147767	161021 190218.046   33 33 b2 16
2147768	161021 190218.075 > fe fe fe fe 68 63 06 51 51 00 00 68 11 04 34 32
2147769	161021 190218.093 > 37 33 c0 16
2147770	161021 190218.600   68 63 06 51 51 00 00 68 91 18 34 32 37 33 43 34
2147771	161021 190218.620   33 33 33 33 33 33 6a 33 33 33 6b 33 33 33 68 33
2147772	161021 190218.644   33 33 05 16
2147773	161021 190218.675 > fe fe fe fe 68 63 06 51 51 00 00 68 11 04 34 32
2147774	161021 190218.693 > 38 33 c1 16
2147775	161021 190219.138   68 63 06 51 51 00 00 68 91 18 34 32 38 33 69 35
2147776	161021 190219.141   33 33 33 33 33 33 33 33 33 33 33 33 33 33 33 33
2147777	161021 190219.144   33 33 89 16
2147778	161021 190219.175 > fe fe fe fe 68 63 06 51 51 00 00 68 11 04 34 32
2147779	161021 190219.179 > 3b 33 c4 16
2147780	161021 190219.511   68 63 06 51 51 00 00 68 91 18 34 32 3b 33 58 38
2147781	161021 190219.554   33 33 33 33 33 33 33 33 33 33 33 33 33 33 33 33
2147782	161021 190219.582   33 33 7e 16
2147783	161021 190219.610 > fe fe fe fe 68 63 06 51 51 00 00 68 11 04 34 32
2147784	161021 190219.617 > 39 33 c2 16
2147785	161021 190219.923   68 63 06 51 51 00 00 68 91 18 34 32 39 33 39 34
2147786	161021 190219.926   33 33 33 33 33 33 33 33 33 33 33 33 33 33 33 33
2147787	161021 190219.943   33 33 59 16
2147788	161021 190219.970 > fe fe fe fe 68 63 06 51 51 00 00 68 11 04 34 32
2147789	161021 190219.978 > 3a 33 c3 16
2147790	161021 190220.290   68 63 06 51 51 00 00 68 91 18 34 32 3a 33 37 33
2147791	161021 190220.298   33 33 33 33 33 33 33 33 33 33 33 33 33 33 33 33
2147792	161021 190220.306   33 33 57 16
2147793	161021 190220.345 > fe fe fe fe 68 63 06 51 51 00 00 68 11 04 34 32
2147794	161021 190220.354 > 34 34 be 16
2147795	161021 190220.757   68 63 06 51 51 00 00 68 91 2c 34 32 34 34 33 33
2147796	161021 190220.759   33 33 33 34 34 33 33 33 33 33 33 33 33 33 33 33
2147797	161021 190220.762   33 33 33 33 33 33 33 33 33 33 33 33 33 33 33 33
2147798	161021 190220.765   33 33 33 33 33 33 60 16
2147799	161021 190220.798 > fe fe fe fe 68 63 06 51 51 00 00 68 11 04 34 32
2147800	161021 190220.800 > 35 34 bf 16
2147801	161021 190221.202   68 63 06 51 51 00 00 68 91 2c 34 32 35 34 46 33
2147802	161021 190221.205   33 48 53 57 3c 49 33 33 33 33 33 33 33 33 33 33
2147803	161021 190221.209   33 33 33 33 33 33 33 33 33 33 33 33 33 33 33 33
2147804	161021 190221.212   33 33 33 33 33 33 ea 16
2147805	161021 190221.250 > fe fe fe fe 68 63 06 51 51 00 00 68 11 04 34 32
2147806	161021 190221.260 > 34 34 be 16
2147807	161021 190221.722   68 63 06 51 51 00 00 68 91 2c 34 32 34 34 33 33
2147808	161021 190221.724   33 33 33 34 34 33 33 33 33 33 33 33 33 33 33 33
2147809	161021 190221.733   33 33 33 33 33 33 33 33 33 33 33 33 33 33 33 33
2147810	161021 190221.735   33 33 33 33 33 33 60 16
2147811	161021 190221.772 > fe fe fe fe 68 63 06 51 51 00 00 68 11 04 34 32
2147812	161021 190221.777 > 35 34 bf 16
2147813	161021 190222.187   68 63 06 51 51 00 00 68 91 2c 34 32 35 34 46 33
2147814	161021 190222.192   33 48 53 57 3c 49 33 33 33 33 33 33 33 33 33 33
2147815	161021 190222.198   33 33 33 33 33 33 33 33 33 33 33 33 33 33 33 33
2147816	161021 190222.202   33 33 33 33 33 33 ea 16
2147817	iteration 4339
2147818	read meter 51510663
2147819	161021 190222.236 > fe fe fe fe 68 63 06 51 51 00 00 68 11 04 34 38
2147820	161021 190222.243 > 33 37 c6 16
2147821	161021 190224.877   68 63 06 51 51 00 00 68 d1 01 34 e1 16
2147822	161021 190224.905 > fe fe fe fe 68 63 06 51 51 00 00 68 11 04 33 33
2147823	161021 190224.912 > 34 33 bd 16
2147824	timeout
2147825	161021 190228.025 > fe fe fe fe 68 63 06 51 51 00 00 68 11 04 33 33
2147826	161021 190228.031 > 34 33 bd 16
2147827	timeout
2147828	161021 190231.145 > fe fe fe fe 68 63 06 51 51 00 00 68 11 04 33 34
2147829	161021 190231.168 > 34 33 be 16
2147830	timeout
2147831	161021 190234.280 > fe fe fe fe 68 63 06 51 51 00 00 68 11 04 33 34
2147832	161021 190234.288 > 34 33 be 16
2147833	161021 190234.581   68 63 06 51 51 00 00 68 91 08 33 34 34 33 33 33
2147834	161021 190234.599   33 33 0e 16
2147835	161021 190234.630 > fe fe fe fe 68 63 06 51 51 00 00 68 11 04 33 35
2147836	161021 190234.638 > 34 33 bf 16
2147837	161021 190234.898   68 63 06 51 51 00 00 68 91 08 33 35 34 33 9b 79
2147838	161021 190234.900   33 33 bd 16
2147839	161021 190234.940 > fe fe fe fe 68 63 06 51 51 00 00 68 11 04 33 36
2147840	161021 190234.948 > 34 33 c0 16
2147841	161021 190235.203   68 63 06 51 51 00 00 68 91 08 33 36 34 33 86 85
2147842	161021 190235.205   33 33 b5 16
2147843	161021 190235.255 > fe fe fe fe 68 63 06 51 51 00 00 68 11 04 33 37
2147844	161021 190235.268 > 34 33 c1 16
2147845	161021 190235.496   68 63 06 51 51 00 00 68 91 08 33 37 34 33 95 69
2147846	161021 190235.514   33 33 a9 16
2147847	161021 190235.555 > fe fe fe fe 68 63 06 51 51 00 00 68 11 04 33 33
2147848	161021 190235.568 > 35 33 be 16
2147849	161021 190235.798   68 63 06 51 51 00 00 68 91 08 33 33 35 33 99 33
2147850	161021 190235.800   33 33 74 16
2147851	161021 190235.835 > fe fe fe fe 68 63 06 51 51 00 00 68 11 04 33 34
2147852	161021 190235.838 > 35 33 bf 16
2147853	161021 190236.066   68 63 06 51 51 00 00 68 91 08 33 34 35 33 33 33
2147854	161021 190236.071   33 33 0f 16
2147855	161021 190236.105 > fe fe fe fe 68 63 06 51 51 00 00 68 11 04 33 35
2147856	161021 190236.108 > 35 33 c0 16
2147857	161021 190236.331   68 63 06 51 51 00 00 68 91 08 33 35 35 33 55 33
2147858	161021 190236.351   33 33 32 16
2147859	161021 190236.385 > fe fe fe fe 68 63 06 51 51 00 00 68 11 04 33 36
2147860	161021 190236.393 > 35 33 c1 16
2147861	161021 190236.616   68 63 06 51 51 00 00 68 91 08 33 36 35 33 55 33
2147862	161021 190236.619   33 33 33 16
2147863	161021 190236.650 > fe fe fe fe 68 63 06 51 51 00 00 68 11 04 33 37
2147864	161021 190236.653 > 35 33 c2 16
2147865	161021 190236.876   68 63 06 51 51 00 00 68 91 08 33 37 35 33 55 33
2147866	161021 190236.879   33 33 34 16
2147867	161021 190236.910 > fe fe fe fe 68 63 06 51 51 00 00 68 11 04 33 33
2147868	161021 190236.913 > 36 33 bf 16
2147869	161021 190237.136   68 63 06 51 51 00 00 68 91 08 33 33 36 33 94 3a
2147870	161021 190237.138   33 33 77 16
2147871	161021 190237.165 > fe fe fe fe 68 63 06 51 51 00 00 68 11 04 33 34
2147872	161021 190237.168 > 36 33 c0 16
2147873	161021 190237.393   68 63 06 51 51 00 00 68 91 08 33 34 36 33 33 33
2147874	161021 190237.395   33 33 10 16
2147875	161021 190237.430 > fe fe fe fe 68 63 06 51 51 00 00 68 11 04 33 35
2147876	161021 190237.438 > 36 33 c1 16
2147877	161021 190237.661   68 63 06 51 51 00 00 68 91 08 33 35 36 33 8b 35
2147878	161021 190237.669   33 33 6b 16
2147879	161021 190237.700 > fe fe fe fe 68 63 06 51 51 00 00 68 11 04 33 36
2147880	161021 190237.702 > 36 33 c2 16
2147881	161021 190237.927   68 63 06 51 51 00 00 68 91 08 33 36 36 33 cb 35
2147882	161021 190237.932   33 33 ac 16
2147883	161021 190237.967 > fe fe fe fe 68 63 06 51 51 00 00 68 11 04 33 37
2147884	161021 190237.971 > 36 33 c3 16
2147885	161021 190238.198   68 63 06 51 51 00 00 68 91 08 33 37 36 33 38 35
2147886	161021 190238.201   33 33 1a 16
2147887	161021 190238.230 > fe fe fe fe 68 63 06 51 51 00 00 68 11 04 33 33
2147888	161021 190238.233 > 37 33 c0 16
2147889	161021 190238.495   68 63 06 51 51 00 00 68 91 08 33 33 37 33 8b 34
2147890	161021 190238.501   33 33 69 16
2147891	161021 190238.550 > fe fe fe fe 68 63 06 51 51 00 00 68 11 04 33 34
2147892	161021 190238.558 > 37 33 c1 16
2147893	161021 190238.773   68 63 06 51 51 00 00 68 91 08 33 34 37 33 33 33
2147894	161021 190238.776   33 33 11 16
2147895	161021 190238.820 > fe fe fe fe 68 63 06 51 51 00 00 68 11 04 33 35
2147896	161021 190238.837 > 37 33 c2 16
2147897	161021 190239.065   68 63 06 51 51 00 00 68 91 08 33 35 37 33 86 33
2147898	161021 190239.072   33 33 65 16
2147899	161021 190239.100 > fe fe fe fe 68 63 06 51 51 00 00 68 11 04 33 36
2147900	161021 190239.111 > 37 33 c3 16
2147901	161021 190239.380   68 63 06 51 51 00 00 68 91 08 33 36 37 33 88 33
2147902	161021 190239.389   33 33 68 16
2147903	161021 190239.420 > fe fe fe fe 68 63 06 51 51 00 00 68 11 04 33 37
2147904	161021 190239.423 > 37 33 c4 16
2147905	161021 190239.652   68 63 06 51 51 00 00 68 91 08 33 37 37 33 7c 33
2147906	161021 190239.658   33 33 5d 16
2147907	161021 190239.690 > fe fe fe fe 68 63 06 51 51 00 00 68 11 04 33 33
2147908	161021 190239.704 > 38 33 c1 16
2147909	161021 190239.931   68 63 06 51 51 00 00 68 91 08 33 33 38 33 69 35
2147910	161021 190239.944   33 33 49 16
2147911	161021 190239.975 > fe fe fe fe 68 63 06 51 51 00 00 68 11 04 33 34
2147912	161021 190239.978 > 38 33 c2 16
2147913	161021 190240.229   68 63 06 51 51 00 00 68 d1 01 35 e2 16
2147914	161021 190240.260 > fe fe fe fe 68 63 06 51 51 00 00 68 11 04 33 35
2147915	161021 190240.266 > 38 33 c3 16
2147916	161021 190240.472   68 63 06 51 51 00 00 68 d1 01 35 e2 16
2147917	161021 190240.500 > fe fe fe fe 68 63 06 51 51 00 00 68 11 04 33 36
2147918	161021 190240.535 > 38 33 c4 16
2147919	161021 190240.743   68 63 06 51 51 00 00 68 d1 01 35 e2 16
2147920	161021 190240.800 > fe fe fe fe 68 63 06 51 51 00 00 68 11 04 33 37
2147921	161021 190240.824 > 38 33 c5 16
2147922	161021 190241.028   68 63 06 51 51 00 00 68 d1 01 35 e2 16
2147923	161021 190241.060 > fe fe fe fe 68 63 06 51 51 00 00 68 11 04 33 33
2147924	161021 190241.078 > 3b 33 c4 16
