4171791	161023 224824.434   68 63 06 51 51 00 00 68 91 07 3d 37 33 37 33 33
4171792	161023 224824.437   35 ec 16
4171793	161023 224824.491 > fe fe fe fe 68 63 06 51 51 00 00 68 11 04 33 33
4171794	161023 224824.529 > 34 37 c1 16
4171795	161023 224824.715   68 63 06 51 51 00 00 68 d1 01 35 e2 16
4171796	161023 224824.742 > fe fe fe fe 68 63 06 51 51 00 00 68 11 04 34 33
4171797	161023 224824.754 > 34 37 c2 16
4171798	161023 224824.940   68 63 06 51 51 00 00 68 d1 01 35 e2 16
4171799	161023 224824.967 > fe fe fe fe 68 63 06 51 51 00 00 68 11 04 35 33
4171800	161023 224824.975 > 34 37 c3 16
4171801	161023 224825.155   68 63 06 51 51 00 00 68 d1 01 35 e2 16
4171802	161023 224825.182 > fe fe fe fe 68 63 06 51 51 00 00 68 11 04 36 33
4171803	161023 224825.200 > 34 37 c4 16
4171804	161023 224825.380   68 63 06 51 51 00 00 68 d1 01 35 e2 16
4171805	161023 224825.407 > fe fe fe fe 68 63 06 51 51 00 00 68 11 04 37 33
4171806	161023 224825.421 > 34 37 c5 16
4171807	161023 224825.635   68 63 06 51 51 00 00 68 d1 01 35 e2 16
4171808	161023 224825.662 > fe fe fe fe 68 63 06 51 51 00 00 68 11 04 38 33
4171809	161023 224825.669 > 34 37 c6 16
4171810	161023 224825.850   68 63 06 51 51 00 00 68 d1 01 35 e2 16
4171811	161023 224825.877 > fe fe fe fe 68 63 06 51 51 00 00 68 11 04 39 33
4171812	161023 224825.896 > 34 37 c7 16
4171813	161023 224826.095   68 63 06 51 51 00 00 68 d1 01 35 e2 16
4171814	161023 224826.122 > fe fe fe fe 68 63 06 51 51 00 00 68 11 04 3a 33
4171815	161023 224826.125 > 34 37 c8 16
4171816	161023 224826.332   68 63 06 51 51 00 00 68 d1 01 35 e2 16
4171817	161023 224826.377 > fe fe fe fe 68 63 06 51 51 00 00 68 11 04 3b 33
4171818	161023 224826.390 > 34 37 c9 16
4171819	161023 224826.575   68 63 06 51 51 00 00 68 d1 01 35 e2 16
4171820	161023 224826.602 > fe fe fe fe 68 63 06 51 51 00 00 68 11 04 34 32
4171821	161023 224826.620 > 34 33 bd 16
4171822	161023 224826.964   68 63 06 51 51 00 00 68 91 18 34 32 34 33 b6 68
4171823	161023 224826.967   34 33 33 33 33 33 9b 79 33 33 86 85 33 33 95 69
4171824	161023 224826.986   33 33 f1 16
4171825	161023 224827.017 > fe fe fe fe 68 63 06 51 51 00 00 68 11 04 34 32
4171826	161023 224827.027 > 35 33 be 16
4171827	161023 224827.379   68 63 06 51 51 00 00 68 91 18 34 32 35 33 94 33
4171828	161023 224827.382   33 33 33 33 33 33 53 33 33 33 53 33 33 33 53 33
4171829	161023 224827.395   33 33 0f 16
4171830	161023 224827.422 > fe fe fe fe 68 63 06 51 51 00 00 68 11 04 34 32
4171831	161023 224827.431 > 36 33 bf 16
4171832	161023 224827.787   68 63 06 51 51 00 00 68 91 18 34 32 36 33 94 3a
4171833	161023 224827.800   33 33 33 33 33 33 8b 35 33 33 cb 35 33 33 38 35
4171834	161023 224827.802   33 33 b2 16
4171835	161023 224827.842 > fe fe fe fe 68 63 06 51 51 00 00 68 11 04 34 32
4171836	161023 224827.864 > 37 33 c0 16
4171837	161023 224828.232   68 63 06 51 51 00 00 68 91 18 34 32 37 33 43 34
4171838	161023 224828.270   33 33 33 33 33 33 6a 33 33 33 6b 33 33 33 68 33
4171839	161023 224828.272   33 33 05 16
4171840	161023 224828.317 > fe fe fe fe 68 63 06 51 51 00 00 68 11 04 34 32
4171841	161023 224828.334 > 38 33 c1 16
4171842	161023 224828.770   68 63 06 51 51 00 00 68 91 18 34 32 38 33 69 35
4171843	161023 224828.781   33 33 33 33 33 33 33 33 33 33 33 33 33 33 33 33
4171844	161023 224828.822   33 33 89 16
4171845	161023 224828.872 > fe fe fe fe 68 63 06 51 51 00 00 68 11 04 34 32
4171846	161023 224828.885 > 3b 33 c4 16
4171847	161023 224829.289   68 63 06 51 51 00 00 68 91 18 34 32 3b 33 58 38
4171848	161023 224829.292   33 33 33 33 33 33 33 33 33 33 33 33 33 33 33 33
4171849	161023 224829.314   33 33 7e 16
4171850	161023 224829.342 > fe fe fe fe 68 63 06 51 51 00 00 68 11 04 34 32
4171851	161023 224829.349 > 39 33 c2 16
4171852	161023 224829.736   68 63 06 51 51 00 00 68 91 18 34 32 39 33 39 34
4171853	161023 224829.757   33 33 33 33 33 33 33 33 33 33 33 33 33 33 33 33
4171854	161023 224829.768   33 33 59 16
4171855	161023 224829.802 > fe fe fe fe 68 63 06 51 51 00 00 68 11 04 34 32
4171856	161023 224829.807 > 3a 33 c3 16
4171857	161023 224830.155   68 63 06 51 51 00 00 68 91 18 34 32 3a 33 37 33
4171858	161023 224830.157   33 33 33 33 33 33 33 33 33 33 33 33 33 33 33 33
4171859	161023 224830.180   33 33 57 16
4171860	161023 224830.222 > fe fe fe fe 68 63 06 51 51 00 00 68 11 04 34 32
4171861	161023 224830.236 > 34 34 be 16
4171862	161023 224830.674   68 63 06 51 51 00 00 68 91 2c 34 32 34 34 33 33
4171863	161023 224830.677   33 33 33 34 34 33 33 33 33 33 33 33 33 33 33 33
4171864	161023 224830.685   33 33 33 33 33 33 33 33 33 33 33 33 33 33 33 33
4171865	161023 224830.688   33 33 33 33 33 33 60 16
4171866	161023 224830.717 > fe fe fe fe 68 63 06 51 51 00 00 68 11 04 34 32
4171867	161023 224830.720 > 35 34 bf 16
4171868	161023 224831.144   68 63 06 51 51 00 00 68 91 2c 34 32 35 34 46 33
4171869	161023 224831.147   33 48 53 57 3c 49 33 33 33 33 33 33 33 33 33 33
4171870	161023 224831.156   33 33 33 33 33 33 33 33 33 33 33 33 33 33 33 33
4171871	161023 224831.163   33 33 33 33 33 33 ea 16
4171872	161023 224831.192 > fe fe fe fe 68 63 06 51 51 00 00 68 11 04 34 32
4171873	161023 224831.197 > 34 34 be 16
4171874	161023 224831.714   68 63 06 51 51 00 00 68 91 2c 34 32 34 34 33 33
4171875	161023 224831.733   33 33 33 34 34 33 33 33 33 33 33 33 33 33 33 33
4171876	161023 224831.738   33 33 33 33 33 33 33 33 33 33 33 33 33 33 33 33
4171877	161023 224831.753   33 33 33 33 33 33 60 16
4171878	161023 224831.792 > fe fe fe fe 68 63 06 51 51 00 00 68 11 04 34 32
4171879	161023 224831.804 > 35 34 bf 16
4171880	161023 224832.350   68 63 06 51 51 00 00 68 91 2c 34 32 35 34 46 33
4171881	161023 224832.352   33 48 53 57 3c 49 33 33 33 33 33 33 33 33 33 33
4171882	161023 224832.390   33 33 33 33 33 33 33 33 33 33 33 33 33 33 33 33
4171883	161023 224832.393   33 33 33 33 33 33 ea 16
4171884	iteration 8428
4171885	read meter 51510663
4171886	161023 224832.447 > fe fe fe fe 68 63 06 51 51 00 00 68 11 04 34 38
4171887	161023 224832.500 > 33 37 c6 16
4171888	161023 224835.116   68 63 06 51 51 00 00 68 d1 01 34 e1 16
4171889	161023 224835.147 > fe fe fe fe 68 63 06 51 51 00 00 68 11 04 33 33
4171890	161023 224835.155 > 34 33 bd 16
4171891	timeout
4171892	161023 224838.277 > fe fe fe fe 68 63 06 51 51 00 00 68 11 04 33 33
4171893	161023 224838.292 > 34 33 bd 16
4171894	timeout
4171895	161023 224841.412 > fe fe fe fe 68 63 06 51 51 00 00 68 11 04 33 34
4171896	161023 224841.422 > 34 33 be 16
4171897	timeout
4171898	161023 224844.552 > fe fe fe fe 68 63 06 51 51 00 00 68 11 04 33 34
4171899	161023 224844.561 > 34 33 be 16
4171900	161023 224844.859   68 63 06 51 51 00 00 68 91 08 33 34 34 33 33 33
4171901	161023 224844.861   33 33 0e 16
4171902	161023 224844.911 > fe fe fe fe 68 63 06 51 51 00 00 68 11 04 33 35
4171903	161023 224844.919 > 34 33 bf 16
4171904	161023 224845.179   68 63 06 51 51 00 00 68 91 08 33 35 34 33 9b 79
4171905	161023 224845.182   33 33 bd 16
4171906	161023 224845.222 > fe fe fe fe 68 63 06 51 51 00 00 68 11 04 33 36
4171907	161023 224845.230 > 34 33 c0 16
4171908	161023 224845.525   68 63 06 51 51 00 00 68 91 08 33 36 34 33 86 85
4171909	161023 224845.527   33 33 b5 16
4171910	161023 224845.597 > fe fe fe fe 68 63 06 51 51 00 00 68 11 04 33 37
4171911	161023 224845.605 > 34 33 c1 16
4171912	161023 224845.869   68 63 06 51 51 00 00 68 91 08 33 37 34 33 95 69
4171913	161023 224845.871   33 33 a9 16
4171914	161023 224845.902 > fe fe fe fe 68 63 06 51 51 00 00 68 11 04 33 33
4171915	161023 224845.914 > 35 33 be 16
4171916	161023 224846.150   68 63 06 51 51 00 00 68 91 08 33 33 35 33 99 33
4171917	161023 224846.153   33 33 74 16
4171918	161023 224846.197 > fe fe fe fe 68 63 06 51 51 00 00 68 11 04 33 34
4171919	161023 224846.207 > 35 33 bf 16
4171920	161023 224846.476   68 63 06 51 51 00 00 68 91 08 33 34 35 33 33 33
4171921	161023 224846.494   33 33 0f 16
4171922	161023 224846.522 > fe fe fe fe 68 63 06 51 51 00 00 68 11 04 33 35
4171923	161023 224846.542 > 35 33 c0 16
4171924	161023 224846.848   68 63 06 51 51 00 00 68 91 08 33 35 35 33 55 33
4171925	161023 224846.862   33 33 32 16
4171926	161023 224846.897 > fe fe fe fe 68 63 06 51 51 00 00 68 11 04 33 36
4171927	161023 224846.921 > 35 33 c1 16
4171928	161023 224847.214   68 63 06 51 51 00 00 68 91 08 33 36 35 33 55 33
4171929	161023 224847.216   33 33 33 16
4171930	161023 224847.247 > fe fe fe fe 68 63 06 51 51 00 00 68 11 04 33 37
4171931	161023 224847.265 > 35 33 c2 16
4171932	161023 224847.518   68 63 06 51 51 00 00 68 91 08 33 37 35 33 55 33
4171933	161023 224847.521   33 33 34 16
4171934	161023 224847.577 > fe fe fe fe 68 63 06 51 51 00 00 68 11 04 33 33
4171935	161023 224847.606 > 36 33 bf 16
4171936	161023 224847.980   68 63 06 51 51 00 00 68 91 08 33 33 36 33 94 3a
4171937	161023 224847.983   33 33 77 16
4171938	161023 224848.037 > fe fe fe fe 68 63 06 51 51 00 00 68 11 04 33 34
4171939	161023 224848.054 > 36 33 c0 16
4171940	161023 224848.338   68 63 06 51 51 00 00 68 91 08 33 34 36 33 33 33
4171941	161023 224848.356   33 33 10 16
4171942	161023 224848.392 > fe fe fe fe 68 63 06 51 51 00 00 68 11 04 33 35
4171943	161023 224848.399 > 36 33 c1 16
4171944	161023 224848.632   68 63 06 51 51 00 00 68 91 08 33 35 36 33 8b 35
4171945	161023 224848.645   33 33 6b 16
4171946	161023 224848.672 > fe fe fe fe 68 63 06 51 51 00 00 68 11 04 33 36
4171947	161023 224848.688 > 36 33 c2 16
4171948	161023 224848.917   68 63 06 51 51 00 00 68 91 08 33 36 36 33 cb 35
4171949	161023 224848.929   33 33 ac 16
4171950	161023 224848.969 > fe fe fe fe 68 63 06 51 51 00 00 68 11 04 33 37
4171951	161023 224848.971 > 36 33 c3 16
4171952	161023 224849.197   68 63 06 51 51 00 00 68 91 08 33 37 36 33 38 35
4171953	161023 224849.205   33 33 1a 16
4171954	161023 224849.232 > fe fe fe fe 68 63 06 51 51 00 00 68 11 04 33 33
4171955	161023 224849.239 > 37 33 c0 16
4171956	161023 224849.531   68 63 06 51 51 00 00 68 91 08 33 33 37 33 8b 34
4171957	161023 224849.575   33 33 69 16
4171958	161023 224849.611 > fe fe fe fe 68 63 06 51 51 00 00 68 11 04 33 34
4171959	161023 224849.629 > 37 33 c1 16
4171960	161023 224849.882   68 63 06 51 51 00 00 68 91 08 33 34 37 33 33 33
4171961	161023 224849.904   33 33 11 16
4171962	161023 224849.931 > fe fe fe fe 68 63 06 51 51 00 00 68 11 04 33 35
4171963	161023 224849.939 > 37 33 c2 16
4171964	161023 224850.171   68 63 06 51 51 00 00 68 91 08 33 35 37 33 86 33
4171965	161023 224850.191   33 33 65 16
4171966	161023 224850.221 > fe fe fe fe 68 63 06 51 51 00 00 68 11 04 33 36
4171967	161023 224850.236 > 37 33 c3 16
4171968	161023 224850.495   68 63 06 51 51 00 00 68 91 08 33 36 37 33 88 33
4171969	161023 224850.497   33 33 68 16
4171970	161023 224850.542 > fe fe fe fe 68 63 06 51 51 00 00 68 11 04 33 37
4171971	161023 224850.564 > 37 33 c4 16
4171972	161023 224850.835   68 63 06 51 51 00 00 68 91 08 33 37 37 33 7c 33
4171973	161023 224850.860   33 33 5d 16
4171974	161023 224850.892 > fe fe fe fe 68 63 06 51 51 00 00 68 11 04 33 33
4171975	161023 224850.905 > 38 33 c1 16
4171976	161023 224851.157   68 63 06 51 51 00 00 68 91 08 33 33 38 33 69 35
4171977	161023 224851.190   33 33 49 16
4171978	161023 224851.222 > fe fe fe fe 68 63 06 51 51 00 00 68 11 04 33 34
4171979	161023 224851.234 > 38 33 c2 16
4171980	161023 224851.434   68 63 06 51 51 00 00 68 d1 01 35 e2 16
4171981	161023 224851.487 > fe fe fe fe 68 63 06 51 51 00 00 68 11 04 33 35
4171982	161023 224851.509 > 38 33 c3 16
4171983	161023 224851.759   68 63 06 51 51 00 00 68 d1 01 35 e2 16
4171984	161023 224851.792 > fe fe fe fe 68 63 06 51 51 00 00 68 11 04 33 36
4171985	161023 224851.800 > 38 33 c4 16
4171986	161023 224851.988   68 63 06 51 51 00 00 68 d1 01 35 e2 16
4171987	161023 224852.017 > fe fe fe fe 68 63 06 51 51 00 00 68 11 04 33 37
4171988	161023 224852.027 > 38 33 c5 16
4171989	161023 224852.225   68 63 06 51 51 00 00 68 d1 01 35 e2 16
4171990	161023 224852.260 > fe fe fe fe 68 63 06 51 51 00 00 68 11 04 33 33
4171991	161023 224852.268 > 3b 33 c4 16
