3407253	161023 030411.313 > fe fe fe fe 68 63 06 51 51 00 00 68 11 04 33 37
3407254	161023 030411.326 > 3a 33 c7 16
3407255	161023 030411.524   68 63 06 51 51 00 00 68 d1 01 35 e2 16
3407256	161023 030411.573 > fe fe fe fe 68 63 06 51 51 00 00 68 11 04 33 32
3407257	161023 030411.581 > 33 33 bb 16
3407258	161023 030411.761   68 63 06 51 51 00 00 68 d1 01 35 e2 16
3407259	161023 030411.788 > fe fe fe fe 68 63 06 51 51 00 00 68 11 04 33 33
3407260	161023 030411.801 > 34 34 be 16
3407261	161023 030412.136   68 63 06 51 51 00 00 68 91 0c 33 33 34 34 33 33
3407262	161023 030412.147   33 33 33 34 34 33 e0 16
3407263	161023 030412.183 > fe fe fe fe 68 63 06 51 51 00 00 68 11 04 33 34
3407264	161023 030412.189 > 34 34 bf 16
3407265	161023 030412.511   68 63 06 51 51 00 00 68 91 0c 33 34 34 34 33 33
3407266	161023 030412.514   33 33 33 34 34 33 e1 16
3407267	161023 030412.563 > fe fe fe fe 68 63 06 51 51 00 00 68 11 04 33 35
3407268	161023 030412.588 > 34 34 c0 16
3407269	161023 030412.881   68 63 06 51 51 00 00 68 91 0c 33 35 34 34 33 33
3407270	161023 030412.884   33 33 33 34 34 33 e2 16
3407271	161023 030412.938 > fe fe fe fe 68 63 06 51 51 00 00 68 11 04 33 36
3407272	161023 030412.946 > 34 34 c1 16
3407273	161023 030413.283   68 63 06 51 51 00 00 68 91 0c 33 36 34 34 33 33
3407274	161023 030413.308   33 33 33 34 34 33 e3 16
3407275	161023 030413.354 > fe fe fe fe 68 63 06 51 51 00 00 68 11 04 33 37
3407276	161023 030413.359 > 34 34 c2 16
3407277	161023 030413.643   68 63 06 51 51 00 00 68 91 0c 33 37 34 34 33 33
3407278	161023 030413.647   33 33 33 34 34 33 e4 16
3407279	161023 030413.678 > fe fe fe fe 68 63 06 51 51 00 00 68 11 04 33 33
3407280	161023 030413.686 > 35 34 bf 16
3407281	161023 030413.960   68 63 06 51 51 00 00 68 91 0c 33 33 35 34 55 33
3407282	161023 030413.978   33 33 39 48 43 49 42 16
3407283	161023 030414.013 > fe fe fe fe 68 63 06 51 51 00 00 68 11 04 33 34
3407284	161023 030414.023 > 35 34 c0 16
3407285	161023 030414.217   68 63 06 51 51 00 00 68 d1 01 35 e2 16
3407286	161023 030414.253 > fe fe fe fe 68 63 06 51 51 00 00 68 11 04 33 35
3407287	161023 030414.256 > 35 34 c1 16
3407288	161023 030414.448   68 63 06 51 51 00 00 68 d1 01 35 e2 16
3407289	161023 030414.518 > fe fe fe fe 68 63 06 51 51 00 00 68 11 04 33 36
3407290	161023 030414.526 > 35 34 c2 16
3407291	161023 030414.714   68 63 06 51 51 00 00 68 d1 01 35 e2 16
3407292	161023 030414.758 > fe fe fe fe 68 63 06 51 51 00 00 68 11 04 33 37
3407293	161023 030414.771 > 35 34 c3 16
3407294	161023 030414.951   68 63 06 51 51 00 00 68 d1 01 35 e2 16
3407295	161023 030414.978 > fe fe fe fe 68 63 06 51 51 00 00 68 11 04 33 33
3407296	161023 030415.012 > 34 34 be 16
3407297	161023 030415.361   68 63 06 51 51 00 00 68 91 0c 33 33 34 34 33 33
3407298	161023 030415.364   33 33 33 34 34 33 e0 16
3407299	161023 030415.438 > fe fe fe fe 68 63 06 51 51 00 00 68 11 04 33 34
3407300	161023 030415.448 > 34 34 bf 16
3407301	161023 030415.736   68 63 06 51 51 00 00 68 91 0c 33 34 34 34 33 33
3407302	161023 030415.738   33 33 33 34 34 33 e1 16
3407303	161023 030415.774 > fe fe fe fe 68 63 06 51 51 00 00 68 11 04 33 35
3407304	161023 030415.783 > 34 34 c0 16
3407305	161023 030416.032   68 63 06 51 51 00 00 68 91 0c 33 35 34 34 33 33
3407306	161023 030416.034   33 33 33 34 34 33 e2 16
3407307	161023 030416.083 > fe fe fe fe 68 63 06 51 51 00 00 68 11 04 33 36
3407308	161023 030416.091 > 34 34 c1 16
3407309	161023 030416.389   68 63 06 51 51 00 00 68 91 0c 33 36 34 34 33 33
3407310	161023 030416.411   33 33 33 34 34 33 e3 16
3407311	161023 030416.438 > fe fe fe fe 68 63 06 51 51 00 00 68 11 04 33 37
3407312	161023 030416.446 > 34 34 c2 16
3407313	161023 030416.688   68 63 06 51 51 00 00 68 91 0c 33 37 34 34 33 33
3407314	161023 030416.703   33 33 33 34 34 33 e4 16
3407315	161023 030416.773 > fe fe fe fe 68 63 06 51 51 00 00 68 11 04 33 33
3407316	161023 030416.791 > 35 34 bf 16
3407317	161023 030417.069   68 63 06 51 51 00 00 68 91 0c 33 33 35 34 55 33
3407318	161023 030417.107   33 33 39 48 43 49 42 16
3407319	161023 030417.138 > fe fe fe fe 68 63 06 51 51 00 00 68 11 04 33 34
3407320	161023 030417.180 > 35 34 c0 16
3407321	161023 030417.364   68 63 06 51 51 00 00 68 d1 01 35 e2 16
3407322	161023 030417.393 > fe fe fe fe 68 63 06 51 51 00 00 68 11 04 33 35
3407323	161023 030417.406 > 35 34 c1 16
3407324	161023 030417.620   68 63 06 51 51 00 00 68 d1 01 35 e2 16
3407325	161023 030417.648 > fe fe fe fe 68 63 06 51 51 00 00 68 11 04 33 36
3407326	161023 030417.656 > 35 34 c2 16
3407327	161023 030417.836   68 63 06 51 51 00 00 68 d1 01 35 e2 16
3407328	161023 030417.863 > fe fe fe fe 68 63 06 51 51 00 00 68 11 04 33 37
3407329	161023 030417.886 > 35 34 c3 16
3407330	161023 030418.093   68 63 06 51 51 00 00 68 d1 01 35 e2 16
3407331	161023 030418.168 > fe fe fe fe 68 63 06 51 51 00 00 68 11 04 34 33
3407332	161023 030418.181 > 63 36 f0 16
3407333	161023 030418.836   68 63 06 51 51 00 00 68 91 36 34 33 63 36 43 83
3407334	161023 030418.838   47 46 3a 49 33 33 33 33 32 32 32 32 32 32 32 32
3407335	161023 030418.854   32 32 32 32 32 32 32 32 32 32 32 32 32 32 32 32
3407336	161023 030418.874   32 32 32 32 32 32 32 32 32 32 32 32 32 32 32 32
3407337	161023 030418.887   14 16
3407338	161023 030418.948 > fe fe fe fe 68 63 06 51 51 00 00 68 11 04 34 35
3407339	161023 030418.956 > 63 36 f2 16
3407340	161023 030420.440   68 63 06 51 51 00 00 68 b1 c8 34 35 63 36 33 33
3407341	161023 030420.443   33 33 33 33 33 33 33 33 32 32 32 32 32 32 32 32
3407342	161023 030420.452   32 32 32 32 32 32 32 32 32 32 32 32 32 32 32 32
3407343	161023 030420.454   32 32 32 32 32 32 32 32 32 32 32 32 32 32 32 32
3407344	161023 030420.473   32 32 32 32 32 32 32 32 32 32 32 32 32 32 32 32
3407345	161023 030420.477   32 32 32 32 32 32 32 32 32 32 32 32 32 32 32 32
3407346	161023 030420.491   32 32 32 32 32 32 32 32 32 32 32 32 32 32 32 32
3407347	161023 030420.494   32 32 32 32 32 32 32 32 32 32 32 32 32 32 32 32
3407348	161023 030420.517   32 32 32 32 32 32 32 32 32 32 32 32 32 32 32 32
3407349	161023 030420.521   32 32 32 32 32 32 32 32 32 32 32 32 32 32 32 32
3407350	161023 030420.523   32 f2
3407351	161023 030420.563 > fe fe fe fe 68 63 06 51 51 00 00 68 11 04 33 33
3407352	161023 030420.576 > 63 36 ef 16
3407353	timeout
3407354	161023 030423.718 > fe fe fe fe 68 63 06 51 51 00 00 68 11 04 33 33
3407355	161023 030423.737 > 63 36 ef 16
3407356	161023 030424.069   68 63 06 51 51 00 00 68 91 07 33 33 63 36 34 33
3407357	161023 030424.076   33 0c 16
3407358	161023 030424.103 > fe fe fe fe 68 63 06 51 51 00 00 68 11 04 33 35
3407359	161023 030424.114 > 63 36 f1 16
3407360	161023 030424.309   68 63 06 51 51 00 00 68 d1 01 35 e2 16
3407361	161023 030424.343 > fe fe fe fe 68 63 06 51 51 00 00 68 11 04 3d 33
3407362	161023 030424.347 > b3 35 48 16
3407363	161023 030424.587   68 63 06 51 51 00 00 68 91 08 3d 33 b3 35 c4 a5
3407364	161023 030424.600   88 34 f1 16
3407365	161023 030424.628 > fe fe fe fe 68 63 06 51 51 00 00 68 11 04 34 33
3407366	161023 030424.643 > 34 46 d1 16
3407367	161023 030424.837   68 63 06 51 51 00 00 68 d1 01 35 e2 16
3407368	161023 030424.868 > fe fe fe fe 68 63 06 51 51 00 00 68 11 04 34 33
3407369	161023 030424.883 > 35 46 d2 16
3407370	161023 030425.092   68 63 06 51 51 00 00 68 d1 01 35 e2 16
3407371	161023 030425.138 > fe fe fe fe 68 63 06 51 51 00 00 68 11 04 34 33
3407372	161023 030425.156 > 36 46 d3 16
3407373	161023 030425.339   68 63 06 51 51 00 00 68 d1 01 35 e2 16
3407374	161023 030425.383 > fe fe fe fe 68 63 06 51 51 00 00 68 11 04 35 33
3407375	161023 030425.393 > 34 46 d2 16
3407376	161023 030425.580   68 63 06 51 51 00 00 68 d1 01 35 e2 16
3407377	161023 030425.624 > fe fe fe fe 68 63 06 51 51 00 00 68 11 04 35 33
3407378	161023 030425.639 > 35 46 d3 16
3407379	161023 030425.831   68 63 06 51 51 00 00 68 d1 01 35 e2 16
3407380	161023 030425.878 > fe fe fe fe 68 63 06 51 51 00 00 68 11 04 35 33
3407381	161023 030425.900 > 36 46 d4 16
3407382	161023 030426.130   68 63 06 51 51 00 00 68 d1 01 35 e2 16
3407383	161023 030426.158 > fe fe fe fe 68 63 06 51 51 00 00 68 11 04 34 34
3407384	161023 030426.167 > 34 46 d2 16
3407385	161023 030426.353   68 63 06 51 51 00 00 68 d1 01 35 e2 16
3407386	161023 030426.403 > fe fe fe fe 68 63 06 51 51 00 00 68 11 04 34 34
3407387	161023 030426.411 > 35 46 d3 16
3407388	161023 030426.624   68 63 06 51 51 00 00 68 d1 01 35 e2 16
3407389	161023 030426.653 > fe fe fe fe 68 63 06 51 51 00 00 68 11 04 34 34
3407390	161023 030426.675 > 36 46 d4 16
3407391	161023 030426.897   68 63 06 51 51 00 00 68 d1 01 35 e2 16
3407392	161023 030426.928 > fe fe fe fe 68 63 06 51 51 00 00 68 11 04 34 58
3407393	161023 030426.933 > 34 46 f6 16
3407394	161023 030427.199   68 63 06 51 51 00 00 68 d1 01 35 e2 16
3407395	161023 030427.253 > fe fe fe fe 68 63 06 51 51 00 00 68 11 04 34 58
3407396	161023 030427.266 > 35 46 f7 16
3407397	161023 030427.532   68 63 06 51 51 00 00 68 d1 01 35 e2 16
3407398	161023 030427.583 > fe fe fe fe 68 63 06 51 51 00 00 68 11 04 34 58
3407399	161023 030427.596 > 36 46 f8 16
3407400	161023 030427.874   68 63 06 51 51 00 00 68 d1 01 35 e2 16
3407401	161023 030427.927 > fe fe fe fe 68 63 06 51 51 00 00 68 11 04 34 38
3407402	161023 030427.941 > 33 37 c6 16
3407403	161023 030428.215   68 63 06 51 51 00 00 68 91 06 34 38 33 37 5d 33
3407404	161023 030428.225   d8 16
3407405	161023 030428.268 > fe fe fe fe 68 63 06 51 51 00 00 68 11 04 32 38
3407406	161023 030428.283 > 33 37 c4 16
3407407	161023 030428.631   68 63 06 51 51 00 00 68 91 12 32 38 33 37 5d 33
3407408	161023 030428.633   33 33 33 33 33 33 36 33 36 33 33 33 4c 16
3407409	161023 030428.673 > fe fe fe fe 68 63 06 51 51 00 00 68 11 04 34 3b
3407410	161023 030428.702 > 33 37 c9 16
3407411	161023 030428.923   68 63 06 51 51 00 00 68 91 05 34 3b 33 37 b2 fc
3407412	161023 030428.925   16
3407413	161023 030428.953 > fe fe fe fe 68 63 06 51 51 00 00 68 11 04 34 33
3407414	161023 030428.967 > b3 35 3f 16
3407415	161023 030429.219   68 63 06 51 51 00 00 68 d1 01 35 e2 16
3407416	161023 030429.258 > fe fe fe fe 68 63 06 51 51 00 00 68 11 04 35 33
3407417	161023 030429.274 > 34 43 cf 16
3407418	161023 030429.479   68 63 06 51 51 00 00 68 d1 01 35 e2 16
3407419	161023 030429.518 > fe fe fe fe 68 63 06 51 51 00 00 68 11 04 35 33
3407420	161023 030429.526 > 35 43 d0 16
3407421	161023 030429.714   68 63 06 51 51 00 00 68 d1 01 35 e2 16
3407422	161023 030429.768 > fe fe fe fe 68 63 06 51 51 00 00 68 11 04 35 33
3407423	161023 030429.776 > 36 43 d1 16
3407424	161023 030429.961   68 63 06 51 51 00 00 68 d1 01 35 e2 16
3407425	161023 030429.988 > fe fe fe fe 68 63 06 51 51 00 00 68 11 04 33 34
3407426	161023 030429.998 > 34 35 c0 16
3407427	161023 030430.256   68 63 06 51 51 00 00 68 91 06 33 34 34 35 73 39
3407428	161023 030430.259   ee 16
3407429	161023 030430.308 > fe fe fe fe 68 63 06 51 51 00 00 68 11 04 33 35
3407430	161023 030430.316 > 34 35 c1 16
3407431	161023 030430.563   68 63 06 51 51 00 00 68 91 06 33 35 34 35 33 33
3407432	161023 030430.588   a9 16
3407433	161023 030430.633 > fe fe fe fe 68 63 06 51 51 00 00 68 11 04 33 36
3407434	161023 030430.651 > 34 35 c2 16
3407435	161023 030430.894   68 63 06 51 51 00 00 68 91 06 33 36 34 35 33 33
3407436	161023 030430.941   aa 16
3407437	161023 030430.968 > fe fe fe fe 68 63 06 51 51 00 00 68 11 04 33 34
3407438	161023 030430.981 > 35 35 c1 16
3407439	161023 030431.224   68 63 06 51 51 00 00 68 91 07 33 34 35 35 33 33
3407440	161023 030431.237   33 dd 16
3407441	161023 030431.268 > fe fe fe fe 68 63 06 51 51 00 00 68 11 04 33 35
3407442	161023 030431.287 > 35 35 c2 16
3407443	161023 030431.606   68 63 06 51 51 00 00 68 91 07 33 35 35 35 33 33
3407444	161023 030431.608   33 de 16
3407445	161023 030431.658 > fe fe fe fe 68 63 06 51 51 00 00 68 11 04 33 36
3407446	161023 030431.673 > 35 35 c3 16
3407447	161023 030432.007   68 63 06 51 51 00 00 68 91 07 33 36 35 35 33 33
3407448	161023 030432.009   33 df 16
3407449	161023 030432.078 > fe fe fe fe 68 63 06 51 51 00 00 68 11 04 33 33
3407450	161023 030432.097 > 36 35 c1 16
3407451	161023 030432.605   68 63 06 51 51 00 00 68 91 07 33 33 36 35 33 33
3407452	161023 030432.608   33 dd 16
3407453	161023 030432.638 > fe fe fe fe 68 63 06 51 51 00 00 68 11 04 33 34
