965902	161020 151152.072   33 33 33 34 34 33 e0 16
965903	161020 151152.104 > fe fe fe fe 68 63 06 51 51 00 00 68 11 04 33 34
965904	161020 151152.107 > 34 34 bf 16
965905	161020 151152.344   68 63 06 51 51 00 00 68 91 0c 33 34 34 34 33 33
965906	161020 151152.352   33 33 33 34 34 33 e1 16
965907	161020 151152.379 > fe fe fe fe 68 63 06 51 51 00 00 68 11 04 33 35
965908	161020 151152.382 > 34 34 c0 16
965909	161020 151152.622   68 63 06 51 51 00 00 68 91 0c 33 35 34 34 33 33
965910	161020 151152.624   33 33 33 34 34 33 e2 16
965911	161020 151152.659 > fe fe fe fe 68 63 06 51 51 00 00 68 11 04 33 36
965912	161020 151152.662 > 34 34 c1 16
965913	161020 151152.902   68 63 06 51 51 00 00 68 91 0c 33 36 34 34 33 33
965914	161020 151152.904   33 33 33 34 34 33 e3 16
965915	161020 151152.939 > fe fe fe fe 68 63 06 51 51 00 00 68 11 04 33 37
965916	161020 151152.942 > 34 34 c2 16
965917	161020 151153.179   68 63 06 51 51 00 00 68 91 0c 33 37 34 34 33 33
965918	161020 151153.181   33 33 33 34 34 33 e4 16
965919	161020 151153.211 > fe fe fe fe 68 63 06 51 51 00 00 68 11 04 33 33
965920	161020 151153.214 > 35 34 bf 16
965921	161020 151153.454   68 63 06 51 51 00 00 68 91 0c 33 33 35 34 55 33
965922	161020 151153.458   33 33 39 48 43 49 42 16
965923	161020 151153.489 > fe fe fe fe 68 63 06 51 51 00 00 68 11 04 33 34
965924	161020 151153.502 > 35 34 c0 16
965925	161020 151153.700   68 63 06 51 51 00 00 68 d1 01 35 e2 16
965926	161020 151153.759 > fe fe fe fe 68 63 06 51 51 00 00 68 11 04 33 35
965927	161020 151153.767 > 35 34 c1 16
965928	161020 151153.949   68 63 06 51 51 00 00 68 d1 01 35 e2 16
965929	161020 151153.989 > fe fe fe fe 68 63 06 51 51 00 00 68 11 04 33 36
965930	161020 151154.007 > 35 34 c2 16
965931	161020 151154.204   68 63 06 51 51 00 00 68 d1 01 35 e2 16
965932	161020 151154.259 > fe fe fe fe 68 63 06 51 51 00 00 68 11 04 33 37
965933	161020 151154.277 > 35 34 c3 16
965934	161020 151154.459   68 63 06 51 51 00 00 68 d1 01 35 e2 16
965935	161020 151154.504 > fe fe fe fe 68 63 06 51 51 00 00 68 11 04 33 33
965936	161020 151154.546 > 34 34 be 16
965937	161020 151154.822   68 63 06 51 51 00 00 68 91 0c 33 33 34 34 33 33
965938	161020 151154.825   33 33 33 34 34 33 e0 16
965939	161020 151154.874 > fe fe fe fe 68 63 06 51 51 00 00 68 11 04 33 34
965940	161020 151154.882 > 34 34 bf 16
965941	161020 151155.202   68 63 06 51 51 00 00 68 91 0c 33 34 34 34 33 33
965942	161020 151155.207   33 33 33 34 34 33 e1 16
965943	161020 151155.254 > fe fe fe fe 68 63 06 51 51 00 00 68 11 04 33 35
965944	161020 151155.267 > 34 34 c0 16
965945	161020 151155.514   68 63 06 51 51 00 00 68 91 0c 33 35 34 34 33 33
965946	161020 151155.532   33 33 33 34 34 33 e2 16
965947	161020 151155.564 > fe fe fe fe 68 63 06 51 51 00 00 68 11 04 33 36
965948	161020 151155.578 > 34 34 c1 16
965949	161020 151155.838   68 63 06 51 51 00 00 68 91 0c 33 36 34 34 33 33
965950	161020 151155.841   33 33 33 34 34 33 e3 16
965951	161020 151155.869 > fe fe fe fe 68 63 06 51 51 00 00 68 11 04 33 37
965952	161020 151155.874 > 34 34 c2 16
965953	161020 151156.132   68 63 06 51 51 00 00 68 91 0c 33 37 34 34 33 33
965954	161020 151156.145   33 33 33 34 34 33 e4 16
965955	161020 151156.184 > fe fe fe fe 68 63 06 51 51 00 00 68 11 04 33 33
965956	161020 151156.197 > 35 34 bf 16
965957	161020 151156.472   68 63 06 51 51 00 00 68 91 0c 33 33 35 34 55 33
965958	161020 151156.476   33 33 39 48 43 49 42 16
965959	161020 151156.509 > fe fe fe fe 68 63 06 51 51 00 00 68 11 04 33 34
965960	161020 151156.542 > 35 34 c0 16
965961	161020 151156.738   68 63 06 51 51 00 00 68 d1 01 35 e2 16
965962	161020 151156.794 > fe fe fe fe 68 63 06 51 51 00 00 68 11 04 33 35
965963	161020 151156.807 > 35 34 c1 16
965964	161020 151156.989   68 63 06 51 51 00 00 68 d1 01 35 e2 16
965965	161020 151157.019 > fe fe fe fe 68 63 06 51 51 00 00 68 11 04 33 36
965966	161020 151157.031 > 35 34 c2 16
965967	161020 151157.230   68 63 06 51 51 00 00 68 d1 01 35 e2 16
965968	161020 151157.259 > fe fe fe fe 68 63 06 51 51 00 00 68 11 04 33 37
965969	161020 151157.262 > 35 34 c3 16
965970	161020 151157.444   68 63 06 51 51 00 00 68 d1 01 35 e2 16
965971	161020 151157.494 > fe fe fe fe 68 63 06 51 51 00 00 68 11 04 34 33
965972	161020 151157.507 > 63 36 f0 16
965973	161020 151158.112   68 63 06 51 51 00 00 68 91 36 34 33 63 36 43 83
965974	161020 151158.126   47 46 3a 49 33 33 33 33 32 32 32 32 32 32 32 32
965975	161020 151158.129   32 32 32 32 32 32 32 32 32 32 32 32 32 32 32 32
965976	161020 151158.141   32 32 32 32 32 32 32 32 32 32 32 32 32 32 32 32
965977	161020 151158.144   14 16
965978	161020 151158.174 > fe fe fe fe 68 63 06 51 51 00 00 68 11 04 34 35
965979	161020 151158.193 > 63 36 f2 16
965980	161020 151159.437   68 63 06 51 51 00 00 68 b1 c8 34 35 63 36 33 33
965981	161020 151159.440   33 33 33 33 33 33 33 33 32 32 32 32 32 32 32 32
965982	161020 151159.454   32 32 32 32 32 32 32 32 32 32 32 32 32 32 32 32
965983	161020 151159.463   32 32 32 32 32 32 32 32 32 32 32 32 32 32 32 32
965984	161020 151159.469   32 32 32 32 32 32 32 32 32 32 32 32 32 32 32 32
965985	161020 151159.473   32 32 32 32 32 32 32 32 32 32 32 32 32 32 32 32
965986	161020 151159.479   32 32 32 32 32 32 32 32 32 32 32 32 32 32 32 32
965987	161020 151159.512   32 32 32 32 32 32 32 32 32 32 32 32 32 32 32 32
965988	161020 151159.515   32 32 32 32 32 32 32 32 32 32 32 32 32 32 32 32
965989	161020 151159.532   32 32 32 32 32 32 32 32 32 32 32 32 32 32 32 32
965990	161020 151159.535   32 32 32 32 32 32 32 32 32 32 32 32 32 32 32 32
965991	161020 151159.553   32 32 32 32 32 32 32 32 32 32 32 32 32 32 32 32
965992	161020 151159.555   32 32 32 32 32 32 32 32 32 32 32 32 32 32 32 32
965993	161020 151159.558   32 32 a8 16
965994	161020 151159.599 > fe fe fe fe 68 63 06 51 51 00 00 68 11 04 33 33
965995	161020 151159.612 > 63 36 ef 16
965996	161020 151202.245   68 63 06 51 51 00 00 68 d1 01 34 e1 16
965997	161020 151202.279 > fe fe fe fe 68 63 06 51 51 00 00 68 11 04 33 35
965998	161020 151202.282 > 63 36 f1 16
965999	161020 151202.501   68 63 06 51 51 00 00 68 d1 01 35 e2 16
966000	161020 151202.529 > fe fe fe fe 68 63 06 51 51 00 00 68 11 04 3d 33
966001	161020 151202.536 > b3 35 48 16
966002	timeout
966003	161020 151205.649 > fe fe fe fe 68 63 06 51 51 00 00 68 11 04 3d 33
966004	161020 151205.652 > b3 35 48 16
966005	timeout
966006	161020 151208.764 > fe fe fe fe 68 63 06 51 51 00 00 68 11 04 34 33
966007	161020 151208.769 > 34 46 d1 16
966008	timeout
966009	161020 151211.894 > fe fe fe fe 68 63 06 51 51 00 00 68 11 04 34 33
966010	161020 151211.906 > 34 46 d1 16
966011	161020 151212.088   68 63 06 51 51 00 00 68 d1 01 35 e2 16
966012	161020 151212.119 > fe fe fe fe 68 63 06 51 51 00 00 68 11 04 34 33
966013	161020 151212.136 > 35 46 d2 16
966014	161020 151212.332   68 63 06 51 51 00 00 68 d1 01 35 e2 16
966015	161020 151212.364 > fe fe fe fe 68 63 06 51 51 00 00 68 11 04 34 33
966016	161020 151212.372 > 36 46 d3 16
966017	161020 151212.555   68 63 06 51 51 00 00 68 d1 01 35 e2 16
966018	161020 151212.589 > fe fe fe fe 68 63 06 51 51 00 00 68 11 04 35 33
966019	161020 151212.615 > 34 46 d2 16
966020	161020 151212.809   68 63 06 51 51 00 00 68 d1 01 35 e2 16
966021	161020 151212.841 > fe fe fe fe 68 63 06 51 51 00 00 68 11 04 35 33
966022	161020 151212.850 > 35 46 d3 16
966023	161020 151213.043   68 63 06 51 51 00 00 68 d1 01 35 e2 16
966024	161020 151213.074 > fe fe fe fe 68 63 06 51 51 00 00 68 11 04 35 33
966025	161020 151213.081 > 36 46 d4 16
966026	161020 151213.262   68 63 06 51 51 00 00 68 d1 01 35 e2 16
966027	161020 151213.289 > fe fe fe fe 68 63 06 51 51 00 00 68 11 04 34 34
966028	161020 151213.296 > 34 46 d2 16
966029	161020 151213.496   68 63 06 51 51 00 00 68 d1 01 35 e2 16
966030	161020 151213.524 > fe fe fe fe 68 63 06 51 51 00 00 68 11 04 34 34
966031	161020 151213.532 > 35 46 d3 16
966032	161020 151213.751   68 63 06 51 51 00 00 68 d1 01 35 e2 16
966033	161020 151213.779 > fe fe fe fe 68 63 06 51 51 00 00 68 11 04 34 34
966034	161020 151213.792 > 36 46 d4 16
966035	161020 151213.983   68 63 06 51 51 00 00 68 d1 01 35 e2 16
966036	161020 151214.014 > fe fe fe fe 68 63 06 51 51 00 00 68 11 04 34 58
966037	161020 151214.019 > 34 46 f6 16
966038	161020 151214.202   68 63 06 51 51 00 00 68 d1 01 35 e2 16
966039	161020 151214.229 > fe fe fe fe 68 63 06 51 51 00 00 68 11 04 34 58
966040	161020 151214.235 > 35 46 f7 16
966041	161020 151214.423   68 63 06 51 51 00 00 68 d1 01 35 e2 16
966042	161020 151214.455 > fe fe fe fe 68 63 06 51 51 00 00 68 11 04 34 58
966043	161020 151214.463 > 36 46 f8 16
966044	161020 151214.685   68 63 06 51 51 00 00 68 d1 01 35 e2 16
966045	161020 151214.714 > fe fe fe fe 68 63 06 51 51 00 00 68 11 04 34 38
966046	161020 151214.727 > 33 37 c6 16
966047	161020 151215.016   68 63 06 51 51 00 00 68 91 06 34 38 33 37 5d 33
966048	161020 151215.020   d8 16
966049	161020 151215.088 > fe fe fe fe 68 63 06 51 51 00 00 68 11 04 32 38
966050	161020 151215.116 > 33 37 c4 16
966051	161020 151215.525   68 63 06 51 51 00 00 68 91 12 32 38 33 37 5d 33
966052	161020 151215.532   33 33 33 33 33 33 36 33 36 33 33 33 4c 16
966053	161020 151215.569 > fe fe fe fe 68 63 06 51 51 00 00 68 11 04 34 3b
966054	161020 151215.576 > 33 37 c9 16
966055	161020 151215.779   68 63 06 51 51 00 00 68 91 05 34 3b 33 37 b2 fc
966056	161020 151215.792   16
966057	161020 151215.819 > fe fe fe fe 68 63 06 51 51 00 00 68 11 04 34 33
966058	161020 151215.827 > b3 35 3f 16
966059	161020 151216.007   68 63 06 51 51 00 00 68 d1 01 35 e2 16
966060	161020 151216.034 > fe fe fe fe 68 63 06 51 51 00 00 68 11 04 35 33
966061	161020 151216.046 > 34 43 cf 16
966062	161020 151216.232   68 63 06 51 51 00 00 68 d1 01 35 e2 16
966063	161020 151216.259 > fe fe fe fe 68 63 06 51 51 00 00 68 11 04 35 33
966064	161020 151216.273 > 35 43 d0 16
966065	161020 151216.457   68 63 06 51 51 00 00 68 d1 01 35 e2 16
966066	161020 151216.484 > fe fe fe fe 68 63 06 51 51 00 00 68 11 04 35 33
966067	161020 151216.491 > 36 43 d1 16
966068	161020 151216.672   68 63 06 51 51 00 00 68 d1 01 35 e2 16
966069	161020 151216.699 > fe fe fe fe 68 63 06 51 51 00 00 68 11 04 33 34
966070	161020 151216.705 > 34 35 c0 16
966071	161020 151216.922   68 63 06 51 51 00 00 68 91 06 33 34 34 35 34 39
966072	161020 151216.925   af 16
966073	161020 151216.964 > fe fe fe fe 68 63 06 51 51 00 00 68 11 04 33 35
966074	161020 151216.977 > 34 35 c1 16
966075	161020 151217.237   68 63 06 51 51 00 00 68 91 06 33 35 34 35 33 33
966076	161020 151217.240   a9 16
966077	161020 151217.274 > fe fe fe fe 68 63 06 51 51 00 00 68 11 04 33 36
966078	161020 151217.277 > 34 35 c2 16
966079	161020 151217.570   68 63 06 51 51 00 00 68 91 06 33 36 34 35 33 33
966080	161020 151217.573   aa 16
966081	161020 151217.604 > fe fe fe fe 68 63 06 51 51 00 00 68 11 04 33 34
966082	161020 151217.614 > 35 35 c1 16
966083	161020 151217.852   68 63 06 51 51 00 00 68 91 07 33 34 35 35 33 33
966084	161020 151217.856   33 dd 16
966085	161020 151217.884 > fe fe fe fe 68 63 06 51 51 00 00 68 11 04 33 35
966086	161020 151217.889 > 35 35 c2 16
966087	161020 151218.112   68 63 06 51 51 00 00 68 91 07 33 35 35 35 33 33
966088	161020 151218.114   33 de 16
966089	161020 151218.144 > fe fe fe fe 68 63 06 51 51 00 00 68 11 04 33 36
966090	161020 151218.153 > 35 35 c3 16
966091	161020 151218.376   68 63 06 51 51 00 00 68 91 07 33 36 35 35 33 33
966092	161020 151218.384   33 df 16
966093	161020 151218.419 > fe fe fe fe 68 63 06 51 51 00 00 68 11 04 33 33
966094	161020 151218.434 > 36 35 c1 16
966095	161020 151218.832   68 63 06 51 51 00 00 68 91 07 33 33 36 35 33 33
966096	161020 151218.835   33 dd 16
966097	161020 151218.869 > fe fe fe fe 68 63 06 51 51 00 00 68 11 04 33 34
966098	161020 151218.876 > 36 35 c2 16
966099	161020 151219.116   68 63 06 51 51 00 00 68 91 07 33 34 36 35 33 33
966100	161020 151219.118   33 de 16
966101	161020 151219.149 > fe fe fe fe 68 63 06 51 51 00 00 68 11 04 33 35
966102	161020 151219.151 > 36 35 c3 16
