3467605	161023 043722.159 > fe fe fe fe 68 63 06 51 51 00 00 68 11 04 33 35
3467606	161023 043722.168 > 3b 33 c6 16
3467607	161023 043722.448   68 63 06 51 51 00 00 68 d1 01 35 e2 16
3467608	161023 043722.484 > fe fe fe fe 68 63 06 51 51 00 00 68 11 04 33 36
3467609	161023 043722.492 > 3b 33 c7 16
3467610	161023 043722.692   68 63 06 51 51 00 00 68 d1 01 35 e2 16
3467611	161023 043722.724 > fe fe fe fe 68 63 06 51 51 00 00 68 11 04 33 37
3467612	161023 043722.741 > 3b 33 c8 16
3467613	161023 043722.968   68 63 06 51 51 00 00 68 d1 01 35 e2 16
3467614	161023 043723.019 > fe fe fe fe 68 63 06 51 51 00 00 68 11 04 33 33
3467615	161023 043723.027 > 39 33 c2 16
3467616	161023 043723.299   68 63 06 51 51 00 00 68 91 08 33 33 39 33 87 34
3467617	161023 043723.344   33 33 67 16
3467618	161023 043723.449 > fe fe fe fe 68 63 06 51 51 00 00 68 11 04 33 34
3467619	161023 043723.463 > 39 33 c3 16
3467620	161023 043723.660   68 63 06 51 51 00 00 68 d1 01 35 e2 16
3467621	161023 043723.714 > fe fe fe fe 68 63 06 51 51 00 00 68 11 04 33 35
3467622	161023 043723.727 > 39 33 c4 16
3467623	161023 043723.914   68 63 06 51 51 00 00 68 d1 01 35 e2 16
3467624	161023 043723.959 > fe fe fe fe 68 63 06 51 51 00 00 68 11 04 33 36
3467625	161023 043723.967 > 39 33 c5 16
3467626	161023 043724.195   68 63 06 51 51 00 00 68 d1 01 35 e2 16
3467627	161023 043724.251 > fe fe fe fe 68 63 06 51 51 00 00 68 11 04 33 37
3467628	161023 043724.254 > 39 33 c6 16
3467629	161023 043724.474   68 63 06 51 51 00 00 68 d1 01 35 e2 16
3467630	161023 043724.524 > fe fe fe fe 68 63 06 51 51 00 00 68 11 04 33 33
3467631	161023 043724.533 > 3a 33 c3 16
3467632	161023 043724.789   68 63 06 51 51 00 00 68 91 08 33 33 3a 33 37 33
3467633	161023 043724.809   33 33 17 16
3467634	161023 043724.859 > fe fe fe fe 68 63 06 51 51 00 00 68 11 04 33 34
3467635	161023 043724.871 > 3a 33 c4 16
3467636	161023 043725.058   68 63 06 51 51 00 00 68 d1 01 35 e2 16
3467637	161023 043725.099 > fe fe fe fe 68 63 06 51 51 00 00 68 11 04 33 35
3467638	161023 043725.123 > 3a 33 c5 16
3467639	161023 043725.317   68 63 06 51 51 00 00 68 d1 01 35 e2 16
3467640	161023 043725.349 > fe fe fe fe 68 63 06 51 51 00 00 68 11 04 33 36
3467641	161023 043725.360 > 3a 33 c6 16
3467642	161023 043725.628   68 63 06 51 51 00 00 68 d1 01 35 e2 16
3467643	161023 043725.669 > fe fe fe fe 68 63 06 51 51 00 00 68 11 04 33 37
3467644	161023 043725.682 > 3a 33 c7 16
3467645	161023 043725.867   68 63 06 51 51 00 00 68 d1 01 35 e2 16
3467646	161023 043725.919 > fe fe fe fe 68 63 06 51 51 00 00 68 11 04 33 32
3467647	161023 043725.941 > 33 33 bb 16
3467648	161023 043726.151   68 63 06 51 51 00 00 68 d1 01 35 e2 16
3467649	161023 043726.179 > fe fe fe fe 68 63 06 51 51 00 00 68 11 04 33 33
3467650	161023 043726.189 > 34 34 be 16
3467651	161023 043726.490   68 63 06 51 51 00 00 68 91 0c 33 33 34 34 33 33
3467652	161023 043726.507   33 33 33 34 34 33 e0 16
3467653	161023 043726.554 > fe fe fe fe 68 63 06 51 51 00 00 68 11 04 33 34
3467654	161023 043726.561 > 34 34 bf 16
3467655	161023 043726.823   68 63 06 51 51 00 00 68 91 0c 33 34 34 34 33 33
3467656	161023 043726.836   33 33 33 34 34 33 e1 16
3467657	161023 043726.864 > fe fe fe fe 68 63 06 51 51 00 00 68 11 04 33 35
3467658	161023 043726.872 > 34 34 c0 16
3467659	161023 043727.167   68 63 06 51 51 00 00 68 91 0c 33 35 34 34 33 33
3467660	161023 043727.170   33 33 33 34 34 33 e2 16
3467661	161023 043727.214 > fe fe fe fe 68 63 06 51 51 00 00 68 11 04 33 36
3467662	161023 043727.228 > 34 34 c1 16
3467663	161023 043727.492   68 63 06 51 51 00 00 68 91 0c 33 36 34 34 33 33
3467664	161023 043727.494   33 33 33 34 34 33 e3 16
3467665	161023 043727.539 > fe fe fe fe 68 63 06 51 51 00 00 68 11 04 33 37
3467666	161023 043727.558 > 34 34 c2 16
3467667	161023 043727.818   68 63 06 51 51 00 00 68 91 0c 33 37 34 34 33 33
3467668	161023 043727.821   33 33 33 34 34 33 e4 16
3467669	161023 043727.849 > fe fe fe fe 68 63 06 51 51 00 00 68 11 04 33 33
3467670	161023 043727.851 > 35 34 bf 16
3467671	161023 043728.126   68 63 06 51 51 00 00 68 91 0c 33 33 35 34 55 33
3467672	161023 043728.129   33 33 39 48 43 49 42 16
3467673	161023 043728.174 > fe fe fe fe 68 63 06 51 51 00 00 68 11 04 33 34
3467674	161023 043728.196 > 35 34 c0 16
3467675	161023 043728.396   68 63 06 51 51 00 00 68 d1 01 35 e2 16
3467676	161023 043728.454 > fe fe fe fe 68 63 06 51 51 00 00 68 11 04 33 35
3467677	161023 043728.461 > 35 34 c1 16
3467678	161023 043728.647   68 63 06 51 51 00 00 68 d1 01 35 e2 16
3467679	161023 043728.704 > fe fe fe fe 68 63 06 51 51 00 00 68 11 04 33 36
3467680	161023 043728.718 > 35 34 c2 16
3467681	161023 043728.969   68 63 06 51 51 00 00 68 d1 01 35 e2 16
3467682	161023 043729.030 > fe fe fe fe 68 63 06 51 51 00 00 68 11 04 33 37
3467683	161023 043729.033 > 35 34 c3 16
3467684	161023 043729.225   68 63 06 51 51 00 00 68 d1 01 35 e2 16
3467685	161023 043729.279 > fe fe fe fe 68 63 06 51 51 00 00 68 11 04 33 33
3467686	161023 043729.287 > 34 34 be 16
3467687	161023 043729.607   68 63 06 51 51 00 00 68 91 0c 33 33 34 34 33 33
3467688	161023 043729.610   33 33 33 34 34 33 e0 16
3467689	161023 043729.639 > fe fe fe fe 68 63 06 51 51 00 00 68 11 04 33 34
3467690	161023 043729.648 > 34 34 bf 16
3467691	161023 043729.898   68 63 06 51 51 00 00 68 91 0c 33 34 34 34 33 33
3467692	161023 043729.916   33 33 33 34 34 33 e1 16
3467693	161023 043729.944 > fe fe fe fe 68 63 06 51 51 00 00 68 11 04 33 35
3467694	161023 043729.956 > 34 34 c0 16
3467695	161023 043730.260   68 63 06 51 51 00 00 68 91 0c 33 35 34 34 33 33
3467696	161023 043730.263   33 33 33 34 34 33 e2 16
3467697	161023 043730.299 > fe fe fe fe 68 63 06 51 51 00 00 68 11 04 33 36
3467698	161023 043730.303 > 34 34 c1 16
3467699	161023 043732.369   68 63 06 51 51 00 00 68 d1 01 34 e1 16
3467700	161023 043732.419 > fe fe fe fe 68 63 06 51 51 00 00 68 11 04 33 37
3467701	161023 043732.422 > 34 34 c2 16
3467702	161023 043735.037   68 63 06 51 51 00 00 68 d1 01 34 e1 16
3467703	161023 043735.074 > fe fe fe fe 68 63 06 51 51 00 00 68 11 04 33 33
3467704	161023 043735.083 > 35 34 bf 16
3467705	timeout
3467706	161023 043738.194 > fe fe fe fe 68 63 06 51 51 00 00 68 11 04 33 33
3467707	161023 043738.217 > 35 34 bf 16
3467708	timeout
3467709	161023 043741.329 > fe fe fe fe 68 63 06 51 51 00 00 68 11 04 33 34
3467710	161023 043741.364 > 35 34 c0 16
3467711	timeout
3467712	161023 043744.509 > fe fe fe fe 68 63 06 51 51 00 00 68 11 04 33 34
3467713	161023 043744.521 > 35 34 c0 16
3467714	161023 043744.710   68 63 06 51 51 00 00 68 d1 01 35 e2 16
3467715	161023 043744.753 > fe fe fe fe 68 63 06 51 51 00 00 68 11 04 33 35
3467716	161023 043744.769 > 35 34 c1 16
3467717	161023 043744.962   68 63 06 51 51 00 00 68 d1 01 35 e2 16
3467718	161023 043744.989 > fe fe fe fe 68 63 06 51 51 00 00 68 11 04 33 36
3467719	161023 043745.000 > 35 34 c2 16
3467720	161023 043745.217   68 63 06 51 51 00 00 68 d1 01 35 e2 16
3467721	161023 043745.244 > fe fe fe fe 68 63 06 51 51 00 00 68 11 04 33 37
3467722	161023 043745.267 > 35 34 c3 16
3467723	161023 043745.457   68 63 06 51 51 00 00 68 d1 01 35 e2 16
3467724	161023 043745.484 > fe fe fe fe 68 63 06 51 51 00 00 68 11 04 34 33
3467725	161023 043745.496 > 63 36 f0 16
3467726	161023 043746.012   68 63 06 51 51 00 00 68 91 36 34 33 63 36 43 83
3467727	161023 043746.017   47 46 3a 49 33 33 33 33 32 32 32 32 32 32 32 32
3467728	161023 043746.024   32 32 32 32 32 32 32 32 32 32 32 32 32 32 32 32
3467729	161023 043746.042   32 32 32 32 32 32 32 32 32 32 32 32 32 32 32 32
3467730	161023 043746.057   14 16
3467731	161023 043746.089 > fe fe fe fe 68 63 06 51 51 00 00 68 11 04 34 35
3467732	161023 043746.108 > 63 36 f2 16
3467733	161023 043747.645   68 63 06 51 51 00 00 68 b1 c8 34 35 63 36 33 33
3467734	161023 043747.658   33 33 33 33 33 33 33 33 32 32 32 32 32 32 32 32
3467735	161023 043747.671   32 32 32 32 32 32 32 32 32 32 32 32 32 32 32 32
3467736	161023 043747.674   32 32 32 32 32 32 32 32 32 32 32 32 32 32 32 32
3467737	161023 043747.702   32 32 32 32 32 32 32 32 32 32 32 32 32 32 32 32
3467738	161023 043747.704   32 32 32 32 32 32 32 32 32 32 32 32 32 32 32 32
3467739	161023 043747.718   32 32 32 32 32 32 32 32 32 32 32 32 32 32 32 32
3467740	161023 043747.746   32 32 32 32 32 32 32 32 32 32 32 32 32 32 32 32
3467741	161023 043747.748   32 32 32 32 32 32 32 32 32 32 32 32 32 32 32 32
3467742	161023 043747.781   32 32 32 32 32 32 32 32 32 32 32 32 32 32 32 32
3467743	161023 043747.784   32 32 32 32 32 32 32 32 32 32 32 32 32 32 32 32
3467744	161023 043747.811   32 32 32 32 32 32 32 32 32 32 32 32 32 32 32 32
3467745	161023 043747.814   32 32 32 32 32 32 32 32 32 32 32 32 32 32 32 32
3467746	161023 043747.842   32 32 a8 16
3467747	161023 043747.869 > fe fe fe fe 68 63 06 51 51 00 00 68 11 04 33 33
3467748	161023 043747.882 > 63 36 ef 16
3467749	161023 043748.113   68 63 06 51 51 00 00 68 91 07 33 33 63 36 34 33
3467750	161023 043748.116   33 0c 16
3467751	161023 043748.144 > fe fe fe fe 68 63 06 51 51 00 00 68 11 04 33 35
3467752	161023 043748.150 > 63 36 f1 16
3467753	161023 043748.352   68 63 06 51 51 00 00 68 d1 01 35 e2 16
3467754	161023 043748.379 > fe fe fe fe 68 63 06 51 51 00 00 68 11 04 3d 33
3467755	161023 043748.385 > b3 35 48 16
3467756	161023 043748.659   68 63 06 51 51 00 00 68 91 08 3d 33 b3 35 b7 a6
3467757	161023 043748.663   88 34 e5 16
3467758	161023 043748.694 > fe fe fe fe 68 63 06 51 51 00 00 68 11 04 34 33
3467759	161023 043748.702 > 34 46 d1 16
3467760	161023 043748.895   68 63 06 51 51 00 00 68 d1 01 35 e2 16
3467761	161023 043748.950 > fe fe fe fe 68 63 06 51 51 00 00 68 11 04 34 33
3467762	161023 043748.963 > 35 46 d2 16
3467763	161023 043749.152   68 63 06 51 51 00 00 68 d1 01 35 e2 16
3467764	161023 043749.179 > fe fe fe fe 68 63 06 51 51 00 00 68 11 04 34 33
3467765	161023 043749.187 > 36 46 d3 16
3467766	161023 043749.382   68 63 06 51 51 00 00 68 d1 01 35 e2 16
3467767	161023 043749.409 > fe fe fe fe 68 63 06 51 51 00 00 68 11 04 35 33
3467768	161023 043749.417 > 34 46 d2 16
3467769	161023 043749.597   68 63 06 51 51 00 00 68 d1 01 35 e2 16
3467770	161023 043749.624 > fe fe fe fe 68 63 06 51 51 00 00 68 11 04 35 33
3467771	161023 043749.632 > 35 46 d3 16
3467772	161023 043749.828   68 63 06 51 51 00 00 68 d1 01 35 e2 16
3467773	161023 043749.874 > fe fe fe fe 68 63 06 51 51 00 00 68 11 04 35 33
3467774	161023 043749.882 > 36 46 d4 16
3467775	161023 043750.101   68 63 06 51 51 00 00 68 d1 01 35 e2 16
3467776	161023 043750.139 > fe fe fe fe 68 63 06 51 51 00 00 68 11 04 34 34
3467777	161023 043750.147 > 34 46 d2 16
3467778	161023 043750.327   68 63 06 51 51 00 00 68 d1 01 35 e2 16
3467779	161023 043750.354 > fe fe fe fe 68 63 06 51 51 00 00 68 11 04 34 34
3467780	161023 043750.367 > 35 46 d3 16
3467781	161023 043750.558   68 63 06 51 51 00 00 68 d1 01 35 e2 16
3467782	161023 043750.599 > fe fe fe fe 68 63 06 51 51 00 00 68 11 04 34 34
3467783	161023 043750.617 > 36 46 d4 16
3467784	161023 043750.812   68 63 06 51 51 00 00 68 d1 01 35 e2 16
3467785	161023 043750.874 > fe fe fe fe 68 63 06 51 51 00 00 68 11 04 34 58
3467786	161023 043750.879 > 34 46 f6 16
3467787	161023 043751.087   68 63 06 51 51 00 00 68 d1 01 35 e2 16
3467788	161023 043751.114 > fe fe fe fe 68 63 06 51 51 00 00 68 11 04 34 58
3467789	161023 043751.133 > 35 46 f7 16
3467790	161023 043751.322   68 63 06 51 51 00 00 68 d1 01 35 e2 16
3467791	161023 043751.349 > fe fe fe fe 68 63 06 51 51 00 00 68 11 04 34 58
3467792	161023 043751.361 > 36 46 f8 16
3467793	161023 043751.550   68 63 06 51 51 00 00 68 d1 01 35 e2 16
3467794	161023 043751.579 > fe fe fe fe 68 63 06 51 51 00 00 68 11 04 34 38
3467795	161023 043751.596 > 33 37 c6 16
3467796	161023 043751.819   68 63 06 51 51 00 00 68 91 06 34 38 33 37 5d 33
3467797	161023 043751.842   d8 16
3467798	161023 043751.869 > fe fe fe fe 68 63 06 51 51 00 00 68 11 04 32 38
3467799	161023 043751.887 > 33 37 c4 16
3467800	161023 043752.228   68 63 06 51 51 00 00 68 91 12 32 38 33 37 5d 33
3467801	161023 043752.244   33 33 33 33 33 33 36 33 36 33 33 33 4c 16
3467802	161023 043752.299 > fe fe fe fe 68 63 06 51 51 00 00 68 11 04 34 3b
3467803	161023 043752.331 > 33 37 c9 16
3467804	161023 043752.539   68 63 06 51 51 00 00 68 91 05 34 3b 33 37 b2 fc
3467805	161023 043752.562   16
