4265336	161024 011303.234 > fe fe fe fe 68 63 06 51 51 00 00 68 11 04 34 34
4265337	161024 011303.245 > 33 37 c2 16
4265338	161024 011303.500   68 63 06 51 51 00 00 68 91 08 34 34 33 37 34 57
4265339	161024 011303.526   43 49 5d 16
4265340	161024 011303.555 > fe fe fe fe 68 63 06 51 51 00 00 68 11 04 35 34
4265341	161024 011303.558 > 33 37 c3 16
4265342	161024 011303.807   68 63 06 51 51 00 00 68 91 07 35 34 33 37 3a 46
4265343	161024 011303.810   34 fa 16
4265344	161024 011303.850 > fe fe fe fe 68 63 06 51 51 00 00 68 11 04 3c 37
4265345	161024 011303.854 > 33 37 cd 16
4265346	161024 011304.086   68 63 06 51 51 00 00 68 91 07 3c 37 33 37 33 33
4265347	161024 011304.099   35 eb 16
4265348	161024 011304.135 > fe fe fe fe 68 63 06 51 51 00 00 68 11 04 3d 37
4265349	161024 011304.139 > 33 37 ce 16
4265350	161024 011304.364   68 63 06 51 51 00 00 68 91 07 3d 37 33 37 33 33
4265351	161024 011304.369   35 ec 16
4265352	161024 011304.394 > fe fe fe fe 68 63 06 51 51 00 00 68 11 04 33 33
4265353	161024 011304.407 > 34 37 c1 16
4265354	161024 011304.588   68 63 06 51 51 00 00 68 d1 01 35 e2 16
4265355	161024 011304.614 > fe fe fe fe 68 63 06 51 51 00 00 68 11 04 34 33
4265356	161024 011304.623 > 34 37 c2 16
4265357	161024 011304.838   68 63 06 51 51 00 00 68 d1 01 35 e2 16
4265358	161024 011304.864 > fe fe fe fe 68 63 06 51 51 00 00 68 11 04 35 33
4265359	161024 011304.887 > 34 37 c3 16
4265360	161024 011305.082   68 63 06 51 51 00 00 68 d1 01 35 e2 16
4265361	161024 011305.109 > fe fe fe fe 68 63 06 51 51 00 00 68 11 04 36 33
4265362	161024 011305.114 > 34 37 c4 16
4265363	161024 011305.314   68 63 06 51 51 00 00 68 d1 01 35 e2 16
4265364	161024 011305.364 > fe fe fe fe 68 63 06 51 51 00 00 68 11 04 37 33
4265365	161024 011305.377 > 34 37 c5 16
4265366	161024 011305.558   68 63 06 51 51 00 00 68 d1 01 35 e2 16
4265367	161024 011305.585 > fe fe fe fe 68 63 06 51 51 00 00 68 11 04 38 33
4265368	161024 011305.602 > 34 37 c6 16
4265369	161024 011305.812   68 63 06 51 51 00 00 68 d1 01 35 e2 16
4265370	161024 011305.839 > fe fe fe fe 68 63 06 51 51 00 00 68 11 04 39 33
4265371	161024 011305.844 > 34 37 c7 16
4265372	161024 011306.087   68 63 06 51 51 00 00 68 d1 01 35 e2 16
4265373	161024 011306.114 > fe fe fe fe 68 63 06 51 51 00 00 68 11 04 3a 33
4265374	161024 011306.128 > 34 37 c8 16
4265375	161024 011306.323   68 63 06 51 51 00 00 68 d1 01 35 e2 16
4265376	161024 011306.349 > fe fe fe fe 68 63 06 51 51 00 00 68 11 04 3b 33
4265377	161024 011306.367 > 34 37 c9 16
4265378	161024 011306.548   68 63 06 51 51 00 00 68 d1 01 35 e2 16
4265379	161024 011306.575 > fe fe fe fe 68 63 06 51 51 00 00 68 11 04 34 32
4265380	161024 011306.577 > 34 33 bd 16
4265381	161024 011306.946   68 63 06 51 51 00 00 68 91 18 34 32 34 33 b6 68
4265382	161024 011306.949   34 33 33 33 33 33 9b 79 33 33 86 85 33 33 95 69
4265383	161024 011306.958   33 33 f1 16
4265384	161024 011306.985 > fe fe fe fe 68 63 06 51 51 00 00 68 11 04 34 32
4265385	161024 011306.994 > 35 33 be 16
4265386	161024 011307.346   68 63 06 51 51 00 00 68 91 18 34 32 35 33 94 33
4265387	161024 011307.353   33 33 33 33 33 33 53 33 33 33 53 33 33 33 53 33
4265388	161024 011307.361   33 33 0f 16
4265389	161024 011307.399 > fe fe fe fe 68 63 06 51 51 00 00 68 11 04 34 32
4265390	161024 011307.417 > 36 33 bf 16
4265391	161024 011307.861   68 63 06 51 51 00 00 68 91 18 34 32 36 33 94 3a
4265392	161024 011307.863   33 33 33 33 33 33 8b 35 33 33 cb 35 33 33 38 35
4265393	161024 011307.886   33 33 b2 16
4265394	161024 011307.914 > fe fe fe fe 68 63 06 51 51 00 00 68 11 04 34 32
4265395	161024 011307.917 > 37 33 c0 16
4265396	161024 011308.309   68 63 06 51 51 00 00 68 91 18 34 32 37 33 43 34
4265397	161024 011308.333   33 33 33 33 33 33 6a 33 33 33 6b 33 33 33 68 33
4265398	161024 011308.335   33 33 05 16
4265399	161024 011308.385 > fe fe fe fe 68 63 06 51 51 00 00 68 11 04 34 32
4265400	161024 011308.404 > 38 33 c1 16
4265401	161024 011308.913   68 63 06 51 51 00 00 68 91 18 34 32 38 33 69 35
4265402	161024 011308.916   33 33 33 33 33 33 33 33 33 33 33 33 33 33 33 33
4265403	161024 011308.938   33 33 89 16
4265404	161024 011308.970 > fe fe fe fe 68 63 06 51 51 00 00 68 11 04 34 32
4265405	161024 011308.983 > 3b 33 c4 16
4265406	161024 011309.422   68 63 06 51 51 00 00 68 91 18 34 32 3b 33 58 38
4265407	161024 011309.425   33 33 33 33 33 33 33 33 33 33 33 33 33 33 33 33
4265408	161024 011309.448   33 33 7e 16
4265409	161024 011309.474 > fe fe fe fe 68 63 06 51 51 00 00 68 11 04 34 32
4265410	161024 011309.485 > 39 33 c2 16
4265411	161024 011309.855   68 63 06 51 51 00 00 68 91 18 34 32 39 33 39 34
4265412	161024 011309.878   33 33 33 33 33 33 33 33 33 33 33 33 33 33 33 33
4265413	161024 011309.880   33 33 59 16
4265414	161024 011309.939 > fe fe fe fe 68 63 06 51 51 00 00 68 11 04 34 32
4265415	161024 011309.959 > 3a 33 c3 16
4265416	161024 011310.479   68 63 06 51 51 00 00 68 91 18 34 32 3a 33 37 33
4265417	161024 011310.517   33 33 33 33 33 33 33 33 33 33 33 33 33 33 33 33
4265418	161024 011310.520   33 33 57 16
4265419	161024 011310.579 > fe fe fe fe 68 63 06 51 51 00 00 68 11 04 34 32
4265420	161024 011310.597 > 34 34 be 16
4265421	161024 011311.148   68 63 06 51 51 00 00 68 91 2c 34 32 34 34 33 33
4265422	161024 011311.150   33 33 33 34 34 33 33 33 33 33 33 33 33 33 33 33
4265423	161024 011311.178   33 33 33 33 33 33 33 33 33 33 33 33 33 33 33 33
4265424	161024 011311.181   33 33 33 33 33 33 60 16
4265425	161024 011311.235 > fe fe fe fe 68 63 06 51 51 00 00 68 11 04 34 32
4265426	161024 011311.247 > 35 34 bf 16
4265427	161024 011311.835   68 63 06 51 51 00 00 68 91 2c 34 32 35 34 46 33
4265428	161024 011311.854   33 48 53 57 3c 49 33 33 33 33 33 33 33 33 33 33
4265429	161024 011311.873   33 33 33 33 33 33 33 33 33 33 33 33 33 33 33 33
4265430	161024 011311.876   33 33 33 33 33 33 ea 16
4265431	161024 011311.915 > fe fe fe fe 68 63 06 51 51 00 00 68 11 04 34 32
4265432	161024 011311.938 > 34 34 be 16
4265433	161024 011312.207   68 63 06 51 51 00 00 68 91 2c 34 32 34 fc
4265434	161024 011312.240 > fe fe fe fe 68 63 06 51 51 00 00 68 11 04 34 32
4265435	161024 011312.257 > 35 34 bf 16
4265436	timeout
4265437	161024 011315.385 > fe fe fe fe 68 63 06 51 51 00 00 68 11 04 34 32
4265438	161024 011315.392 > 35 34 bf 16
4265439	161024 011315.835   68 63 06 51 51 00 00 68 91 2c 34 32 35 34 46 33
4265440	161024 011315.858   33 48 53 57 3c 49 33 33 33 33 33 33 33 33 33 33
4265441	161024 011315.861   33 33 33 33 33 33 33 33 33 33 33 33 33 33 33 33
4265442	161024 011315.878   33 33 33 33 33 33 ea 16
4265443	iteration 8617
4265444	read meter 51510663
4265445	161024 011315.910 > fe fe fe fe 68 63 06 51 51 00 00 68 11 04 34 38
4265446	161024 011315.919 > 33 37 c6 16
4265447	161024 011316.186   68 63 06 51 51 00 00 68 91 06 34 38 33 37 5d 33
4265448	161024 011316.213   d8 16
4265449	161024 011316.244 > fe fe fe fe 68 63 06 51 51 00 00 68 11 04 33 33
4265450	161024 011316.252 > 34 33 bd 16
4265451	161024 011316.478   68 63 06 51 51 00 00 68 91 08 33 33 34 33 b6 68
4265452	161024 011316.480   34 33 c6 16
4265453	161024 011316.540 > fe fe fe fe 68 63 06 51 51 00 00 68 11 04 33 34
4265454	161024 011316.547 > 34 33 be 16
4265455	161024 011316.825   68 63 06 51 51 00 00 68 91 08 33 34 34 33 33 33
4265456	161024 011316.848   33 33 0e 16
4265457	161024 011316.895 > fe fe fe fe 68 63 06 51 51 00 00 68 11 04 33 35
4265458	161024 011316.906 > 34 33 bf 16
4265459	161024 011317.153   68 63 06 51 51 00 00 68 91 08 33 35 34 33 9b 79
4265460	161024 011317.155   33 33 bd 16
4265461	161024 011317.189 > fe fe fe fe 68 63 06 51 51 00 00 68 11 04 33 36
4265462	161024 011317.197 > 34 33 c0 16
4265463	161024 011317.423   68 63 06 51 51 00 00 68 91 08 33 36 34 33 86 85
4265464	161024 011317.425   33 33 b5 16
4265465	161024 011317.456 > fe fe fe fe 68 63 06 51 51 00 00 68 11 04 33 37
4265466	161024 011317.465 > 34 33 c1 16
4265467	161024 011317.714   68 63 06 51 51 00 00 68 91 08 33 37 34 33 95 69
4265468	161024 011317.737   33 33 a9 16
4265469	161024 011317.769 > fe fe fe fe 68 63 06 51 51 00 00 68 11 04 33 33
4265470	161024 011317.790 > 35 33 be 16
4265471	161024 011318.070   68 63 06 51 51 00 00 68 91 08 33 33 35 33 99 33
4265472	161024 011318.084   33 33 74 16
4265473	161024 011318.119 > fe fe fe fe 68 63 06 51 51 00 00 68 11 04 33 34
4265474	161024 011318.132 > 35 33 bf 16
4265475	161024 011318.379   68 63 06 51 51 00 00 68 91 08 33 34 35 33 33 33
4265476	161024 011318.401   33 33 0f 16
4265477	161024 011318.459 > fe fe fe fe 68 63 06 51 51 00 00 68 11 04 33 35
4265478	161024 011318.473 > 35 33 c0 16
4265479	161024 011318.792   68 63 06 51 51 00 00 68 91 08 33 35 35 33 55 33
4265480	161024 011318.794   33 33 32 16
4265481	161024 011318.839 > fe fe fe fe 68 63 06 51 51 00 00 68 11 04 33 36
4265482	161024 011318.847 > 35 33 c1 16
4265483	161024 011319.108   68 63 06 51 51 00 00 68 91 08 33 36 35 33 55 33
4265484	161024 011319.112   33 33 33 16
4265485	161024 011319.139 > fe fe fe fe 68 63 06 51 51 00 00 68 11 04 33 37
4265486	161024 011319.154 > 35 33 c2 16
4265487	161024 011319.457   68 63 06 51 51 00 00 68 91 08 33 37 35 33 55 33
4265488	161024 011319.460   33 33 34 16
4265489	161024 011319.530 > fe fe fe fe 68 63 06 51 51 00 00 68 11 04 33 33
4265490	161024 011319.537 > 36 33 bf 16
4265491	161024 011319.865   68 63 06 51 51 00 00 68 91 08 33 33 36 33 94 3a
4265492	161024 011319.893   33 33 77 16
4265493	161024 011319.919 > fe fe fe fe 68 63 06 51 51 00 00 68 11 04 33 34
4265494	161024 011319.927 > 36 33 c0 16
4265495	161024 011320.153   68 63 06 51 51 00 00 68 91 08 33 34 36 33 33 33
4265496	161024 011320.155   33 33 10 16
4265497	161024 011320.200 > fe fe fe fe 68 63 06 51 51 00 00 68 11 04 33 35
4265498	161024 011320.213 > 36 33 c1 16
4265499	161024 011320.453   68 63 06 51 51 00 00 68 91 08 33 35 36 33 8b 35
4265500	161024 011320.455   33 33 6b 16
4265501	161024 011320.489 > fe fe fe fe 68 63 06 51 51 00 00 68 11 04 33 36
4265502	161024 011320.507 > 36 33 c2 16
4265503	161024 011320.814   68 63 06 51 51 00 00 68 91 08 33 36 36 33 cb 35
4265504	161024 011320.832   33 33 ac 16
4265505	161024 011320.860 > fe fe fe fe 68 63 06 51 51 00 00 68 11 04 33 37
4265506	161024 011320.868 > 36 33 c3 16
4265507	161024 011321.128   68 63 06 51 51 00 00 68 91 08 33 37 36 33 38 35
4265508	161024 011321.131   33 33 1a 16
4265509	161024 011321.169 > fe fe fe fe 68 63 06 51 51 00 00 68 11 04 33 33
4265510	161024 011321.182 > 37 33 c0 16
4265511	161024 011321.503   68 63 06 51 51 00 00 68 91 08 33 33 37 33 8b 34
4265512	161024 011321.505   33 33 69 16
4265513	161024 011321.534 > fe fe fe fe 68 63 06 51 51 00 00 68 11 04 33 34
4265514	161024 011321.547 > 37 33 c1 16
4265515	161024 011321.852   68 63 06 51 51 00 00 68 91 08 33 34 37 33 33 33
4265516	161024 011321.855   33 33 11 16
4265517	161024 011321.909 > fe fe fe fe 68 63 06 51 51 00 00 68 11 04 33 35
4265518	161024 011321.922 > 37 33 c2 16
4265519	161024 011322.245   68 63 06 51 51 00 00 68 91 08 33 35 37 33 86 33
4265520	161024 011322.277   33 33 65 16
4265521	161024 011322.304 > fe fe fe fe 68 63 06 51 51 00 00 68 11 04 33 36
4265522	161024 011322.322 > 37 33 c3 16
4265523	161024 011322.714   68 63 06 51 51 00 00 68 91 08 33 36 37 33 88 33
4265524	161024 011322.757   33 33 68 16
4265525	161024 011322.790 > fe fe fe fe 68 63 06 51 51 00 00 68 11 04 33 37
4265526	161024 011322.842 > 37 33 c4 16
4265527	161024 011323.223   68 63 06 51 51 00 00 68 91 08 33 37 37 33 7c 33
4265528	161024 011323.225   33 33 5d 16
4265529	161024 011323.274 > fe fe fe fe 68 63 06 51 51 00 00 68 11 04 33 33
4265530	161024 011323.282 > 38 33 c1 16
4265531	161024 011323.508   68 63 06 51 51 00 00 68 91 08 33 33 38 33 69 35
4265532	161024 011323.510   33 33 49 16
4265533	161024 011323.554 > fe fe fe fe 68 63 06 51 51 00 00 68 11 04 33 34
4265534	161024 011323.572 > 38 33 c2 16
4265535	161024 011323.820   68 63 06 51 51 00 00 68 d1 01 35 e2 16
4265536	161024 011323.869 > fe fe fe fe 68 63 06 51 51 00 00 68 11 04 33 35
