2473930	161022 030023.268   35 eb 16
2473931	161022 030023.299 > fe fe fe fe 68 63 06 51 51 00 00 68 11 04 3d 37
2473932	161022 030023.317 > 33 37 ce 16
2473933	161022 030023.673   68 63 06 51 51 00 00 68 91 07 3d 37 33 37 33 33
2473934	161022 030023.675   35 ec 16
2473935	161022 030023.724 > fe fe fe fe 68 63 06 51 51 00 00 68 11 04 33 33
2473936	161022 030023.775 > 34 37 c1 16
2473937	161022 030023.990   68 63 06 51 51 00 00 68 d1 01 35 e2 16
2473938	161022 030024.044 > fe fe fe fe 68 63 06 51 51 00 00 68 11 04 34 33
2473939	161022 030024.056 > 34 37 c2 16
2473940	161022 030024.316   68 63 06 51 51 00 00 68 d1 01 35 e2 16
2473941	161022 030024.348 > fe fe fe fe 68 63 06 51 51 00 00 68 11 04 35 33
2473942	161022 030024.361 > 34 37 c3 16
2473943	161022 030024.583   68 63 06 51 51 00 00 68 d1 01 35 e2 16
2473944	161022 030024.614 > fe fe fe fe 68 63 06 51 51 00 00 68 11 04 36 33
2473945	161022 030024.632 > 34 37 c4 16
2473946	161022 030024.849   68 63 06 51 51 00 00 68 d1 01 35 e2 16
2473947	161022 030024.928 > fe fe fe fe 68 63 06 51 51 00 00 68 11 04 37 33
2473948	161022 030024.957 > 34 37 c5 16
2473949	161022 030025.204   68 63 06 51 51 00 00 68 d1 01 35 e2 16
2473950	161022 030025.243 > fe fe fe fe 68 63 06 51 51 00 00 68 11 04 38 33
2473951	161022 030025.259 > 34 37 c6 16
2473952	161022 030025.519   68 63 06 51 51 00 00 68 d1 01 35 e2 16
2473953	161022 030025.568 > fe fe fe fe 68 63 06 51 51 00 00 68 11 04 39 33
2473954	161022 030025.578 > 34 37 c7 16
2473955	161022 030025.810   68 63 06 51 51 00 00 68 d1 01 35 e2 16
2473956	161022 030025.864 > fe fe fe fe 68 63 06 51 51 00 00 68 11 04 3a 33
2473957	161022 030025.875 > 34 37 c8 16
2473958	161022 030026.104   68 63 06 51 51 00 00 68 d1 01 35 e2 16
2473959	161022 030026.133 > fe fe fe fe 68 63 06 51 51 00 00 68 11 04 3b 33
2473960	161022 030026.146 > 34 37 c9 16
2473961	161022 030026.387   68 63 06 51 51 00 00 68 d1 01 35 e2 16
2473962	161022 030026.448 > fe fe fe fe 68 63 06 51 51 00 00 68 11 04 34 32
2473963	161022 030026.481 > 34 33 bd 16
2473964	161022 030026.812   68 63 06 51 51 00 00 68 91 18 34 32 34 33 b6 68
2473965	161022 030026.845   34 33 33 33 33 33 9b 79 33 33 86 85 33 33 95 69
2473966	161022 030026.851   33 33 f1 16
2473967	161022 030026.883 > fe fe fe fe 68 63 06 51 51 00 00 68 11 04 34 32
2473968	161022 030026.898 > 35 33 be 16
2473969	161022 030027.413   68 63 06 51 51 00 00 68 91 18 34 32 35 33 94 33
2473970	161022 030027.417   33 33 33 33 33 33 53 33 33 33 53 33 33 33 53 33
2473971	161022 030027.443   33 33 0f 16
2473972	161022 030027.507 > fe fe fe fe 68 63 06 51 51 00 00 68 11 04 34 32
2473973	161022 030027.521 > 36 33 bf 16
2473974	161022 030027.827   68 63 06 51 51 00 00 68 91 18 34 32 36 33 94 3a
2473975	161022 030027.835   33 33 33 33 33 33 8b 35 33 33 cb 35 33 33 38 35
2473976	161022 030027.845   33 33 b2 16
2473977	161022 030027.882 > fe fe fe fe 68 63 06 51 51 00 00 68 11 04 34 32
2473978	161022 030027.888 > 37 33 c0 16
2473979	161022 030028.192   68 63 06 51 51 00 00 68 91 18 34 32 37 33 43 34
2473980	161022 030028.197   33 33 33 33 33 33 6a 33 33 33 6b 33 33 33 68 33
2473981	161022 030028.199   33 33 05 16
2473982	161022 030028.227 > fe fe fe fe 68 63 06 51 51 00 00 68 11 04 34 32
2473983	161022 030028.235 > 38 33 c1 16
2473984	161022 030028.553   68 63 06 51 51 00 00 68 91 18 34 32 38 33 69 35
2473985	161022 030028.561   33 33 33 33 33 33 33 33 33 33 33 33 33 33 33 33
2473986	161022 030028.564   33 33 89 16
2473987	161022 030028.597 > fe fe fe fe 68 63 06 51 51 00 00 68 11 04 34 32
2473988	161022 030028.605 > 3b 33 c4 16
2473989	161022 030028.917   68 63 06 51 51 00 00 68 91 18 34 32 3b 33 58 38
2473990	161022 030028.925   33 33 33 33 33 33 33 33 33 33 33 33 33 33 33 33
2473991	161022 030028.930   33 33 7e 16
2473992	161022 030028.957 > fe fe fe fe 68 63 06 51 51 00 00 68 11 04 34 32
2473993	161022 030028.965 > 39 33 c2 16
2473994	161022 030029.346   68 63 06 51 51 00 00 68 91 18 34 32 39 33 39 34
2473995	161022 030029.348   33 33 33 33 33 33 33 33 33 33 33 33 33 33 33 33
2473996	161022 030029.371   33 33 59 16
2473997	161022 030029.397 > fe fe fe fe 68 63 06 51 51 00 00 68 11 04 34 32
2473998	161022 030029.410 > 3a 33 c3 16
2473999	161022 030029.760   68 63 06 51 51 00 00 68 91 18 34 32 3a 33 37 33
2474000	161022 030029.780   33 33 33 33 33 33 33 33 33 33 33 33 33 33 33 33
2474001	161022 030029.804   33 33 57 16
2474002	161022 030029.837 > fe fe fe fe 68 63 06 51 51 00 00 68 11 04 34 32
2474003	161022 030029.853 > 34 34 be 16
2474004	161022 030030.395   68 63 06 51 51 00 00 68 91 2c 34 32 34 34 33 33
2474005	161022 030030.398   33 33 33 34 34 33 33 33 33 33 33 33 33 33 33 33
2474006	161022 030030.416   33 33 33 33 33 33 33 33 33 33 33 33 33 33 33 33
2474007	161022 030030.418   33 33 33 33 33 33 60 16
2474008	161022 030030.457 > fe fe fe fe 68 63 06 51 51 00 00 68 11 04 34 32
2474009	161022 030030.490 > 35 34 bf 16
2474010	161022 030030.939   68 63 06 51 51 00 00 68 91 2c 34 32 35 34 46 33
2474011	161022 030030.942   33 48 53 57 3c 49 33 33 33 33 33 33 33 33 33 33
2474012	161022 030030.955   33 33 33 33 33 33 33 33 33 33 33 33 33 33 33 33
2474013	161022 030030.958   33 33 33 33 33 33 ea 16
2474014	161022 030030.997 > fe fe fe fe 68 63 06 51 51 00 00 68 11 04 34 32
2474015	161022 030031.010 > 34 34 be 16
2474016	161022 030031.439   68 63 06 51 51 00 00 68 91 2c 34 32 34 34 33 33
2474017	161022 030031.442   33 33 33 34 34 33 33 33 33 33 33 33 33 33 33 33
2474018	161022 030031.445   33 33 33 33 33 33 33 33 33 33 33 33 33 33 33 33
2474019	161022 030031.448   33 33 33 33 33 33 60 16
2474020	161022 030031.482 > fe fe fe fe 68 63 06 51 51 00 00 68 11 04 34 32
2474021	161022 030031.490 > 35 34 bf 16
2474022	161022 030031.982   68 63 06 51 51 00 00 68 91 2c 34 32 35 34 46 33
2474023	161022 030031.990   33 48 53 57 3c 49 33 33 33 33 33 33 33 33 33 33
2474024	161022 030031.992   33 33 33 33 33 33 33 33 33 33 33 33 33 33 33 33
2474025	161022 030032.000   33 33 33 33 33 33 ea 16
2474026	iteration 4998
2474027	read meter 51510663
2474028	161022 030032.030 > fe fe fe fe 68 63 06 51 51 00 00 68 11 04 34 38
2474029	161022 030032.033 > 33 37 c6 16
2474030	timeout
2474031	161022 030035.137 > fe fe fe fe 68 63 06 51 51 00 00 68 11 04 34 38
2474032	161022 030035.140 > 33 37 c6 16
2474033	timeout
2474034	161022 030038.252 > fe fe fe fe 68 63 06 51 51 00 00 68 11 04 33 33
2474035	161022 030038.257 > 34 33 bd 16
2474036	timeout
2474037	161022 030041.373 > fe fe fe fe 68 63 06 51 51 00 00 68 11 04 33 33
2474038	161022 030041.377 > 34 33 bd 16
2474039	161022 030041.745   68 63 06 51 51 00 00 68 91 08 33 33 34 33 b6 68
2474040	161022 030041.747   34 33 c6 16
2474041	161022 030041.777 > fe fe fe fe 68 63 06 51 51 00 00 68 11 04 33 34
2474042	161022 030041.785 > 34 33 be 16
2474043	161022 030042.074   68 63 06 51 51 00 00 68 91 08 33 34 34 33 33 33
2474044	161022 030042.077   33 33 0e 16
2474045	161022 030042.107 > fe fe fe fe 68 63 06 51 51 00 00 68 11 04 33 35
2474046	161022 030042.116 > 34 33 bf 16
2474047	161022 030042.355   68 63 06 51 51 00 00 68 91 08 33 35 34 33 9b 79
2474048	161022 030042.358   33 33 bd 16
2474049	161022 030042.393 > fe fe fe fe 68 63 06 51 51 00 00 68 11 04 33 36
2474050	161022 030042.399 > 34 33 c0 16
2474051	161022 030042.625   68 63 06 51 51 00 00 68 91 08 33 36 34 33 86 85
2474052	161022 030042.628   33 33 b5 16
2474053	161022 030042.663 > fe fe fe fe 68 63 06 51 51 00 00 68 11 04 33 37
2474054	161022 030042.666 > 34 33 c1 16
2474055	161022 030042.896   68 63 06 51 51 00 00 68 91 08 33 37 34 33 95 69
2474056	161022 030042.899   33 33 a9 16
2474057	161022 030042.937 > fe fe fe fe 68 63 06 51 51 00 00 68 11 04 33 33
2474058	161022 030042.955 > 35 33 be 16
2474059	161022 030043.180   68 63 06 51 51 00 00 68 91 08 33 33 35 33 99 33
2474060	161022 030043.183   33 33 74 16
2474061	161022 030043.218 > fe fe fe fe 68 63 06 51 51 00 00 68 11 04 33 34
2474062	161022 030043.230 > 35 33 bf 16
2474063	161022 030043.492   68 63 06 51 51 00 00 68 91 08 33 34 35 33 33 33
2474064	161022 030043.500   33 33 0f 16
2474065	161022 030043.528 > fe fe fe fe 68 63 06 51 51 00 00 68 11 04 33 35
2474066	161022 030043.546 > 35 33 c0 16
2474067	161022 030043.923   68 63 06 51 51 00 00 68 91 08 33 35 35 33 55 33
2474068	161022 030043.952   33 33 32 16
2474069	161022 030043.982 > fe fe fe fe 68 63 06 51 51 00 00 68 11 04 33 36
2474070	161022 030043.998 > 35 33 c1 16
2474071	161022 030044.430   68 63 06 51 51 00 00 68 91 08 33 36 35 33 55 33
2474072	161022 030044.450   33 33 33 16
2474073	161022 030044.483 > fe fe fe fe 68 63 06 51 51 00 00 68 11 04 33 37
2474074	161022 030044.491 > 35 33 c2 16
2474075	161022 030044.782   68 63 06 51 51 00 00 68 91 08 33 37 35 33 55 33
2474076	161022 030044.791   33 33 34 16
2474077	161022 030044.837 > fe fe fe fe 68 63 06 51 51 00 00 68 11 04 33 33
2474078	161022 030044.845 > 36 33 bf 16
2474079	161022 030045.126   68 63 06 51 51 00 00 68 91 08 33 33 36 33 94 3a
2474080	161022 030045.154   33 33 77 16
2474081	161022 030045.182 > fe fe fe fe 68 63 06 51 51 00 00 68 11 04 33 34
2474082	161022 030045.193 > 36 33 c0 16
2474083	161022 030045.472   68 63 06 51 51 00 00 68 91 08 33 34 36 33 33 33
2474084	161022 030045.486   33 33 10 16
2474085	161022 030045.532 > fe fe fe fe 68 63 06 51 51 00 00 68 11 04 33 35
2474086	161022 030045.540 > 36 33 c1 16
2474087	161022 030045.786   68 63 06 51 51 00 00 68 91 08 33 35 36 33 8b 35
2474088	161022 030045.795   33 33 6b 16
2474089	161022 030045.823 > fe fe fe fe 68 63 06 51 51 00 00 68 11 04 33 36
2474090	161022 030045.826 > 36 33 c2 16
2474091	161022 030046.061   68 63 06 51 51 00 00 68 91 08 33 36 36 33 cb 35
2474092	161022 030046.063   33 33 ac 16
2474093	161022 030046.102 > fe fe fe fe 68 63 06 51 51 00 00 68 11 04 33 37
2474094	161022 030046.110 > 36 33 c3 16
2474095	161022 030046.345   68 63 06 51 51 00 00 68 91 08 33 37 36 33 38 35
2474096	161022 030046.348   33 33 1a 16
2474097	161022 030046.382 > fe fe fe fe 68 63 06 51 51 00 00 68 11 04 33 33
2474098	161022 030046.400 > 37 33 c0 16
2474099	161022 030046.674   68 63 06 51 51 00 00 68 91 08 33 33 37 33 8b 34
2474100	161022 030046.678   33 33 69 16
2474101	161022 030046.712 > fe fe fe fe 68 63 06 51 51 00 00 68 11 04 33 34
2474102	161022 030046.723 > 37 33 c1 16
2474103	161022 030046.960   68 63 06 51 51 00 00 68 91 08 33 34 37 33 33 33
2474104	161022 030046.963   33 33 11 16
2474105	161022 030047.002 > fe fe fe fe 68 63 06 51 51 00 00 68 11 04 33 35
2474106	161022 030047.021 > 37 33 c2 16
2474107	161022 030047.310   68 63 06 51 51 00 00 68 91 08 33 35 37 33 86 33
2474108	161022 030047.312   33 33 65 16
2474109	161022 030047.362 > fe fe fe fe 68 63 06 51 51 00 00 68 11 04 33 36
2474110	161022 030047.380 > 37 33 c3 16
2474111	161022 030047.613   68 63 06 51 51 00 00 68 91 08 33 36 37 33 88 33
2474112	161022 030047.631   33 33 68 16
2474113	161022 030047.692 > fe fe fe fe 68 63 06 51 51 00 00 68 11 04 33 37
2474114	161022 030047.712 > 37 33 c4 16
2474115	161022 030047.954   68 63 06 51 51 00 00 68 91 08 33 37 37 33 7c 33
2474116	161022 030047.969   33 33 5d 16
2474117	161022 030048.003 > fe fe fe fe 68 63 06 51 51 00 00 68 11 04 33 33
2474118	161022 030048.030 > 38 33 c1 16
2474119	161022 030048.300   68 63 06 51 51 00 00 68 91 08 33 33 38 33 69 35
2474120	161022 030048.303   33 33 49 16
2474121	161022 030048.342 > fe fe fe fe 68 63 06 51 51 00 00 68 11 04 33 34
2474122	161022 030048.354 > 38 33 c2 16
2474123	161022 030048.602   68 63 06 51 51 00 00 68 d1 01 35 e2 16
2474124	161022 030048.657 > fe fe fe fe 68 63 06 51 51 00 00 68 11 04 33 35
2474125	161022 030048.665 > 38 33 c3 16
2474126	161022 030048.847   68 63 06 51 51 00 00 68 d1 01 35 e2 16
2474127	161022 030048.887 > fe fe fe fe 68 63 06 51 51 00 00 68 11 04 33 36
2474128	161022 030048.890 > 38 33 c4 16
2474129	161022 030049.075   68 63 06 51 51 00 00 68 d1 01 35 e2 16
2474130	161022 030049.102 > fe fe fe fe 68 63 06 51 51 00 00 68 11 04 33 37
