10614742	161024 011310.490 mp2  : disp (-128, 0.0 *) comm (-128) storage (-128)
10614743	161024 011310.491 mp3  : disp (3, 5.3) comm (0) storage (0)
10614744	161024 011310.491 mp4  : disp (-128, 0.0 *) comm (-128) storage (-128)
10614745	161024 011310.491 mp5  : disp (3, 5.3) comm (0) storage (0)
10614746	161024 011310.491 mp6  : disp (3, 5.3) comm (0) storage (0)
10614747	161024 011310.492 mp7  : disp (3, 5.3) comm (0) storage (0)
10614748	161024 011310.492 mp8  : disp (3, 5.3) comm (0) storage (0)
10614749	161024 011310.492 mp9  : disp (3, 5.3) comm (0) storage (0)
10614750	161024 011310.492 mp10 : disp (3, 5.3) comm (0) storage (0)
10614751	161024 011310.492 mp11 : disp (3, 5.3) comm (0) storage (0)
10614752	161024 011310.492 mp12 : disp (3, 5.3) comm (0) storage (0)
10614753	161024 011310.492 mp13 : disp (-128, 0.0 *) comm (-128) storage (-128)
10614754	161024 011310.493 mp14 : disp (-128, 0.0 *) comm (-128) storage (-128)
10614755	161024 011310.493 mp15 : disp (-128, 0.0 *) comm (-128) storage (-128)
10614756	161024 011310.493 mp16 : disp (-128, 0.0 *) comm (-128) storage (-128)
10614757	161024 011310.493 mp17 : disp (3, 5.3) comm (0) storage (0)
10614758	161024 011310.493 mp18 : disp (3, 5.3) comm (0) storage (0)
10614759	161024 011310.493 mp19 : disp (3, 5.3) comm (0) storage (0)
10614760	161024 011310.493 mp20 : disp (3, 5.3) comm (0) storage (0)
10614761	161024 011310.494 mp21 : disp (-128, 0.0 *) comm (-128) storage (-128)
10614762	161024 011310.494 mp22 : disp (-128, 0.0 *) comm (-128) storage (-128)
10614763	161024 011310.494 mp23 : disp (-128, 0.0 *) comm (-128) storage (-128)
10614764	161024 011310.494 mp24 : disp (-128, 0.0 *) comm (-128) storage (-128)
10614765	161024 011310.494 mp25 : disp (-128, 0.0 *) comm (-128) storage (-128)
10614766	161024 011310.494 mp26 : disp (-128, 0.0 *) comm (-128) storage (-128)
10614767	161024 011310.494 mp27 : disp (-128, 0.0 *) comm (-128) storage (-128)
10614768	161024 011310.495 mp28 : disp (-128, 0.0 *) comm (-128) storage (-128)
10614769	161024 011310.495 mp29 : disp (-128, 0.0 *) comm (-128) storage (-128)
10614770	161024 011310.495 mp30 : disp (-128, 0.0 *) comm (-128) storage (-128)
10614771	161024 011310.495 mp31 : disp (-128, 0.0 *) comm (-128) storage (-128)
10614772	161024 011310.495 mp32 : disp (-128, 0.0 *) comm (-128) storage (-128)
10614773	161024 011310.495 mp33 : disp (-128, 0.0 *) comm (-128) storage (-128)
10614774	161024 011310.495 mp34 : disp (-128, 0.0 *) comm (-128) storage (-128)
10614775	161024 011310.496 mp35 : disp (-128, 0.0 *) comm (-128) storage (-128)
10614776	161024 011310.496 mp36 : disp (-128, 0.0 *) comm (-128) storage (-128)
10614777	161024 011310.529 mp37 : disp (-128, 0.0 *) comm (-128) storage (-128)
10614778	161024 011310.530 mp38 : disp (-128, 0.0 *) comm (-128) storage (-128)
10614779	161024 011310.531 mp39 : disp (-128, 0.0 *) comm (-128) storage (-128)
10614780	161024 011310.532 mp40 : disp (-128, 0.0 *) comm (-128) storage (-128)
10614781	161024 011310.533 mp41 : disp (0, 3.1) comm (-1) storage (-1)
10614782	161024 011310.534 mp42 : disp (0, 3.1) comm (-1) storage (-1)
10614783	161024 011310.534 mp43 : disp (0, 3.1) comm (-1) storage (-1)
10614784	161024 011310.534 mp44 : disp (0, 1.3) comm (-3) storage (-3)
10614785	161024 011310.534 mp45 : disp (0, 1.3) comm (-3) storage (-3)
10614786	161024 011310.534 mp46 : disp (0, 1.3) comm (-3) storage (-3)
10614787	161024 011310.535 mp47 : disp (3, 1.3) comm (0) storage (0)
10614788	161024 011310.535 mp48 : disp (-128, 0.0 *) comm (-128) storage (-128)
10614789	161024 011310.535 mp49 : disp (-128, 0.0 *) comm (-128) storage (-128)
10614790	161024 011310.535 mp50 : disp (-128, 0.0 *) comm (-128) storage (-128)
10614791	161024 011310.535 mp51 : disp (3, 1.3) comm (0) storage (0)
10614792	161024 011310.535 mp52 : disp (-128, 0.0 *) comm (-128) storage (-128)
10614793	161024 011310.536 mp53 : disp (-128, 0.0 *) comm (-128) storage (-128)
10614794	161024 011310.536 mp54 : disp (-128, 0.0 *) comm (-128) storage (-128)
10614795	161024 011310.553 mp55 : disp (0, 1.2) comm (-2) storage (-2)
10614796	161024 011310.555 mp56 : disp (-128, 0.0 *) comm (-128) storage (-128)
10614797	161024 011310.558 mp57 : disp (-128, 0.0 *) comm (-128) storage (-128)
10614798	161024 011310.558 mp58 : disp (-128, 0.0 *) comm (-128) storage (-128)
10614799	161024 011310.558 mp59 : disp (0, 2.2) comm (-2) storage (-2)
10614800	161024 011310.558 mp60 : disp (3, 1.4) comm (-1) storage (-1)
10614801	161024 011310.558 mp61 : disp (3, 1.4) comm (-1) storage (-1)
10614802	161024 011310.559 mp62 : disp (3, 1.4) comm (-1) storage (-1)
10614803	161024 011310.559 mp63 : disp (3, 1.4) comm (-1) storage (-1)
10614804	161024 011310.559 mp64 : disp (3, 1.4) comm (-1) storage (-1)
10614805	161024 011310.559 mp65 : disp (3, 1.4) comm (-1) storage (-1)
10614806	161024 011310.559 mp66 : disp (-128, 0.0 *) comm (-128) storage (124)
10614807	161024 011310.559 mp67 : disp (-128, 0.0 *) comm (-128) storage (124)
10614808	161024 011310.559 mp68 : disp (-128, 0.0 *) comm (-128) storage (124)
10614809	161024 011310.559 mp69 : disp (-128, 0.0 *) comm (-128) storage (124)
10614810	161024 011310.560 mp70 : disp (-128, 0.0 *) comm (-128) storage (124)
10614811	161024 011310.560 mp71 : disp (-128, 0.0 *) comm (-128) storage (124)
10614812	161024 011310.560 mp72 : disp (-128, 0.0 *) comm (-128) storage (124)
10614813	161024 011310.560 mp73 : disp (-128, 0.0 *) comm (-128) storage (124)
10614814	161024 011310.560 mp74 : disp (-128, 0.0 *) comm (-128) storage (124)
10614815	161024 011310.560 mp75 : disp (-128, 0.0 *) comm (-128) storage (124)
10614816	161024 011310.560 mp76 : disp (-128, 0.0 *) comm (-128) storage (124)
10614817	161024 011310.560 mp77 : disp (-128, 0.0 *) comm (-128) storage (124)
10614818	161024 011310.561 mp78 : disp (-128, 0.0 *) comm (-128) storage (124)
10614819	161024 011310.561 mp79 : disp (-128, 0.0 *) comm (-128) storage (124)
10614820	161024 011310.673 read server clock
10614821	161024 011310.675 reading 1 vars, ttl=1
10614822	161024 011310.702 sending frame: I N(R)=4 N(S)=4 Info=8
10614823	161024 011310.704 > 7EA01400 0272FB61 98BB90E6 E6000501  ~....r.a........ 
10614824	161024 011310.705 > 022BC8F7 1E7E                        .+...~           
10614825	161024 011310.823 < 7EA02061 000272FB B80DB3E6 E7000C01  ~. a..r......... 
10614826	161024 011310.823 < 00090C07 E00A1801 010D0EFF 80000056  ...............V 
10614827	161024 011310.823 < 687E                                 h~               
10614828	161024 011310.824 recved frame: I * N(R)=5 N(S)=4 Info=20
10614829	161024 011310.827 keepalive stopped
10614830	161024 011310.827 server time is 2016-10-24 01:13:13.92
10614831	161024 011310.831 time drift (3s) out of sync window, sync is aborted
10614832	161024 011311.134 profile 1.0.99.1.0.255 period=900, objs_num=12, sort_method=1 entries_in_use=0, entries=0
10614833	161024 011311.161 start read load profile for 8 mp's from 2016-10-24 01:00:00 to 2016-10-24 01:00:00
10614834	161024 011311.162 profile read max step=8:00.00
10614835	161024 011311.164 read profile buf [2016-10-24 01:00:00, 2016-10-24 01:00:01]
10614836	161024 011311.166 sending frame: I N(R)=5 N(S)=5 Info=59
10614837	161024 011311.167 > 7EA04700 0272FB61 BA0A48E6 E6000501  ~.G..r.a..H..... 
10614838	161024 011311.168 > 04627801 02040204 12000809 06000001  .bx............. 
10614839	161024 011311.168 > 0000FF0F 02120000 090C07E0 0A18FF01  ................ 
10614840	161024 011311.168 > 00000080 0000090C 07E00A18 FF010001  ................ 
10614841	161024 011311.168 > 00800000 010008F5 7E                 ........~        
10614842	161024 011319.176 [WARNING] seri_phy recv timeout
10614843	161024 011319.176 [WARNING] rx_outstanding timeout: vr=5, vs=6
10614844	161024 011319.177 sending frame: RR N(R)=5
10614845	161024 011319.177 > 7EA00A00 0272FB61 B1901F7E           ~....r.a...~     
10614846	161024 011319.251 < 7EA00A61 000272FB 1F6CE87E           ~..a..r..l.~     
10614847	161024 011319.251 recved frame: DM *
10614848	161024 011319.252 [WARNING] recved DM in rx_outstanding state
10614849	161024 011319.253 22 mp's need to read from running registers
10614850	161024 011319.256 read registers
10614851	161024 011319.265 reading 28 vars, ttl=28
10614852	161024 011319.266 [WARNING] hdlc halted
10614853	161024 011319.517 saved 22 mp's using register values
10614854	161024 011319.582 keepalive stopped
10614855	161024 011319.582 [ERR] profile 0.0.98.133.63.255 not found in server
10614856	161024 011319.583 [ERR] profile 0.0.98.133.64.255 not found in server
10614857	161024 011319.583 49 mp's use dummy acquisition
10614858	161024 011320.007 saved 49 dummy mp's
10614859	161024 011320.011 keepalive stopped
10614860	161024 011320.111 profile 1.0.99.98.0.255 period=0, objs_num=4, sort_method=1 entries_in_use=0, entries=0
10614861	161024 011320.135 start read event log
10614862	161024 011320.136 profile read max step=0:56.00
10614863	161024 011320.140 read profile buf [2016-10-24 00:12:01, 2016-10-24 01:08:00]
10614864	161024 011320.141 [WARNING] hdlc halted
10614865	161024 011320.159 sending frame: DISC
10614866	161024 011320.163 > 7EA00A00 0272FB61 538CDB7E           ~....r.aS..~     
10614867	161024 011320.241 < 7EA00A61 000272FB 1F6CE87E           ~..a..r..l.~     
10614868	161024 011320.241 recved frame: DM *
10614869	161024 011320.242 hdlc disconnected
10614870	161024 011321.246 closed /dev/tts7 tx=307/9 rx=281/8, recv_delay=8.605s, send_delay=0.000s
10614871	161024 011322.022 com=8 meter=2 baud=13 acqtime=2016-10-24 01:12:00
10614872	161024 011324.259 opened (3)/dev/tts7 8N1 9600 tx_ipg=24984, rx_ipg=24984 (DTR|RTS|CTS|CAR|RNG)
10614873	161024 011324.396 sending frame: SNRM Info=23
10614874	161024 011324.398 > 7EA02300 0272FB61 933A3F81 80140502  ~.#..r.a.:?..... 
10614875	161024 011324.400 > 07F00602 07F00704 00000001 08040000  ................ 
10614876	161024 011324.422 > 00015856 7E                          ..XV~            
10614877	161024 011324.531 < 7EA02161 000272FB 73075481 80120501  ~.!a..r.s.T..... 
10614878	161024 011324.532 < F806013E 07040000 00010804 00000001  ...>............ 
10614879	161024 011324.532 < 480E7E                               H.~              
10614880	161024 011324.532 recved frame: UA * Info=21
10614881	161024 011324.533 negotiated mtu tx/rx = 79/2049
10614882	161024 011324.533 hdlc connected
10614883	161024 011324.535 sending frame: I N(R)=0 N(S)=0 Info=54
10614884	161024 011324.536 > 7EA04200 0272FB61 10F9B2E6 E6006031  ~.B..r.a......`1 
10614885	161024 011324.546 > 80020780 A1090607 60857405 0801028A  ........`.t..... 
10614886	161024 011324.549 > 0207808B 07608574 05080202 AC028000  .....`.t........ 
10614887	161024 011324.551 > BE0F040D 01000000 065F0400 FFFFFF00  ........._...... 
10614888	161024 011324.557 > 00BC7F7E                             ...~             
10614889	161024 011324.781 < 7EA05261 000272FB 30BA9DE6 E7006141  ~.Ra..r.0.....aA 
10614890	161024 011324.782 < A1090607 60857405 080102A2 03020100  ....`.t......... 
10614891	161024 011324.782 < A305A103 02010E88 02078089 07608574  .............`.t 
10614892	161024 011324.782 < 05080202 AA0A8008 34313036 30303030  ........41060000 
10614893	161024 011324.782 < BE0F040D 0800065F 04001802 200960FA  ......._.... .`. 
10614894	161024 011324.783 < 00E4AF7E                             ...~             
10614895	161024 011324.783 recved frame: I * N(R)=1 N(S)=0 Info=70
10614896	161024 011324.785 AARE: app=(2,16,756,5,8,1,2) asso_result=0 (14) initiate err=0 +auth secu_machanism=(2,16,756,5,8,2,2)
10614897	161024 011324.785 xdlms param: qos=0 ver=6 max_send_pdu=2400, vaa=fa00
10614898	161024 011324.785 sending frame: I N(R)=1 N(S)=1 Info=19
10614899	161024 011324.797 > 7EA01F00 0272FB61 3269ECE6 E6000601  ~....r.a2i...... 
10614900	161024 011324.800 > 02FA5801 09083533 33413536 37305539  ..X...533A5670U9 
10614901	161024 011324.831 > 7E                                   ~                
10614902	161024 011324.901 < 7EA01261 000272FB 52A81AE6 E7000D01  ~..a..r.R....... 
10614903	161024 011324.902 < 0007E47E                             ...~             
10614904	161024 011324.902 recved frame: I * N(R)=2 N(S)=1 Info=6
10614905	161024 011324.902 hls auth ok
10614906	161024 011324.903 read LDN
10614907	161024 011324.903 reading 1 vars, ttl=1
10614908	161024 011324.903 sending frame: I N(R)=2 N(S)=2 Info=8
10614909	161024 011324.904 > 7EA01400 0272FB61 54DB9CE6 E6000501  ~....r.aT....... 
10614910	161024 011324.904 > 02FD0810 D37E                        .....~           
10614911	161024 011325.036 < 7EA02461 000272FB 741BD0E6 E7000C01  ~.$a..r.t....... 
10614912	161024 011325.037 < 0009104C 475A3530 35303634 32310000  ...LGZ50506421.. 
10614913	161024 011325.037 < 00000040 8E7E                        ...@.~           
10614914	161024 011325.037 recved frame: I * N(R)=3 N(S)=2 Info=24
10614915	161024 011325.043 keepalive stopped
10614916	161024 011325.155 solve obj names:
10614917	161024 011325.221 read server info
10614918	161024 011325.243 reading 3 vars, ttl=3
10614919	161024 011325.244 sending frame: I N(R)=3 N(S)=3 Info=14
10614920	161024 011325.276 > 7EA01A00 0272FB61 76EA18E6 E6000503  ~....r.av....... 
10614921	161024 011325.277 > 02FF0802 4BD80299 58ED327E           ....K...X.2~     
10614922	161024 011325.421 < 7EA02C61 000272FB 96EBCAE6 E7000C03  ~.,a..r......... 
10614923	161024 011325.422 < 000A0348 30330006 00000015 00090C07  ...H03.......... 
10614924	161024 011325.422 < E00A0106 000000FF 8000FF64 677E      ...........dg~   
10614925	161024 011325.422 recved frame: I * N(R)=4 N(S)=3 Info=32
10614926	161024 011325.423 detected a suspicous clock value, status=0xff
10614927	161024 011325.537 keepalive stopped
10614928	161024 011325.538 ldn: LGZ50506421 ver: H03 vz1: 21 last billing reset: 2016-10-01 00:00:00
10614929	161024 011325.788 server objects info:
10614930	161024 011325.789 mp1  : ln=1.1.1.8.0.255 class=3-0-23-20010
10614931	161024 011325.790 mp3  : ln=1.1.2.8.0.255 class=3-0-23-20010
10614932	161024 011325.791 mp5  : ln=1.1.5.8.0.255 class=3-0-23-20010
10614933	161024 011325.792 mp6  : ln=1.1.6.8.0.255 class=3-0-23-20010
10614934	161024 011325.792 mp7  : ln=1.1.7.8.0.255 class=3-0-23-20010
10614935	161024 011325.792 mp8  : ln=1.1.8.8.0.255 class=3-0-23-20010
10614936	161024 011325.792 mp9  : ln=1.1.1.8.1.255 class=3-0-23-20010
10614937	161024 011325.792 mp10 : ln=1.1.1.8.2.255 class=3-0-23-20010
10614938	161024 011325.792 mp11 : ln=1.1.1.8.3.255 class=3-0-23-20010
10614939	161024 011325.793 mp12 : ln=1.1.1.8.4.255 class=3-0-23-20010
10614940	161024 011325.793 mp17 : ln=1.1.2.8.1.255 class=3-0-23-20010
10614941	161024 011325.793 mp18 : ln=1.1.2.8.2.255 class=3-0-23-20010
10614942	161024 011325.793 mp19 : ln=1.1.2.8.3.255 class=3-0-23-20010
