10348025	161023 224825.483 < 7EA06061 000272FB 1E37B400 05000000  ~.`a..r..7...... 
10348026	161023 224825.484 < 0000090C 07D00101 06000000 FF800000  ................ 
10348027	161023 224825.484 < 00050000 00000009 0C07D001 01060000  ................ 
10348028	161023 224825.484 < 00FF8000 00000500 00000000 090C07D0  ................ 
10348029	161023 224825.485 < 01010600 0000FF80 00000005 00000016  ................ 
10348030	161023 224825.485 < 00090C07 E00A0F06 060000FF 8000007F  ................ 
10348031	161023 224825.485 < 657E                                 e~               
10348032	161023 224825.485 recved frame: I * N(R)=0 N(S)=7 Info=84
10348033	161023 224825.489 keepalive stopped
10348034	161023 224825.717 saved 22 mp's using register values
10348035	161023 224825.814 keepalive stopped
10348036	161023 224825.814 [ERR] profile 0.0.98.133.63.255 not found in server
10348037	161023 224825.815 [ERR] profile 0.0.98.133.64.255 not found in server
10348038	161023 224825.815 49 mp's use dummy acquisition
10348039	161023 224826.236 saved 49 dummy mp's
10348040	161023 224826.249 keepalive stopped
10348041	161023 224826.532 profile 1.0.99.98.0.255 period=0, objs_num=4, sort_method=1 entries_in_use=0, entries=0
10348042	161023 224826.534 start read event log
10348043	161023 224826.534 profile read max step=0:56.00
10348044	161023 224826.537 read profile buf [2016-10-23 21:48:01, 2016-10-23 22:44:00]
10348045	161023 224826.538 sending frame: I N(R)=0 N(S)=0 Info=59
10348046	161023 224826.539 > 7EA04700 0272FB61 105A42E6 E6000501  ~.G..r.a.ZB..... 
10348047	161023 224826.539 > 0460E801 02040204 12000809 06000001  .`.............. 
10348048	161023 224826.540 > 0000FF0F 02120000 090C07E0 0A17FF15  ................ 
10348049	161023 224826.542 > 30010080 0000090C 07E00A17 FF162C00  0.............,. 
10348050	161023 224826.542 > 00800000 01007F0C 7E                 ........~        
10348051	161023 224826.727 < 7EA01461 000272FB 307102E6 E7000C01  ~..a..r.0q...... 
10348052	161023 224826.727 < 000100F9 F17E                        .....~           
10348053	161023 224826.727 recved frame: I * N(R)=1 N(S)=0 Info=8
10348054	161023 224826.734 keepalive stopped
10348055	161023 224826.736 read profile buf [2016-10-23 22:44:01, 2016-10-23 22:48:00]
10348056	161023 224826.738 sending frame: I N(R)=1 N(S)=1 Info=59
10348057	161023 224826.739 > 7EA04700 0272FB61 324A40E6 E6000501  ~.G..r.a2J@..... 
10348058	161023 224826.739 > 0460E801 02040204 12000809 06000001  .`.............. 
10348059	161023 224826.739 > 0000FF0F 02120000 090C07E0 0A17FF16  ................ 
10348060	161023 224826.740 > 2C010080 0000090C 07E00A17 FF163000  ,.............0. 
10348061	161023 224826.740 > 00800000 0100BEEC 7E                 ........~        
10348062	161023 224826.938 < 7EA01461 000272FB 526542E6 E7000C01  ~..a..r.ReB..... 
10348063	161023 224826.939 < 000100F9 F17E                        .....~           
10348064	161023 224826.939 recved frame: I * N(R)=2 N(S)=1 Info=8
10348065	161023 224826.944 keepalive stopped
10348066	161023 224826.944 sending frame: DISC
10348067	161023 224826.945 > 7EA00A00 0272FB61 538CDB7E           ~....r.aS..~     
10348068	161023 224827.058 < 7EA02161 000272FB 73075481 80120501  ~.!a..r.s.T..... 
10348069	161023 224827.059 < F806013E 07040000 00010804 00000001  ...>............ 
10348070	161023 224827.059 < 480E7E                               H.~              
10348071	161023 224827.059 recved frame: UA * Info=21
10348072	161023 224827.059 hdlc disconnected
10348073	161023 224828.063 closed /dev/tts7 tx=570/13 rx=760/13, recv_delay=1.780s, send_delay=0.000s
10348074	161023 224828.667 com=8 meter=2 baud=13 acqtime=2016-10-23 22:48:00
10348075	161023 224829.964 opened (3)/dev/tts7 8N1 9600 tx_ipg=24984, rx_ipg=24984 (DTR|RTS|CTS|CAR|RNG)
10348076	161023 224830.080 sending frame: SNRM Info=23
10348077	161023 224830.083 > 7EA02300 0272FB61 933A3F81 80140502  ~.#..r.a.:?..... 
10348078	161023 224830.084 > 07F00602 07F00704 00000001 08040000  ................ 
10348079	161023 224830.084 > 00015856 7E                          ..XV~            
10348080	161023 224830.208 < 7EA02161 000272FB 73075481 80120501  ~.!a..r.s.T..... 
10348081	161023 224830.209 < F806013E 07040000 00010804 00000001  ...>............ 
10348082	161023 224830.209 < 480E7E                               H.~              
10348083	161023 224830.209 recved frame: UA * Info=21
10348084	161023 224830.210 negotiated mtu tx/rx = 79/2049
10348085	161023 224830.210 hdlc connected
10348086	161023 224830.212 sending frame: I N(R)=0 N(S)=0 Info=54
10348087	161023 224830.213 > 7EA04200 0272FB61 10F9B2E6 E6006031  ~.B..r.a......`1 
10348088	161023 224830.213 > 80020780 A1090607 60857405 0801028A  ........`.t..... 
10348089	161023 224830.213 > 0207808B 07608574 05080202 AC028000  .....`.t........ 
10348090	161023 224830.225 > BE0F040D 01000000 065F0400 FFFFFF00  ........._...... 
10348091	161023 224830.227 > 00BC7F7E                             ...~             
10348092	161023 224830.458 < 7EA05261 000272FB 30BA9DE6 E7006141  ~.Ra..r.0.....aA 
10348093	161023 224830.459 < A1090607 60857405 080102A2 03020100  ....`.t......... 
10348094	161023 224830.459 < A305A103 02010E88 02078089 07608574  .............`.t 
10348095	161023 224830.459 < 05080202 AA0A8008 37443046 30303030  ........7D0F0000 
10348096	161023 224830.459 < BE0F040D 0800065F 04001802 200960FA  ......._.... .`. 
10348097	161023 224830.460 < 00301B7E                             .0.~             
10348098	161023 224830.460 recved frame: I * N(R)=1 N(S)=0 Info=70
10348099	161023 224830.462 AARE: app=(2,16,756,5,8,1,2) asso_result=0 (14) initiate err=0 +auth secu_machanism=(2,16,756,5,8,2,2)
10348100	161023 224830.462 xdlms param: qos=0 ver=6 max_send_pdu=2400, vaa=fa00
10348101	161023 224830.463 sending frame: I N(R)=1 N(S)=1 Info=19
10348102	161023 224830.474 > 7EA01F00 0272FB61 3269ECE6 E6000601  ~....r.a2i...... 
10348103	161023 224830.477 > 02FA5801 09083846 33333536 37301C61  ..X...8F335670.a 
10348104	161023 224830.478 > 7E                                   ~                
10348105	161023 224830.574 < 7EA01261 000272FB 52A81AE6 E7000D01  ~..a..r.R....... 
10348106	161023 224830.574 < 0007E47E                             ...~             
10348107	161023 224830.574 recved frame: I * N(R)=2 N(S)=1 Info=6
10348108	161023 224830.575 hls auth ok
10348109	161023 224830.575 read LDN
10348110	161023 224830.575 reading 1 vars, ttl=1
10348111	161023 224830.576 sending frame: I N(R)=2 N(S)=2 Info=8
10348112	161023 224830.576 > 7EA01400 0272FB61 54DB9CE6 E6000501  ~....r.aT....... 
10348113	161023 224830.576 > 02FD0810 D37E                        .....~           
10348114	161023 224830.724 < 7EA02461 000272FB 741BD0E6 E7000C01  ~.$a..r.t....... 
10348115	161023 224830.724 < 0009104C 475A3530 35303634 32310000  ...LGZ50506421.. 
10348116	161023 224830.724 < 00000040 8E7E                        ...@.~           
10348117	161023 224830.724 recved frame: I * N(R)=3 N(S)=2 Info=24
10348118	161023 224830.734 keepalive stopped
10348119	161023 224830.760 solve obj names:
10348120	161023 224830.774 read server info
10348121	161023 224830.776 reading 3 vars, ttl=3
10348122	161023 224830.777 sending frame: I N(R)=3 N(S)=3 Info=14
10348123	161023 224830.781 > 7EA01A00 0272FB61 76EA18E6 E6000503  ~....r.av....... 
10348124	161023 224830.784 > 02FF0802 4BD80299 58ED327E           ....K...X.2~     
10348125	161023 224838.794 [WARNING] seri_phy recv timeout
10348126	161023 224838.794 [WARNING] rx_outstanding timeout: vr=3, vs=4
10348127	161023 224838.794 sending frame: RR N(R)=3
10348128	161023 224838.795 > 7EA00A00 0272FB61 719CD97E           ~....r.aq..~     
10348129	161023 224846.803 [WARNING] seri_phy recv timeout
10348130	161023 224846.804 [WARNING] rx_outstanding timeout: vr=3, vs=4
10348131	161023 224846.804 sending frame: RR N(R)=3
10348132	161023 224846.804 > 7EA00A00 0272FB61 719CD97E           ~....r.aq..~     
10348133	161023 224846.883 < 7EA00A61 000272FB 1F6CE87E           ~..a..r..l.~     
10348134	161023 224846.884 recved frame: DM *
10348135	161023 224846.884 [WARNING] recved DM in rx_outstanding state
10348136	161023 224847.111 server objects info:
10348137	161023 224847.112 mp1  : ln=1.1.1.8.0.255 class=3-0
10348138	161023 224847.136 mp3  : ln=1.1.2.8.0.255 class=3-0
10348139	161023 224847.138 mp5  : ln=1.1.5.8.0.255 class=3-0
10348140	161023 224847.139 mp6  : ln=1.1.6.8.0.255 class=3-0
10348141	161023 224847.140 mp7  : ln=1.1.7.8.0.255 class=3-0
10348142	161023 224847.142 mp8  : ln=1.1.8.8.0.255 class=3-0
10348143	161023 224847.143 mp9  : ln=1.1.1.8.1.255 class=3-0
10348144	161023 224847.168 mp10 : ln=1.1.1.8.2.255 class=3-0
10348145	161023 224847.169 mp11 : ln=1.1.1.8.3.255 class=3-0
10348146	161023 224847.170 mp12 : ln=1.1.1.8.4.255 class=3-0
10348147	161023 224847.172 mp17 : ln=1.1.2.8.1.255 class=3-0
10348148	161023 224847.173 mp18 : ln=1.1.2.8.2.255 class=3-0
10348149	161023 224847.193 mp19 : ln=1.1.2.8.3.255 class=3-0
10348150	161023 224847.194 mp20 : ln=1.1.2.8.4.255 class=3-0
10348151	161023 224847.195 mp41 : ln=1.1.32.7.0.255 class=3-0
10348152	161023 224847.197 mp42 : ln=1.1.52.7.0.255 class=3-0
10348153	161023 224847.198 mp43 : ln=1.1.72.7.0.255 class=3-0
10348154	161023 224847.222 mp44 : ln=1.1.31.7.0.255 class=3-0
10348155	161023 224847.223 mp45 : ln=1.1.51.7.0.255 class=3-0
10348156	161023 224847.234 mp46 : ln=1.1.71.7.0.255 class=3-0
10348157	161023 224847.236 mp47 : ln=1.1.16.7.0.255 class=3-0
10348158	161023 224847.237 mp51 : ln=1.1.131.7.0.255 class=3-0
10348159	161023 224847.238 mp55 : ln=1.1.13.7.0.255 class=3-0
10348160	161023 224847.274 mp59 : ln=1.1.14.7.0.255 class=3-0
10348161	161023 224847.275 mp60 : ln=1.1.1.6.0.255 class=4-0
10348162	161023 224847.277 mp61 : ln=1.1.1.6.1.255 class=4-0
10348163	161023 224847.297 mp62 : ln=1.1.1.6.2.255 class=4-0
10348164	161023 224847.298 mp63 : ln=1.1.1.6.3.255 class=4-0
10348165	161023 224847.319 mp64 : ln=1.1.1.6.4.255 class=4-0
10348166	161023 224847.321 mp65 : ln=1.1.2.6.0.255 class=4-0
10348167	161023 224847.322 rubish register: ln=0.0.240.10.0.255 class=10620-3
10348168	161023 224847.358 value presentation of mp's:
10348169	161023 224847.385 mp1  : disp (3, 5.3) comm (0) storage (0)
10348170	161023 224847.387 mp2  : disp (-128, 0.0 *) comm (-128) storage (-128)
10348171	161023 224847.389 mp3  : disp (3, 5.3) comm (0) storage (0)
10348172	161023 224847.390 mp4  : disp (-128, 0.0 *) comm (-128) storage (-128)
10348173	161023 224847.391 mp5  : disp (3, 5.3) comm (0) storage (0)
10348174	161023 224847.392 mp6  : disp (3, 5.3) comm (0) storage (0)
10348175	161023 224847.394 mp7  : disp (3, 5.3) comm (0) storage (0)
10348176	161023 224847.394 mp8  : disp (3, 5.3) comm (0) storage (0)
10348177	161023 224847.394 mp9  : disp (3, 5.3) comm (0) storage (0)
10348178	161023 224847.394 mp10 : disp (3, 5.3) comm (0) storage (0)
10348179	161023 224847.394 mp11 : disp (3, 5.3) comm (0) storage (0)
10348180	161023 224847.394 mp12 : disp (3, 5.3) comm (0) storage (0)
10348181	161023 224847.395 mp13 : disp (-128, 0.0 *) comm (-128) storage (-128)
10348182	161023 224847.395 mp14 : disp (-128, 0.0 *) comm (-128) storage (-128)
10348183	161023 224847.395 mp15 : disp (-128, 0.0 *) comm (-128) storage (-128)
10348184	161023 224847.395 mp16 : disp (-128, 0.0 *) comm (-128) storage (-128)
10348185	161023 224847.395 mp17 : disp (3, 5.3) comm (0) storage (0)
10348186	161023 224847.395 mp18 : disp (3, 5.3) comm (0) storage (0)
10348187	161023 224847.395 mp19 : disp (3, 5.3) comm (0) storage (0)
10348188	161023 224847.395 mp20 : disp (3, 5.3) comm (0) storage (0)
10348189	161023 224847.396 mp21 : disp (-128, 0.0 *) comm (-128) storage (-128)
10348190	161023 224847.396 mp22 : disp (-128, 0.0 *) comm (-128) storage (-128)
10348191	161023 224847.396 mp23 : disp (-128, 0.0 *) comm (-128) storage (-128)
10348192	161023 224847.396 mp24 : disp (-128, 0.0 *) comm (-128) storage (-128)
10348193	161023 224847.396 mp25 : disp (-128, 0.0 *) comm (-128) storage (-128)
10348194	161023 224847.396 mp26 : disp (-128, 0.0 *) comm (-128) storage (-128)
10348195	161023 224847.396 mp27 : disp (-128, 0.0 *) comm (-128) storage (-128)
10348196	161023 224847.396 mp28 : disp (-128, 0.0 *) comm (-128) storage (-128)
10348197	161023 224847.397 mp29 : disp (-128, 0.0 *) comm (-128) storage (-128)
10348198	161023 224847.397 mp30 : disp (-128, 0.0 *) comm (-128) storage (-128)
10348199	161023 224847.397 mp31 : disp (-128, 0.0 *) comm (-128) storage (-128)
10348200	161023 224847.397 mp32 : disp (-128, 0.0 *) comm (-128) storage (-128)
10348201	161023 224847.397 mp33 : disp (-128, 0.0 *) comm (-128) storage (-128)
10348202	161023 224847.397 mp34 : disp (-128, 0.0 *) comm (-128) storage (-128)
10348203	161023 224847.397 mp35 : disp (-128, 0.0 *) comm (-128) storage (-128)
10348204	161023 224847.397 mp36 : disp (-128, 0.0 *) comm (-128) storage (-128)
10348205	161023 224847.397 mp37 : disp (-128, 0.0 *) comm (-128) storage (-128)
10348206	161023 224847.398 mp38 : disp (-128, 0.0 *) comm (-128) storage (-128)
10348207	161023 224847.398 mp39 : disp (-128, 0.0 *) comm (-128) storage (-128)
10348208	161023 224847.398 mp40 : disp (-128, 0.0 *) comm (-128) storage (-128)
10348209	161023 224847.398 mp41 : disp (0, 3.1) comm (-1) storage (-1)
10348210	161023 224847.398 mp42 : disp (0, 3.1) comm (-1) storage (-1)
10348211	161023 224847.408 mp43 : disp (0, 3.1) comm (-1) storage (-1)
10348212	161023 224847.411 mp44 : disp (0, 1.3) comm (-3) storage (-3)
10348213	161023 224847.411 mp45 : disp (0, 1.3) comm (-3) storage (-3)
10348214	161023 224847.411 mp46 : disp (0, 1.3) comm (-3) storage (-3)
10348215	161023 224847.411 mp47 : disp (3, 1.3) comm (0) storage (0)
10348216	161023 224847.411 mp48 : disp (-128, 0.0 *) comm (-128) storage (-128)
10348217	161023 224847.412 mp49 : disp (-128, 0.0 *) comm (-128) storage (-128)
10348218	161023 224847.412 mp50 : disp (-128, 0.0 *) comm (-128) storage (-128)
10348219	161023 224847.412 mp51 : disp (3, 1.3) comm (0) storage (0)
10348220	161023 224847.412 mp52 : disp (-128, 0.0 *) comm (-128) storage (-128)
10348221	161023 224847.412 mp53 : disp (-128, 0.0 *) comm (-128) storage (-128)
10348222	161023 224847.412 mp54 : disp (-128, 0.0 *) comm (-128) storage (-128)
10348223	161023 224847.412 mp55 : disp (0, 1.2) comm (-2) storage (-2)
10348224	161023 224847.412 mp56 : disp (-128, 0.0 *) comm (-128) storage (-128)
10348225	161023 224847.412 mp57 : disp (-128, 0.0 *) comm (-128) storage (-128)
