8281362	161023 043728.165 mp52 : disp (-128, 0.0 *) comm (-128) storage (-128)
8281363	161023 043728.165 mp53 : disp (-128, 0.0 *) comm (-128) storage (-128)
8281364	161023 043728.165 mp54 : disp (-128, 0.0 *) comm (-128) storage (-128)
8281365	161023 043728.206 mp55 : disp (0, 1.2) comm (-2) storage (-2)
8281366	161023 043728.207 mp56 : disp (-128, 0.0 *) comm (-128) storage (-128)
8281367	161023 043728.209 mp57 : disp (-128, 0.0 *) comm (-128) storage (-128)
8281368	161023 043728.210 mp58 : disp (-128, 0.0 *) comm (-128) storage (-128)
8281369	161023 043728.237 mp59 : disp (0, 2.2) comm (-2) storage (-2)
8281370	161023 043728.239 mp60 : disp (3, 1.4) comm (-1) storage (-1)
8281371	161023 043728.240 mp61 : disp (3, 1.4) comm (-1) storage (-1)
8281372	161023 043728.260 mp62 : disp (3, 1.4) comm (-1) storage (-1)
8281373	161023 043728.266 mp63 : disp (3, 1.4) comm (-1) storage (-1)
8281374	161023 043728.268 mp64 : disp (3, 1.4) comm (-1) storage (-1)
8281375	161023 043728.270 mp65 : disp (3, 1.4) comm (-1) storage (-1)
8281376	161023 043728.271 mp66 : disp (-128, 0.0 *) comm (-128) storage (124)
8281377	161023 043728.271 mp67 : disp (-128, 0.0 *) comm (-128) storage (124)
8281378	161023 043728.271 mp68 : disp (-128, 0.0 *) comm (-128) storage (124)
8281379	161023 043728.271 mp69 : disp (-128, 0.0 *) comm (-128) storage (124)
8281380	161023 043728.272 mp70 : disp (-128, 0.0 *) comm (-128) storage (124)
8281381	161023 043728.272 mp71 : disp (-128, 0.0 *) comm (-128) storage (124)
8281382	161023 043728.272 mp72 : disp (-128, 0.0 *) comm (-128) storage (124)
8281383	161023 043728.272 mp73 : disp (-128, 0.0 *) comm (-128) storage (124)
8281384	161023 043728.272 mp74 : disp (-128, 0.0 *) comm (-128) storage (124)
8281385	161023 043728.272 mp75 : disp (-128, 0.0 *) comm (-128) storage (124)
8281386	161023 043728.272 mp76 : disp (-128, 0.0 *) comm (-128) storage (124)
8281387	161023 043728.272 mp77 : disp (-128, 0.0 *) comm (-128) storage (124)
8281388	161023 043728.273 mp78 : disp (-128, 0.0 *) comm (-128) storage (124)
8281389	161023 043728.273 mp79 : disp (-128, 0.0 *) comm (-128) storage (124)
8281390	161023 043728.334 read server clock
8281391	161023 043728.335 reading 1 vars, ttl=1
8281392	161023 043728.338 sending frame: I N(R)=4 N(S)=4 Info=8
8281393	161023 043728.339 > 7EA01400 0272FB61 98BB90E6 E6000501  ~....r.a........ 
8281394	161023 043728.339 > 022BC8F7 1E7E                        .+...~           
8281395	161023 043728.476 < 7EA02061 000272FB B80DB3E6 E7000C01  ~. a..r......... 
8281396	161023 043728.477 < 00090C07 E00A1707 04251EFF 80000014  .........%...... 
8281397	161023 043728.477 < 037E                                 .~               
8281398	161023 043728.477 recved frame: I * N(R)=5 N(S)=4 Info=20
8281399	161023 043728.486 keepalive stopped
8281400	161023 043728.486 server time is 2016-10-23 04:37:29.92
8281401	161023 043728.492 time drift (1s) out of sync window, sync is aborted
8281402	161023 043728.689 profile 1.0.99.1.0.255 period=900, objs_num=12, sort_method=1 entries_in_use=0, entries=0
8281403	161023 043728.706 start read load profile for 8 mp's from 2016-10-23 04:30:00 to 2016-10-23 04:30:00
8281404	161023 043728.708 profile read max step=8:00.00
8281405	161023 043728.709 read profile buf [2016-10-23 04:30:00, 2016-10-23 04:30:01]
8281406	161023 043728.711 sending frame: I N(R)=5 N(S)=5 Info=59
8281407	161023 043728.712 > 7EA04700 0272FB61 BA0A48E6 E6000501  ~.G..r.a..H..... 
8281408	161023 043728.712 > 04627801 02040204 12000809 06000001  .bx............. 
8281409	161023 043728.713 > 0000FF0F 02120000 090C07E0 0A17FF04  ................ 
8281410	161023 043728.713 > 1E000080 0000090C 07E00A17 FF041E01  ................ 
8281411	161023 043728.713 > 00800000 01006538 7E                 ......e8~        
8281412	161023 043729.081 < 7EA06B61 000272FB DA9D42E6 E7000C01  ~.ka..r...B..... 
8281413	161023 043729.081 < 00010102 0C090C07 E00A1707 041E00FF  ................ 
8281414	161023 043729.081 < 80000006 00810004 14000000 000014B9  ................ 
8281415	161023 043729.082 < E6140000 00000000 19B71400 00000000  ................ 
8281416	161023 043729.082 < 01293B14 00000000 00003DAE 05000002  .);.......=..... 
8281417	161023 043729.082 < 80050000 00000500 00000005 00000000  ................ 
8281418	161023 043729.083 < 05000000 00050000 0000EFE8 7E        ............~    
8281419	161023 043729.083 recved frame: I * N(R)=6 N(S)=5 Info=95
8281420	161023 043729.084 profile row 0: 2016-10-23 04:30:00
8281421	161023 043729.256 saved 79 mp's at 2016-10-23 04:30:00 (err=0)
8281422	161023 043729.301 keepalive stopped
8281423	161023 043729.444 saved 1 mp's at 2016-10-23 04:36:00 (err=0)
8281424	161023 043729.449 saved 1 mp's at 2016-10-23 04:36:00 (err=0)
8281425	161023 043729.473 saved 1 mp's at 2016-10-23 04:36:00 (err=0)
8281426	161023 043729.477 saved 1 mp's at 2016-10-23 04:36:00 (err=0)
8281427	161023 043729.501 saved 1 mp's at 2016-10-23 04:36:00 (err=0)
8281428	161023 043729.505 saved 1 mp's at 2016-10-23 04:36:00 (err=0)
8281429	161023 043729.531 saved 1 mp's at 2016-10-23 04:36:00 (err=0)
8281430	161023 043729.546 saved 1 mp's at 2016-10-23 04:36:00 (err=0)
8281431	161023 043729.548 22 mp's need to read from running registers
8281432	161023 043729.559 read registers
8281433	161023 043729.562 reading 28 vars, ttl=28
8281434	161023 043729.564 sending frame: I N(R)=6 N(S)=6 Info=62 S
8281435	161023 043729.584 > 7EA84A00 0272FB61 DCC94DE6 E600051C  ~.J..r.a..M..... 
8281436	161023 043729.586 > 021A2002 1B80021A D0021C30 02016002  .. ........0..`. 
8281437	161023 043729.587 > 02100202 C0020370 02042002 04D00205  .......p.. ..... 
8281438	161023 043729.589 > 80020630 0261D002 63600257 180254B8  ...0.a..c`.W..T. 
8281439	161023 043729.590 > 02AD3802 AD5002AE 4845527E           ..8..P..HER~     
8281440	161023 043729.726 < 7EA00A61 000272FB F11CE67E           ~..a..r....~     
8281441	161023 043729.726 recved frame: RR * N(R)=7
8281442	161023 043729.726 sending frame: I N(R)=6 N(S)=7 Info=27
8281443	161023 043729.727 > 7EA02700 0272FB61 DEADC902 AE6002AE  ~.'..r.a.....`.. 
8281444	161023 043729.727 > D002AEE8 02AF5802 AF7002AF E002AFF8  ......X..p...... 
8281445	161023 043729.727 > 02ADC002 ADD8CDCA 7E                 ........~        
8281446	161023 043730.511 < 7EA8CB61 000272FB 1C8529E6 E7000C1C  ~..a..r...)..... 
8281447	161023 043730.511 < 00140000 00000000 5C4D0014 00000000  ........\M...... 
8281448	161023 043730.511 < 00003C2D 00140000 00000000 01800014  ..<-............ 
8281449	161023 043730.512 < 00000000 0000CCEE 00140000 00000000  ................ 
8281450	161023 043730.512 < 00000014 00000000 00071F72 00140000  ...........r.... 
8281451	161023 043730.512 < 00000008 03F80014 00000000 0005967B  ...............{ 
8281452	161023 043730.513 < 00140000 00000000 00000014 00000000  ................ 
8281453	161023 043730.513 < 0000088E 00140000 00000000 08C00014  ................ 
8281454	161023 043730.513 < 00000000 00000869 00050000 00000005  .......i........ 
8281455	161023 043730.513 < 00000000 00050000 00C80005 0000138B  ................ 
8281456	161023 043730.514 < 00050000 00000009 0C07D001 01060000  ................ 
8281457	161023 043730.514 < 00FF8000 00000500 00000000 090C07D0  ................ 
8281458	161023 043730.514 < 01010600 0000FF80 0000F411 7E        ............~    
8281459	161023 043730.514 recved frame: I * N(R)=0 N(S)=6 Info=191 S
8281460	161023 043730.515 sending frame: RR N(R)=7
8281461	161023 043730.516 > 7EA00A00 0272FB61 F1945D7E           ~....r.a..]~     
8281462	161023 043738.526 [WARNING] seri_phy recv timeout
8281463	161023 043738.526 [WARNING] rx_outstanding timeout: vr=7, vs=0
8281464	161023 043738.526 sending frame: RR N(R)=7
8281465	161023 043738.527 > 7EA00A00 0272FB61 F1945D7E           ~....r.a..]~     
8281466	161023 043746.535 [WARNING] seri_phy recv timeout
8281467	161023 043746.536 [WARNING] rx_outstanding timeout: vr=7, vs=0
8281468	161023 043746.536 sending frame: RR N(R)=7
8281469	161023 043746.537 > 7EA00A00 0272FB61 F1945D7E           ~....r.a..]~     
8281470	161023 043746.616 < 7EA00A61 000272FB 1F6CE87E           ~..a..r..l.~     
8281471	161023 043746.616 recved frame: DM *
8281472	161023 043746.616 [WARNING] recved DM in rx_outstanding state
8281473	161023 043746.931 saved 22 mp's using register values
8281474	161023 043746.941 keepalive stopped
8281475	161023 043746.941 [ERR] profile 0.0.98.133.63.255 not found in server
8281476	161023 043746.942 [ERR] profile 0.0.98.133.64.255 not found in server
8281477	161023 043746.942 49 mp's use dummy acquisition
8281478	161023 043747.374 saved 49 dummy mp's
8281479	161023 043747.471 keepalive stopped
8281480	161023 043747.732 profile 1.0.99.98.0.255 period=0, objs_num=4, sort_method=1 entries_in_use=0, entries=0
8281481	161023 043747.734 start read event log
8281482	161023 043747.735 profile read max step=0:56.00
8281483	161023 043747.759 read profile buf [2016-10-23 03:36:01, 2016-10-23 04:32:00]
8281484	161023 043747.762 [WARNING] hdlc halted
8281485	161023 043747.764 sending frame: DISC
8281486	161023 043747.765 > 7EA00A00 0272FB61 538CDB7E           ~....r.aS..~     
8281487	161023 043747.856 < 7EA00A61 000272FB 1F6CE87E           ~..a..r..l.~     
8281488	161023 043747.856 recved frame: DM *
8281489	161023 043747.856 hdlc disconnected
8281490	161023 043748.861 closed /dev/tts7 tx=448/13 rx=607/11, recv_delay=17.500s, send_delay=0.000s
8281491	161023 043749.237 com=8 meter=2 baud=13 acqtime=2016-10-23 04:36:00
8281492	161023 043750.722 opened (3)/dev/tts7 8N1 9600 tx_ipg=24984, rx_ipg=24984 (DTR|RTS|CTS|CAR|RNG)
8281493	161023 043750.843 sending frame: SNRM Info=23
8281494	161023 043750.845 > 7EA02300 0272FB61 933A3F81 80140502  ~.#..r.a.:?..... 
8281495	161023 043750.846 > 07F00602 07F00704 00000001 08040000  ................ 
8281496	161023 043750.847 > 00015856 7E                          ..XV~            
8281497	161023 043750.976 < 7EA02161 000272FB 73075481 80120501  ~.!a..r.s.T..... 
8281498	161023 043750.976 < F806013E 07040000 00010804 00000001  ...>............ 
8281499	161023 043750.976 < 480E7E                               H.~              
8281500	161023 043750.976 recved frame: UA * Info=21
8281501	161023 043750.977 negotiated mtu tx/rx = 79/2049
8281502	161023 043750.977 hdlc connected
8281503	161023 043750.979 sending frame: I N(R)=0 N(S)=0 Info=54
8281504	161023 043750.980 > 7EA04200 0272FB61 10F9B2E6 E6006031  ~.B..r.a......`1 
8281505	161023 043750.980 > 80020780 A1090607 60857405 0801028A  ........`.t..... 
8281506	161023 043750.990 > 0207808B 07608574 05080202 AC028000  .....`.t........ 
8281507	161023 043750.992 > BE0F040D 01000000 065F0400 FFFFFF00  ........._...... 
8281508	161023 043750.993 > 00BC7F7E                             ...~             
8281509	161023 043751.211 < 7EA03061 000272FB 30840EE6 E700611F  ~.0a..r.0.....a. 
8281510	161023 043751.211 < A1090607 60857405 080102A2 03020101  ....`.t......... 
8281511	161023 043751.211 < A305A103 020101BE 0604040E 0106007E  ...............~ 
8281512	161023 043751.211 < 797E                                 y~               
8281513	161023 043751.212 recved frame: I * N(R)=1 N(S)=0 Info=36
8281514	161023 043751.213 AARE: app=(2,16,756,5,8,1,2) asso_result=1 (1) initiate err=200 -auth secu_machanism=
8281515	161023 043751.213 xdlms param: qos=0 ver=0 max_send_pdu=0, vaa=0000
8281516	161023 043751.214 [ERR] acse.open encounted error
8281517	161023 043751.214 sending frame: DISC
8281518	161023 043751.214 > 7EA00A00 0272FB61 538CDB7E           ~....r.aS..~     
8281519	161023 043751.316 < 7EA02161 000272FB 73075481 80120501  ~.!a..r.s.T..... 
8281520	161023 043751.316 < F806013E 07040000 00010804 00000001  ...>............ 
8281521	161023 043751.316 < 480E7E                               H.~              
8281522	161023 043751.317 recved frame: UA * Info=21
8281523	161023 043751.317 hdlc disconnected
8281524	161023 043752.321 closed /dev/tts7 tx=117/3 rx=120/3, recv_delay=0.280s, send_delay=0.000s
8281525	ERR: xdlms error, exit code = 0
8281526	161023 044003.709 com=8 meter=2 baud=13 acqtime=2016-10-23 04:40:00
8281527	161023 044005.448 opened (3)/dev/tts7 8N1 9600 tx_ipg=24984, rx_ipg=24984 (DTR|RTS|CTS|CAR|RNG)
8281528	161023 044005.606 sending frame: SNRM Info=23
8281529	161023 044005.610 > 7EA02300 0272FB61 933A3F81 80140502  ~.#..r.a.:?..... 
8281530	161023 044005.611 > 07F00602 07F00704 00000001 08040000  ................ 
8281531	161023 044005.611 > 00015856 7E                          ..XV~            
8281532	161023 044005.741 < 7EA02161 000272FB 73075481 80120501  ~.!a..r.s.T..... 
8281533	161023 044005.741 < F806013E 07040000 00010804 00000001  ...>............ 
8281534	161023 044005.741 < 480E7E                               H.~              
8281535	161023 044005.741 recved frame: UA * Info=21
8281536	161023 044005.742 negotiated mtu tx/rx = 79/2049
8281537	161023 044005.742 hdlc connected
8281538	161023 044005.744 sending frame: I N(R)=0 N(S)=0 Info=54
8281539	161023 044005.745 > 7EA04200 0272FB61 10F9B2E6 E6006031  ~.B..r.a......`1 
8281540	161023 044005.745 > 80020780 A1090607 60857405 0801028A  ........`.t..... 
8281541	161023 044005.751 > 0207808B 07608574 05080202 AC028000  .....`.t........ 
8281542	161023 044005.752 > BE0F040D 01000000 065F0400 FFFFFF00  ........._...... 
8281543	161023 044005.754 > 00BC7F7E                             ...~             
8281544	161023 044006.036 < 7EA05261 000272FB 30BA9DE6 E7006141  ~.Ra..r.0.....aA 
8281545	161023 044006.036 < A1090607 60857405 080102A2 03020100  ....`.t......... 
8281546	161023 044006.036 < A305A103 02010E88 02078089 07608574  .............`.t 
8281547	161023 044006.037 < 05080202 AA0A8008 43413133 30303030  ........CA130000 
8281548	161023 044006.037 < BE0F040D 0800065F 04001802 200960FA  ......._.... .`. 
8281549	161023 044006.037 < 001E357E                             ..5~             
8281550	161023 044006.037 recved frame: I * N(R)=1 N(S)=0 Info=70
8281551	161023 044006.039 AARE: app=(2,16,756,5,8,1,2) asso_result=0 (14) initiate err=0 +auth secu_machanism=(2,16,756,5,8,2,2)
8281552	161023 044006.039 xdlms param: qos=0 ver=6 max_send_pdu=2400, vaa=fa00
8281553	161023 044006.040 sending frame: I N(R)=1 N(S)=1 Info=19
8281554	161023 044006.071 > 7EA01F00 0272FB61 3269ECE6 E6000601  ~....r.a2i...... 
8281555	161023 044006.072 > 02FA5801 09084443 34373536 37306513  ..X...DC475670e. 
8281556	161023 044006.073 > 7E                                   ~                
8281557	161023 044006.151 < 7EA01261 000272FB 52A81AE6 E7000D01  ~..a..r.R....... 
8281558	161023 044006.151 < 0007E47E                             ...~             
8281559	161023 044006.151 recved frame: I * N(R)=2 N(S)=1 Info=6
8281560	161023 044006.152 hls auth ok
8281561	161023 044006.152 read LDN
8281562	161023 044006.152 reading 1 vars, ttl=1
