8090827	161023 030418.175 mp2  : disp (-128, 0.0 *) comm (-128) storage (-128)
8090828	161023 030418.177 mp3  : disp (3, 5.3) comm (0) storage (0)
8090829	161023 030418.178 mp4  : disp (-128, 0.0 *) comm (-128) storage (-128)
8090830	161023 030418.179 mp5  : disp (3, 5.3) comm (0) storage (0)
8090831	161023 030418.205 mp6  : disp (3, 5.3) comm (0) storage (0)
8090832	161023 030418.206 mp7  : disp (3, 5.3) comm (0) storage (0)
8090833	161023 030418.208 mp8  : disp (3, 5.3) comm (0) storage (0)
8090834	161023 030418.209 mp9  : disp (3, 5.3) comm (0) storage (0)
8090835	161023 030418.215 mp10 : disp (3, 5.3) comm (0) storage (0)
8090836	161023 030418.215 mp11 : disp (3, 5.3) comm (0) storage (0)
8090837	161023 030418.215 mp12 : disp (3, 5.3) comm (0) storage (0)
8090838	161023 030418.215 mp13 : disp (-128, 0.0 *) comm (-128) storage (-128)
8090839	161023 030418.215 mp14 : disp (-128, 0.0 *) comm (-128) storage (-128)
8090840	161023 030418.216 mp15 : disp (-128, 0.0 *) comm (-128) storage (-128)
8090841	161023 030418.216 mp16 : disp (-128, 0.0 *) comm (-128) storage (-128)
8090842	161023 030418.216 mp17 : disp (3, 5.3) comm (0) storage (0)
8090843	161023 030418.216 mp18 : disp (3, 5.3) comm (0) storage (0)
8090844	161023 030418.216 mp19 : disp (3, 5.3) comm (0) storage (0)
8090845	161023 030418.216 mp20 : disp (3, 5.3) comm (0) storage (0)
8090846	161023 030418.216 mp21 : disp (-128, 0.0 *) comm (-128) storage (-128)
8090847	161023 030418.216 mp22 : disp (-128, 0.0 *) comm (-128) storage (-128)
8090848	161023 030418.217 mp23 : disp (-128, 0.0 *) comm (-128) storage (-128)
8090849	161023 030418.217 mp24 : disp (-128, 0.0 *) comm (-128) storage (-128)
8090850	161023 030418.217 mp25 : disp (-128, 0.0 *) comm (-128) storage (-128)
8090851	161023 030418.217 mp26 : disp (-128, 0.0 *) comm (-128) storage (-128)
8090852	161023 030418.217 mp27 : disp (-128, 0.0 *) comm (-128) storage (-128)
8090853	161023 030418.217 mp28 : disp (-128, 0.0 *) comm (-128) storage (-128)
8090854	161023 030418.217 mp29 : disp (-128, 0.0 *) comm (-128) storage (-128)
8090855	161023 030418.218 mp30 : disp (-128, 0.0 *) comm (-128) storage (-128)
8090856	161023 030418.218 mp31 : disp (-128, 0.0 *) comm (-128) storage (-128)
8090857	161023 030418.218 mp32 : disp (-128, 0.0 *) comm (-128) storage (-128)
8090858	161023 030418.218 mp33 : disp (-128, 0.0 *) comm (-128) storage (-128)
8090859	161023 030418.218 mp34 : disp (-128, 0.0 *) comm (-128) storage (-128)
8090860	161023 030418.218 mp35 : disp (-128, 0.0 *) comm (-128) storage (-128)
8090861	161023 030418.218 mp36 : disp (-128, 0.0 *) comm (-128) storage (-128)
8090862	161023 030418.218 mp37 : disp (-128, 0.0 *) comm (-128) storage (-128)
8090863	161023 030418.219 mp38 : disp (-128, 0.0 *) comm (-128) storage (-128)
8090864	161023 030418.219 mp39 : disp (-128, 0.0 *) comm (-128) storage (-128)
8090865	161023 030418.219 mp40 : disp (-128, 0.0 *) comm (-128) storage (-128)
8090866	161023 030418.219 mp41 : disp (0, 3.1) comm (-1) storage (-1)
8090867	161023 030418.219 mp42 : disp (0, 3.1) comm (-1) storage (-1)
8090868	161023 030418.219 mp43 : disp (0, 3.1) comm (-1) storage (-1)
8090869	161023 030418.219 mp44 : disp (0, 1.3) comm (-3) storage (-3)
8090870	161023 030418.219 mp45 : disp (0, 1.3) comm (-3) storage (-3)
8090871	161023 030418.219 mp46 : disp (0, 1.3) comm (-3) storage (-3)
8090872	161023 030418.241 mp47 : disp (3, 1.3) comm (0) storage (0)
8090873	161023 030418.242 mp48 : disp (-128, 0.0 *) comm (-128) storage (-128)
8090874	161023 030418.243 mp49 : disp (-128, 0.0 *) comm (-128) storage (-128)
8090875	161023 030418.244 mp50 : disp (-128, 0.0 *) comm (-128) storage (-128)
8090876	161023 030418.261 mp51 : disp (3, 1.3) comm (0) storage (0)
8090877	161023 030418.264 mp52 : disp (-128, 0.0 *) comm (-128) storage (-128)
8090878	161023 030418.265 mp53 : disp (-128, 0.0 *) comm (-128) storage (-128)
8090879	161023 030418.266 mp54 : disp (-128, 0.0 *) comm (-128) storage (-128)
8090880	161023 030418.268 mp55 : disp (0, 1.2) comm (-2) storage (-2)
8090881	161023 030418.268 mp56 : disp (-128, 0.0 *) comm (-128) storage (-128)
8090882	161023 030418.268 mp57 : disp (-128, 0.0 *) comm (-128) storage (-128)
8090883	161023 030418.268 mp58 : disp (-128, 0.0 *) comm (-128) storage (-128)
8090884	161023 030418.268 mp59 : disp (0, 2.2) comm (-2) storage (-2)
8090885	161023 030418.269 mp60 : disp (3, 1.4) comm (-1) storage (-1)
8090886	161023 030418.269 mp61 : disp (3, 1.4) comm (-1) storage (-1)
8090887	161023 030418.269 mp62 : disp (3, 1.4) comm (-1) storage (-1)
8090888	161023 030418.269 mp63 : disp (3, 1.4) comm (-1) storage (-1)
8090889	161023 030418.269 mp64 : disp (3, 1.4) comm (-1) storage (-1)
8090890	161023 030418.269 mp65 : disp (3, 1.4) comm (-1) storage (-1)
8090891	161023 030418.269 mp66 : disp (-128, 0.0 *) comm (-128) storage (124)
8090892	161023 030418.269 mp67 : disp (-128, 0.0 *) comm (-128) storage (124)
8090893	161023 030418.269 mp68 : disp (-128, 0.0 *) comm (-128) storage (124)
8090894	161023 030418.292 mp69 : disp (-128, 0.0 *) comm (-128) storage (124)
8090895	161023 030418.293 mp70 : disp (-128, 0.0 *) comm (-128) storage (124)
8090896	161023 030418.294 mp71 : disp (-128, 0.0 *) comm (-128) storage (124)
8090897	161023 030418.328 mp72 : disp (-128, 0.0 *) comm (-128) storage (124)
8090898	161023 030418.329 mp73 : disp (-128, 0.0 *) comm (-128) storage (124)
8090899	161023 030418.330 mp74 : disp (-128, 0.0 *) comm (-128) storage (124)
8090900	161023 030418.330 mp75 : disp (-128, 0.0 *) comm (-128) storage (124)
8090901	161023 030418.332 mp76 : disp (-128, 0.0 *) comm (-128) storage (124)
8090902	161023 030418.332 mp77 : disp (-128, 0.0 *) comm (-128) storage (124)
8090903	161023 030418.332 mp78 : disp (-128, 0.0 *) comm (-128) storage (124)
8090904	161023 030418.332 mp79 : disp (-128, 0.0 *) comm (-128) storage (124)
8090905	161023 030418.471 read server clock
8090906	161023 030418.472 reading 1 vars, ttl=1
8090907	161023 030418.473 sending frame: I N(R)=4 N(S)=4 Info=8
8090908	161023 030418.510 > 7EA01400 0272FB61 98BB90E6 E6000501  ~....r.a........ 
8090909	161023 030418.512 > 022BC8F7 1E7E                        .+...~           
8090910	161023 030418.635 < 7EA02061 000272FB B80DB3E6 E7000C01  ~. a..r......... 
8090911	161023 030418.635 < 00090C07 E00A1707 030414FF 800000EF  ................ 
8090912	161023 030418.636 < 097E                                 .~               
8090913	161023 030418.636 recved frame: I * N(R)=5 N(S)=4 Info=20
8090914	161023 030418.640 keepalive stopped
8090915	161023 030418.640 server time is 2016-10-23 03:04:19.91
8090916	161023 030418.644 time drift (1s) out of sync window, sync is aborted
8090917	161023 030418.803 profile 1.0.99.1.0.255 period=900, objs_num=12, sort_method=1 entries_in_use=0, entries=0
8090918	161023 030418.826 start read load profile for 8 mp's from 2016-10-23 03:00:00 to 2016-10-23 03:00:00
8090919	161023 030418.827 profile read max step=8:00.00
8090920	161023 030418.829 read profile buf [2016-10-23 03:00:00, 2016-10-23 03:00:01]
8090921	161023 030418.845 sending frame: I N(R)=5 N(S)=5 Info=59
8090922	161023 030418.847 > 7EA04700 0272FB61 BA0A48E6 E6000501  ~.G..r.a..H..... 
8090923	161023 030418.848 > 04627801 02040204 12000809 06000001  .bx............. 
8090924	161023 030418.860 > 0000FF0F 02120000 090C07E0 0A17FF03  ................ 
8090925	161023 030418.861 > 00000080 0000090C 07E00A17 FF030001  ................ 
8090926	161023 030418.863 > 00800000 01008457 7E                 .......W~        
8090927	161023 030426.870 [WARNING] seri_phy recv timeout
8090928	161023 030426.870 [WARNING] rx_outstanding timeout: vr=5, vs=6
8090929	161023 030426.871 sending frame: RR N(R)=5
8090930	161023 030426.871 > 7EA00A00 0272FB61 B1901F7E           ~....r.a...~     
8090931	161023 030426.960 < 7EA00A61 000272FB 1F6CE87E           ~..a..r..l.~     
8090932	161023 030426.960 recved frame: DM *
8090933	161023 030426.960 [WARNING] recved DM in rx_outstanding state
8090934	161023 030426.974 saved 1 mp's at 2016-10-23 03:04:00 (err=0)
8090935	161023 030426.978 saved 1 mp's at 2016-10-23 03:04:00 (err=0)
8090936	161023 030426.999 saved 1 mp's at 2016-10-23 03:04:00 (err=0)
8090937	161023 030427.015 saved 1 mp's at 2016-10-23 03:04:00 (err=0)
8090938	161023 030427.033 saved 1 mp's at 2016-10-23 03:04:00 (err=0)
8090939	161023 030427.047 saved 1 mp's at 2016-10-23 03:04:00 (err=0)
8090940	161023 030427.101 saved 1 mp's at 2016-10-23 03:04:00 (err=0)
8090941	161023 030427.104 saved 1 mp's at 2016-10-23 03:04:00 (err=0)
8090942	161023 030427.125 22 mp's need to read from running registers
8090943	161023 030427.129 read registers
8090944	161023 030427.156 reading 28 vars, ttl=28
8090945	161023 030427.157 [WARNING] hdlc halted
8090946	161023 030427.315 saved 22 mp's using register values
8090947	161023 030427.370 keepalive stopped
8090948	161023 030427.371 [ERR] profile 0.0.98.133.63.255 not found in server
8090949	161023 030427.371 [ERR] profile 0.0.98.133.64.255 not found in server
8090950	161023 030427.372 49 mp's use dummy acquisition
8090951	161023 030427.895 saved 49 dummy mp's
8090952	161023 030427.905 keepalive stopped
8090953	161023 030428.134 profile 1.0.99.98.0.255 period=0, objs_num=4, sort_method=1 entries_in_use=0, entries=0
8090954	161023 030428.135 start read event log
8090955	161023 030428.136 profile read max step=0:56.00
8090956	161023 030428.136 read profile buf [2016-10-23 02:04:01, 2016-10-23 03:00:00]
8090957	161023 030428.137 [WARNING] hdlc halted
8090958	161023 030428.137 sending frame: DISC
8090959	161023 030428.138 > 7EA00A00 0272FB61 538CDB7E           ~....r.aS..~     
8090960	161023 030428.230 < 7EA00A61 000272FB 1F6CE87E           ~..a..r..l.~     
8090961	161023 030428.230 recved frame: DM *
8090962	161023 030428.230 hdlc disconnected
8090963	161023 030429.235 closed /dev/tts7 tx=307/9 rx=281/8, recv_delay=8.655s, send_delay=0.000s
8090964	161023 030429.819 com=8 meter=2 baud=13 acqtime=2016-10-23 03:04:00
8090965	161023 030431.004 opened (3)/dev/tts7 8N1 9600 tx_ipg=24984, rx_ipg=24984 (DTR|RTS|CTS|CAR|RNG)
8090966	161023 030431.086 sending frame: SNRM Info=23
8090967	161023 030431.089 > 7EA02300 0272FB61 933A3F81 80140502  ~.#..r.a.:?..... 
8090968	161023 030431.105 > 07F00602 07F00704 00000001 08040000  ................ 
8090969	161023 030431.108 > 00015856 7E                          ..XV~            
8090970	161023 030431.215 < 7EA02161 000272FB 73075481 80120501  ~.!a..r.s.T..... 
8090971	161023 030431.215 < F806013E 07040000 00010804 00000001  ...>............ 
8090972	161023 030431.216 < 480E7E                               H.~              
8090973	161023 030431.216 recved frame: UA * Info=21
8090974	161023 030431.216 negotiated mtu tx/rx = 79/2049
8090975	161023 030431.216 hdlc connected
8090976	161023 030431.218 sending frame: I N(R)=0 N(S)=0 Info=54
8090977	161023 030431.219 > 7EA04200 0272FB61 10F9B2E6 E6006031  ~.B..r.a......`1 
8090978	161023 030431.219 > 80020780 A1090607 60857405 0801028A  ........`.t..... 
8090979	161023 030431.219 > 0207808B 07608574 05080202 AC028000  .....`.t........ 
8090980	161023 030431.231 > BE0F040D 01000000 065F0400 FFFFFF00  ........._...... 
8090981	161023 030431.232 > 00BC7F7E                             ...~             
8090982	161023 030431.465 < 7EA05261 000272FB 30BA9DE6 E7006141  ~.Ra..r.0.....aA 
8090983	161023 030431.465 < A1090607 60857405 080102A2 03020100  ....`.t......... 
8090984	161023 030431.466 < A305A103 02010E88 02078089 07608574  .............`.t 
8090985	161023 030431.466 < 05080202 AA0A8008 43443139 30303030  ........CD190000 
8090986	161023 030431.466 < BE0F040D 0800065F 04001802 200960FA  ......._.... .`. 
8090987	161023 030431.466 < 004D337E                             .M3~             
8090988	161023 030431.467 recved frame: I * N(R)=1 N(S)=0 Info=70
8090989	161023 030431.469 AARE: app=(2,16,756,5,8,1,2) asso_result=0 (14) initiate err=0 +auth secu_machanism=(2,16,756,5,8,2,2)
8090990	161023 030431.469 xdlms param: qos=0 ver=6 max_send_pdu=2400, vaa=fa00
8090991	161023 030431.470 sending frame: I N(R)=1 N(S)=1 Info=19
8090992	161023 030431.488 > 7EA01F00 0272FB61 3269ECE6 E6000601  ~....r.a2i...... 
8090993	161023 030431.525 > 02FA5801 09084446 34443536 3730F9EB  ..X...DF4D5670.. 
8090994	161023 030431.526 > 7E                                   ~                
8090995	161023 030431.600 < 7EA01261 000272FB 52A81AE6 E7000D01  ~..a..r.R....... 
8090996	161023 030431.600 < 0007E47E                             ...~             
8090997	161023 030431.601 recved frame: I * N(R)=2 N(S)=1 Info=6
8090998	161023 030431.601 hls auth ok
8090999	161023 030431.601 read LDN
8091000	161023 030431.602 reading 1 vars, ttl=1
8091001	161023 030431.602 sending frame: I N(R)=2 N(S)=2 Info=8
8091002	161023 030431.602 > 7EA01400 0272FB61 54DB9CE6 E6000501  ~....r.aT....... 
8091003	161023 030431.603 > 02FD0810 D37E                        .....~           
8091004	161023 030431.730 < 7EA02461 000272FB 741BD0E6 E7000C01  ~.$a..r.t....... 
8091005	161023 030431.730 < 0009104C 475A3530 35303634 32310000  ...LGZ50506421.. 
8091006	161023 030431.731 < 00000040 8E7E                        ...@.~           
8091007	161023 030431.731 recved frame: I * N(R)=3 N(S)=2 Info=24
8091008	161023 030431.766 keepalive stopped
8091009	161023 030431.945 solve obj names:
8091010	161023 030432.028 read server info
8091011	161023 030432.065 reading 3 vars, ttl=3
8091012	161023 030432.066 sending frame: I N(R)=3 N(S)=3 Info=14
8091013	161023 030432.068 > 7EA01A00 0272FB61 76EA18E6 E6000503  ~....r.av....... 
8091014	161023 030432.069 > 02FF0802 4BD80299 58ED327E           ....K...X.2~     
8091015	161023 030432.240 < 7EA02C61 000272FB 96EBCAE6 E7000C03  ~.,a..r......... 
8091016	161023 030432.240 < 000A0348 30330006 00000014 00090C07  ...H03.......... 
8091017	161023 030432.241 < E00A0106 000000FF 8000FF74 E97E      ...........t.~   
8091018	161023 030432.241 recved frame: I * N(R)=4 N(S)=3 Info=32
8091019	161023 030432.242 detected a suspicous clock value, status=0xff
8091020	161023 030432.355 keepalive stopped
8091021	161023 030432.356 ldn: LGZ50506421 ver: H03 vz1: 20 last billing reset: 2016-10-01 00:00:00
8091022	161023 030432.588 server objects info:
8091023	161023 030432.591 mp1  : ln=1.1.1.8.0.255 class=3-0-23-20010
8091024	161023 030432.592 mp3  : ln=1.1.2.8.0.255 class=3-0-23-20010
8091025	161023 030432.594 mp5  : ln=1.1.5.8.0.255 class=3-0-23-20010
8091026	161023 030432.597 mp6  : ln=1.1.6.8.0.255 class=3-0-23-20010
8091027	161023 030432.597 mp7  : ln=1.1.7.8.0.255 class=3-0-23-20010
