2046707	161020 151156.537 mp54 : disp (-128, 0.0 *) comm (-128) storage (-128)
2046708	161020 151156.537 mp55 : disp (0, 1.2) comm (-2) storage (-2)
2046709	161020 151156.537 mp56 : disp (-128, 0.0 *) comm (-128) storage (-128)
2046710	161020 151156.537 mp57 : disp (-128, 0.0 *) comm (-128) storage (-128)
2046711	161020 151156.537 mp58 : disp (-128, 0.0 *) comm (-128) storage (-128)
2046712	161020 151156.538 mp59 : disp (0, 2.2) comm (-2) storage (-2)
2046713	161020 151156.538 mp60 : disp (3, 1.4) comm (-1) storage (-1)
2046714	161020 151156.538 mp61 : disp (3, 1.4) comm (-1) storage (-1)
2046715	161020 151156.538 mp62 : disp (3, 1.4) comm (-1) storage (-1)
2046716	161020 151156.538 mp63 : disp (3, 1.4) comm (-1) storage (-1)
2046717	161020 151156.538 mp64 : disp (3, 1.4) comm (-1) storage (-1)
2046718	161020 151156.538 mp65 : disp (3, 1.4) comm (-1) storage (-1)
2046719	161020 151156.538 mp66 : disp (-128, 0.0 *) comm (-128) storage (124)
2046720	161020 151156.538 mp67 : disp (-128, 0.0 *) comm (-128) storage (124)
2046721	161020 151156.539 mp68 : disp (-128, 0.0 *) comm (-128) storage (124)
2046722	161020 151156.539 mp69 : disp (-128, 0.0 *) comm (-128) storage (124)
2046723	161020 151156.539 mp70 : disp (-128, 0.0 *) comm (-128) storage (124)
2046724	161020 151156.539 mp71 : disp (-128, 0.0 *) comm (-128) storage (124)
2046725	161020 151156.539 mp72 : disp (-128, 0.0 *) comm (-128) storage (124)
2046726	161020 151156.539 mp73 : disp (-128, 0.0 *) comm (-128) storage (124)
2046727	161020 151156.539 mp74 : disp (-128, 0.0 *) comm (-128) storage (124)
2046728	161020 151156.539 mp75 : disp (-128, 0.0 *) comm (-128) storage (124)
2046729	161020 151156.540 mp76 : disp (-128, 0.0 *) comm (-128) storage (124)
2046730	161020 151156.540 mp77 : disp (-128, 0.0 *) comm (-128) storage (124)
2046731	161020 151156.540 mp78 : disp (-128, 0.0 *) comm (-128) storage (124)
2046732	161020 151156.540 mp79 : disp (-128, 0.0 *) comm (-128) storage (124)
2046733	161020 151156.635 read server clock
2046734	161020 151156.636 reading 1 vars, ttl=1
2046735	161020 151156.636 sending frame: I N(R)=4 N(S)=4 Info=8
2046736	161020 151156.637 > 7EA01400 0272FB61 98BB90E6 E6000501  ~....r.a........ 
2046737	161020 151156.637 > 022BC8F7 1E7E                        .+...~           
2046738	161020 151156.756 < 7EA02061 000272FB B80DB3E6 E7000C01  ~. a..r......... 
2046739	161020 151156.756 < 00090C07 E00A1404 0F0C00FF 800000AA  ................ 
2046740	161020 151156.756 < 5C7E                                 \~               
2046741	161020 151156.756 recved frame: I * N(R)=5 N(S)=4 Info=20
2046742	161020 151156.761 keepalive stopped
2046743	161020 151156.761 server time is 2016-10-20 15:11:59.93
2046744	161020 151156.765 time drift (3s) out of sync window, sync is aborted
2046745	161020 151156.894 profile 1.0.99.1.0.255 period=900, objs_num=12, sort_method=1 entries_in_use=0, entries=0
2046746	161020 151156.902 start read load profile for 8 mp's from 2016-10-20 15:00:00 to 2016-10-20 15:00:00
2046747	161020 151156.902 profile read max step=8:00.00
2046748	161020 151156.905 read profile buf [2016-10-20 15:00:00, 2016-10-20 15:00:01]
2046749	161020 151156.906 sending frame: I N(R)=5 N(S)=5 Info=59
2046750	161020 151156.906 > 7EA04700 0272FB61 BA0A48E6 E6000501  ~.G..r.a..H..... 
2046751	161020 151156.907 > 04627801 02040204 12000809 06000001  .bx............. 
2046752	161020 151156.907 > 0000FF0F 02120000 090C07E0 0A14FF0F  ................ 
2046753	161020 151156.907 > 00000080 0000090C 07E00A14 FF0F0001  ................ 
2046754	161020 151156.908 > 00800000 01009FBC 7E                 ........~        
2046755	161020 151157.306 < 7EA06B61 000272FB DA9D42E6 E7000C01  ~.ka..r...B..... 
2046756	161020 151157.306 < 00010102 0C090C07 E00A1404 0F0000FF  ................ 
2046757	161020 151157.306 < 80000006 00810004 14000000 000014B9  ................ 
2046758	161020 151157.306 < E6140000 00000000 19B71400 00000000  ................ 
2046759	161020 151157.307 < 01293B14 00000000 00003DAE 05000002  .);.......=..... 
2046760	161020 151157.307 < 57050000 00000500 00000005 00000000  W............... 
2046761	161020 151157.307 < 05000000 00050000 000062A1 7E        ..........b.~    
2046762	161020 151157.307 recved frame: I * N(R)=6 N(S)=5 Info=95
2046763	161020 151157.308 profile row 0: 2016-10-20 15:00:00
2046764	161020 151157.482 saved 79 mp's at 2016-10-20 15:00:00 (err=0)
2046765	161020 151157.546 keepalive stopped
2046766	161020 151157.603 22 mp's need to read from running registers
2046767	161020 151157.615 read registers
2046768	161020 151157.619 reading 28 vars, ttl=28
2046769	161020 151157.619 sending frame: I N(R)=6 N(S)=6 Info=62 S
2046770	161020 151157.620 > 7EA84A00 0272FB61 DCC94DE6 E600051C  ~.J..r.a..M..... 
2046771	161020 151157.627 > 021A2002 1B80021A D0021C30 02016002  .. ........0..`. 
2046772	161020 151157.629 > 02100202 C0020370 02042002 04D00205  .......p.. ..... 
2046773	161020 151157.630 > 80020630 0261D002 63600257 180254B8  ...0.a..c`.W..T. 
2046774	161020 151157.632 > 02AD3802 AD5002AE 4845527E           ..8..P..HER~     
2046775	161020 151157.776 < 7EA00A61 000272FB F11CE67E           ~..a..r....~     
2046776	161020 151157.776 recved frame: RR * N(R)=7
2046777	161020 151157.776 sending frame: I N(R)=6 N(S)=7 Info=27
2046778	161020 151157.777 > 7EA02700 0272FB61 DEADC902 AE6002AE  ~.'..r.a.....`.. 
2046779	161020 151157.777 > D002AEE8 02AF5802 AF7002AF E002AFF8  ......X..p...... 
2046780	161020 151157.777 > 02ADC002 ADD8CDCA 7E                 ........~        
2046781	161020 151158.491 < 7EA8CB61 000272FB 1C8529E6 E7000C1C  ~..a..r...)..... 
2046782	161020 151158.491 < 00140000 00000000 5C4D0014 00000000  ........\M...... 
2046783	161020 151158.491 < 00003C2D 00140000 00000000 01800014  ..<-............ 
2046784	161020 151158.492 < 00000000 0000CCEE 00140000 00000000  ................ 
2046785	161020 151158.492 < 00000014 00000000 00071F72 00140000  ...........r.... 
2046786	161020 151158.492 < 00000008 03F80014 00000000 0005967B  ...............{ 
2046787	161020 151158.492 < 00140000 00000000 00000014 00000000  ................ 
2046788	161020 151158.493 < 0000088E 00140000 00000000 08C00014  ................ 
2046789	161020 151158.493 < 00000000 00000869 00050000 00000005  .......i........ 
2046790	161020 151158.493 < 00000000 00050000 00C80005 00001384  ................ 
2046791	161020 151158.493 < 00050000 00000009 0C07D001 01060000  ................ 
2046792	161020 151158.494 < 00FF8000 00000500 00000000 090C07D0  ................ 
2046793	161020 151158.494 < 01010600 0000FF80 0000AA70 7E        ...........p~    
2046794	161020 151158.494 recved frame: I * N(R)=0 N(S)=6 Info=191 S
2046795	161020 151158.494 sending frame: RR N(R)=7
2046796	161020 151158.495 > 7EA00A00 0272FB61 F1945D7E           ~....r.a..]~     
2046797	161020 151206.501 [WARNING] seri_phy recv timeout
2046798	161020 151206.501 [WARNING] rx_outstanding timeout: vr=7, vs=0
2046799	161020 151206.501 sending frame: RR N(R)=7
2046800	161020 151206.502 > 7EA00A00 0272FB61 F1945D7E           ~....r.a..]~     
2046801	161020 151214.510 [WARNING] seri_phy recv timeout
2046802	161020 151214.511 [WARNING] rx_outstanding timeout: vr=7, vs=0
2046803	161020 151214.511 sending frame: RR N(R)=7
2046804	161020 151214.511 > 7EA00A00 0272FB61 F1945D7E           ~....r.a..]~     
2046805	161020 151214.591 < 7EA00A61 000272FB 1F6CE87E           ~..a..r..l.~     
2046806	161020 151214.591 recved frame: DM *
2046807	161020 151214.591 [WARNING] recved DM in rx_outstanding state
2046808	161020 151214.769 saved 22 mp's using register values
2046809	161020 151214.821 keepalive stopped
2046810	161020 151214.821 [ERR] profile 0.0.98.133.63.255 not found in server
2046811	161020 151214.822 [ERR] profile 0.0.98.133.64.255 not found in server
2046812	161020 151214.822 49 mp's use dummy acquisition
2046813	161020 151215.213 saved 49 dummy mp's
2046814	161020 151215.251 keepalive stopped
2046815	161020 151215.425 profile 1.0.99.98.0.255 period=0, objs_num=4, sort_method=1 entries_in_use=0, entries=0
2046816	161020 151215.426 start read event log
2046817	161020 151215.426 profile read max step=0:56.00
2046818	161020 151215.426 read profile buf [2016-10-20 14:10:01, 2016-10-20 15:06:00]
2046819	161020 151215.427 [WARNING] hdlc halted
2046820	161020 151215.427 sending frame: DISC
2046821	161020 151215.428 > 7EA00A00 0272FB61 538CDB7E           ~....r.aS..~     
2046822	161020 151215.506 < 7EA00A61 000272FB 1F6CE87E           ~..a..r..l.~     
2046823	161020 151215.506 recved frame: DM *
2046824	161020 151215.506 hdlc disconnected
2046825	161020 151216.511 closed /dev/tts7 tx=448/13 rx=607/11, recv_delay=17.510s, send_delay=0.000s
2046826	161020 151219.909 com=8 meter=2 baud=13 acqtime=2016-10-20 15:12:00
2046827	161020 151221.111 opened (3)/dev/tts7 8N1 9600 tx_ipg=24984, rx_ipg=24984 (DTR|RTS|CTS|CAR|RNG)
2046828	161020 151221.172 sending frame: SNRM Info=23
2046829	161020 151221.174 > 7EA02300 0272FB61 933A3F81 80140502  ~.#..r.a.:?..... 
2046830	161020 151221.176 > 07F00602 07F00704 00000001 08040000  ................ 
2046831	161020 151221.176 > 00015856 7E                          ..XV~            
2046832	161020 151221.306 < 7EA02161 000272FB 73075481 80120501  ~.!a..r.s.T..... 
2046833	161020 151221.306 < F806013E 07040000 00010804 00000001  ...>............ 
2046834	161020 151221.306 < 480E7E                               H.~              
2046835	161020 151221.307 recved frame: UA * Info=21
2046836	161020 151221.307 negotiated mtu tx/rx = 79/2049
2046837	161020 151221.307 hdlc connected
2046838	161020 151221.309 sending frame: I N(R)=0 N(S)=0 Info=54
2046839	161020 151221.310 > 7EA04200 0272FB61 10F9B2E6 E6006031  ~.B..r.a......`1 
2046840	161020 151221.310 > 80020780 A1090607 60857405 0801028A  ........`.t..... 
2046841	161020 151221.326 > 0207808B 07608574 05080202 AC028000  .....`.t........ 
2046842	161020 151221.330 > BE0F040D 01000000 065F0400 FFFFFF00  ........._...... 
2046843	161020 151221.333 > 00BC7F7E                             ...~             
2046844	161020 151221.506 < 7EA03061 000272FB 30840EE6 E700611F  ~.0a..r.0.....a. 
2046845	161020 151221.506 < A1090607 60857405 080102A2 03020101  ....`.t......... 
2046846	161020 151221.506 < A305A103 020101BE 0604040E 0106007E  ...............~ 
2046847	161020 151221.506 < 797E                                 y~               
2046848	161020 151221.507 recved frame: I * N(R)=1 N(S)=0 Info=36
2046849	161020 151221.509 AARE: app=(2,16,756,5,8,1,2) asso_result=1 (1) initiate err=200 -auth secu_machanism=
2046850	161020 151221.509 xdlms param: qos=0 ver=0 max_send_pdu=0, vaa=0000
2046851	161020 151221.509 [ERR] acse.open encounted error
2046852	161020 151221.509 sending frame: DISC
2046853	161020 151221.510 > 7EA00A00 0272FB61 538CDB7E           ~....r.aS..~     
2046854	161020 151221.616 < 7EA02161 000272FB 73075481 80120501  ~.!a..r.s.T..... 
2046855	161020 151221.616 < F806013E 07040000 00010804 00000001  ...>............ 
2046856	161020 151221.616 < 480E7E                               H.~              
2046857	161020 151221.616 recved frame: UA * Info=21
2046858	161020 151221.616 hdlc disconnected
2046859	161020 151221.630 saved 1 mp's at 2016-10-20 15:12:00 (err=0)
2046860	161020 151221.650 saved 1 mp's at 2016-10-20 15:12:00 (err=0)
2046861	161020 151221.680 saved 1 mp's at 2016-10-20 15:12:00 (err=0)
2046862	161020 151221.699 saved 1 mp's at 2016-10-20 15:12:00 (err=0)
2046863	161020 151221.728 saved 1 mp's at 2016-10-20 15:12:00 (err=0)
2046864	161020 151221.739 saved 1 mp's at 2016-10-20 15:12:00 (err=0)
2046865	161020 151221.752 saved 1 mp's at 2016-10-20 15:12:00 (err=0)
2046866	161020 151221.764 saved 1 mp's at 2016-10-20 15:12:00 (err=0)
2046867	161020 151221.767 saved 1 mp's at 2016-10-20 15:12:00 (err=0)
2046868	161020 151221.770 saved 1 mp's at 2016-10-20 15:12:00 (err=0)
2046869	161020 151221.779 saved 1 mp's at 2016-10-20 15:12:00 (err=0)
2046870	161020 151221.799 saved 1 mp's at 2016-10-20 15:12:00 (err=0)
2046871	161020 151221.814 saved 1 mp's at 2016-10-20 15:12:00 (err=0)
2046872	161020 151221.817 saved 1 mp's at 2016-10-20 15:12:00 (err=0)
2046873	161020 151221.821 saved 1 mp's at 2016-10-20 15:12:00 (err=0)
2046874	161020 151221.824 saved 1 mp's at 2016-10-20 15:12:00 (err=0)
2046875	161020 151221.828 saved 1 mp's at 2016-10-20 15:12:00 (err=0)
2046876	161020 151221.830 saved 1 mp's at 2016-10-20 15:12:00 (err=0)
2046877	161020 151221.864 saved 1 mp's at 2016-10-20 15:12:00 (err=0)
2046878	161020 151221.879 saved 1 mp's at 2016-10-20 15:12:00 (err=0)
2046879	161020 151221.893 saved 1 mp's at 2016-10-20 15:12:00 (err=0)
2046880	161020 151221.896 saved 1 mp's at 2016-10-20 15:12:00 (err=0)
2046881	161020 151221.911 saved 1 mp's at 2016-10-20 15:12:00 (err=0)
2046882	161020 151221.914 saved 1 mp's at 2016-10-20 15:12:00 (err=0)
2046883	161020 151221.917 saved 1 mp's at 2016-10-20 15:12:00 (err=0)
2046884	161020 151221.921 saved 1 mp's at 2016-10-20 15:12:00 (err=0)
2046885	161020 151221.926 saved 1 mp's at 2016-10-20 15:12:00 (err=0)
2046886	161020 151221.929 saved 1 mp's at 2016-10-20 15:12:00 (err=0)
2046887	161020 151221.955 saved 1 mp's at 2016-10-20 15:12:00 (err=0)
2046888	161020 151221.989 saved 1 mp's at 2016-10-20 15:12:00 (err=0)
2046889	161020 151221.994 saved 1 mp's at 2016-10-20 15:12:00 (err=0)
2046890	161020 151222.017 saved 1 mp's at 2016-10-20 15:12:00 (err=0)
2046891	161020 151222.021 saved 1 mp's at 2016-10-20 15:12:00 (err=0)
2046892	161020 151222.024 saved 1 mp's at 2016-10-20 15:12:00 (err=0)
2046893	161020 151222.042 saved 1 mp's at 2016-10-20 15:12:00 (err=0)
2046894	161020 151222.046 saved 1 mp's at 2016-10-20 15:12:00 (err=0)
2046895	161020 151222.050 saved 1 mp's at 2016-10-20 15:12:00 (err=0)
2046896	161020 151222.053 saved 1 mp's at 2016-10-20 15:12:00 (err=0)
2046897	161020 151222.061 saved 1 mp's at 2016-10-20 15:12:00 (err=0)
2046898	161020 151222.072 saved 1 mp's at 2016-10-20 15:12:00 (err=0)
2046899	161020 151222.075 saved 1 mp's at 2016-10-20 15:12:00 (err=0)
2046900	161020 151222.078 saved 1 mp's at 2016-10-20 15:12:00 (err=0)
2046901	161020 151222.126 saved 1 mp's at 2016-10-20 15:12:00 (err=0)
2046902	161020 151222.129 saved 1 mp's at 2016-10-20 15:12:00 (err=0)
2046903	161020 151222.132 saved 1 mp's at 2016-10-20 15:12:00 (err=0)
2046904	161020 151222.134 saved 1 mp's at 2016-10-20 15:12:00 (err=0)
2046905	161020 151222.157 saved 1 mp's at 2016-10-20 15:12:00 (err=0)
2046906	161020 151222.160 saved 1 mp's at 2016-10-20 15:12:00 (err=0)
2046907	161020 151222.178 saved 1 mp's at 2016-10-20 15:12:00 (err=0)
