5363496	161022 030026.934 mp2  : disp (-128, 0.0 *) comm (-128) storage (-128)
5363497	161022 030026.960 mp3  : disp (3, 5.3) comm (0) storage (0)
5363498	161022 030026.961 mp4  : disp (-128, 0.0 *) comm (-128) storage (-128)
5363499	161022 030026.963 mp5  : disp (3, 5.3) comm (0) storage (0)
5363500	161022 030026.979 mp6  : disp (3, 5.3) comm (0) storage (0)
5363501	161022 030026.980 mp7  : disp (3, 5.3) comm (0) storage (0)
5363502	161022 030026.981 mp8  : disp (3, 5.3) comm (0) storage (0)
5363503	161022 030026.982 mp9  : disp (3, 5.3) comm (0) storage (0)
5363504	161022 030026.984 mp10 : disp (3, 5.3) comm (0) storage (0)
5363505	161022 030027.010 mp11 : disp (3, 5.3) comm (0) storage (0)
5363506	161022 030027.012 mp12 : disp (3, 5.3) comm (0) storage (0)
5363507	161022 030027.013 mp13 : disp (-128, 0.0 *) comm (-128) storage (-128)
5363508	161022 030027.014 mp14 : disp (-128, 0.0 *) comm (-128) storage (-128)
5363509	161022 030027.015 mp15 : disp (-128, 0.0 *) comm (-128) storage (-128)
5363510	161022 030027.015 mp16 : disp (-128, 0.0 *) comm (-128) storage (-128)
5363511	161022 030027.015 mp17 : disp (3, 5.3) comm (0) storage (0)
5363512	161022 030027.015 mp18 : disp (3, 5.3) comm (0) storage (0)
5363513	161022 030027.015 mp19 : disp (3, 5.3) comm (0) storage (0)
5363514	161022 030027.016 mp20 : disp (3, 5.3) comm (0) storage (0)
5363515	161022 030027.017 mp21 : disp (-128, 0.0 *) comm (-128) storage (-128)
5363516	161022 030027.017 mp22 : disp (-128, 0.0 *) comm (-128) storage (-128)
5363517	161022 030027.017 mp23 : disp (-128, 0.0 *) comm (-128) storage (-128)
5363518	161022 030027.017 mp24 : disp (-128, 0.0 *) comm (-128) storage (-128)
5363519	161022 030027.017 mp25 : disp (-128, 0.0 *) comm (-128) storage (-128)
5363520	161022 030027.017 mp26 : disp (-128, 0.0 *) comm (-128) storage (-128)
5363521	161022 030027.018 mp27 : disp (-128, 0.0 *) comm (-128) storage (-128)
5363522	161022 030027.018 mp28 : disp (-128, 0.0 *) comm (-128) storage (-128)
5363523	161022 030027.018 mp29 : disp (-128, 0.0 *) comm (-128) storage (-128)
5363524	161022 030027.018 mp30 : disp (-128, 0.0 *) comm (-128) storage (-128)
5363525	161022 030027.018 mp31 : disp (-128, 0.0 *) comm (-128) storage (-128)
5363526	161022 030027.018 mp32 : disp (-128, 0.0 *) comm (-128) storage (-128)
5363527	161022 030027.018 mp33 : disp (-128, 0.0 *) comm (-128) storage (-128)
5363528	161022 030027.019 mp34 : disp (-128, 0.0 *) comm (-128) storage (-128)
5363529	161022 030027.019 mp35 : disp (-128, 0.0 *) comm (-128) storage (-128)
5363530	161022 030027.050 mp36 : disp (-128, 0.0 *) comm (-128) storage (-128)
5363531	161022 030027.051 mp37 : disp (-128, 0.0 *) comm (-128) storage (-128)
5363532	161022 030027.059 mp38 : disp (-128, 0.0 *) comm (-128) storage (-128)
5363533	161022 030027.060 mp39 : disp (-128, 0.0 *) comm (-128) storage (-128)
5363534	161022 030027.061 mp40 : disp (-128, 0.0 *) comm (-128) storage (-128)
5363535	161022 030027.063 mp41 : disp (0, 3.1) comm (-1) storage (-1)
5363536	161022 030027.090 mp42 : disp (0, 3.1) comm (-1) storage (-1)
5363537	161022 030027.091 mp43 : disp (0, 3.1) comm (-1) storage (-1)
5363538	161022 030027.092 mp44 : disp (0, 1.3) comm (-3) storage (-3)
5363539	161022 030027.093 mp45 : disp (0, 1.3) comm (-3) storage (-3)
5363540	161022 030027.125 mp46 : disp (0, 1.3) comm (-3) storage (-3)
5363541	161022 030027.126 mp47 : disp (3, 1.3) comm (0) storage (0)
5363542	161022 030027.127 mp48 : disp (-128, 0.0 *) comm (-128) storage (-128)
5363543	161022 030027.129 mp49 : disp (-128, 0.0 *) comm (-128) storage (-128)
5363544	161022 030027.155 mp50 : disp (-128, 0.0 *) comm (-128) storage (-128)
5363545	161022 030027.156 mp51 : disp (3, 1.3) comm (0) storage (0)
5363546	161022 030027.158 mp52 : disp (-128, 0.0 *) comm (-128) storage (-128)
5363547	161022 030027.159 mp53 : disp (-128, 0.0 *) comm (-128) storage (-128)
5363548	161022 030027.160 mp54 : disp (-128, 0.0 *) comm (-128) storage (-128)
5363549	161022 030027.160 mp55 : disp (0, 1.2) comm (-2) storage (-2)
5363550	161022 030027.160 mp56 : disp (-128, 0.0 *) comm (-128) storage (-128)
5363551	161022 030027.160 mp57 : disp (-128, 0.0 *) comm (-128) storage (-128)
5363552	161022 030027.160 mp58 : disp (-128, 0.0 *) comm (-128) storage (-128)
5363553	161022 030027.160 mp59 : disp (0, 2.2) comm (-2) storage (-2)
5363554	161022 030027.160 mp60 : disp (3, 1.4) comm (-1) storage (-1)
5363555	161022 030027.161 mp61 : disp (3, 1.4) comm (-1) storage (-1)
5363556	161022 030027.161 mp62 : disp (3, 1.4) comm (-1) storage (-1)
5363557	161022 030027.161 mp63 : disp (3, 1.4) comm (-1) storage (-1)
5363558	161022 030027.161 mp64 : disp (3, 1.4) comm (-1) storage (-1)
5363559	161022 030027.161 mp65 : disp (3, 1.4) comm (-1) storage (-1)
5363560	161022 030027.161 mp66 : disp (-128, 0.0 *) comm (-128) storage (124)
5363561	161022 030027.161 mp67 : disp (-128, 0.0 *) comm (-128) storage (124)
5363562	161022 030027.162 mp68 : disp (-128, 0.0 *) comm (-128) storage (124)
5363563	161022 030027.162 mp69 : disp (-128, 0.0 *) comm (-128) storage (124)
5363564	161022 030027.162 mp70 : disp (-128, 0.0 *) comm (-128) storage (124)
5363565	161022 030027.162 mp71 : disp (-128, 0.0 *) comm (-128) storage (124)
5363566	161022 030027.162 mp72 : disp (-128, 0.0 *) comm (-128) storage (124)
5363567	161022 030027.162 mp73 : disp (-128, 0.0 *) comm (-128) storage (124)
5363568	161022 030027.162 mp74 : disp (-128, 0.0 *) comm (-128) storage (124)
5363569	161022 030027.162 mp75 : disp (-128, 0.0 *) comm (-128) storage (124)
5363570	161022 030027.163 mp76 : disp (-128, 0.0 *) comm (-128) storage (124)
5363571	161022 030027.163 mp77 : disp (-128, 0.0 *) comm (-128) storage (124)
5363572	161022 030027.163 mp78 : disp (-128, 0.0 *) comm (-128) storage (124)
5363573	161022 030027.163 mp79 : disp (-128, 0.0 *) comm (-128) storage (124)
5363574	161022 030027.267 read server clock
5363575	161022 030027.269 reading 1 vars, ttl=1
5363576	161022 030027.290 sending frame: I N(R)=4 N(S)=4 Info=8
5363577	161022 030027.292 > 7EA01400 0272FB61 98BB90E6 E6000501  ~....r.a........ 
5363578	161022 030027.293 > 022BC8F7 1E7E                        .+...~           
5363579	161022 030027.424 < 7EA02061 000272FB B80DB3E6 E7000C01  ~. a..r......... 
5363580	161022 030027.425 < 00090C07 E00A1606 03001EFF 800000A9  ................ 
5363581	161022 030027.425 < 997E                                 .~               
5363582	161022 030027.425 recved frame: I * N(R)=5 N(S)=4 Info=20
5363583	161022 030027.428 keepalive stopped
5363584	161022 030027.428 server time is 2016-10-22 03:00:29.92
5363585	161022 030027.450 time drift (2s) out of sync window, sync is aborted
5363586	161022 030027.618 profile 1.0.99.1.0.255 period=900, objs_num=12, sort_method=1 entries_in_use=0, entries=0
5363587	161022 030027.625 start read load profile for 8 mp's from 2016-10-22 03:00:00 to 2016-10-22 03:00:00
5363588	161022 030027.634 profile read max step=8:00.00
5363589	161022 030027.636 read profile buf [2016-10-22 03:00:00, 2016-10-22 03:00:01]
5363590	161022 030027.637 sending frame: I N(R)=5 N(S)=5 Info=59
5363591	161022 030027.661 > 7EA04700 0272FB61 BA0A48E6 E6000501  ~.G..r.a..H..... 
5363592	161022 030027.662 > 04627801 02040204 12000809 06000001  .bx............. 
5363593	161022 030027.665 > 0000FF0F 02120000 090C07E0 0A16FF03  ................ 
5363594	161022 030027.667 > 00000080 0000090C 07E00A16 FF030001  ................ 
5363595	161022 030027.668 > 00800000 01006E06 7E                 ......n.~        
5363596	161022 030035.679 [WARNING] seri_phy recv timeout
5363597	161022 030035.679 [WARNING] rx_outstanding timeout: vr=5, vs=6
5363598	161022 030035.680 sending frame: RR N(R)=5
5363599	161022 030035.680 > 7EA00A00 0272FB61 B1901F7E           ~....r.a...~     
5363600	161022 030043.694 [WARNING] seri_phy recv timeout
5363601	161022 030043.694 [WARNING] rx_outstanding timeout: vr=5, vs=6
5363602	161022 030043.694 sending frame: RR N(R)=5
5363603	161022 030043.695 > 7EA00A00 0272FB61 B1901F7E           ~....r.a...~     
5363604	161022 030043.774 < 7EA00A61 000272FB 1F6CE87E           ~..a..r..l.~     
5363605	161022 030043.774 recved frame: DM *
5363606	161022 030043.775 [WARNING] recved DM in rx_outstanding state
5363607	161022 030043.780 saved 1 mp's at 2016-10-22 03:00:00 (err=0)
5363608	161022 030043.783 saved 1 mp's at 2016-10-22 03:00:00 (err=0)
5363609	161022 030043.793 saved 1 mp's at 2016-10-22 03:00:00 (err=0)
5363610	161022 030043.798 saved 1 mp's at 2016-10-22 03:00:00 (err=0)
5363611	161022 030043.823 saved 1 mp's at 2016-10-22 03:00:00 (err=0)
5363612	161022 030043.827 saved 1 mp's at 2016-10-22 03:00:00 (err=0)
5363613	161022 030043.836 saved 1 mp's at 2016-10-22 03:00:00 (err=0)
5363614	161022 030043.838 saved 1 mp's at 2016-10-22 03:00:00 (err=0)
5363615	161022 030043.854 22 mp's need to read from running registers
5363616	161022 030043.933 read registers
5363617	161022 030043.938 reading 28 vars, ttl=28
5363618	161022 030043.938 [WARNING] hdlc halted
5363619	161022 030044.125 saved 22 mp's using register values
5363620	161022 030044.164 keepalive stopped
5363621	161022 030044.165 [ERR] profile 0.0.98.133.63.255 not found in server
5363622	161022 030044.165 [ERR] profile 0.0.98.133.64.255 not found in server
5363623	161022 030044.166 49 mp's use dummy acquisition
5363624	161022 030044.635 saved 49 dummy mp's
5363625	161022 030044.699 keepalive stopped
5363626	161022 030044.974 profile 1.0.99.98.0.255 period=0, objs_num=4, sort_method=1 entries_in_use=0, entries=0
5363627	161022 030044.976 start read event log
5363628	161022 030044.977 profile read max step=0:56.00
5363629	161022 030044.979 read profile buf [2016-10-22 02:00:01, 2016-10-22 02:56:00]
5363630	161022 030044.981 [WARNING] hdlc halted
5363631	161022 030044.982 sending frame: DISC
5363632	161022 030045.004 > 7EA00A00 0272FB61 538CDB7E           ~....r.aS..~     
5363633	161022 030045.064 < 7EA00A61 000272FB 1F6CE87E           ~..a..r..l.~     
5363634	161022 030045.065 recved frame: DM *
5363635	161022 030045.065 hdlc disconnected
5363636	161022 030046.069 closed /dev/tts7 tx=319/10 rx=281/8, recv_delay=16.695s, send_delay=0.000s
5363637	161022 030046.464 com=8 meter=2 baud=13 acqtime=2016-10-22 03:00:00
5363638	161022 030047.768 opened (3)/dev/tts7 8N1 9600 tx_ipg=24984, rx_ipg=24984 (DTR|RTS|CTS|CAR|RNG)
5363639	161022 030047.829 sending frame: SNRM Info=23
5363640	161022 030047.845 > 7EA02300 0272FB61 933A3F81 80140502  ~.#..r.a.:?..... 
5363641	161022 030047.846 > 07F00602 07F00704 00000001 08040000  ................ 
5363642	161022 030047.850 > 00015856 7E                          ..XV~            
5363643	161022 030047.984 < 7EA02161 000272FB 73075481 80120501  ~.!a..r.s.T..... 
5363644	161022 030047.985 < F806013E 07040000 00010804 00000001  ...>............ 
5363645	161022 030047.985 < 480E7E                               H.~              
5363646	161022 030047.985 recved frame: UA * Info=21
5363647	161022 030047.985 negotiated mtu tx/rx = 79/2049
5363648	161022 030047.986 hdlc connected
5363649	161022 030047.988 sending frame: I N(R)=0 N(S)=0 Info=54
5363650	161022 030047.988 > 7EA04200 0272FB61 10F9B2E6 E6006031  ~.B..r.a......`1 
5363651	161022 030047.989 > 80020780 A1090607 60857405 0801028A  ........`.t..... 
5363652	161022 030047.994 > 0207808B 07608574 05080202 AC028000  .....`.t........ 
5363653	161022 030047.996 > BE0F040D 01000000 065F0400 FFFFFF00  ........._...... 
5363654	161022 030047.997 > 00BC7F7E                             ...~             
5363655	161022 030048.229 < 7EA05261 000272FB 30BA9DE6 E7006141  ~.Ra..r.0.....aA 
5363656	161022 030048.230 < A1090607 60857405 080102A2 03020100  ....`.t......... 
5363657	161022 030048.230 < A305A103 02010E88 02078089 07608574  .............`.t 
5363658	161022 030048.230 < 05080202 AA0A8008 35323042 30303030  ........520B0000 
5363659	161022 030048.230 < BE0F040D 0800065F 04001802 200960FA  ......._.... .`. 
5363660	161022 030048.230 < 0041B97E                             .A.~             
5363661	161022 030048.231 recved frame: I * N(R)=1 N(S)=0 Info=70
5363662	161022 030048.233 AARE: app=(2,16,756,5,8,1,2) asso_result=0 (14) initiate err=0 +auth secu_machanism=(2,16,756,5,8,2,2)
5363663	161022 030048.233 xdlms param: qos=0 ver=6 max_send_pdu=2400, vaa=fa00
5363664	161022 030048.234 sending frame: I N(R)=1 N(S)=1 Info=19
5363665	161022 030048.249 > 7EA01F00 0272FB61 3269ECE6 E6000601  ~....r.a2i...... 
5363666	161022 030048.251 > 02FA5801 09083634 33463536 37304144  ..X...643F5670AD 
5363667	161022 030048.252 > 7E                                   ~                
5363668	161022 030048.364 < 7EA01261 000272FB 52A81AE6 E7000D01  ~..a..r.R....... 
5363669	161022 030048.364 < 0007E47E                             ...~             
5363670	161022 030048.365 recved frame: I * N(R)=2 N(S)=1 Info=6
5363671	161022 030048.365 hls auth ok
5363672	161022 030048.365 read LDN
5363673	161022 030048.366 reading 1 vars, ttl=1
5363674	161022 030048.366 sending frame: I N(R)=2 N(S)=2 Info=8
5363675	161022 030048.367 > 7EA01400 0272FB61 54DB9CE6 E6000501  ~....r.aT....... 
5363676	161022 030048.367 > 02FD0810 D37E                        .....~           
5363677	161022 030048.494 < 7EA02461 000272FB 741BD0E6 E7000C01  ~.$a..r.t....... 
5363678	161022 030048.495 < 0009104C 475A3530 35303634 32310000  ...LGZ50506421.. 
5363679	161022 030048.495 < 00000040 8E7E                        ...@.~           
5363680	161022 030048.495 recved frame: I * N(R)=3 N(S)=2 Info=24
5363681	161022 030048.511 keepalive stopped
5363682	161022 030048.610 solve obj names:
5363683	161022 030048.647 read server info
5363684	161022 030048.649 reading 3 vars, ttl=3
5363685	161022 030048.680 sending frame: I N(R)=3 N(S)=3 Info=14
5363686	161022 030048.682 > 7EA01A00 0272FB61 76EA18E6 E6000503  ~....r.av....... 
5363687	161022 030048.683 > 02FF0802 4BD80299 58ED327E           ....K...X.2~     
5363688	161022 030048.849 < 7EA02C61 000272FB 96EBCAE6 E7000C03  ~.,a..r......... 
5363689	161022 030048.850 < 000A0348 30330006 00000013 00090C07  ...H03.......... 
5363690	161022 030048.850 < E00A0106 000000FF 8000FF37 5B7E      ...........7[~   
5363691	161022 030048.850 recved frame: I * N(R)=4 N(S)=3 Info=32
5363692	161022 030048.851 detected a suspicous clock value, status=0xff
5363693	161022 030048.964 keepalive stopped
5363694	161022 030048.965 ldn: LGZ50506421 ver: H03 vz1: 19 last billing reset: 2016-10-01 00:00:00
5363695	161022 030049.064 server objects info:
5363696	161022 030049.065 mp1  : ln=1.1.1.8.0.255 class=3-0-23-20010
