4573140	161021 190218.265 mp36 : disp (-128, 0.0 *) comm (-128) storage (-128)
4573141	161021 190218.265 mp37 : disp (-128, 0.0 *) comm (-128) storage (-128)
4573142	161021 190218.265 mp38 : disp (-128, 0.0 *) comm (-128) storage (-128)
4573143	161021 190218.266 mp39 : disp (-128, 0.0 *) comm (-128) storage (-128)
4573144	161021 190218.266 mp40 : disp (-128, 0.0 *) comm (-128) storage (-128)
4573145	161021 190218.266 mp41 : disp (0, 3.1) comm (-1) storage (-1)
4573146	161021 190218.277 mp42 : disp (0, 3.1) comm (-1) storage (-1)
4573147	161021 190218.278 mp43 : disp (0, 3.1) comm (-1) storage (-1)
4573148	161021 190218.280 mp44 : disp (0, 1.3) comm (-3) storage (-3)
4573149	161021 190218.281 mp45 : disp (0, 1.3) comm (-3) storage (-3)
4573150	161021 190218.293 mp46 : disp (0, 1.3) comm (-3) storage (-3)
4573151	161021 190218.293 mp47 : disp (3, 1.3) comm (0) storage (0)
4573152	161021 190218.295 mp48 : disp (-128, 0.0 *) comm (-128) storage (-128)
4573153	161021 190218.296 mp49 : disp (-128, 0.0 *) comm (-128) storage (-128)
4573154	161021 190218.323 mp50 : disp (-128, 0.0 *) comm (-128) storage (-128)
4573155	161021 190218.324 mp51 : disp (3, 1.3) comm (0) storage (0)
4573156	161021 190218.325 mp52 : disp (-128, 0.0 *) comm (-128) storage (-128)
4573157	161021 190218.352 mp53 : disp (-128, 0.0 *) comm (-128) storage (-128)
4573158	161021 190218.353 mp54 : disp (-128, 0.0 *) comm (-128) storage (-128)
4573159	161021 190218.356 mp55 : disp (0, 1.2) comm (-2) storage (-2)
4573160	161021 190218.394 mp56 : disp (-128, 0.0 *) comm (-128) storage (-128)
4573161	161021 190218.395 mp57 : disp (-128, 0.0 *) comm (-128) storage (-128)
4573162	161021 190218.399 mp58 : disp (-128, 0.0 *) comm (-128) storage (-128)
4573163	161021 190218.399 mp59 : disp (0, 2.2) comm (-2) storage (-2)
4573164	161021 190218.399 mp60 : disp (3, 1.4) comm (-1) storage (-1)
4573165	161021 190218.399 mp61 : disp (3, 1.4) comm (-1) storage (-1)
4573166	161021 190218.400 mp62 : disp (3, 1.4) comm (-1) storage (-1)
4573167	161021 190218.400 mp63 : disp (3, 1.4) comm (-1) storage (-1)
4573168	161021 190218.400 mp64 : disp (3, 1.4) comm (-1) storage (-1)
4573169	161021 190218.400 mp65 : disp (3, 1.4) comm (-1) storage (-1)
4573170	161021 190218.400 mp66 : disp (-128, 0.0 *) comm (-128) storage (124)
4573171	161021 190218.400 mp67 : disp (-128, 0.0 *) comm (-128) storage (124)
4573172	161021 190218.401 mp68 : disp (-128, 0.0 *) comm (-128) storage (124)
4573173	161021 190218.401 mp69 : disp (-128, 0.0 *) comm (-128) storage (124)
4573174	161021 190218.401 mp70 : disp (-128, 0.0 *) comm (-128) storage (124)
4573175	161021 190218.401 mp71 : disp (-128, 0.0 *) comm (-128) storage (124)
4573176	161021 190218.401 mp72 : disp (-128, 0.0 *) comm (-128) storage (124)
4573177	161021 190218.401 mp73 : disp (-128, 0.0 *) comm (-128) storage (124)
4573178	161021 190218.427 mp74 : disp (-128, 0.0 *) comm (-128) storage (124)
4573179	161021 190218.428 mp75 : disp (-128, 0.0 *) comm (-128) storage (124)
4573180	161021 190218.428 mp76 : disp (-128, 0.0 *) comm (-128) storage (124)
4573181	161021 190218.430 mp77 : disp (-128, 0.0 *) comm (-128) storage (124)
4573182	161021 190218.431 mp78 : disp (-128, 0.0 *) comm (-128) storage (124)
4573183	161021 190218.462 mp79 : disp (-128, 0.0 *) comm (-128) storage (124)
4573184	161021 190218.570 read server clock
4573185	161021 190218.571 reading 1 vars, ttl=1
4573186	161021 190218.577 sending frame: I N(R)=4 N(S)=4 Info=8
4573187	161021 190218.578 > 7EA01400 0272FB61 98BB90E6 E6000501  ~....r.a........ 
4573188	161021 190218.581 > 022BC8F7 1E7E                        .+...~           
4573189	161021 190218.722 < 7EA02061 000272FB B80DB3E6 E7000C01  ~. a..r......... 
4573190	161021 190218.722 < 00090C07 E00A1505 130215FF 8000000D  ................ 
4573191	161021 190218.722 < 3F7E                                 ?~               
4573192	161021 190218.723 recved frame: I * N(R)=5 N(S)=4 Info=20
4573193	161021 190218.732 keepalive stopped
4573194	161021 190218.733 server time is 2016-10-21 19:02:20.91
4573195	161021 190218.745 time drift (2s) out of sync window, sync is aborted
4573196	161021 190218.868 profile 1.0.99.1.0.255 period=900, objs_num=12, sort_method=1 entries_in_use=0, entries=0
4573197	161021 190218.870 start read load profile for 8 mp's from 2016-10-21 19:00:00 to 2016-10-21 19:00:00
4573198	161021 190218.872 profile read max step=8:00.00
4573199	161021 190218.874 read profile buf [2016-10-21 19:00:00, 2016-10-21 19:00:01]
4573200	161021 190218.875 sending frame: I N(R)=5 N(S)=5 Info=59
4573201	161021 190218.892 > 7EA04700 0272FB61 BA0A48E6 E6000501  ~.G..r.a..H..... 
4573202	161021 190218.893 > 04627801 02040204 12000809 06000001  .bx............. 
4573203	161021 190218.895 > 0000FF0F 02120000 090C07E0 0A15FF13  ................ 
4573204	161021 190218.896 > 00000080 0000090C 07E00A15 FF130001  ................ 
4573205	161021 190218.913 > 00800000 0100DCD7 7E                 ........~        
4573206	161021 190219.280 < 7EA06B61 000272FB DA9D42E6 E7000C01  ~.ka..r...B..... 
4573207	161021 190219.281 < 00010102 0C090C07 E00A1505 130000FF  ................ 
4573208	161021 190219.281 < 80000006 00810004 14000000 000014B9  ................ 
4573209	161021 190219.281 < E6140000 00000000 19B71400 00000000  ................ 
4573210	161021 190219.287 < 01293B14 00000000 00003DAE 05000002  .);.......=..... 
4573211	161021 190219.289 < 73050000 00000500 00000005 00000000  s............... 
4573212	161021 190219.290 < 05000000 00050000 0000BD73 7E        ...........s~    
4573213	161021 190219.307 recved frame: I * N(R)=6 N(S)=5 Info=95
4573214	161021 190219.309 profile row 0: 2016-10-21 19:00:00
4573215	161021 190219.350 saved 8 mp's at 2016-10-21 19:00:00 (err=0)
4573216	161021 190219.432 keepalive stopped
4573217	161021 190219.501 saved 1 mp's at 2016-10-21 19:02:00 (err=0)
4573218	161021 190219.506 saved 1 mp's at 2016-10-21 19:02:00 (err=0)
4573219	161021 190219.513 saved 1 mp's at 2016-10-21 19:02:00 (err=0)
4573220	161021 190219.516 saved 1 mp's at 2016-10-21 19:02:00 (err=0)
4573221	161021 190219.522 saved 1 mp's at 2016-10-21 19:02:00 (err=0)
4573222	161021 190219.550 saved 1 mp's at 2016-10-21 19:02:00 (err=0)
4573223	161021 190219.580 saved 1 mp's at 2016-10-21 19:02:00 (err=0)
4573224	161021 190219.600 saved 1 mp's at 2016-10-21 19:02:00 (err=0)
4573225	161021 190219.627 22 mp's need to read from running registers
4573226	161021 190219.630 read registers
4573227	161021 190219.643 reading 28 vars, ttl=28
4573228	161021 190219.645 sending frame: I N(R)=6 N(S)=6 Info=62 S
4573229	161021 190219.646 > 7EA84A00 0272FB61 DCC94DE6 E600051C  ~.J..r.a..M..... 
4573230	161021 190219.652 > 021A2002 1B80021A D0021C30 02016002  .. ........0..`. 
4573231	161021 190219.652 > 02100202 C0020370 02042002 04D00205  .......p.. ..... 
4573232	161021 190219.652 > 80020630 0261D002 63600257 180254B8  ...0.a..c`.W..T. 
4573233	161021 190219.653 > 02AD3802 AD5002AE 4845527E           ..8..P..HER~     
4573234	161021 190219.807 < 7EA00A61 000272FB F11CE67E           ~..a..r....~     
4573235	161021 190219.807 recved frame: RR * N(R)=7
4573236	161021 190219.807 sending frame: I N(R)=6 N(S)=7 Info=27
4573237	161021 190219.808 > 7EA02700 0272FB61 DEADC902 AE6002AE  ~.'..r.a.....`.. 
4573238	161021 190219.808 > D002AEE8 02AF5802 AF7002AF E002AFF8  ......X..p...... 
4573239	161021 190219.808 > 02ADC002 ADD8CDCA 7E                 ........~        
4573240	161021 190227.817 [WARNING] seri_phy recv timeout
4573241	161021 190227.817 [WARNING] rx_outstanding timeout: vr=6, vs=0
4573242	161021 190227.817 sending frame: RR N(R)=6
4573243	161021 190227.818 > 7EA00A00 0272FB61 D1967C7E           ~....r.a..|~     
4573244	161021 190235.827 [WARNING] seri_phy recv timeout
4573245	161021 190235.827 [WARNING] rx_outstanding timeout: vr=6, vs=0
4573246	161021 190235.827 sending frame: RR N(R)=6
4573247	161021 190235.827 > 7EA00A00 0272FB61 D1967C7E           ~....r.a..|~     
4573248	161021 190235.907 < 7EA00A61 000272FB 1F6CE87E           ~..a..r..l.~     
4573249	161021 190235.907 recved frame: DM *
4573250	161021 190235.907 [WARNING] recved DM in rx_outstanding state
4573251	161021 190236.019 saved 22 mp's using register values
4573252	161021 190236.122 keepalive stopped
4573253	161021 190236.123 [ERR] profile 0.0.98.133.63.255 not found in server
4573254	161021 190236.123 [ERR] profile 0.0.98.133.64.255 not found in server
4573255	161021 190236.123 49 mp's use dummy acquisition
4573256	161021 190236.339 saved 49 dummy mp's
4573257	161021 190236.442 keepalive stopped
4573258	161021 190236.501 profile 1.0.99.98.0.255 period=0, objs_num=4, sort_method=1 entries_in_use=0, entries=0
4573259	161021 190236.504 start read event log
4573260	161021 190236.505 profile read max step=0:56.00
4573261	161021 190236.509 read profile buf [2016-10-21 18:02:01, 2016-10-21 18:58:00]
4573262	161021 190236.513 [WARNING] hdlc halted
4573263	161021 190236.515 sending frame: DISC
4573264	161021 190236.518 > 7EA00A00 0272FB61 538CDB7E           ~....r.aS..~     
4573265	161021 190236.592 < 7EA00A61 000272FB 1F6CE87E           ~..a..r..l.~     
4573266	161021 190236.592 recved frame: DM *
4573267	161021 190236.592 hdlc disconnected
4573268	161021 190237.597 closed /dev/tts7 tx=436/12 rx=402/10, recv_delay=17.075s, send_delay=0.000s
4573269	161021 190241.494 com=8 meter=2 baud=13 acqtime=2016-10-21 19:02:00
4573270	161021 190242.998 opened (3)/dev/tts7 8N1 9600 tx_ipg=24984, rx_ipg=24984 (DTR|RTS|CTS|CAR|RNG)
4573271	161021 190243.070 sending frame: SNRM Info=23
4573272	161021 190243.077 > 7EA02300 0272FB61 933A3F81 80140502  ~.#..r.a.:?..... 
4573273	161021 190243.078 > 07F00602 07F00704 00000001 08040000  ................ 
4573274	161021 190243.079 > 00015856 7E                          ..XV~            
4573275	161021 190243.202 < 7EA02161 000272FB 73075481 80120501  ~.!a..r.s.T..... 
4573276	161021 190243.202 < F806013E 07040000 00010804 00000001  ...>............ 
4573277	161021 190243.202 < 480E7E                               H.~              
4573278	161021 190243.203 recved frame: UA * Info=21
4573279	161021 190243.203 negotiated mtu tx/rx = 79/2049
4573280	161021 190243.203 hdlc connected
4573281	161021 190243.205 sending frame: I N(R)=0 N(S)=0 Info=54
4573282	161021 190243.206 > 7EA04200 0272FB61 10F9B2E6 E6006031  ~.B..r.a......`1 
4573283	161021 190243.206 > 80020780 A1090607 60857405 0801028A  ........`.t..... 
4573284	161021 190243.219 > 0207808B 07608574 05080202 AC028000  .....`.t........ 
4573285	161021 190243.221 > BE0F040D 01000000 065F0400 FFFFFF00  ........._...... 
4573286	161021 190243.223 > 00BC7F7E                             ...~             
4573287	161021 190243.422 < 7EA03061 000272FB 30840EE6 E700611F  ~.0a..r.0.....a. 
4573288	161021 190243.422 < A1090607 60857405 080102A2 03020101  ....`.t......... 
4573289	161021 190243.423 < A305A103 020101BE 0604040E 0106007E  ...............~ 
4573290	161021 190243.423 < 797E                                 y~               
4573291	161021 190243.423 recved frame: I * N(R)=1 N(S)=0 Info=36
4573292	161021 190243.425 AARE: app=(2,16,756,5,8,1,2) asso_result=1 (1) initiate err=200 -auth secu_machanism=
4573293	161021 190243.425 xdlms param: qos=0 ver=0 max_send_pdu=0, vaa=0000
4573294	161021 190243.425 [ERR] acse.open encounted error
4573295	161021 190243.426 sending frame: DISC
4573296	161021 190243.426 > 7EA00A00 0272FB61 538CDB7E           ~....r.aS..~     
4573297	161021 190243.542 < 7EA02161 000272FB 73075481 80120501  ~.!a..r.s.T..... 
4573298	161021 190243.543 < F806013E 07040000 00010804 00000001  ...>............ 
4573299	161021 190243.544 < 480E7E                               H.~              
4573300	161021 190243.546 recved frame: UA * Info=21
4573301	161021 190243.547 hdlc disconnected
4573302	161021 190244.552 closed /dev/tts7 tx=117/3 rx=120/3, recv_delay=0.290s, send_delay=0.000s
4573303	ERR: xdlms error, exit code = 1
4573304	161021 190605.260 com=8 meter=2 baud=13 acqtime=2016-10-21 19:06:00
4573305	161021 190606.648 opened (3)/dev/tts7 8N1 9600 tx_ipg=24984, rx_ipg=24984 (DTR|RTS|CTS|CAR|RNG)
4573306	161021 190606.688 sending frame: SNRM Info=23
4573307	161021 190606.690 > 7EA02300 0272FB61 933A3F81 80140502  ~.#..r.a.:?..... 
4573308	161021 190606.697 > 07F00602 07F00704 00000001 08040000  ................ 
4573309	161021 190606.698 > 00015856 7E                          ..XV~            
4573310	161021 190606.817 < 7EA02161 000272FB 73075481 80120501  ~.!a..r.s.T..... 
4573311	161021 190606.817 < F806013E 07040000 00010804 00000001  ...>............ 
4573312	161021 190606.817 < 480E7E                               H.~              
4573313	161021 190606.818 recved frame: UA * Info=21
4573314	161021 190606.818 negotiated mtu tx/rx = 79/2049
4573315	161021 190606.818 hdlc connected
4573316	161021 190606.820 sending frame: I N(R)=0 N(S)=0 Info=54
4573317	161021 190606.821 > 7EA04200 0272FB61 10F9B2E6 E6006031  ~.B..r.a......`1 
4573318	161021 190606.821 > 80020780 A1090607 60857405 0801028A  ........`.t..... 
4573319	161021 190606.835 > 0207808B 07608574 05080202 AC028000  .....`.t........ 
4573320	161021 190606.837 > BE0F040D 01000000 065F0400 FFFFFF00  ........._...... 
4573321	161021 190606.838 > 00BC7F7E                             ...~             
4573322	161021 190607.067 < 7EA05261 000272FB 30BA9DE6 E7006141  ~.Ra..r.0.....aA 
4573323	161021 190607.067 < A1090607 60857405 080102A2 03020100  ....`.t......... 
4573324	161021 190607.068 < A305A103 02010E88 02078089 07608574  .............`.t 
4573325	161021 190607.068 < 05080202 AA0A8008 31303132 30303030  ........10120000 
4573326	161021 190607.068 < BE0F040D 0800065F 04001802 200960FA  ......._.... .`. 
4573327	161021 190607.068 < 00A8DD7E                             ...~             
4573328	161021 190607.068 recved frame: I * N(R)=1 N(S)=0 Info=70
4573329	161021 190607.071 AARE: app=(2,16,756,5,8,1,2) asso_result=0 (14) initiate err=0 +auth secu_machanism=(2,16,756,5,8,2,2)
4573330	161021 190607.071 xdlms param: qos=0 ver=6 max_send_pdu=2400, vaa=fa00
4573331	161021 190607.092 sending frame: I N(R)=1 N(S)=1 Info=19
4573332	161021 190607.095 > 7EA01F00 0272FB61 3269ECE6 E6000601  ~....r.a2i...... 
4573333	161021 190607.099 > 02FA5801 09083232 34363536 37307003  ..X...22465670p. 
4573334	161021 190607.101 > 7E                                   ~                
4573335	161021 190607.207 < 7EA01261 000272FB 52A81AE6 E7000D01  ~..a..r.R....... 
4573336	161021 190607.207 < 0007E47E                             ...~             
4573337	161021 190607.207 recved frame: I * N(R)=2 N(S)=1 Info=6
4573338	161021 190607.208 hls auth ok
4573339	161021 190607.208 read LDN
4573340	161021 190607.208 reading 1 vars, ttl=1
