1750564	161021 084652.820 > 3a 33 a7 16
1750565	161021 084653.003   68 84 20 10 37 00 00 68 d1 01 35 c2 16
1750566	161021 084653.030 > fe fe fe fe 68 84 20 10 37 00 00 68 11 04 33 32
1750567	161021 084653.043 > 33 33 9b 16
1750568	161021 084653.231   68 84 20 10 37 00 00 68 d1 01 35 c2 16
1750569	161021 084653.270 > fe fe fe fe 68 84 20 10 37 00 00 68 11 04 33 33
1750570	161021 084653.283 > 34 34 9e 16
1750571	161021 084653.518   68 84 20 10 37 00 00 68 91 0c 33 33 34 34 33 33
1750572	161021 084653.520   33 33 33 34 34 33 c0 16
1750573	161021 084653.560 > fe fe fe fe 68 84 20 10 37 00 00 68 11 04 33 34
1750574	161021 084653.580 > 34 34 9f 16
1750575	161021 084653.773   68 84 20 10 37 00 00 68 d1 01 35 c2 16
1750576	161021 084653.800 > fe fe fe fe 68 84 20 10 37 00 00 68 11 04 33 35
1750577	161021 084653.818 > 34 34 a0 16
1750578	161021 084654.034   68 84 20 10 37 00 00 68 d1 01 35 c2 16
1750579	161021 084654.106 > fe fe fe fe 68 84 20 10 37 00 00 68 11 04 33 36
1750580	161021 084654.109 > 34 34 a1 16
1750581	161021 084654.313   68 84 20 10 37 00 00 68 d1 01 35 c2 16
1750582	161021 084654.340 > fe fe fe fe 68 84 20 10 37 00 00 68 11 04 33 37
1750583	161021 084654.363 > 34 34 a2 16
1750584	161021 084654.553   68 84 20 10 37 00 00 68 d1 01 35 c2 16
1750585	161021 084654.579 > fe fe fe fe 68 84 20 10 37 00 00 68 11 04 33 33
1750586	161021 084654.592 > 35 34 9f 16
1750587	161021 084654.926   68 84 20 10 37 00 00 68 91 0c 33 33 35 34 55 33
1750588	161021 084654.967   33 8a 38 48 43 49 78 16
1750589	161021 084654.995 > fe fe fe fe 68 84 20 10 37 00 00 68 11 04 33 34
1750590	161021 084655.017 > 35 34 a0 16
1750591	161021 084655.214   68 84 20 10 37 00 00 68 d1 01 35 c2 16
1750592	161021 084655.274 > fe fe fe fe 68 84 20 10 37 00 00 68 11 04 33 35
1750593	161021 084655.287 > 35 34 a1 16
1750594	161021 084655.468   68 84 20 10 37 00 00 68 d1 01 35 c2 16
1750595	161021 084655.495 > fe fe fe fe 68 84 20 10 37 00 00 68 11 04 33 36
1750596	161021 084655.507 > 35 34 a2 16
1750597	161021 084655.693   68 84 20 10 37 00 00 68 d1 01 35 c2 16
1750598	161021 084655.720 > fe fe fe fe 68 84 20 10 37 00 00 68 11 04 33 37
1750599	161021 084655.732 > 35 34 a3 16
1750600	161021 084655.938   68 84 20 10 37 00 00 68 d1 01 35 c2 16
1750601	161021 084655.965 > fe fe fe fe 68 84 20 10 37 00 00 68 11 04 33 33
1750602	161021 084655.987 > 34 34 9e 16
1750603	161021 084656.349   68 84 20 10 37 00 00 68 91 0c 33 33 34 34 33 33
1750604	161021 084656.413   33 33 33 34 34 33 c0 16
1750605	161021 084656.470 > fe fe fe fe 68 84 20 10 37 00 00 68 11 04 33 34
1750606	161021 084656.483 > 34 34 9f 16
1750607	161021 084656.730   68 84 20 10 37 00 00 68 d1 01 35 c2 16
1750608	161021 084656.770 > fe fe fe fe 68 84 20 10 37 00 00 68 11 04 33 35
1750609	161021 084656.778 > 34 34 a0 16
1750610	161021 084656.978   68 84 20 10 37 00 00 68 d1 01 35 c2 16
1750611	161021 084657.020 > fe fe fe fe 68 84 20 10 37 00 00 68 11 04 33 36
1750612	161021 084657.035 > 34 34 a1 16
1750613	161021 084657.263   68 84 20 10 37 00 00 68 d1 01 35 c2 16
1750614	161021 084657.295 > fe fe fe fe 68 84 20 10 37 00 00 68 11 04 33 37
1750615	161021 084657.313 > 34 34 a2 16
1750616	161021 084657.503   68 84 20 10 37 00 00 68 d1 01 35 c2 16
1750617	161021 084657.535 > fe fe fe fe 68 84 20 10 37 00 00 68 11 04 33 33
1750618	161021 084657.544 > 35 34 9f 16
1750619	161021 084657.785   68 84 20 10 37 00 00 68 91 0c 33 33 35 34 55 33
1750620	161021 084657.789   33 8a 38 48 43 49 78 16
1750621	161021 084657.844 > fe fe fe fe 68 84 20 10 37 00 00 68 11 04 33 34
1750622	161021 084657.867 > 35 34 a0 16
1750623	161021 084658.049   68 84 20 10 37 00 00 68 d1 01 35 c2 16
1750624	161021 084658.090 > fe fe fe fe 68 84 20 10 37 00 00 68 11 04 33 35
1750625	161021 084658.114 > 35 34 a1 16
1750626	161021 084658.318   68 84 20 10 37 00 00 68 d1 01 35 c2 16
1750627	161021 084658.345 > fe fe fe fe 68 84 20 10 37 00 00 68 11 04 33 36
1750628	161021 084658.364 > 35 34 a2 16
1750629	161021 084658.560   68 84 20 10 37 00 00 68 d1 01 35 c2 16
1750630	161021 084658.600 > fe fe fe fe 68 84 20 10 37 00 00 68 11 04 33 37
1750631	161021 084658.609 > 35 34 a3 16
1750632	161021 084658.814   68 84 20 10 37 00 00 68 d1 01 35 c2 16
1750633	161021 084658.859 > fe fe fe fe 68 84 20 10 37 00 00 68 11 04 34 33
1750634	161021 084658.867 > 63 36 d0 16
1750635	161021 084659.313   68 84 20 10 37 00 00 68 91 36 34 33 63 36 68 68
1750636	161021 084659.315   43 4c 43 49 33 33 33 33 32 32 32 32 32 32 32 32
1750637	161021 084659.319   32 32 32 32 32 32 32 32 32 32 32 32 32 32 32 32
1750638	161021 084659.321   32 32 32 32 32 32 32 32 32 32 32 32 32 32 32 32
1750639	161021 084659.324   09 16
1750640	161021 084659.355 > fe fe fe fe 68 84 20 10 37 00 00 68 11 04 34 35
1750641	161021 084659.402 > 63 36 d2 16
1750642	161021 084700.582   68 84 20 10 37 00 00 68 b1 c8 34 35 63 36 33 33
1750643	161021 084700.585   33 33 33 33 33 33 33 33 32 32 32 32 32 32 32 32
1750644	161021 084700.591   32 32 32 32 32 32 32 32 32 32 32 32 32 32 32 32
1750645	161021 084700.593   32 32 32 32 32 32 32 32 32 32 32 32 32 32 32 32
1750646	161021 084700.596   32 32 32 32 32 32 32 32 32 32 32 32 32 32 32 32
1750647	161021 084700.598   32 32 32 32 32 32 32 32 32 32 32 32 32 32 32 32
1750648	161021 084700.601   32 32 32 32 32 32 32 32 32 32 32 32 32 32 32 32
1750649	161021 084700.604   32 32 32 32 32 32 32 32 32 32 32 32 32 32 32 32
1750650	161021 084700.606   32 32 32 32 32 32 32 32 32 32 32 32 32 32 32 32
1750651	161021 084700.609   32 32 32 32 32 32 32 32 32 32 32 32 32 32 32 32
1750652	161021 084700.611   32 32 32 32 32 32 32 32 32 32 32 32 32 32 32 32
1750653	161021 084700.614   32 32 32 32 32 32 32 32 32 32 32 32 32 32 32 32
1750654	161021 084700.617   32 32 32 32 32 32 32 32 32 32 32 32 32 32 32 32
1750655	161021 084700.619   32 32 88 16
1750656	161021 084700.649 > fe fe fe fe 68 84 20 10 37 00 00 68 11 04 33 33
1750657	161021 084700.652 > 63 36 cf 16
1750658	161021 084703.249   68 84 20 10 37 00 00 68 d1 01 34 c1 16
1750659	161021 084703.290 > fe fe fe fe 68 84 20 10 37 00 00 68 11 04 33 35
1750660	161021 084703.293 > 63 36 d1 16
1750661	161021 084703.508   68 84 20 10 37 00 00 68 d1 01 35 c2 16
1750662	161021 084703.535 > fe fe fe fe 68 84 20 10 37 00 00 68 11 04 3d 33
1750663	161021 084703.539 > b3 35 28 16
1750664	timeout
1750665	161021 084706.645 > fe fe fe fe 68 84 20 10 37 00 00 68 11 04 3d 33
1750666	161021 084706.662 > b3 35 28 16
1750667	timeout
1750668	161021 084709.770 > fe fe fe fe 68 84 20 10 37 00 00 68 11 04 34 33
1750669	161021 084709.777 > 34 46 b1 16
1750670	timeout
1750671	161021 084712.890 > fe fe fe fe 68 84 20 10 37 00 00 68 11 04 34 33
1750672	161021 084712.897 > 34 46 b1 16
1750673	161021 084713.107   68 84 20 10 37 00 00 68 d1 01 35 c2 16
1750674	161021 084713.165 > fe fe fe fe 68 84 20 10 37 00 00 68 11 04 34 33
1750675	161021 084713.172 > 35 46 b2 16
1750676	161021 084713.355   68 84 20 10 37 00 00 68 d1 01 35 c2 16
1750677	161021 084713.395 > fe fe fe fe 68 84 20 10 37 00 00 68 11 04 34 33
1750678	161021 084713.407 > 36 46 b3 16
1750679	161021 084713.599   68 84 20 10 37 00 00 68 d1 01 35 c2 16
1750680	161021 084713.660 > fe fe fe fe 68 84 20 10 37 00 00 68 11 04 35 33
1750681	161021 084713.671 > 34 46 b2 16
1750682	161021 084713.886   68 84 20 10 37 00 00 68 d1 01 35 c2 16
1750683	161021 084713.919 > fe fe fe fe 68 84 20 10 37 00 00 68 11 04 35 33
1750684	161021 084713.928 > 35 46 b3 16
1750685	161021 084714.114   68 84 20 10 37 00 00 68 d1 01 35 c2 16
1750686	161021 084714.154 > fe fe fe fe 68 84 20 10 37 00 00 68 11 04 35 33
1750687	161021 084714.167 > 36 46 b4 16
1750688	161021 084714.369   68 84 20 10 37 00 00 68 d1 01 35 c2 16
1750689	161021 084714.410 > fe fe fe fe 68 84 20 10 37 00 00 68 11 04 34 34
1750690	161021 084714.424 > 34 46 b2 16
1750691	161021 084714.609   68 84 20 10 37 00 00 68 d1 01 35 c2 16
1750692	161021 084714.640 > fe fe fe fe 68 84 20 10 37 00 00 68 11 04 34 34
1750693	161021 084714.655 > 35 46 b3 16
1750694	161021 084714.877   68 84 20 10 37 00 00 68 d1 01 35 c2 16
1750695	161021 084714.929 > fe fe fe fe 68 84 20 10 37 00 00 68 11 04 34 34
1750696	161021 084714.937 > 36 46 b4 16
1750697	161021 084715.151   68 84 20 10 37 00 00 68 d1 01 35 c2 16
1750698	161021 084715.210 > fe fe fe fe 68 84 20 10 37 00 00 68 11 04 34 58
1750699	161021 084715.224 > 34 46 d6 16
1750700	161021 084715.446   68 84 20 10 37 00 00 68 d1 01 35 c2 16
1750701	161021 084715.509 > fe fe fe fe 68 84 20 10 37 00 00 68 11 04 34 58
1750702	161021 084715.519 > 35 46 d7 16
1750703	161021 084715.758   68 84 20 10 37 00 00 68 d1 01 35 c2 16
1750704	161021 084715.810 > fe fe fe fe 68 84 20 10 37 00 00 68 11 04 34 58
1750705	161021 084715.818 > 36 46 d8 16
1750706	161021 084716.009   68 84 20 10 37 00 00 68 d1 01 35 c2 16
1750707	161021 084716.055 > fe fe fe fe 68 84 20 10 37 00 00 68 11 04 34 38
1750708	161021 084716.063 > 33 37 a6 16
1750709	161021 084716.365   68 84 20 10 37 00 00 68 91 06 34 38 33 37 33 33
1750710	161021 084716.369   8e 16
1750711	161021 084716.399 > fe fe fe fe 68 84 20 10 37 00 00 68 11 04 32 38
1750712	161021 084716.413 > 33 37 a4 16
1750713	161021 084716.744   68 84 20 10 37 00 00 68 91 12 32 38 33 37 33 33
1750714	161021 084716.750   33 33 33 33 33 33 33 33 33 33 33 33 fc 16
1750715	161021 084716.779 > fe fe fe fe 68 84 20 10 37 00 00 68 11 04 34 3b
1750716	161021 084716.791 > 33 37 a9 16
1750717	161021 084716.993   68 84 20 10 37 00 00 68 91 05 34 3b 33 37 b2 dc
1750718	161021 084716.996   16
1750719	161021 084717.024 > fe fe fe fe 68 84 20 10 37 00 00 68 11 04 34 33
1750720	161021 084717.044 > b3 35 1f 16
1750721	161021 084717.299   68 84 20 10 37 00 00 68 91 07 34 33 b3 35 33 33
1750722	161021 084717.317   33 3b 16
1750723	161021 084717.345 > fe fe fe fe 68 84 20 10 37 00 00 68 11 04 35 33
1750724	161021 084717.358 > 34 43 af 16
1750725	161021 084717.540   68 84 20 10 37 00 00 68 d1 01 35 c2 16
1750726	161021 084717.570 > fe fe fe fe 68 84 20 10 37 00 00 68 11 04 35 33
1750727	161021 084717.573 > 35 43 b0 16
1750728	161021 084717.757   68 84 20 10 37 00 00 68 d1 01 35 c2 16
1750729	161021 084717.784 > fe fe fe fe 68 84 20 10 37 00 00 68 11 04 35 33
1750730	161021 084717.788 > 36 43 b1 16
1750731	161021 084717.969   68 84 20 10 37 00 00 68 d1 01 35 c2 16
1750732	161021 084718.009 > fe fe fe fe 68 84 20 10 37 00 00 68 11 04 33 34
1750733	161021 084718.022 > 34 35 a0 16
1750734	161021 084718.258   68 84 20 10 37 00 00 68 91 06 33 34 34 35 54 33
1750735	161021 084718.260   a9 16
1750736	161021 084718.301 > fe fe fe fe 68 84 20 10 37 00 00 68 11 04 33 35
1750737	161021 084718.314 > 34 35 a1 16
1750738	161021 084718.528   68 84 20 10 37 00 00 68 91 06 33 35 34 35 43 39
1750739	161021 084718.530   9f 16
1750740	161021 084718.559 > fe fe fe fe 68 84 20 10 37 00 00 68 11 04 33 36
1750741	161021 084718.563 > 34 35 a2 16
1750742	161021 084718.778   68 84 20 10 37 00 00 68 91 06 33 36 34 35 54 33
1750743	161021 084718.780   ab 16
1750744	161021 084718.815 > fe fe fe fe 68 84 20 10 37 00 00 68 11 04 33 34
1750745	161021 084718.822 > 35 35 a1 16
1750746	161021 084719.043   68 84 20 10 37 00 00 68 91 07 33 34 35 35 33 33
1750747	161021 084719.045   33 bd 16
1750748	161021 084719.079 > fe fe fe fe 68 84 20 10 37 00 00 68 11 04 33 35
1750749	161021 084719.087 > 35 35 a2 16
1750750	161021 084719.308   68 84 20 10 37 00 00 68 91 07 33 35 35 35 33 33
1750751	161021 084719.310   33 be 16
1750752	161021 084719.345 > fe fe fe fe 68 84 20 10 37 00 00 68 11 04 33 36
1750753	161021 084719.352 > 35 35 a3 16
1750754	161021 084719.574   68 84 20 10 37 00 00 68 91 07 33 36 35 35 33 33
1750755	161021 084719.579   33 bf 16
1750756	161021 084719.609 > fe fe fe fe 68 84 20 10 37 00 00 68 11 04 33 33
1750757	161021 084719.622 > 36 35 a1 16
1750758	161021 084719.900   68 84 20 10 37 00 00 68 91 07 33 33 36 35 33 33
1750759	161021 084719.905   33 bd 16
1750760	161021 084719.940 > fe fe fe fe 68 84 20 10 37 00 00 68 11 04 33 34
1750761	161021 084719.942 > 36 35 a2 16
1750762	161021 084720.158   68 84 20 10 37 00 00 68 91 07 33 34 36 35 33 33
1750763	161021 084720.160   33 be 16
1750764	161021 084720.209 > fe fe fe fe 68 84 20 10 37 00 00 68 11 04 33 35
