2767192	161022 085737.596   34 ca 16
2767193	161022 085737.623 > fe fe fe fe 68 84 20 10 37 00 00 68 11 04 3d 37
2767194	161022 085737.640 > 33 37 ae 16
2767195	161022 085737.870   68 84 20 10 37 00 00 68 91 07 3d 37 33 37 33 33
2767196	161022 085737.875   34 cb 16
2767197	161022 085737.928 > fe fe fe fe 68 84 20 10 37 00 00 68 11 04 33 33
2767198	161022 085737.946 > 34 37 a1 16
2767199	161022 085738.232   68 84 20 10 37 00 00 68 d1 01 35 c2 16
2767200	161022 085738.263 > fe fe fe fe 68 84 20 10 37 00 00 68 11 04 34 33
2767201	161022 085738.276 > 34 37 a2 16
2767202	161022 085738.458   68 84 20 10 37 00 00 68 d1 01 35 c2 16
2767203	161022 085738.498 > fe fe fe fe 68 84 20 10 37 00 00 68 11 04 35 33
2767204	161022 085738.513 > 34 37 a3 16
2767205	161022 085738.713   68 84 20 10 37 00 00 68 d1 01 35 c2 16
2767206	161022 085738.743 > fe fe fe fe 68 84 20 10 37 00 00 68 11 04 36 33
2767207	161022 085738.755 > 34 37 a4 16
2767208	161022 085738.947   68 84 20 10 37 00 00 68 d1 01 35 c2 16
2767209	161022 085738.978 > fe fe fe fe 68 84 20 10 37 00 00 68 11 04 37 33
2767210	161022 085738.990 > 34 37 a5 16
2767211	161022 085739.173   68 84 20 10 37 00 00 68 d1 01 35 c2 16
2767212	161022 085739.228 > fe fe fe fe 68 84 20 10 37 00 00 68 11 04 38 33
2767213	161022 085739.236 > 34 37 a6 16
2767214	161022 085739.418   68 84 20 10 37 00 00 68 d1 01 35 c2 16
2767215	161022 085739.468 > fe fe fe fe 68 84 20 10 37 00 00 68 11 04 39 33
2767216	161022 085739.476 > 34 37 a7 16
2767217	161022 085739.665   68 84 20 10 37 00 00 68 d1 01 35 c2 16
2767218	161022 085739.703 > fe fe fe fe 68 84 20 10 37 00 00 68 11 04 3a 33
2767219	161022 085739.722 > 34 37 a8 16
2767220	161022 085739.943   68 84 20 10 37 00 00 68 d1 01 35 c2 16
2767221	161022 085739.992 > fe fe fe fe 68 84 20 10 37 00 00 68 11 04 3b 33
2767222	161022 085740.005 > 34 37 a9 16
2767223	161022 085740.226   68 84 20 10 37 00 00 68 d1 01 35 c2 16
2767224	161022 085740.257 > fe fe fe fe 68 84 20 10 37 00 00 68 11 04 34 32
2767225	161022 085740.265 > 34 33 9d 16
2767226	161022 085740.617   68 84 20 10 37 00 00 68 91 18 34 32 34 33 33 33
2767227	161022 085740.620   33 33 33 33 33 33 33 33 33 33 33 33 33 33 33 33
2767228	161022 085740.622   33 33 2d 16
2767229	161022 085740.653 > fe fe fe fe 68 84 20 10 37 00 00 68 11 04 34 32
2767230	161022 085740.667 > 35 33 9e 16
2767231	161022 085741.095   68 84 20 10 37 00 00 68 91 18 34 32 35 33 c7 33
2767232	161022 085741.098   33 33 33 33 33 33 64 33 33 33 67 33 33 33 5b 33
2767233	161022 085741.126   33 33 4f 16
2767234	161022 085741.153 > fe fe fe fe 68 84 20 10 37 00 00 68 11 04 34 32
2767235	161022 085741.171 > 36 33 9f 16
2767236	161022 085741.542   68 84 20 10 37 00 00 68 91 18 34 32 36 33 33 33
2767237	161022 085741.560   33 33 33 33 33 33 33 33 33 33 33 33 33 33 33 33
2767238	161022 085741.564   33 33 2f 16
2767239	161022 085741.608 > fe fe fe fe 68 84 20 10 37 00 00 68 11 04 34 32
2767240	161022 085741.615 > 37 33 a0 16
2767241	161022 085742.008   68 84 20 10 37 00 00 68 91 18 34 32 37 33 94 38
2767242	161022 085742.023   33 33 33 33 33 33 ba 34 33 33 37 35 33 33 a4 34
2767243	161022 085742.042   33 33 96 16
2767244	161022 085742.073 > fe fe fe fe 68 84 20 10 37 00 00 68 11 04 34 32
2767245	161022 085742.081 > 38 33 a1 16
2767246	161022 085742.384   68 84 20 10 37 00 00 68 91 18 34 32 38 33 33 33
2767247	161022 085742.388   33 33 33 33 33 33 33 33 33 33 33 33 33 33 33 33
2767248	161022 085742.396   33 33 31 16
2767249	161022 085742.428 > fe fe fe fe 68 84 20 10 37 00 00 68 11 04 34 32
2767250	161022 085742.449 > 3b 33 a4 16
2767251	161022 085742.763   68 84 20 10 37 00 00 68 91 18 34 32 3b 33 33 33
2767252	161022 085742.776   33 33 33 33 33 33 33 33 33 33 33 33 33 33 33 33
2767253	161022 085742.779   33 33 34 16
2767254	161022 085742.828 > fe fe fe fe 68 84 20 10 37 00 00 68 11 04 34 32
2767255	161022 085742.875 > 39 33 a2 16
2767256	161022 085743.227   68 84 20 10 37 00 00 68 91 18 34 32 39 33 94 38
2767257	161022 085743.261   33 33 33 33 33 33 33 33 33 33 33 33 33 33 33 33
2767258	161022 085743.263   33 33 98 16
2767259	161022 085743.323 > fe fe fe fe 68 84 20 10 37 00 00 68 11 04 34 32
2767260	161022 085743.339 > 3a 33 a3 16
2767261	161022 085743.776   68 84 20 10 37 00 00 68 91 18 34 32 3a 33 33 33
2767262	161022 085743.778   33 33 33 33 33 33 33 33 33 33 33 33 33 33 33 33
2767263	161022 085743.796   33 33 33 16
2767264	161022 085743.823 > fe fe fe fe 68 84 20 10 37 00 00 68 11 04 34 32
2767265	161022 085743.839 > 34 34 9e 16
2767266	161022 085744.438   68 84 20 10 37 00 00 68 91 2c 34 32 34 34 33 33
2767267	161022 085744.457   33 33 33 34 34 33 33 33 33 33 33 33 33 33 33 33
2767268	161022 085744.486   33 33 33 33 33 33 33 33 33 33 33 33 33 33 33 33
2767269	161022 085744.488   33 33 33 33 33 33 40 16
2767270	161022 085744.533 > fe fe fe fe 68 84 20 10 37 00 00 68 11 04 34 32
2767271	161022 085744.541 > 35 34 9f 16
2767272	161022 085745.049   68 84 20 10 37 00 00 68 91 2c 34 32 35 34 69 33
2767273	161022 085745.072   33 7a 56 44 3c 49 33 33 33 33 33 33 33 33 33 33
2767274	161022 085745.096   33 33 33 33 33 33 33 33 33 33 33 33 33 33 33 33
2767275	161022 085745.098   33 33 33 33 33 33 0f 16
2767276	161022 085745.128 > fe fe fe fe 68 84 20 10 37 00 00 68 11 04 34 32
2767277	161022 085745.141 > 34 34 9e 16
2767278	161022 085745.764   68 84 20 10 37 00 00 68 91 2c 34 32 34 34 33 33
2767279	161022 085745.782   33 33 33 34 34 33 33 33 33 33 33 33 33 33 33 33
2767280	161022 085745.801   33 33 33 33 33 33 33 33 33 33 33 33 33 33 33 33
2767281	161022 085745.804   33 33 33 33 33 33 40 16
2767282	161022 085745.863 > fe fe fe fe 68 84 20 10 37 00 00 68 11 04 34 32
2767283	161022 085745.876 > 35 34 9f 16
2767284	161022 085746.378   68 84 20 10 37 00 00 68 91 2c 34 32 35 34 69 33
2767285	161022 085746.408   33 7a 56 44 3c 49 33 33 33 33 33 33 33 33 33 33
2767286	161022 085746.416   33 33 33 33 33 33 33 33 33 33 33 33 33 33 33 33
2767287	161022 085746.440   33 33 33 33 33 33 0f 16
2767288	iteration 5636
2767289	read meter 37102084
2767290	161022 085746.468 > fe fe fe fe 68 84 20 10 37 00 00 68 11 04 34 38
2767291	161022 085746.500 > 33 37 a6 16
2767292	timeout
2767293	161022 085749.608 > fe fe fe fe 68 84 20 10 37 00 00 68 11 04 34 38
2767294	161022 085749.645 > 33 37 a6 16
2767295	timeout
2767296	161022 085752.758 > fe fe fe fe 68 84 20 10 37 00 00 68 11 04 33 33
2767297	161022 085752.767 > 34 33 9d 16
2767298	timeout
2767299	161022 085755.883 > fe fe fe fe 68 84 20 10 37 00 00 68 11 04 33 33
2767300	161022 085755.900 > 34 33 9d 16
2767301	161022 085756.316   68 84 20 10 37 00 00 68 91 08 33 33 34 33 33 33
2767302	161022 085756.345   33 33 ed 16
2767303	161022 085756.372 > fe fe fe fe 68 84 20 10 37 00 00 68 11 04 33 34
2767304	161022 085756.385 > 34 33 9e 16
2767305	161022 085756.672   68 84 20 10 37 00 00 68 91 08 33 34 34 33 33 33
2767306	161022 085756.674   33 33 ee 16
2767307	161022 085756.743 > fe fe fe fe 68 84 20 10 37 00 00 68 11 04 33 35
2767308	161022 085756.755 > 34 33 9f 16
2767309	161022 085757.034   68 84 20 10 37 00 00 68 91 08 33 35 34 33 33 33
2767310	161022 085757.053   33 33 ef 16
2767311	161022 085757.108 > fe fe fe fe 68 84 20 10 37 00 00 68 11 04 33 36
2767312	161022 085757.120 > 34 33 a0 16
2767313	161022 085757.398   68 84 20 10 37 00 00 68 91 08 33 36 34 33 33 33
2767314	161022 085757.421   33 33 f0 16
2767315	161022 085757.448 > fe fe fe fe 68 84 20 10 37 00 00 68 11 04 33 37
2767316	161022 085757.461 > 34 33 a1 16
2767317	161022 085757.751   68 84 20 10 37 00 00 68 91 08 33 37 34 33 33 33
2767318	161022 085757.754   33 33 f1 16
2767319	161022 085757.798 > fe fe fe fe 68 84 20 10 37 00 00 68 11 04 33 33
2767320	161022 085757.802 > 35 33 9e 16
2767321	161022 085758.043   68 84 20 10 37 00 00 68 91 08 33 33 35 33 79 34
2767322	161022 085758.056   33 33 35 16
2767323	161022 085758.083 > fe fe fe fe 68 84 20 10 37 00 00 68 11 04 33 34
2767324	161022 085758.093 > 35 33 9f 16
2767325	161022 085758.376   68 84 20 10 37 00 00 68 91 08 33 34 35 33 33 33
2767326	161022 085758.378   33 33 ef 16
2767327	161022 085758.438 > fe fe fe fe 68 84 20 10 37 00 00 68 11 04 33 35
2767328	161022 085758.456 > 35 33 a0 16
2767329	161022 085758.731   68 84 20 10 37 00 00 68 91 08 33 35 35 33 7b 33
2767330	161022 085758.734   33 33 38 16
2767331	161022 085758.788 > fe fe fe fe 68 84 20 10 37 00 00 68 11 04 33 36
2767332	161022 085758.801 > 35 33 a1 16
2767333	161022 085759.079   68 84 20 10 37 00 00 68 91 08 33 36 35 33 87 33
2767334	161022 085759.107   33 33 45 16
2767335	161022 085759.158 > fe fe fe fe 68 84 20 10 37 00 00 68 11 04 33 37
2767336	161022 085759.180 > 35 33 a2 16
2767337	161022 085759.447   68 84 20 10 37 00 00 68 91 08 33 37 35 33 78 33
2767338	161022 085759.465   33 33 37 16
2767339	161022 085759.493 > fe fe fe fe 68 84 20 10 37 00 00 68 11 04 33 33
2767340	161022 085759.510 > 36 33 9f 16
2767341	161022 085759.760   68 84 20 10 37 00 00 68 91 08 33 33 36 33 33 33
2767342	161022 085759.762   33 33 ef 16
2767343	161022 085759.793 > fe fe fe fe 68 84 20 10 37 00 00 68 11 04 33 34
2767344	161022 085759.800 > 36 33 a0 16
2767345	161022 085800.051   68 84 20 10 37 00 00 68 91 08 33 34 36 33 33 33
2767346	161022 085800.054   33 33 f0 16
2767347	161022 085800.102 > fe fe fe fe 68 84 20 10 37 00 00 68 11 04 33 35
2767348	161022 085800.111 > 36 33 a1 16
2767349	161022 085800.353   68 84 20 10 37 00 00 68 91 08 33 35 36 33 33 33
2767350	161022 085800.376   33 33 f1 16
2767351	161022 085800.403 > fe fe fe fe 68 84 20 10 37 00 00 68 11 04 33 36
2767352	161022 085800.410 > 36 33 a2 16
2767353	161022 085800.673   68 84 20 10 37 00 00 68 91 08 33 36 36 33 33 33
2767354	161022 085800.695   33 33 f2 16
2767355	161022 085800.723 > fe fe fe fe 68 84 20 10 37 00 00 68 11 04 33 37
2767356	161022 085800.739 > 36 33 a3 16
2767357	161022 085800.985   68 84 20 10 37 00 00 68 91 08 33 37 36 33 33 33
2767358	161022 085801.000   33 33 f3 16
2767359	161022 085801.028 > fe fe fe fe 68 84 20 10 37 00 00 68 11 04 33 33
2767360	161022 085801.036 > 37 33 a0 16
2767361	161022 085801.354   68 84 20 10 37 00 00 68 91 08 33 33 37 33 84 43
2767362	161022 085801.382   33 33 51 16
2767363	161022 085801.413 > fe fe fe fe 68 84 20 10 37 00 00 68 11 04 33 34
2767364	161022 085801.433 > 37 33 a1 16
2767365	161022 085801.737   68 84 20 10 37 00 00 68 91 08 33 34 37 33 33 33
2767366	161022 085801.770   33 33 f1 16
2767367	161022 085801.798 > fe fe fe fe 68 84 20 10 37 00 00 68 11 04 33 35
2767368	161022 085801.821 > 37 33 a2 16
2767369	161022 085802.075   68 84 20 10 37 00 00 68 91 08 33 35 37 33 7b 36
2767370	161022 085802.078   33 33 3d 16
2767371	161022 085802.138 > fe fe fe fe 68 84 20 10 37 00 00 68 11 04 33 36
2767372	161022 085802.142 > 37 33 a3 16
2767373	161022 085802.387   68 84 20 10 37 00 00 68 91 08 33 36 37 33 b7 36
2767374	161022 085802.389   33 33 7a 16
2767375	161022 085802.443 > fe fe fe fe 68 84 20 10 37 00 00 68 11 04 33 37
2767376	161022 085802.456 > 37 33 a4 16
2767377	161022 085802.703   68 84 20 10 37 00 00 68 91 08 33 37 37 33 4c 36
2767378	161022 085802.721   33 33 10 16
2767379	161022 085802.748 > fe fe fe fe 68 84 20 10 37 00 00 68 11 04 33 33
2767380	161022 085802.760 > 38 33 a1 16
2767381	161022 085802.993   68 84 20 10 37 00 00 68 91 08 33 33 38 33 33 33
2767382	161022 085803.022   33 33 f1 16
2767383	161022 085803.053 > fe fe fe fe 68 84 20 10 37 00 00 68 11 04 33 34
2767384	161022 085803.056 > 38 33 a2 16
2767385	161022 085803.305   68 84 20 10 37 00 00 68 d1 01 35 c2 16
2767386	161022 085803.333 > fe fe fe fe 68 84 20 10 37 00 00 68 11 04 33 35
2767387	161022 085803.341 > 38 33 a3 16
2767388	161022 085803.577   68 84 20 10 37 00 00 68 d1 01 35 c2 16
2767389	161022 085803.608 > fe fe fe fe 68 84 20 10 37 00 00 68 11 04 33 36
2767390	161022 085803.616 > 38 33 a4 16
2767391	161022 085803.820   68 84 20 10 37 00 00 68 d1 01 35 c2 16
2767392	161022 085803.848 > fe fe fe fe 68 84 20 10 37 00 00 68 11 04 33 37
