2963841	161022 135443.187 > 3a 33 a7 16
2963842	161022 135443.418   68 84 20 10 37 00 00 68 d1 01 35 c2 16
2963843	161022 135443.475 > fe fe fe fe 68 84 20 10 37 00 00 68 11 04 33 32
2963844	161022 135443.488 > 33 33 9b 16
2963845	161022 135443.712   68 84 20 10 37 00 00 68 d1 01 35 c2 16
2963846	161022 135443.755 > fe fe fe fe 68 84 20 10 37 00 00 68 11 04 33 33
2963847	161022 135443.764 > 34 34 9e 16
2963848	161022 135444.064   68 84 20 10 37 00 00 68 91 0c 33 33 34 34 33 33
2963849	161022 135444.122   33 33 33 34 34 33 c0 16
2963850	161022 135444.150 > fe fe fe fe 68 84 20 10 37 00 00 68 11 04 33 34
2963851	161022 135444.159 > 34 34 9f 16
2963852	161022 135444.364   68 84 20 10 37 00 00 68 d1 01 35 c2 16
2963853	161022 135444.445 > fe fe fe fe 68 84 20 10 37 00 00 68 11 04 33 35
2963854	161022 135444.458 > 34 34 a0 16
2963855	161022 135444.717   68 84 20 10 37 00 00 68 d1 01 35 c2 16
2963856	161022 135444.775 > fe fe fe fe 68 84 20 10 37 00 00 68 11 04 33 36
2963857	161022 135444.787 > 34 34 a1 16
2963858	161022 135445.028   68 84 20 10 37 00 00 68 d1 01 35 c2 16
2963859	161022 135445.085 > fe fe fe fe 68 84 20 10 37 00 00 68 11 04 33 37
2963860	161022 135445.100 > 34 34 a2 16
2963861	161022 135445.384   68 84 20 10 37 00 00 68 d1 01 35 c2 16
2963862	161022 135445.415 > fe fe fe fe 68 84 20 10 37 00 00 68 11 04 33 33
2963863	161022 135445.433 > 35 34 9f 16
2963864	161022 135445.731   68 84 20 10 37 00 00 68 91 0c 33 33 35 34 55 33
2963865	161022 135445.766   33 8a 38 48 43 49 78 16
2963866	161022 135445.825 > fe fe fe fe 68 84 20 10 37 00 00 68 11 04 33 34
2963867	161022 135445.843 > 35 34 a0 16
2963868	161022 135446.031   68 84 20 10 37 00 00 68 d1 01 35 c2 16
2963869	161022 135446.074 > fe fe fe fe 68 84 20 10 37 00 00 68 11 04 33 35
2963870	161022 135446.087 > 35 34 a1 16
2963871	161022 135446.288   68 84 20 10 37 00 00 68 d1 01 35 c2 16
2963872	161022 135446.330 > fe fe fe fe 68 84 20 10 37 00 00 68 11 04 33 36
2963873	161022 135446.357 > 35 34 a2 16
2963874	161022 135446.581   68 84 20 10 37 00 00 68 d1 01 35 c2 16
2963875	161022 135446.625 > fe fe fe fe 68 84 20 10 37 00 00 68 11 04 33 37
2963876	161022 135446.633 > 35 34 a3 16
2963877	161022 135446.846   68 84 20 10 37 00 00 68 d1 01 35 c2 16
2963878	161022 135446.890 > fe fe fe fe 68 84 20 10 37 00 00 68 11 04 33 33
2963879	161022 135446.894 > 34 34 9e 16
2963880	161022 135447.140   68 84 20 10 37 00 00 68 91 0c 33 33 34 34 33 33
2963881	161022 135447.149   33 33 33 34 34 33 c0 16
2963882	161022 135447.180 > fe fe fe fe 68 84 20 10 37 00 00 68 11 04 33 34
2963883	161022 135447.184 > 34 34 9f 16
2963884	161022 135447.377   68 84 20 10 37 00 00 68 d1 01 35 c2 16
2963885	161022 135447.405 > fe fe fe fe 68 84 20 10 37 00 00 68 11 04 33 35
2963886	161022 135447.415 > 34 34 a0 16
2963887	161022 135447.637   68 84 20 10 37 00 00 68 d1 01 35 c2 16
2963888	161022 135447.665 > fe fe fe fe 68 84 20 10 37 00 00 68 11 04 33 36
2963889	161022 135447.678 > 34 34 a1 16
2963890	161022 135447.886   68 84 20 10 37 00 00 68 d1 01 35 c2 16
2963891	161022 135447.925 > fe fe fe fe 68 84 20 10 37 00 00 68 11 04 33 37
2963892	161022 135447.942 > 34 34 a2 16
2963893	161022 135448.167   68 84 20 10 37 00 00 68 d1 01 35 c2 16
2963894	161022 135448.200 > fe fe fe fe 68 84 20 10 37 00 00 68 11 04 33 33
2963895	161022 135448.217 > 35 34 9f 16
2963896	161022 135448.504   68 84 20 10 37 00 00 68 91 0c 33 33 35 34 55 33
2963897	161022 135448.506   33 8a 38 48 43 49 78 16
2963898	161022 135448.565 > fe fe fe fe 68 84 20 10 37 00 00 68 11 04 33 34
2963899	161022 135448.585 > 35 34 a0 16
2963900	161022 135448.790   68 84 20 10 37 00 00 68 d1 01 35 c2 16
2963901	161022 135448.835 > fe fe fe fe 68 84 20 10 37 00 00 68 11 04 33 35
2963902	161022 135448.857 > 35 34 a1 16
2963903	161022 135449.068   68 84 20 10 37 00 00 68 d1 01 35 c2 16
2963904	161022 135449.121 > fe fe fe fe 68 84 20 10 37 00 00 68 11 04 33 36
2963905	161022 135449.136 > 35 34 a2 16
2963906	161022 135449.353   68 84 20 10 37 00 00 68 d1 01 35 c2 16
2963907	161022 135449.390 > fe fe fe fe 68 84 20 10 37 00 00 68 11 04 33 37
2963908	161022 135449.403 > 35 34 a3 16
2963909	161022 135449.607   68 84 20 10 37 00 00 68 d1 01 35 c2 16
2963910	161022 135449.635 > fe fe fe fe 68 84 20 10 37 00 00 68 11 04 34 33
2963911	161022 135449.637 > 63 36 d0 16
2963912	161022 135450.114   68 84 20 10 37 00 00 68 91 36 34 33 63 36 68 68
2963913	161022 135450.125   43 4c 43 49 33 33 33 33 32 32 32 32 32 32 32 32
2963914	161022 135450.134   32 32 32 32 32 32 32 32 32 32 32 32 32 32 32 32
2963915	161022 135450.142   32 32 32 32 32 32 32 32 32 32 32 32 32 32 32 32
2963916	161022 135450.145   09 16
2963917	161022 135450.190 > fe fe fe fe 68 84 20 10 37 00 00 68 11 04 34 35
2963918	161022 135450.195 > 63 36 d2 16
2963919	161022 135451.477   68 84 20 10 37 00 00 68 b1 c8 34 35 63 36 33 33
2963920	161022 135451.481   33 33 33 33 33 33 33 33 32 32 32 32 32 32 32 32
2963921	161022 135451.490   32 32 32 32 32 32 32 32 32 32 32 32 32 32 32 32
2963922	161022 135451.501   32 32 32 32 32 32 32 32 32 32 32 32 32 32 32 32
2963923	161022 135451.509   32 32 32 32 32 32 32 32 32 32 32 32 32 32 32 32
2963924	161022 135451.518   32 32 32 32 32 32 32 32 32 32 32 32 32 32 32 32
2963925	161022 135451.521   32 32 32 32 32 32 32 32 32 32 32 32 32 32 32 32
2963926	161022 135451.523   32 32 32 32 32 32 32 32 32 32 32 32 32 32 32 32
2963927	161022 135451.526   32 32 32 32 32 32 32 32 32 32 32 32 32 32 32 32
2963928	161022 135451.530   32 32 32 32 32 32 32 32 32 32 32 32 32 32 32 32
2963929	161022 135451.533   32 32 32 32 32 32 32 32 32 32 32 32 32 32 32 32
2963930	161022 135451.536   32 32 32 32 32 32 32 32 32 32 32 32 32 32 32 32
2963931	161022 135451.539   32 32 32 32 32 32 32 32 32 32 32 32 32 32 32 32
2963932	161022 135451.553   32 32 88 16
2963933	161022 135451.590 > fe fe fe fe 68 84 20 10 37 00 00 68 11 04 33 33
2963934	161022 135451.612 > 63 36 cf 16
2963935	161022 135454.218   68 84 20 10 37 00 00 68 d1 01 34 c1 16
2963936	161022 135454.260 > fe fe fe fe 68 84 20 10 37 00 00 68 11 04 33 35
2963937	161022 135454.268 > 63 36 d1 16
2963938	161022 135454.511   68 84 20 10 37 00 00 68 d1 01 35 c2 16
2963939	161022 135454.560 > fe fe fe fe 68 84 20 10 37 00 00 68 11 04 3d 33
2963940	161022 135454.569 > b3 35 28 16
2963941	timeout
2963942	161022 135457.675 > fe fe fe fe 68 84 20 10 37 00 00 68 11 04 3d 33
2963943	161022 135457.689 > b3 35 28 16
2963944	timeout
2963945	161022 135500.795 > fe fe fe fe 68 84 20 10 37 00 00 68 11 04 34 33
2963946	161022 135500.808 > 34 46 b1 16
2963947	timeout
2963948	161022 135503.920 > fe fe fe fe 68 84 20 10 37 00 00 68 11 04 34 33
2963949	161022 135503.923 > 34 46 b1 16
2963950	161022 135504.119   68 84 20 10 37 00 00 68 d1 01 35 c2 16
2963951	161022 135504.155 > fe fe fe fe 68 84 20 10 37 00 00 68 11 04 34 33
2963952	161022 135504.166 > 35 46 b2 16
2963953	161022 135504.365   68 84 20 10 37 00 00 68 d1 01 35 c2 16
2963954	161022 135504.395 > fe fe fe fe 68 84 20 10 37 00 00 68 11 04 34 33
2963955	161022 135504.403 > 36 46 b3 16
2963956	161022 135504.602   68 84 20 10 37 00 00 68 d1 01 35 c2 16
2963957	161022 135504.630 > fe fe fe fe 68 84 20 10 37 00 00 68 11 04 35 33
2963958	161022 135504.638 > 34 46 b2 16
2963959	161022 135504.857   68 84 20 10 37 00 00 68 d1 01 35 c2 16
2963960	161022 135504.900 > fe fe fe fe 68 84 20 10 37 00 00 68 11 04 35 33
2963961	161022 135504.910 > 35 46 b3 16
2963962	161022 135505.107   68 84 20 10 37 00 00 68 d1 01 35 c2 16
2963963	161022 135505.134 > fe fe fe fe 68 84 20 10 37 00 00 68 11 04 35 33
2963964	161022 135505.147 > 36 46 b4 16
2963965	161022 135505.345   68 84 20 10 37 00 00 68 d1 01 35 c2 16
2963966	161022 135505.384 > fe fe fe fe 68 84 20 10 37 00 00 68 11 04 34 34
2963967	161022 135505.402 > 34 46 b2 16
2963968	161022 135505.604   68 84 20 10 37 00 00 68 d1 01 35 c2 16
2963969	161022 135505.635 > fe fe fe fe 68 84 20 10 37 00 00 68 11 04 34 34
2963970	161022 135505.643 > 35 46 b3 16
2963971	161022 135505.854   68 84 20 10 37 00 00 68 d1 01 35 c2 16
2963972	161022 135505.890 > fe fe fe fe 68 84 20 10 37 00 00 68 11 04 34 34
2963973	161022 135505.900 > 36 46 b4 16
2963974	161022 135506.088   68 84 20 10 37 00 00 68 d1 01 35 c2 16
2963975	161022 135506.115 > fe fe fe fe 68 84 20 10 37 00 00 68 11 04 34 58
2963976	161022 135506.132 > 34 46 d6 16
2963977	161022 135506.365   68 84 20 10 37 00 00 68 d1 01 35 c2 16
2963978	161022 135506.420 > fe fe fe fe 68 84 20 10 37 00 00 68 11 04 34 58
2963979	161022 135506.425 > 35 46 d7 16
2963980	161022 135506.682   68 84 20 10 37 00 00 68 d1 01 35 c2 16
2963981	161022 135506.716 > fe fe fe fe 68 84 20 10 37 00 00 68 11 04 34 58
2963982	161022 135506.734 > 36 46 d8 16
2963983	161022 135506.957   68 84 20 10 37 00 00 68 d1 01 35 c2 16
2963984	161022 135506.990 > fe fe fe fe 68 84 20 10 37 00 00 68 11 04 34 38
2963985	161022 135507.022 > 33 37 a6 16
2963986	161022 135507.320   68 84 20 10 37 00 00 68 91 06 34 38 33 37 33 33
2963987	161022 135507.328   8e 16
2963988	161022 135507.360 > fe fe fe fe 68 84 20 10 37 00 00 68 11 04 32 38
2963989	161022 135507.367 > 33 37 a4 16
2963990	161022 135507.858   68 84 20 10 37 00 00 68 91 12 32 38 33 37 33 33
2963991	161022 135507.860   33 33 33 33 33 33 33 33 33 33 33 33 fc 16
2963992	161022 135507.915 > fe fe fe fe 68 84 20 10 37 00 00 68 11 04 34 3b
2963993	161022 135507.928 > 33 37 a9 16
2963994	161022 135508.187   68 84 20 10 37 00 00 68 91 05 34 3b 33 37 b2 dc
2963995	161022 135508.215   16
2963996	161022 135508.244 > fe fe fe fe 68 84 20 10 37 00 00 68 11 04 34 33
2963997	161022 135508.262 > b3 35 1f 16
2963998	161022 135508.530   68 84 20 10 37 00 00 68 91 07 34 33 b3 35 33 33
2963999	161022 135508.568   33 3b 16
2964000	161022 135508.595 > fe fe fe fe 68 84 20 10 37 00 00 68 11 04 35 33
2964001	161022 135508.617 > 34 43 af 16
2964002	161022 135508.826   68 84 20 10 37 00 00 68 d1 01 35 c2 16
2964003	161022 135508.874 > fe fe fe fe 68 84 20 10 37 00 00 68 11 04 35 33
2964004	161022 135508.927 > 35 43 b0 16
2964005	161022 135509.148   68 84 20 10 37 00 00 68 d1 01 35 c2 16
2964006	161022 135509.175 > fe fe fe fe 68 84 20 10 37 00 00 68 11 04 35 33
2964007	161022 135509.192 > 36 43 b1 16
2964008	161022 135509.383   68 84 20 10 37 00 00 68 d1 01 35 c2 16
2964009	161022 135509.415 > fe fe fe fe 68 84 20 10 37 00 00 68 11 04 33 34
2964010	161022 135509.438 > 34 35 a0 16
2964011	161022 135509.792   68 84 20 10 37 00 00 68 91 06 33 34 34 35 54 33
2964012	161022 135509.794   a9 16
2964013	161022 135509.865 > fe fe fe fe 68 84 20 10 37 00 00 68 11 04 33 35
2964014	161022 135509.882 > 34 35 a1 16
2964015	161022 135510.204   68 84 20 10 37 00 00 68 91 06 33 35 34 35 3b 39
2964016	161022 135510.237   97 16
2964017	161022 135510.265 > fe fe fe fe 68 84 20 10 37 00 00 68 11 04 33 36
2964018	161022 135510.289 > 34 35 a2 16
2964019	161022 135510.732   68 84 20 10 37 00 00 68 91 06 33 36 34 35 54 33
2964020	161022 135510.735   ab 16
2964021	161022 135510.785 > fe fe fe fe 68 84 20 10 37 00 00 68 11 04 33 34
2964022	161022 135510.812 > 35 35 a1 16
2964023	161022 135511.041   68 84 20 10 37 00 00 68 91 07 33 34 35 35 33 33
2964024	161022 135511.066   33 bd 16
2964025	161022 135511.145 > fe fe fe fe 68 84 20 10 37 00 00 68 11 04 33 35
2964026	161022 135511.158 > 35 35 a2 16
2964027	161022 135511.455   68 84 20 10 37 00 00 68 91 07 33 35 35 35 33 33
2964028	161022 135511.478   33 be 16
2964029	161022 135511.519 > fe fe fe fe 68 84 20 10 37 00 00 68 11 04 33 36
2964030	161022 135511.527 > 35 35 a3 16
2964031	161022 135511.808   68 84 20 10 37 00 00 68 91 07 33 36 35 35 33 33
2964032	161022 135511.842   33 bf 16
2964033	161022 135511.870 > fe fe fe fe 68 84 20 10 37 00 00 68 11 04 33 33
2964034	161022 135511.879 > 36 35 a1 16
2964035	161022 135512.163   68 84 20 10 37 00 00 68 91 07 33 33 36 35 33 33
2964036	161022 135512.165   33 bd 16
2964037	161022 135512.205 > fe fe fe fe 68 84 20 10 37 00 00 68 11 04 33 34
2964038	161022 135512.212 > 36 35 a2 16
2964039	161022 135512.452   68 84 20 10 37 00 00 68 91 07 33 34 36 35 33 33
2964040	161022 135512.459   33 be 16
2964041	161022 135512.489 > fe fe fe fe 68 84 20 10 37 00 00 68 11 04 33 35
