2051104	161021 154210.766 > fe fe fe fe 68 84 20 10 37 00 00 68 11 04 33 35
2051105	161021 154210.784 > 34 34 a0 16
2051106	161021 154211.002   68 84 20 10 37 00 00 68 d1 01 35 c2 16
2051107	161021 154211.034 > fe fe fe fe 68 84 20 10 37 00 00 68 11 04 33 36
2051108	161021 154211.037 > 34 34 a1 16
2051109	161021 154211.248   68 84 20 10 37 00 00 68 d1 01 35 c2 16
2051110	161021 154211.289 > fe fe fe fe 68 84 20 10 37 00 00 68 11 04 33 37
2051111	161021 154211.297 > 34 34 a2 16
2051112	161021 154211.489   68 84 20 10 37 00 00 68 d1 01 35 c2 16
2051113	161021 154211.524 > fe fe fe fe 68 84 20 10 37 00 00 68 11 04 33 33
2051114	161021 154211.530 > 35 34 9f 16
2051115	161021 154211.785   68 84 20 10 37 00 00 68 91 0c 33 33 35 34 55 33
2051116	161021 154211.799   33 8a 38 48 43 49 78 16
2051117	161021 154211.833 > fe fe fe fe 68 84 20 10 37 00 00 68 11 04 33 34
2051118	161021 154211.837 > 35 34 a0 16
2051119	161021 154212.038   68 84 20 10 37 00 00 68 d1 01 35 c2 16
2051120	161021 154212.089 > fe fe fe fe 68 84 20 10 37 00 00 68 11 04 33 35
2051121	161021 154212.096 > 35 34 a1 16
2051122	161021 154212.280   68 84 20 10 37 00 00 68 d1 01 35 c2 16
2051123	161021 154212.314 > fe fe fe fe 68 84 20 10 37 00 00 68 11 04 33 36
2051124	161021 154212.320 > 35 34 a2 16
2051125	161021 154212.534   68 84 20 10 37 00 00 68 d1 01 35 c2 16
2051126	161021 154212.569 > fe fe fe fe 68 84 20 10 37 00 00 68 11 04 33 37
2051127	161021 154212.573 > 35 34 a3 16
2051128	161021 154212.763   68 84 20 10 37 00 00 68 d1 01 35 c2 16
2051129	161021 154212.809 > fe fe fe fe 68 84 20 10 37 00 00 68 11 04 34 33
2051130	161021 154212.815 > 63 36 d0 16
2051131	161021 154213.291   68 84 20 10 37 00 00 68 91 36 34 33 63 36 68 68
2051132	161021 154213.293   43 4c 43 49 33 33 33 33 32 32 32 32 32 32 32 32
2051133	161021 154213.316   32 32 32 32 32 32 32 32 32 32 32 32 32 32 32 32
2051134	161021 154213.318   32 32 32 32 32 32 32 32 32 32 32 32 32 32 32 32
2051135	161021 154213.331   09 16
2051136	161021 154213.359 > fe fe fe fe 68 84 20 10 37 00 00 68 11 04 34 35
2051137	161021 154213.376 > 63 36 d2 16
2051138	161021 154215.214   68 84 20 10 37 00 00 68 b1 c8 34 35 63 36 33 33
2051139	161021 154215.243   33 33 33 33 33 33 33 33 32 32 32 32 32 32 32 32
2051140	161021 154215.285   32 32 32 32 32 32 32 32 32 32 32 32 32 32 32 32
2051141	161021 154215.312   32 32 32 32 32 32 32 32 32 32 32 32 32 32 32 32
2051142	161021 154215.315   32 32 32 32 32 32 32 32 32 32 32 32 32 32 32 32
2051143	161021 154215.339   32 32 32 32 32 32 32 32 32 32 32 32 32 32 32 32
2051144	161021 154215.345   32 32 32 32 32 32 32 32 32 32 32 32 32 32 32 32
2051145	161021 154215.348   32 32 32 32 32 32 32 32 32 32 32 32 32 32 32 32
2051146	161021 154215.365   32 32 32 32 32 32 32 32 32 32 32 32 32 32 32 32
2051147	161021 154215.378   32 32 32 32 32 32 32 32 32 32 32 32 32 32 32 32
2051148	161021 154215.392   32 32 32 32 32 32 32 32 32 32 32 32 32 32 32 32
2051149	161021 154215.394   32 32 32 32 32 32 32 32 32 32 32 32 32 32 32 32
2051150	161021 154215.398   32 32 32 32 32 32 32 32 32 32 32 32 32 32 32 32
2051151	161021 154215.402   32 32 88 16
2051152	161021 154215.443 > fe fe fe fe 68 84 20 10 37 00 00 68 11 04 33 33
2051153	161021 154215.454 > 63 36 cf 16
2051154	161021 154215.728   68 84 20 10 37 00 00 68 91 07 33 33 63 36 35 33
2051155	161021 154215.731   33 ed 16
2051156	161021 154215.759 > fe fe fe fe 68 84 20 10 37 00 00 68 11 04 33 35
2051157	161021 154215.767 > 63 36 d1 16
2051158	161021 154216.028   68 84 20 10 37 00 00 68 d1 01 35 c2 16
2051159	161021 154216.074 > fe fe fe fe 68 84 20 10 37 00 00 68 11 04 3d 33
2051160	161021 154216.081 > b3 35 28 16
2051161	161021 154216.361   68 84 20 10 37 00 00 68 91 08 3d 33 b3 35 63 84
2051162	161021 154216.364   39 33 ff 16
2051163	161021 154216.409 > fe fe fe fe 68 84 20 10 37 00 00 68 11 04 34 33
2051164	161021 154216.421 > 34 46 b1 16
2051165	161021 154216.669   68 84 20 10 37 00 00 68 d1 01 35 c2 16
2051166	161021 154216.759 > fe fe fe fe 68 84 20 10 37 00 00 68 11 04 34 33
2051167	161021 154216.772 > 35 46 b2 16
2051168	161021 154216.967   68 84 20 10 37 00 00 68 d1 01 35 c2 16
2051169	161021 154217.029 > fe fe fe fe 68 84 20 10 37 00 00 68 11 04 34 33
2051170	161021 154217.040 > 36 46 b3 16
2051171	161021 154217.822   68 84 20 10 37 00 00 68 d1 01 35 c2 16
2051172	161021 154217.864 > fe fe fe fe 68 84 20 10 37 00 00 68 11 04 35 33
2051173	161021 154217.876 > 34 46 b2 16
2051174	161021 154218.095   68 84 20 10 37 00 00 68 d1 01 35 c2 16
2051175	161021 154218.184 > fe fe fe fe 68 84 20 10 37 00 00 68 11 04 35 33
2051176	161021 154218.202 > 35 46 b3 16
2051177	161021 154218.425   68 84 20 10 37 00 00 68 d1 01 35 c2 16
2051178	161021 154218.459 > fe fe fe fe 68 84 20 10 37 00 00 68 11 04 35 33
2051179	161021 154218.471 > 36 46 b4 16
2051180	161021 154218.693   68 84 20 10 37 00 00 68 d1 01 35 c2 16
2051181	161021 154218.759 > fe fe fe fe 68 84 20 10 37 00 00 68 11 04 34 34
2051182	161021 154218.778 > 34 46 b2 16
2051183	161021 154218.972   68 84 20 10 37 00 00 68 d1 01 35 c2 16
2051184	161021 154219.004 > fe fe fe fe 68 84 20 10 37 00 00 68 11 04 34 34
2051185	161021 154219.026 > 35 46 b3 16
2051186	161021 154219.210   68 84 20 10 37 00 00 68 d1 01 35 c2 16
2051187	161021 154219.243 > fe fe fe fe 68 84 20 10 37 00 00 68 11 04 34 34
2051188	161021 154219.246 > 36 46 b4 16
2051189	161021 154219.430   68 84 20 10 37 00 00 68 d1 01 35 c2 16
2051190	161021 154219.464 > fe fe fe fe 68 84 20 10 37 00 00 68 11 04 34 58
2051191	161021 154219.468 > 34 46 d6 16
2051192	161021 154219.696   68 84 20 10 37 00 00 68 d1 01 35 c2 16
2051193	161021 154219.724 > fe fe fe fe 68 84 20 10 37 00 00 68 11 04 34 58
2051194	161021 154219.727 > 35 46 d7 16
2051195	161021 154219.942   68 84 20 10 37 00 00 68 d1 01 35 c2 16
2051196	161021 154219.973 > fe fe fe fe 68 84 20 10 37 00 00 68 11 04 34 58
2051197	161021 154219.981 > 36 46 d8 16
2051198	161021 154220.167   68 84 20 10 37 00 00 68 d1 01 35 c2 16
2051199	161021 154220.198 > fe fe fe fe 68 84 20 10 37 00 00 68 11 04 34 38
2051200	161021 154220.206 > 33 37 a6 16
2051201	161021 154220.496   68 84 20 10 37 00 00 68 91 06
2051202	161021 154220.524 > fe fe fe fe 68 84 20 10 37 00 00 68 11 04 32 38
2051203	161021 154220.537 > 33 37 a4 16
2051204	timeout
2051205	161021 154223.649 > fe fe fe fe 68 84 20 10 37 00 00 68 11 04 32 38
2051206	161021 154223.651 > 33 37 a4 16
2051207	timeout
2051208	161021 154226.764 > fe fe fe fe 68 84 20 10 37 00 00 68 11 04 34 3b
2051209	161021 154226.766 > 33 37 a9 16
2051210	161021 154226.968   68 84 20 10 37 00 00 68 91 05 34 3b 33 37 b2 dc
2051211	161021 154226.971   16
2051212	161021 154226.999 > fe fe fe fe 68 84 20 10 37 00 00 68 11 04 34 33
2051213	161021 154227.002 > b3 35 1f 16
2051214	161021 154227.257   68 84 20 10 37 00 00 68 91 07 34 33 b3 35 33 33
2051215	161021 154227.259   33 3b 16
2051216	161021 154227.289 > fe fe fe fe 68 84 20 10 37 00 00 68 11 04 35 33
2051217	161021 154227.291 > 34 43 af 16
2051218	161021 154227.474   68 84 20 10 37 00 00 68 d1 01 35 c2 16
2051219	161021 154227.503 > fe fe fe fe 68 84 20 10 37 00 00 68 11 04 35 33
2051220	161021 154227.506 > 35 43 b0 16
2051221	161021 154227.694   68 84 20 10 37 00 00 68 d1 01 35 c2 16
2051222	161021 154227.734 > fe fe fe fe 68 84 20 10 37 00 00 68 11 04 35 33
2051223	161021 154227.740 > 36 43 b1 16
2051224	161021 154227.925   68 84 20 10 37 00 00 68 d1 01 35 c2 16
2051225	161021 154227.959 > fe fe fe fe 68 84 20 10 37 00 00 68 11 04 33 34
2051226	161021 154227.976 > 34 35 a0 16
2051227	161021 154228.187   68 84 20 10 37 00 00 68 91 06 33 34 34 35 4c 33
2051228	161021 154228.190   a1 16
2051229	161021 154228.223 > fe fe fe fe 68 84 20 10 37 00 00 68 11 04 33 35
2051230	161021 154228.229 > 34 35 a1 16
2051231	161021 154228.450   68 84 20 10 37 00 00 68 91 06 33 35 34 35 73 38
2051232	161021 154228.454   ce 16
2051233	161021 154228.483 > fe fe fe fe 68 84 20 10 37 00 00 68 11 04 33 36
2051234	161021 154228.491 > 34 35 a2 16
2051235	161021 154228.709   68 84 20 10 37 00 00 68 91 06 33 36 34 35 53 33
2051236	161021 154228.713   aa 16
2051237	161021 154228.744 > fe fe fe fe 68 84 20 10 37 00 00 68 11 04 33 34
2051238	161021 154228.748 > 35 35 a1 16
2051239	161021 154228.993   68 84 20 10 37 00 00 68 91 07 33 34 35 35 33 33
2051240	161021 154229.021   33 bd 16
2051241	161021 154229.049 > fe fe fe fe 68 84 20 10 37 00 00 68 11 04 33 35
2051242	161021 154229.061 > 35 35 a2 16
2051243	161021 154229.283   68 84 20 10 37 00 00 68 91 07 33 35 35 35 33 33
2051244	161021 154229.286   33 be 16
2051245	161021 154229.323 > fe fe fe fe 68 84 20 10 37 00 00 68 11 04 33 36
2051246	161021 154229.331 > 35 35 a3 16
2051247	161021 154229.606   68 84 20 10 37 00 00 68 91 07 33 36 35 35 33 33
2051248	161021 154229.608   33 bf 16
2051249	161021 154229.639 > fe fe fe fe 68 84 20 10 37 00 00 68 11 04 33 33
2051250	161021 154229.646 > 36 35 a1 16
2051251	161021 154229.912   68 84 20 10 37 00 00 68 91 07 33 33 36 35 33 33
2051252	161021 154229.914   33 bd 16
2051253	161021 154229.954 > fe fe fe fe 68 84 20 10 37 00 00 68 11 04 33 34
2051254	161021 154229.962 > 36 35 a2 16
2051255	161021 154230.192   68 84 20 10 37 00 00 68 91 07 33 34 36 35 33 33
2051256	161021 154230.201   33 be 16
2051257	161021 154230.229 > fe fe fe fe 68 84 20 10 37 00 00 68 11 04 33 35
2051258	161021 154230.231 > 36 35 a3 16
2051259	161021 154230.447   68 84 20 10 37 00 00 68 91 07 33 35 36 35 33 33
2051260	161021 154230.449   33 bf 16
2051261	161021 154230.479 > fe fe fe fe 68 84 20 10 37 00 00 68 11 04 33 36
2051262	161021 154230.481 > 36 35 a4 16
2051263	161021 154230.703   68 84 20 10 37 00 00 68 91 07 33 36 36 35 33 33
2051264	161021 154230.707   33 c0 16
2051265	161021 154230.754 > fe fe fe fe 68 84 20 10 37 00 00 68 11 04 33 33
2051266	161021 154230.762 > 37 35 a2 16
2051267	161021 154231.035   68 84 20 10 37 00 00 68 91 07 33 33 37 35 33 33
2051268	161021 154231.041   33 be 16
2051269	161021 154231.069 > fe fe fe fe 68 84 20 10 37 00 00 68 11 04 33 34
2051270	161021 154231.082 > 37 35 a3 16
2051271	161021 154231.302   68 84 20 10 37 00 00 68 91 07 33 34 37 35 33 33
2051272	161021 154231.305   33 bf 16
2051273	161021 154231.338 > fe fe fe fe 68 84 20 10 37 00 00 68 11 04 33 35
2051274	161021 154231.342 > 37 35 a4 16
2051275	161021 154231.562   68 84 20 10 37 00 00 68 91 07 33 35 37 35 33 33
2051276	161021 154231.564   33 c0 16
2051277	161021 154231.599 > fe fe fe fe 68 84 20 10 37 00 00 68 11 04 33 36
2051278	161021 154231.607 > 37 35 a5 16
2051279	161021 154231.822   68 84 20 10 37 00 00 68 91 07 33 36 37 35 33 33
2051280	161021 154231.825   33 c1 16
2051281	161021 154231.864 > fe fe fe fe 68 84 20 10 37 00 00 68 11 04 33 33
2051282	161021 154231.870 > 39 35 a4 16
2051283	161021 154232.103   68 84 20 10 37 00 00 68 91 06 33 33 39 35 33 53
2051284	161021 154232.121   ac 16
2051285	161021 154232.148 > fe fe fe fe 68 84 20 10 37 00 00 68 11 04 33 34
2051286	161021 154232.154 > 39 35 a5 16
2051287	161021 154232.420   68 84 20 10 37 00 00 68 91 06 33 34 39 35 33 53
2051288	161021 154232.428   ad 16
2051289	161021 154232.459 > fe fe fe fe 68 84 20 10 37 00 00 68 11 04 33 35
2051290	161021 154232.468 > 39 35 a6 16
2051291	161021 154232.683   68 84 20 10 37 00 00 68 91 06 33 35 39 35 33 53
2051292	161021 154232.691   ae 16
2051293	161021 154232.723 > fe fe fe fe 68 84 20 10 37 00 00 68 11 04 33 36
2051294	161021 154232.735 > 39 35 a7 16
2051295	161021 154232.983   68 84 20 10 37 00 00 68 91 06 33 36 39 35 33 53
2051296	161021 154232.986   af 16
2051297	161021 154233.014 > fe fe fe fe 68 84 20 10 37 00 00 68 11 04 34 34
2051298	161021 154233.027 > 33 37 a2 16
2051299	161021 154233.271   68 84 20 10 37 00 00 68 91 08 34 34 33 37 38 54
2051300	161021 154233.275   43 49 3e 16
2051301	161021 154233.318 > fe fe fe fe 68 84 20 10 37 00 00 68 11 04 35 34
2051302	161021 154233.337 > 33 37 a3 16
2051303	161021 154233.606   68 84 20 10 37 00 00 68 91 07 35 34 33 37 67 75
2051304	161021 154233.612   48 4a 16
