4350809	161021 154219.614 mp30 : disp (-128, 0.0 *) comm (-128) storage (-128)
4350810	161021 154219.614 mp31 : disp (-128, 0.0 *) comm (-128) storage (-128)
4350811	161021 154219.614 mp32 : disp (-128, 0.0 *) comm (-128) storage (-128)
4350812	161021 154219.615 mp33 : disp (-128, 0.0 *) comm (-128) storage (-128)
4350813	161021 154219.616 mp34 : disp (-128, 0.0 *) comm (-128) storage (-128)
4350814	161021 154219.616 mp35 : disp (-128, 0.0 *) comm (-128) storage (-128)
4350815	161021 154219.616 mp36 : disp (-128, 0.0 *) comm (-128) storage (-128)
4350816	161021 154219.616 mp37 : disp (-128, 0.0 *) comm (-128) storage (-128)
4350817	161021 154219.616 mp38 : disp (-128, 0.0 *) comm (-128) storage (-128)
4350818	161021 154219.616 mp39 : disp (-128, 0.0 *) comm (-128) storage (-128)
4350819	161021 154219.616 mp40 : disp (-128, 0.0 *) comm (-128) storage (-128)
4350820	161021 154219.616 mp41 : disp (0, 3.1) comm (-2) storage (-1)
4350821	161021 154219.617 mp42 : disp (0, 3.1) comm (-2) storage (-1)
4350822	161021 154219.617 mp43 : disp (0, 3.1) comm (-2) storage (-1)
4350823	161021 154219.617 mp44 : disp (0, 2.2) comm (-2) storage (-2)
4350824	161021 154219.617 mp45 : disp (0, 2.2) comm (-2) storage (-2)
4350825	161021 154219.617 mp46 : disp (0, 2.2) comm (-2) storage (-2)
4350826	161021 154219.617 mp47 : disp (3, 3.3) comm (0) storage (0)
4350827	161021 154219.617 mp48 : disp (3, 3.3) comm (0) storage (0)
4350828	161021 154219.617 mp49 : disp (3, 3.3) comm (0) storage (0)
4350829	161021 154219.618 mp50 : disp (3, 3.3) comm (0) storage (0)
4350830	161021 154219.618 mp51 : disp (3, 3.3) comm (0) storage (0)
4350831	161021 154219.618 mp52 : disp (3, 3.3) comm (0) storage (0)
4350832	161021 154219.618 mp53 : disp (3, 3.3) comm (0) storage (0)
4350833	161021 154219.618 mp54 : disp (3, 3.3) comm (0) storage (0)
4350834	161021 154219.618 mp55 : disp (0, 1.2) comm (-2) storage (-2)
4350835	161021 154219.618 mp56 : disp (0, 1.2) comm (-2) storage (-2)
4350836	161021 154219.619 mp57 : disp (0, 1.2) comm (-2) storage (-2)
4350837	161021 154219.619 mp58 : disp (0, 1.2) comm (-2) storage (-2)
4350838	161021 154219.619 mp59 : disp (0, 2.2) comm (-2) storage (-2)
4350839	161021 154219.619 mp60 : disp (3, 1.4) comm (-1) storage (-1)
4350840	161021 154219.619 mp61 : disp (-128, 0.0 *) comm (-128) storage (124)
4350841	161021 154219.619 mp62 : disp (-128, 0.0 *) comm (-128) storage (124)
4350842	161021 154219.620 mp63 : disp (-128, 0.0 *) comm (-128) storage (124)
4350843	161021 154219.620 mp64 : disp (-128, 0.0 *) comm (-128) storage (124)
4350844	161021 154219.620 mp65 : disp (3, 1.4) comm (-1) storage (-1)
4350845	161021 154219.620 mp66 : disp (-128, 0.0 *) comm (-128) storage (124)
4350846	161021 154219.640 mp67 : disp (-128, 0.0 *) comm (-128) storage (124)
4350847	161021 154219.641 mp68 : disp (-128, 0.0 *) comm (-128) storage (124)
4350848	161021 154219.641 mp69 : disp (-128, 0.0 *) comm (-128) storage (124)
4350849	161021 154219.641 mp70 : disp (-128, 0.0 *) comm (-128) storage (124)
4350850	161021 154219.641 mp71 : disp (-128, 0.0 *) comm (-128) storage (124)
4350851	161021 154219.641 mp72 : disp (-128, 0.0 *) comm (-128) storage (124)
4350852	161021 154219.641 mp73 : disp (-128, 0.0 *) comm (-128) storage (124)
4350853	161021 154219.641 mp74 : disp (-128, 0.0 *) comm (-128) storage (124)
4350854	161021 154219.641 mp75 : disp (-128, 0.0 *) comm (-128) storage (124)
4350855	161021 154219.642 mp76 : disp (-128, 0.0 *) comm (-128) storage (124)
4350856	161021 154219.642 mp77 : disp (-128, 0.0 *) comm (-128) storage (124)
4350857	161021 154219.642 mp78 : disp (-128, 0.0 *) comm (-128) storage (124)
4350858	161021 154219.642 mp79 : disp (-128, 0.0 *) comm (-128) storage (124)
4350859	161021 154219.704 read server clock
4350860	161021 154219.711 reading 1 vars, ttl=1
4350861	161021 154219.713 sending frame: I N(R)=4 N(S)=4 Info=8
4350862	161021 154219.715 > 7EA01400 02301961 986303E6 E6000501  ~....0.a.c...... 
4350863	161021 154219.716 > 022BC8F7 1E7E                        .+...~           
4350864	161021 154219.841 < 7EA02061 00023019 B8EADAE6 E7000C01  ~. a..0......... 
4350865	161021 154219.841 < 00090C07 E00A1505 0F2A14FF 80000022  .........*....." 
4350866	161021 154219.841 < 947E                                 .~               
4350867	161021 154219.841 recved frame: I * N(R)=5 N(S)=4 Info=20
4350868	161021 154219.846 keepalive stopped
4350869	161021 154219.846 server time is 2016-10-21 15:42:19.92
4350870	161021 154219.850 time drift (0s) out of sync window, sync is aborted
4350871	161021 154220.009 profile 1.0.99.1.0.255 period=900, objs_num=12, sort_method=1 entries_in_use=0, entries=0
4350872	161021 154220.027 start read load profile for 8 mp's from 2016-10-21 15:30:00 to 2016-10-21 15:30:00
4350873	161021 154220.027 profile read max step=8:00.00
4350874	161021 154220.030 read profile buf [2016-10-21 15:30:00, 2016-10-21 15:30:01]
4350875	161021 154220.031 sending frame: I N(R)=5 N(S)=5 Info=59
4350876	161021 154220.032 > 7EA04700 02301961 BAD2DBE6 E6000501  ~.G..0.a........ 
4350877	161021 154220.032 > 04627801 02040204 12000809 06000001  .bx............. 
4350878	161021 154220.033 > 0000FF0F 02120000 090C07E0 0A15FF0F  ................ 
4350879	161021 154220.033 > 1E000080 0000090C 07E00A15 FF0F1E01  ................ 
4350880	161021 154220.033 > 00800000 01003ACE 7E                 ......:.~        
4350881	161021 154220.386 < 7EA06B61 00023019 DA7A2BE6 E7000C01  ~.ka..0..z+..... 
4350882	161021 154220.386 < 00010102 0C090C07 E00A1505 0F1E00FF  ................ 
4350883	161021 154220.386 < 80000006 00800000 14000000 00000000  ................ 
4350884	161021 154220.386 < 00140000 00000000 39371400 00000000  ........97...... 
4350885	161021 154220.387 < 00000014 00000000 00019AAD 05000000  ................ 
4350886	161021 154220.387 < D4050000 17E00500 0000D405 00000000  ................ 
4350887	161021 154220.387 < 05000000 00050000 0000B4A5 7E        ............~    
4350888	161021 154220.387 recved frame: I * N(R)=6 N(S)=5 Info=95
4350889	161021 154220.388 profile row 0: 2016-10-21 15:30:00
4350890	161021 154220.471 saved 79 mp's at 2016-10-21 15:30:00 (err=0)
4350891	161021 154220.501 keepalive stopped
4350892	161021 154220.564 saved 1 mp's at 2016-10-21 15:42:00 (err=0)
4350893	161021 154220.596 saved 1 mp's at 2016-10-21 15:42:00 (err=0)
4350894	161021 154220.601 saved 1 mp's at 2016-10-21 15:42:00 (err=0)
4350895	161021 154220.612 saved 1 mp's at 2016-10-21 15:42:00 (err=0)
4350896	161021 154220.618 saved 1 mp's at 2016-10-21 15:42:00 (err=0)
4350897	161021 154220.633 saved 1 mp's at 2016-10-21 15:42:00 (err=0)
4350898	161021 154220.646 saved 1 mp's at 2016-10-21 15:42:00 (err=0)
4350899	161021 154220.649 saved 1 mp's at 2016-10-21 15:42:00 (err=0)
4350900	161021 154220.650 27 mp's need to read from running registers
4350901	161021 154220.666 read registers
4350902	161021 154220.669 reading 29 vars, ttl=29
4350903	161021 154220.670 sending frame: I N(R)=6 N(S)=6 Info=62 S
4350904	161021 154220.672 > 7EA84A00 02301961 DC11DEE6 E600051D  ~.J..0.a........ 
4350905	161021 154220.673 > 021F0002 23980224 40022EB0 020BB802  ....#..$@....... 
4350906	161021 154220.674 > 0C60020D 08020DB0 020E5802 0F00020F  .`........X..... 
4350907	161021 154220.680 > A8021050 02991802 B59802B6 3002B6C8  ...P........0... 
4350908	161021 154220.682 > 0299B002 B76002B7 F8A9657E           .....`....e~     
4350909	161021 154228.691 [WARNING] seri_phy recv timeout
4350910	161021 154228.691 [WARNING] tx_outstanding timeout: vr=6, vs=7
4350911	161021 154228.691 sending frame: RR N(R)=6
4350912	161021 154228.692 > 7EA00A00 02301961 D14EEF7E           ~....0.a.N.~     
4350913	161021 154228.780 < 7EA00A61 00023019 1F8B817E           ~..a..0....~     
4350914	161021 154228.781 recved frame: DM *
4350915	161021 154228.781 [WARNING] recved DM in tx_outstanding state
4350916	161021 154228.942 saved 27 mp's using register values
4350917	161021 154229.000 keepalive stopped
4350918	161021 154229.001 [ERR] profile 0.0.98.133.63.255 not found in server
4350919	161021 154229.001 [ERR] profile 0.0.98.133.64.255 not found in server
4350920	161021 154229.002 44 mp's use dummy acquisition
4350921	161021 154229.353 saved 44 dummy mp's
4350922	161021 154229.431 keepalive stopped
4350923	161021 154229.620 profile 1.0.99.98.0.255 period=0, objs_num=7, sort_method=1 entries_in_use=0, entries=0
4350924	161021 154229.622 start read event log
4350925	161021 154229.623 profile read max step=0:56.00
4350926	161021 154229.625 read profile buf [2016-10-21 14:42:01, 2016-10-21 15:38:00]
4350927	161021 154229.630 [WARNING] hdlc halted
4350928	161021 154229.631 sending frame: DISC
4350929	161021 154229.631 > 7EA00A00 02301961 5354487E           ~....0.aSTH~     
4350930	161021 154229.710 < 7EA00A61 00023019 1F8B817E           ~..a..0....~     
4350931	161021 154229.711 recved frame: DM *
4350932	161021 154229.711 hdlc disconnected
4350933	161021 154230.716 closed /dev/tts5 tx=383/10 rx=390/9, recv_delay=8.860s, send_delay=0.000s
4350934	161021 154234.258 com=6 meter=1 baud=13 acqtime=2016-10-21 15:42:00
4350935	161021 154235.382 opened (3)/dev/tts5 8N1 9600 tx_ipg=24984, rx_ipg=24984 (DTR|RTS|CTS|CAR|RNG)
4350936	161021 154235.422 sending frame: SNRM Info=23
4350937	161021 154235.427 > 7EA02300 02301961 93E2AC81 80140502  ~.#..0.a........ 
4350938	161021 154235.430 > 07F00602 07F00704 00000001 08040000  ................ 
4350939	161021 154235.432 > 00015856 7E                          ..XV~            
4350940	161021 154235.561 < 7EA02161 00023019 73E03D81 80120501  ~.!a..0.s.=..... 
4350941	161021 154235.561 < F806013E 07040000 00010804 00000001  ...>............ 
4350942	161021 154235.561 < 480E7E                               H.~              
4350943	161021 154235.561 recved frame: UA * Info=21
4350944	161021 154235.562 negotiated mtu tx/rx = 79/2049
4350945	161021 154235.562 hdlc connected
4350946	161021 154235.564 sending frame: I N(R)=0 N(S)=0 Info=54
4350947	161021 154235.565 > 7EA04200 02301961 102121E6 E6006031  ~.B..0.a.!!...`1 
4350948	161021 154235.565 > 80020780 A1090607 60857405 0801028A  ........`.t..... 
4350949	161021 154235.566 > 0207808B 07608574 05080202 AC028000  .....`.t........ 
4350950	161021 154235.568 > BE0F040D 01000000 065F0400 FFFFFF00  ........._...... 
4350951	161021 154235.569 > 00BC7F7E                             ...~             
4350952	161021 154235.805 < 7EA05261 00023019 305DF4E6 E7006141  ~.Ra..0.0]....aA 
4350953	161021 154235.806 < A1090607 60857405 080102A2 03020100  ....`.t......... 
4350954	161021 154235.806 < A305A103 02010E88 02078089 07608574  .............`.t 
4350955	161021 154235.806 < 05080202 AA0A8008 39423133 30343030  ........9B130400 
4350956	161021 154235.807 < BE0F040D 0800065F 04001802 200960FA  ......._.... .`. 
4350957	161021 154235.807 < 0096487E                             ..H~             
4350958	161021 154235.807 recved frame: I * N(R)=1 N(S)=0 Info=70
4350959	161021 154235.809 AARE: app=(2,16,756,5,8,1,2) asso_result=0 (14) initiate err=0 +auth secu_machanism=(2,16,756,5,8,2,2)
4350960	161021 154235.809 xdlms param: qos=0 ver=6 max_send_pdu=2400, vaa=fa00
4350961	161021 154235.809 sending frame: I N(R)=1 N(S)=1 Info=19
4350962	161021 154235.810 > 7EA01F00 02301961 32B17FE6 E6000601  ~....0.a2....... 
4350963	161021 154235.830 > 02FA5801 09084144 34373541 3730C14F  ..X...AD475A70.O 
4350964	161021 154235.839 > 7E                                   ~                
4350965	161021 154235.921 < 7EA01261 00023019 524F73E6 E7000D01  ~..a..0.ROs..... 
4350966	161021 154235.921 < 0007E47E                             ...~             
4350967	161021 154235.921 recved frame: I * N(R)=2 N(S)=1 Info=6
4350968	161021 154235.922 hls auth ok
4350969	161021 154235.922 read LDN
4350970	161021 154235.922 reading 1 vars, ttl=1
4350971	161021 154235.922 sending frame: I N(R)=2 N(S)=2 Info=8
4350972	161021 154235.923 > 7EA01400 02301961 54030FE6 E6000501  ~....0.aT....... 
4350973	161021 154235.923 > 02FD0810 D37E                        .....~           
4350974	161021 154236.045 < 7EA02461 00023019 74FCB9E6 E7000C01  ~.$a..0.t....... 
4350975	161021 154236.046 < 0009104C 475A3337 31303230 38340000  ...LGZ37102084.. 
4350976	161021 154236.046 < 00000088 9B7E                        .....~           
4350977	161021 154236.046 recved frame: I * N(R)=3 N(S)=2 Info=24
4350978	161021 154236.057 keepalive stopped
4350979	161021 154236.141 solve obj names:
4350980	161021 154236.158 read server info
4350981	161021 154236.160 reading 3 vars, ttl=3
4350982	161021 154236.161 sending frame: I N(R)=3 N(S)=3 Info=14
4350983	161021 154236.162 > 7EA01A00 02301961 76328BE6 E6000503  ~....0.av2...... 
4350984	161021 154236.162 > 02FF0802 88C0025D 4864FF7E           .......]Hd.~     
4350985	161021 154236.376 < 7EA02C61 00023019 960CA3E6 E7000C03  ~.,a..0......... 
4350986	161021 154236.376 < 000A0342 33320006 00000001 00090C07  ...B32.......... 
4350987	161021 154236.376 < E00A0106 000000FF 8000FF13 A97E      .............~   
4350988	161021 154236.377 recved frame: I * N(R)=4 N(S)=3 Info=32
4350989	161021 154236.377 detected a suspicous clock value, status=0xff
4350990	161021 154236.487 keepalive stopped
4350991	161021 154236.487 ldn: LGZ37102084 ver: B32 vz1: 1 last billing reset: 2016-10-01 00:00:00
4350992	161021 154236.568 server objects info:
4350993	161021 154236.570 mp1  : ln=1.1.1.8.0.255 class=3-0-6-20010
4350994	161021 154236.572 mp3  : ln=1.1.2.8.0.255 class=3-0-6-20010
4350995	161021 154236.573 mp5  : ln=1.1.5.8.0.255 class=3-0-6-20010
4350996	161021 154236.574 mp6  : ln=1.1.6.8.0.255 class=3-0-6-20010
4350997	161021 154236.579 mp7  : ln=1.1.7.8.0.255 class=3-0-6-20010
4350998	161021 154236.580 mp8  : ln=1.1.8.8.0.255 class=3-0-6-20010
4350999	161021 154236.585 mp9  : ln=1.1.1.8.1.255 class=3-0-6-20010
4351000	161021 154236.590 mp10 : ln=1.1.1.8.2.255 class=3-0-6-20010
4351001	161021 154236.590 mp11 : ln=1.1.1.8.3.255 class=3-0-6-20010
4351002	161021 154236.590 mp12 : ln=1.1.1.8.4.255 class=3-0-6-20010
4351003	161021 154236.591 mp17 : ln=1.1.2.8.1.255 class=3-0-6-20010
4351004	161021 154236.594 mp18 : ln=1.1.2.8.2.255 class=3-0-6-20010
4351005	161021 154236.594 mp19 : ln=1.1.2.8.3.255 class=3-0-6-20010
4351006	161021 154236.594 mp20 : ln=1.1.2.8.4.255 class=3-0-6-20010
4351007	161021 154236.595 mp41 : ln=1.1.32.7.0.255 class=3-0-8-20009
4351008	161021 154236.595 mp42 : ln=1.1.52.7.0.255 class=3-0-8-20009
4351009	161021 154236.595 mp43 : ln=1.1.72.7.0.255 class=3-0-8-20009
