6146171	161022 085740.795 mp23 : disp (-128, 0.0 *) comm (-128) storage (-128)
6146172	161022 085740.795 mp24 : disp (-128, 0.0 *) comm (-128) storage (-128)
6146173	161022 085740.795 mp25 : disp (-128, 0.0 *) comm (-128) storage (-128)
6146174	161022 085740.795 mp26 : disp (-128, 0.0 *) comm (-128) storage (-128)
6146175	161022 085740.795 mp27 : disp (-128, 0.0 *) comm (-128) storage (-128)
6146176	161022 085740.795 mp28 : disp (-128, 0.0 *) comm (-128) storage (-128)
6146177	161022 085740.796 mp29 : disp (-128, 0.0 *) comm (-128) storage (-128)
6146178	161022 085740.796 mp30 : disp (-128, 0.0 *) comm (-128) storage (-128)
6146179	161022 085740.796 mp31 : disp (-128, 0.0 *) comm (-128) storage (-128)
6146180	161022 085740.796 mp32 : disp (-128, 0.0 *) comm (-128) storage (-128)
6146181	161022 085740.796 mp33 : disp (-128, 0.0 *) comm (-128) storage (-128)
6146182	161022 085740.796 mp34 : disp (-128, 0.0 *) comm (-128) storage (-128)
6146183	161022 085740.796 mp35 : disp (-128, 0.0 *) comm (-128) storage (-128)
6146184	161022 085740.796 mp36 : disp (-128, 0.0 *) comm (-128) storage (-128)
6146185	161022 085740.797 mp37 : disp (-128, 0.0 *) comm (-128) storage (-128)
6146186	161022 085740.797 mp38 : disp (-128, 0.0 *) comm (-128) storage (-128)
6146187	161022 085740.797 mp39 : disp (-128, 0.0 *) comm (-128) storage (-128)
6146188	161022 085740.797 mp40 : disp (-128, 0.0 *) comm (-128) storage (-128)
6146189	161022 085740.797 mp41 : disp (0, 3.1) comm (-2) storage (-1)
6146190	161022 085740.797 mp42 : disp (0, 3.1) comm (-2) storage (-1)
6146191	161022 085740.797 mp43 : disp (0, 3.1) comm (-2) storage (-1)
6146192	161022 085740.797 mp44 : disp (0, 2.2) comm (-2) storage (-2)
6146193	161022 085740.797 mp45 : disp (0, 2.2) comm (-2) storage (-2)
6146194	161022 085740.798 mp46 : disp (0, 2.2) comm (-2) storage (-2)
6146195	161022 085740.798 mp47 : disp (3, 3.3) comm (0) storage (0)
6146196	161022 085740.798 mp48 : disp (3, 3.3) comm (0) storage (0)
6146197	161022 085740.798 mp49 : disp (3, 3.3) comm (0) storage (0)
6146198	161022 085740.798 mp50 : disp (3, 3.3) comm (0) storage (0)
6146199	161022 085740.798 mp51 : disp (3, 3.3) comm (0) storage (0)
6146200	161022 085740.798 mp52 : disp (3, 3.3) comm (0) storage (0)
6146201	161022 085740.798 mp53 : disp (3, 3.3) comm (0) storage (0)
6146202	161022 085740.799 mp54 : disp (3, 3.3) comm (0) storage (0)
6146203	161022 085740.800 mp55 : disp (0, 1.2) comm (-2) storage (-2)
6146204	161022 085740.800 mp56 : disp (0, 1.2) comm (-2) storage (-2)
6146205	161022 085740.800 mp57 : disp (0, 1.2) comm (-2) storage (-2)
6146206	161022 085740.800 mp58 : disp (0, 1.2) comm (-2) storage (-2)
6146207	161022 085740.800 mp59 : disp (0, 2.2) comm (-2) storage (-2)
6146208	161022 085740.800 mp60 : disp (3, 1.4) comm (-1) storage (-1)
6146209	161022 085740.800 mp61 : disp (-128, 0.0 *) comm (-128) storage (124)
6146210	161022 085740.801 mp62 : disp (-128, 0.0 *) comm (-128) storage (124)
6146211	161022 085740.801 mp63 : disp (-128, 0.0 *) comm (-128) storage (124)
6146212	161022 085740.801 mp64 : disp (-128, 0.0 *) comm (-128) storage (124)
6146213	161022 085740.801 mp65 : disp (3, 1.4) comm (-1) storage (-1)
6146214	161022 085740.801 mp66 : disp (-128, 0.0 *) comm (-128) storage (124)
6146215	161022 085740.801 mp67 : disp (-128, 0.0 *) comm (-128) storage (124)
6146216	161022 085740.801 mp68 : disp (-128, 0.0 *) comm (-128) storage (124)
6146217	161022 085740.801 mp69 : disp (-128, 0.0 *) comm (-128) storage (124)
6146218	161022 085740.801 mp70 : disp (-128, 0.0 *) comm (-128) storage (124)
6146219	161022 085740.802 mp71 : disp (-128, 0.0 *) comm (-128) storage (124)
6146220	161022 085740.802 mp72 : disp (-128, 0.0 *) comm (-128) storage (124)
6146221	161022 085740.802 mp73 : disp (-128, 0.0 *) comm (-128) storage (124)
6146222	161022 085740.802 mp74 : disp (-128, 0.0 *) comm (-128) storage (124)
6146223	161022 085740.802 mp75 : disp (-128, 0.0 *) comm (-128) storage (124)
6146224	161022 085740.802 mp76 : disp (-128, 0.0 *) comm (-128) storage (124)
6146225	161022 085740.802 mp77 : disp (-128, 0.0 *) comm (-128) storage (124)
6146226	161022 085740.802 mp78 : disp (-128, 0.0 *) comm (-128) storage (124)
6146227	161022 085740.802 mp79 : disp (-128, 0.0 *) comm (-128) storage (124)
6146228	161022 085740.892 read server clock
6146229	161022 085740.894 reading 1 vars, ttl=1
6146230	161022 085740.895 sending frame: I N(R)=4 N(S)=4 Info=8
6146231	161022 085740.896 > 7EA01400 02301961 986303E6 E6000501  ~....0.a.c...... 
6146232	161022 085740.896 > 022BC8F7 1E7E                        .+...~           
6146233	161022 085741.030 < 7EA02061 00023019 B8EADAE6 E7000C01  ~. a..0......... 
6146234	161022 085741.030 < 00090C07 E00A1606 083929FF 80000085  .........9)..... 
6146235	161022 085741.030 < E97E                                 .~               
6146236	161022 085741.030 recved frame: I * N(R)=5 N(S)=4 Info=20
6146237	161022 085741.035 keepalive stopped
6146238	161022 085741.036 server time is 2016-10-22 08:57:40.92
6146239	161022 085741.055 time drift (-1s) out of sync window, sync is aborted
6146240	161022 085741.256 profile 1.0.99.1.0.255 period=900, objs_num=12, sort_method=1 entries_in_use=0, entries=0
6146241	161022 085741.258 start read load profile for 8 mp's from 2016-10-22 08:45:00 to 2016-10-22 08:45:00
6146242	161022 085741.279 profile read max step=8:00.00
6146243	161022 085741.281 read profile buf [2016-10-22 08:45:00, 2016-10-22 08:45:01]
6146244	161022 085741.283 sending frame: I N(R)=5 N(S)=5 Info=59
6146245	161022 085741.284 > 7EA04700 02301961 BAD2DBE6 E6000501  ~.G..0.a........ 
6146246	161022 085741.311 > 04627801 02040204 12000809 06000001  .bx............. 
6146247	161022 085741.312 > 0000FF0F 02120000 090C07E0 0A16FF08  ................ 
6146248	161022 085741.313 > 2D000080 0000090C 07E00A16 FF082D01  -.............-. 
6146249	161022 085741.335 > 00800000 01009BA3 7E                 ........~        
6146250	161022 085741.625 < 7EA06B61 00023019 DA7A2BE6 E7000C01  ~.ka..0..z+..... 
6146251	161022 085741.625 < 00010102 0C090C07 E00A1606 082D00FF  .............-.. 
6146252	161022 085741.625 < 80000006 00800000 14000000 00000000  ................ 
6146253	161022 085741.626 < 00140000 00000000 39371400 00000000  ........97...... 
6146254	161022 085741.626 < 00000014 00000000 00019AAD 05000000  ................ 
6146255	161022 085741.626 < D4050000 17C20500 0000D405 00000000  ................ 
6146256	161022 085741.626 < 05000000 00050000 0000F418 7E        ............~    
6146257	161022 085741.626 recved frame: I * N(R)=6 N(S)=5 Info=95
6146258	161022 085741.627 profile row 0: 2016-10-22 08:45:00
6146259	161022 085741.777 saved 79 mp's at 2016-10-22 08:46:00 (err=0)
6146260	161022 085741.855 keepalive stopped
6146261	161022 085741.942 27 mp's need to read from running registers
6146262	161022 085741.992 read registers
6146263	161022 085742.010 reading 29 vars, ttl=29
6146264	161022 085742.011 sending frame: I N(R)=6 N(S)=6 Info=62 S
6146265	161022 085742.013 > 7EA84A00 02301961 DC11DEE6 E600051D  ~.J..0.a........ 
6146266	161022 085742.030 > 021F0002 23980224 40022EB0 020BB802  ....#..$@....... 
6146267	161022 085742.031 > 0C60020D 08020DB0 020E5802 0F00020F  .`........X..... 
6146268	161022 085742.033 > A8021050 02991802 B59802B6 3002B6C8  ...P........0... 
6146269	161022 085742.035 > 0299B002 B76002B7 F8A9657E           .....`....e~     
6146270	161022 085742.175 < 7EA00A61 00023019 F1FB8F7E           ~..a..0....~     
6146271	161022 085742.175 recved frame: RR * N(R)=7
6146272	161022 085742.175 sending frame: I N(R)=6 N(S)=7 Info=30
6146273	161022 085742.176 > 7EA02A00 02301961 DE3A7402 B890029D  ~.*..0.a.:t..... 
6146274	161022 085742.176 > D8029E70 029F0802 9FA00298 80023C80  ...p..........<. 
6146275	161022 085742.176 > 023C9802 3D08023D 2064627E           .<..=..= db~     
6146276	161022 085750.185 [WARNING] seri_phy recv timeout
6146277	161022 085750.185 [WARNING] rx_outstanding timeout: vr=6, vs=0
6146278	161022 085750.185 sending frame: RR N(R)=6
6146279	161022 085750.186 > 7EA00A00 02301961 D14EEF7E           ~....0.a.N.~     
6146280	161022 085758.195 [WARNING] seri_phy recv timeout
6146281	161022 085758.195 [WARNING] rx_outstanding timeout: vr=6, vs=0
6146282	161022 085758.195 sending frame: RR N(R)=6
6146283	161022 085758.196 > 7EA00A00 02301961 D14EEF7E           ~....0.a.N.~     
6146284	161022 085758.275 < 7EA00A61 00023019 1F8B817E           ~..a..0....~     
6146285	161022 085758.275 recved frame: DM *
6146286	161022 085758.275 [WARNING] recved DM in rx_outstanding state
6146287	161022 085758.479 saved 27 mp's using register values
6146288	161022 085758.495 keepalive stopped
6146289	161022 085758.495 [ERR] profile 0.0.98.133.63.255 not found in server
6146290	161022 085758.496 [ERR] profile 0.0.98.133.64.255 not found in server
6146291	161022 085758.496 44 mp's use dummy acquisition
6146292	161022 085758.992 saved 44 dummy mp's
6146293	161022 085759.035 keepalive stopped
6146294	161022 085759.379 profile 1.0.99.98.0.255 period=0, objs_num=7, sort_method=1 entries_in_use=0, entries=0
6146295	161022 085759.380 start read event log
6146296	161022 085759.380 profile read max step=0:56.00
6146297	161022 085759.381 read profile buf [2016-10-22 07:56:01, 2016-10-22 08:52:00]
6146298	161022 085759.382 [WARNING] hdlc halted
6146299	161022 085759.382 sending frame: DISC
6146300	161022 085759.382 > 7EA00A00 02301961 5354487E           ~....0.aSTH~     
6146301	161022 085759.495 < 7EA00A61 00023019 1F8B817E           ~..a..0....~     
6146302	161022 085759.495 recved frame: DM *
6146303	161022 085759.495 hdlc disconnected
6146304	161022 085800.516 closed /dev/tts5 tx=439/12 rx=402/10, recv_delay=16.970s, send_delay=0.000s
6146305	161022 085801.048 com=6 meter=1 baud=13 acqtime=2016-10-22 08:58:00
6146306	161022 085802.429 opened (3)/dev/tts5 8N1 9600 tx_ipg=24984, rx_ipg=24984 (DTR|RTS|CTS|CAR|RNG)
6146307	161022 085802.522 sending frame: SNRM Info=23
6146308	161022 085802.530 > 7EA02300 02301961 93E2AC81 80140502  ~.#..0.a........ 
6146309	161022 085802.531 > 07F00602 07F00704 00000001 08040000  ................ 
6146310	161022 085802.533 > 00015856 7E                          ..XV~            
6146311	161022 085802.660 < 7EA02161 00023019 73E03D81 80120501  ~.!a..0.s.=..... 
6146312	161022 085802.660 < F806013E 07040000 00010804 00000001  ...>............ 
6146313	161022 085802.660 < 480E7E                               H.~              
6146314	161022 085802.661 recved frame: UA * Info=21
6146315	161022 085802.661 negotiated mtu tx/rx = 79/2049
6146316	161022 085802.661 hdlc connected
6146317	161022 085802.664 sending frame: I N(R)=0 N(S)=0 Info=54
6146318	161022 085802.664 > 7EA04200 02301961 102121E6 E6006031  ~.B..0.a.!!...`1 
6146319	161022 085802.672 > 80020780 A1090607 60857405 0801028A  ........`.t..... 
6146320	161022 085802.673 > 0207808B 07608574 05080202 AC028000  .....`.t........ 
6146321	161022 085802.675 > BE0F040D 01000000 065F0400 FFFFFF00  ........._...... 
6146322	161022 085802.676 > 00BC7F7E                             ...~             
6146323	161022 085802.865 < 7EA03061 00023019 306367E6 E700611F  ~.0a..0.0cg...a. 
6146324	161022 085802.865 < A1090607 60857405 080102A2 03020101  ....`.t......... 
6146325	161022 085802.865 < A305A103 020101BE 0604040E 0106007E  ...............~ 
6146326	161022 085802.866 < 797E                                 y~               
6146327	161022 085802.866 recved frame: I * N(R)=1 N(S)=0 Info=36
6146328	161022 085802.868 AARE: app=(2,16,756,5,8,1,2) asso_result=1 (1) initiate err=200 -auth secu_machanism=
6146329	161022 085802.868 xdlms param: qos=0 ver=0 max_send_pdu=0, vaa=0000
6146330	161022 085802.868 [ERR] acse.open encounted error
6146331	161022 085802.869 sending frame: DISC
6146332	161022 085802.869 > 7EA00A00 02301961 5354487E           ~....0.aSTH~     
6146333	161022 085802.975 < 7EA02161 00023019 73E03D81 80120501  ~.!a..0.s.=..... 
6146334	161022 085802.975 < F806013E 07040000 00010804 00000001  ...>............ 
6146335	161022 085802.975 < 480E7E                               H.~              
6146336	161022 085802.976 recved frame: UA * Info=21
6146337	161022 085802.976 hdlc disconnected
6146338	161022 085803.011 saved 1 mp's at 2016-10-22 08:58:00 (err=0)
6146339	161022 085803.016 saved 1 mp's at 2016-10-22 08:58:00 (err=0)
6146340	161022 085803.019 saved 1 mp's at 2016-10-22 08:58:00 (err=0)
6146341	161022 085803.087 saved 1 mp's at 2016-10-22 08:58:00 (err=0)
6146342	161022 085803.106 saved 1 mp's at 2016-10-22 08:58:00 (err=0)
6146343	161022 085803.109 saved 1 mp's at 2016-10-22 08:58:00 (err=0)
6146344	161022 085803.123 saved 1 mp's at 2016-10-22 08:58:00 (err=0)
6146345	161022 085803.138 saved 1 mp's at 2016-10-22 08:58:00 (err=0)
6146346	161022 085803.146 saved 1 mp's at 2016-10-22 08:58:00 (err=0)
6146347	161022 085803.149 saved 1 mp's at 2016-10-22 08:58:00 (err=0)
6146348	161022 085803.155 saved 1 mp's at 2016-10-22 08:58:00 (err=0)
6146349	161022 085803.160 saved 1 mp's at 2016-10-22 08:58:00 (err=0)
6146350	161022 085803.176 saved 1 mp's at 2016-10-22 08:58:00 (err=0)
6146351	161022 085803.182 saved 1 mp's at 2016-10-22 08:58:00 (err=0)
6146352	161022 085803.195 saved 1 mp's at 2016-10-22 08:58:00 (err=0)
6146353	161022 085803.204 saved 1 mp's at 2016-10-22 08:58:00 (err=0)
6146354	161022 085803.235 saved 1 mp's at 2016-10-22 08:58:00 (err=0)
6146355	161022 085803.246 saved 1 mp's at 2016-10-22 08:58:00 (err=0)
6146356	161022 085803.249 saved 1 mp's at 2016-10-22 08:58:00 (err=0)
6146357	161022 085803.251 saved 1 mp's at 2016-10-22 08:58:00 (err=0)
6146358	161022 085803.255 saved 1 mp's at 2016-10-22 08:58:00 (err=0)
6146359	161022 085803.258 saved 1 mp's at 2016-10-22 08:58:00 (err=0)
6146360	161022 085803.281 saved 1 mp's at 2016-10-22 08:58:00 (err=0)
6146361	161022 085803.286 saved 1 mp's at 2016-10-22 08:58:00 (err=0)
6146362	161022 085803.291 saved 1 mp's at 2016-10-22 08:58:00 (err=0)
6146363	161022 085803.294 saved 1 mp's at 2016-10-22 08:58:00 (err=0)
6146364	161022 085803.302 saved 1 mp's at 2016-10-22 08:58:00 (err=0)
6146365	161022 085803.352 saved 1 mp's at 2016-10-22 08:58:00 (err=0)
6146366	161022 085803.372 saved 1 mp's at 2016-10-22 08:58:00 (err=0)
6146367	161022 085803.377 saved 1 mp's at 2016-10-22 08:58:00 (err=0)
6146368	161022 085803.381 saved 1 mp's at 2016-10-22 08:58:00 (err=0)
6146369	161022 085803.390 saved 1 mp's at 2016-10-22 08:58:00 (err=0)
6146370	161022 085803.395 saved 1 mp's at 2016-10-22 08:58:00 (err=0)
6146371	161022 085803.399 saved 1 mp's at 2016-10-22 08:58:00 (err=0)
