6713199	161022 135448.644 mp28 : disp (-128, 0.0 *) comm (-128) storage (-128)
6713200	161022 135448.644 mp29 : disp (-128, 0.0 *) comm (-128) storage (-128)
6713201	161022 135448.644 mp30 : disp (-128, 0.0 *) comm (-128) storage (-128)
6713202	161022 135448.644 mp31 : disp (-128, 0.0 *) comm (-128) storage (-128)
6713203	161022 135448.644 mp32 : disp (-128, 0.0 *) comm (-128) storage (-128)
6713204	161022 135448.645 mp33 : disp (-128, 0.0 *) comm (-128) storage (-128)
6713205	161022 135448.645 mp34 : disp (-128, 0.0 *) comm (-128) storage (-128)
6713206	161022 135448.645 mp35 : disp (-128, 0.0 *) comm (-128) storage (-128)
6713207	161022 135448.645 mp36 : disp (-128, 0.0 *) comm (-128) storage (-128)
6713208	161022 135448.645 mp37 : disp (-128, 0.0 *) comm (-128) storage (-128)
6713209	161022 135448.645 mp38 : disp (-128, 0.0 *) comm (-128) storage (-128)
6713210	161022 135448.646 mp39 : disp (-128, 0.0 *) comm (-128) storage (-128)
6713211	161022 135448.646 mp40 : disp (-128, 0.0 *) comm (-128) storage (-128)
6713212	161022 135448.646 mp41 : disp (0, 3.1) comm (-2) storage (-1)
6713213	161022 135448.646 mp42 : disp (0, 3.1) comm (-2) storage (-1)
6713214	161022 135448.657 mp43 : disp (0, 3.1) comm (-2) storage (-1)
6713215	161022 135448.657 mp44 : disp (0, 2.2) comm (-2) storage (-2)
6713216	161022 135448.657 mp45 : disp (0, 2.2) comm (-2) storage (-2)
6713217	161022 135448.657 mp46 : disp (0, 2.2) comm (-2) storage (-2)
6713218	161022 135448.657 mp47 : disp (3, 3.3) comm (0) storage (0)
6713219	161022 135448.658 mp48 : disp (3, 3.3) comm (0) storage (0)
6713220	161022 135448.658 mp49 : disp (3, 3.3) comm (0) storage (0)
6713221	161022 135448.658 mp50 : disp (3, 3.3) comm (0) storage (0)
6713222	161022 135448.658 mp51 : disp (3, 3.3) comm (0) storage (0)
6713223	161022 135448.658 mp52 : disp (3, 3.3) comm (0) storage (0)
6713224	161022 135448.658 mp53 : disp (3, 3.3) comm (0) storage (0)
6713225	161022 135448.659 mp54 : disp (3, 3.3) comm (0) storage (0)
6713226	161022 135448.661 mp55 : disp (0, 1.2) comm (-2) storage (-2)
6713227	161022 135448.672 mp56 : disp (0, 1.2) comm (-2) storage (-2)
6713228	161022 135448.672 mp57 : disp (0, 1.2) comm (-2) storage (-2)
6713229	161022 135448.672 mp58 : disp (0, 1.2) comm (-2) storage (-2)
6713230	161022 135448.672 mp59 : disp (0, 2.2) comm (-2) storage (-2)
6713231	161022 135448.673 mp60 : disp (3, 1.4) comm (-1) storage (-1)
6713232	161022 135448.673 mp61 : disp (-128, 0.0 *) comm (-128) storage (124)
6713233	161022 135448.673 mp62 : disp (-128, 0.0 *) comm (-128) storage (124)
6713234	161022 135448.673 mp63 : disp (-128, 0.0 *) comm (-128) storage (124)
6713235	161022 135448.673 mp64 : disp (-128, 0.0 *) comm (-128) storage (124)
6713236	161022 135448.675 mp65 : disp (3, 1.4) comm (-1) storage (-1)
6713237	161022 135448.676 mp66 : disp (-128, 0.0 *) comm (-128) storage (124)
6713238	161022 135448.676 mp67 : disp (-128, 0.0 *) comm (-128) storage (124)
6713239	161022 135448.676 mp68 : disp (-128, 0.0 *) comm (-128) storage (124)
6713240	161022 135448.676 mp69 : disp (-128, 0.0 *) comm (-128) storage (124)
6713241	161022 135448.676 mp70 : disp (-128, 0.0 *) comm (-128) storage (124)
6713242	161022 135448.682 mp71 : disp (-128, 0.0 *) comm (-128) storage (124)
6713243	161022 135448.686 mp72 : disp (-128, 0.0 *) comm (-128) storage (124)
6713244	161022 135448.687 mp73 : disp (-128, 0.0 *) comm (-128) storage (124)
6713245	161022 135448.687 mp74 : disp (-128, 0.0 *) comm (-128) storage (124)
6713246	161022 135448.688 mp75 : disp (-128, 0.0 *) comm (-128) storage (124)
6713247	161022 135448.688 mp76 : disp (-128, 0.0 *) comm (-128) storage (124)
6713248	161022 135448.690 mp77 : disp (-128, 0.0 *) comm (-128) storage (124)
6713249	161022 135448.690 mp78 : disp (-128, 0.0 *) comm (-128) storage (124)
6713250	161022 135448.690 mp79 : disp (-128, 0.0 *) comm (-128) storage (124)
6713251	161022 135448.773 read server clock
6713252	161022 135448.774 reading 1 vars, ttl=1
6713253	161022 135448.776 sending frame: I N(R)=4 N(S)=4 Info=8
6713254	161022 135448.777 > 7EA01400 02301961 986303E6 E6000501  ~....0.a.c...... 
6713255	161022 135448.777 > 022BC8F7 1E7E                        .+...~           
6713256	161022 135448.912 < 7EA02061 00023019 B8EADAE6 E7000C01  ~. a..0......... 
6713257	161022 135448.912 < 00090C07 E00A1606 0D3634FF 8000009B  .........64..... 
6713258	161022 135448.912 < EC7E                                 .~               
6713259	161022 135448.913 recved frame: I * N(R)=5 N(S)=4 Info=20
6713260	161022 135448.917 keepalive stopped
6713261	161022 135448.918 server time is 2016-10-22 13:54:51.92
6713262	161022 135448.933 time drift (3s) out of sync window, sync is aborted
6713263	161022 135449.096 profile 1.0.99.1.0.255 period=900, objs_num=12, sort_method=1 entries_in_use=0, entries=0
6713264	161022 135449.098 start read load profile for 8 mp's from 2016-10-22 13:45:00 to 2016-10-22 13:45:00
6713265	161022 135449.100 profile read max step=8:00.00
6713266	161022 135449.107 read profile buf [2016-10-22 13:45:00, 2016-10-22 13:45:01]
6713267	161022 135449.108 sending frame: I N(R)=5 N(S)=5 Info=59
6713268	161022 135449.112 > 7EA04700 02301961 BAD2DBE6 E6000501  ~.G..0.a........ 
6713269	161022 135449.113 > 04627801 02040204 12000809 06000001  .bx............. 
6713270	161022 135449.115 > 0000FF0F 02120000 090C07E0 0A16FF0D  ................ 
6713271	161022 135449.116 > 2D000080 0000090C 07E00A16 FF0D2D01  -.............-. 
6713272	161022 135449.127 > 00800000 01004C6F 7E                 ......Lo~        
6713273	161022 135449.532 < 7EA06B61 00023019 DA7A2BE6 E7000C01  ~.ka..0..z+..... 
6713274	161022 135449.532 < 00010102 0C090C07 E00A1606 0D2D00FF  .............-.. 
6713275	161022 135449.532 < 80000006 00800000 14000000 00000000  ................ 
6713276	161022 135449.532 < 00140000 00000000 39371400 00000000  ........97...... 
6713277	161022 135449.533 < 00000014 00000000 00019AAD 05000000  ................ 
6713278	161022 135449.533 < D4050000 17CE0500 0000D405 00000000  ................ 
6713279	161022 135449.533 < 05000000 00050000 00001F6C 7E        ...........l~    
6713280	161022 135449.533 recved frame: I * N(R)=6 N(S)=5 Info=95
6713281	161022 135449.534 profile row 0: 2016-10-22 13:45:00
6713282	161022 135449.618 saved 79 mp's at 2016-10-22 13:46:00 (err=0)
6713283	161022 135449.642 keepalive stopped
6713284	161022 135449.681 27 mp's need to read from running registers
6713285	161022 135449.697 read registers
6713286	161022 135449.708 reading 29 vars, ttl=29
6713287	161022 135449.716 sending frame: I N(R)=6 N(S)=6 Info=62 S
6713288	161022 135449.720 > 7EA84A00 02301961 DC11DEE6 E600051D  ~.J..0.a........ 
6713289	161022 135449.730 > 021F0002 23980224 40022EB0 020BB802  ....#..$@....... 
6713290	161022 135449.732 > 0C60020D 08020DB0 020E5802 0F00020F  .`........X..... 
6713291	161022 135449.733 > A8021050 02991802 B59802B6 3002B6C8  ...P........0... 
6713292	161022 135449.734 > 0299B002 B76002B7 F8A9657E           .....`....e~     
6713293	161022 135449.877 < 7EA00A61 00023019 F1FB8F7E           ~..a..0....~     
6713294	161022 135449.877 recved frame: RR * N(R)=7
6713295	161022 135449.878 sending frame: I N(R)=6 N(S)=7 Info=30
6713296	161022 135449.878 > 7EA02A00 02301961 DE3A7402 B890029D  ~.*..0.a.:t..... 
6713297	161022 135449.879 > D8029E70 029F0802 9FA00298 80023C80  ...p..........<. 
6713298	161022 135449.879 > 023C9802 3D08023D 2064627E           .<..=..= db~     
6713299	161022 135457.887 [WARNING] seri_phy recv timeout
6713300	161022 135457.887 [WARNING] rx_outstanding timeout: vr=6, vs=0
6713301	161022 135457.887 sending frame: RR N(R)=6
6713302	161022 135457.887 > 7EA00A00 02301961 D14EEF7E           ~....0.a.N.~     
6713303	161022 135505.896 [WARNING] seri_phy recv timeout
6713304	161022 135505.897 [WARNING] rx_outstanding timeout: vr=6, vs=0
6713305	161022 135505.897 sending frame: RR N(R)=6
6713306	161022 135505.897 > 7EA00A00 02301961 D14EEF7E           ~....0.a.N.~     
6713307	161022 135505.977 < 7EA00A61 00023019 1F8B817E           ~..a..0....~     
6713308	161022 135505.977 recved frame: DM *
6713309	161022 135505.977 [WARNING] recved DM in rx_outstanding state
6713310	161022 135506.207 saved 27 mp's using register values
6713311	161022 135506.312 keepalive stopped
6713312	161022 135506.313 [ERR] profile 0.0.98.133.63.255 not found in server
6713313	161022 135506.313 [ERR] profile 0.0.98.133.64.255 not found in server
6713314	161022 135506.313 44 mp's use dummy acquisition
6713315	161022 135506.640 saved 44 dummy mp's
6713316	161022 135506.652 keepalive stopped
6713317	161022 135506.946 profile 1.0.99.98.0.255 period=0, objs_num=7, sort_method=1 entries_in_use=0, entries=0
6713318	161022 135506.947 start read event log
6713319	161022 135506.947 profile read max step=0:56.00
6713320	161022 135506.948 read profile buf [2016-10-22 12:54:01, 2016-10-22 13:50:00]
6713321	161022 135506.948 [WARNING] hdlc halted
6713322	161022 135506.949 sending frame: DISC
6713323	161022 135506.949 > 7EA00A00 02301961 5354487E           ~....0.aSTH~     
6713324	161022 135507.032 < 7EA00A61 00023019 1F8B817E           ~..a..0....~     
6713325	161022 135507.032 recved frame: DM *
6713326	161022 135507.032 hdlc disconnected
6713327	161022 135508.037 closed /dev/tts5 tx=439/12 rx=402/10, recv_delay=17.050s, send_delay=0.000s
6713328	161022 135509.022 com=6 meter=1 baud=13 acqtime=2016-10-22 13:54:00
6713329	161022 135511.186 opened (3)/dev/tts5 8N1 9600 tx_ipg=24984, rx_ipg=24984 (DTR|RTS|CTS|CAR|RNG)
6713330	161022 135511.298 sending frame: SNRM Info=23
6713331	161022 135511.301 > 7EA02300 02301961 93E2AC81 80140502  ~.#..0.a........ 
6713332	161022 135511.302 > 07F00602 07F00704 00000001 08040000  ................ 
6713333	161022 135511.302 > 00015856 7E                          ..XV~            
6713334	161022 135511.437 < 7EA02161 00023019 73E03D81 80120501  ~.!a..0.s.=..... 
6713335	161022 135511.437 < F806013E 07040000 00010804 00000001  ...>............ 
6713336	161022 135511.437 < 480E7E                               H.~              
6713337	161022 135511.437 recved frame: UA * Info=21
6713338	161022 135511.438 negotiated mtu tx/rx = 79/2049
6713339	161022 135511.438 hdlc connected
6713340	161022 135511.440 sending frame: I N(R)=0 N(S)=0 Info=54
6713341	161022 135511.440 > 7EA04200 02301961 102121E6 E6006031  ~.B..0.a.!!...`1 
6713342	161022 135511.441 > 80020780 A1090607 60857405 0801028A  ........`.t..... 
6713343	161022 135511.441 > 0207808B 07608574 05080202 AC028000  .....`.t........ 
6713344	161022 135511.441 > BE0F040D 01000000 065F0400 FFFFFF00  ........._...... 
6713345	161022 135511.467 > 00BC7F7E                             ...~             
6713346	161022 135511.657 < 7EA03061 00023019 306367E6 E700611F  ~.0a..0.0cg...a. 
6713347	161022 135511.657 < A1090607 60857405 080102A2 03020101  ....`.t......... 
6713348	161022 135511.657 < A305A103 020101BE 0604040E 0106007E  ...............~ 
6713349	161022 135511.657 < 797E                                 y~               
6713350	161022 135511.658 recved frame: I * N(R)=1 N(S)=0 Info=36
6713351	161022 135511.659 AARE: app=(2,16,756,5,8,1,2) asso_result=1 (1) initiate err=200 -auth secu_machanism=
6713352	161022 135511.660 xdlms param: qos=0 ver=0 max_send_pdu=0, vaa=0000
6713353	161022 135511.660 [ERR] acse.open encounted error
6713354	161022 135511.660 sending frame: DISC
6713355	161022 135511.661 > 7EA00A00 02301961 5354487E           ~....0.aSTH~     
6713356	161022 135511.767 < 7EA02161 00023019 73E03D81 80120501  ~.!a..0.s.=..... 
6713357	161022 135511.767 < F806013E 07040000 00010804 00000001  ...>............ 
6713358	161022 135511.767 < 480E7E                               H.~              
6713359	161022 135511.767 recved frame: UA * Info=21
6713360	161022 135511.768 hdlc disconnected
6713361	161022 135511.791 saved 1 mp's at 2016-10-22 13:54:00 (err=0)
6713362	161022 135511.800 saved 1 mp's at 2016-10-22 13:54:00 (err=0)
6713363	161022 135511.803 saved 1 mp's at 2016-10-22 13:54:00 (err=0)
6713364	161022 135511.818 saved 1 mp's at 2016-10-22 13:54:00 (err=0)
6713365	161022 135511.827 saved 1 mp's at 2016-10-22 13:54:00 (err=0)
6713366	161022 135511.839 saved 1 mp's at 2016-10-22 13:54:00 (err=0)
6713367	161022 135511.848 saved 1 mp's at 2016-10-22 13:54:00 (err=0)
6713368	161022 135511.852 saved 1 mp's at 2016-10-22 13:54:00 (err=0)
6713369	161022 135512.857 closed /dev/tts5 tx=117/3 rx=120/3, recv_delay=0.255s, send_delay=0.000s
6713370	ERR: xdlms error, exit code = 0
6713371	161022 135723.657 com=6 meter=1 baud=13 acqtime=2016-10-22 13:56:00
6713372	161022 135725.790 opened (3)/dev/tts5 8N1 9600 tx_ipg=24984, rx_ipg=24984 (DTR|RTS|CTS|CAR|RNG)
6713373	161022 135725.922 sending frame: SNRM Info=23
6713374	161022 135725.924 > 7EA02300 02301961 93E2AC81 80140502  ~.#..0.a........ 
6713375	161022 135725.926 > 07F00602 07F00704 00000001 08040000  ................ 
6713376	161022 135725.927 > 00015856 7E                          ..XV~            
6713377	161022 135726.057 < 7EA02161 00023019 73E03D81 80120501  ~.!a..0.s.=..... 
6713378	161022 135726.057 < F806013E 07040000 00010804 00000001  ...>............ 
6713379	161022 135726.057 < 480E7E                               H.~              
6713380	161022 135726.057 recved frame: UA * Info=21
6713381	161022 135726.058 negotiated mtu tx/rx = 79/2049
6713382	161022 135726.058 hdlc connected
6713383	161022 135726.060 sending frame: I N(R)=0 N(S)=0 Info=54
6713384	161022 135726.061 > 7EA04200 02301961 102121E6 E6006031  ~.B..0.a.!!...`1 
6713385	161022 135726.061 > 80020780 A1090607 60857405 0801028A  ........`.t..... 
6713386	161022 135726.082 > 0207808B 07608574 05080202 AC028000  .....`.t........ 
6713387	161022 135726.083 > BE0F040D 01000000 065F0400 FFFFFF00  ........._...... 
6713388	161022 135726.084 > 00BC7F7E                             ...~             
6713389	161022 135726.307 < 7EA05261 00023019 305DF4E6 E7006141  ~.Ra..0.0]....aA 
6713390	161022 135726.307 < A1090607 60857405 080102A2 03020100  ....`.t......... 
6713391	161022 135726.307 < A305A103 02010E88 02078089 07608574  .............`.t 
6713392	161022 135726.307 < 05080202 AA0A8008 34373436 30313030  ........47460100 
6713393	161022 135726.308 < BE0F040D 0800065F 04001802 200960FA  ......._.... .`. 
6713394	161022 135726.308 < 003D947E                             .=.~             
6713395	161022 135726.308 recved frame: I * N(R)=1 N(S)=0 Info=70
6713396	161022 135726.310 AARE: app=(2,16,756,5,8,1,2) asso_result=0 (14) initiate err=0 +auth secu_machanism=(2,16,756,5,8,2,2)
6713397	161022 135726.311 xdlms param: qos=0 ver=6 max_send_pdu=2400, vaa=fa00
6713398	161022 135726.311 sending frame: I N(R)=1 N(S)=1 Info=19
6713399	161022 135726.337 > 7EA01F00 02301961 32B17FE6 E6000601  ~....0.a2....... 
