3711412	161021 084657.751 mp28 : disp (-128, 0.0 *) comm (-128) storage (-128)
3711413	161021 084657.751 mp29 : disp (-128, 0.0 *) comm (-128) storage (-128)
3711414	161021 084657.756 mp30 : disp (-128, 0.0 *) comm (-128) storage (-128)
3711415	161021 084657.759 mp31 : disp (-128, 0.0 *) comm (-128) storage (-128)
3711416	161021 084657.760 mp32 : disp (-128, 0.0 *) comm (-128) storage (-128)
3711417	161021 084657.761 mp33 : disp (-128, 0.0 *) comm (-128) storage (-128)
3711418	161021 084657.771 mp34 : disp (-128, 0.0 *) comm (-128) storage (-128)
3711419	161021 084657.772 mp35 : disp (-128, 0.0 *) comm (-128) storage (-128)
3711420	161021 084657.773 mp36 : disp (-128, 0.0 *) comm (-128) storage (-128)
3711421	161021 084657.774 mp37 : disp (-128, 0.0 *) comm (-128) storage (-128)
3711422	161021 084657.775 mp38 : disp (-128, 0.0 *) comm (-128) storage (-128)
3711423	161021 084657.776 mp39 : disp (-128, 0.0 *) comm (-128) storage (-128)
3711424	161021 084657.777 mp40 : disp (-128, 0.0 *) comm (-128) storage (-128)
3711425	161021 084657.777 mp41 : disp (0, 3.1) comm (-2) storage (-1)
3711426	161021 084657.777 mp42 : disp (0, 3.1) comm (-2) storage (-1)
3711427	161021 084657.777 mp43 : disp (0, 3.1) comm (-2) storage (-1)
3711428	161021 084657.777 mp44 : disp (0, 2.2) comm (-2) storage (-2)
3711429	161021 084657.777 mp45 : disp (0, 2.2) comm (-2) storage (-2)
3711430	161021 084657.777 mp46 : disp (0, 2.2) comm (-2) storage (-2)
3711431	161021 084657.777 mp47 : disp (3, 3.3) comm (0) storage (0)
3711432	161021 084657.778 mp48 : disp (3, 3.3) comm (0) storage (0)
3711433	161021 084657.778 mp49 : disp (3, 3.3) comm (0) storage (0)
3711434	161021 084657.778 mp50 : disp (3, 3.3) comm (0) storage (0)
3711435	161021 084657.778 mp51 : disp (3, 3.3) comm (0) storage (0)
3711436	161021 084657.778 mp52 : disp (3, 3.3) comm (0) storage (0)
3711437	161021 084657.778 mp53 : disp (3, 3.3) comm (0) storage (0)
3711438	161021 084657.778 mp54 : disp (3, 3.3) comm (0) storage (0)
3711439	161021 084657.778 mp55 : disp (0, 1.2) comm (-2) storage (-2)
3711440	161021 084657.779 mp56 : disp (0, 1.2) comm (-2) storage (-2)
3711441	161021 084657.779 mp57 : disp (0, 1.2) comm (-2) storage (-2)
3711442	161021 084657.779 mp58 : disp (0, 1.2) comm (-2) storage (-2)
3711443	161021 084657.779 mp59 : disp (0, 2.2) comm (-2) storage (-2)
3711444	161021 084657.779 mp60 : disp (3, 1.4) comm (-1) storage (-1)
3711445	161021 084657.779 mp61 : disp (-128, 0.0 *) comm (-128) storage (124)
3711446	161021 084657.779 mp62 : disp (-128, 0.0 *) comm (-128) storage (124)
3711447	161021 084657.779 mp63 : disp (-128, 0.0 *) comm (-128) storage (124)
3711448	161021 084657.780 mp64 : disp (-128, 0.0 *) comm (-128) storage (124)
3711449	161021 084657.780 mp65 : disp (3, 1.4) comm (-1) storage (-1)
3711450	161021 084657.780 mp66 : disp (-128, 0.0 *) comm (-128) storage (124)
3711451	161021 084657.780 mp67 : disp (-128, 0.0 *) comm (-128) storage (124)
3711452	161021 084657.780 mp68 : disp (-128, 0.0 *) comm (-128) storage (124)
3711453	161021 084657.780 mp69 : disp (-128, 0.0 *) comm (-128) storage (124)
3711454	161021 084657.780 mp70 : disp (-128, 0.0 *) comm (-128) storage (124)
3711455	161021 084657.780 mp71 : disp (-128, 0.0 *) comm (-128) storage (124)
3711456	161021 084657.781 mp72 : disp (-128, 0.0 *) comm (-128) storage (124)
3711457	161021 084657.781 mp73 : disp (-128, 0.0 *) comm (-128) storage (124)
3711458	161021 084657.781 mp74 : disp (-128, 0.0 *) comm (-128) storage (124)
3711459	161021 084657.781 mp75 : disp (-128, 0.0 *) comm (-128) storage (124)
3711460	161021 084657.801 mp76 : disp (-128, 0.0 *) comm (-128) storage (124)
3711461	161021 084657.802 mp77 : disp (-128, 0.0 *) comm (-128) storage (124)
3711462	161021 084657.803 mp78 : disp (-128, 0.0 *) comm (-128) storage (124)
3711463	161021 084657.804 mp79 : disp (-128, 0.0 *) comm (-128) storage (124)
3711464	161021 084657.930 read server clock
3711465	161021 084657.941 reading 1 vars, ttl=1
3711466	161021 084657.949 sending frame: I N(R)=4 N(S)=4 Info=8
3711467	161021 084657.967 > 7EA01400 02301961 986303E6 E6000501  ~....0.a.c...... 
3711468	161021 084657.969 > 022BC8F7 1E7E                        .+...~           
3711469	161021 084658.092 < 7EA02061 00023019 B8EADAE6 E7000C01  ~. a..0......... 
3711470	161021 084658.092 < 00090C07 E00A1505 082E3AFF 800000BF  ..........:..... 
3711471	161021 084658.092 < 427E                                 B~               
3711472	161021 084658.092 recved frame: I * N(R)=5 N(S)=4 Info=20
3711473	161021 084658.107 keepalive stopped
3711474	161021 084658.107 server time is 2016-10-21 08:46:57.91
3711475	161021 084658.111 time drift (-1s) out of sync window, sync is aborted
3711476	161021 084658.295 profile 1.0.99.1.0.255 period=900, objs_num=12, sort_method=1 entries_in_use=0, entries=0
3711477	161021 084658.309 start read load profile for 8 mp's from 2016-10-21 08:45:00 to 2016-10-21 08:45:00
3711478	161021 084658.310 profile read max step=8:00.00
3711479	161021 084658.314 read profile buf [2016-10-21 08:45:00, 2016-10-21 08:45:01]
3711480	161021 084658.314 sending frame: I N(R)=5 N(S)=5 Info=59
3711481	161021 084658.315 > 7EA04700 02301961 BAD2DBE6 E6000501  ~.G..0.a........ 
3711482	161021 084658.315 > 04627801 02040204 12000809 06000001  .bx............. 
3711483	161021 084658.316 > 0000FF0F 02120000 090C07E0 0A15FF08  ................ 
3711484	161021 084658.316 > 2D000080 0000090C 07E00A15 FF082D01  -.............-. 
3711485	161021 084658.316 > 00800000 0100A551 7E                 .......Q~        
3711486	161021 084658.671 < 7EA06B61 00023019 DA7A2BE6 E7000C01  ~.ka..0..z+..... 
3711487	161021 084658.672 < 00010102 0C090C07 E00A1505 082D00FF  .............-.. 
3711488	161021 084658.672 < 80000006 00800000 14000000 00000000  ................ 
3711489	161021 084658.672 < 00140000 00000000 39371400 00000000  ........97...... 
3711490	161021 084658.673 < 00000014 00000000 00019AAD 05000000  ................ 
3711491	161021 084658.673 < D5050000 17B60500 0000D505 00000000  ................ 
3711492	161021 084658.673 < 05000000 00050000 00007524 7E        ..........u$~    
3711493	161021 084658.673 recved frame: I * N(R)=6 N(S)=5 Info=95
3711494	161021 084658.674 profile row 0: 2016-10-21 08:45:00
3711495	161021 084658.700 saved 8 mp's at 2016-10-21 08:46:00 (err=0)
3711496	161021 084658.782 keepalive stopped
3711497	161021 084658.864 27 mp's need to read from running registers
3711498	161021 084658.884 read registers
3711499	161021 084658.894 reading 29 vars, ttl=29
3711500	161021 084658.897 sending frame: I N(R)=6 N(S)=6 Info=62 S
3711501	161021 084658.899 > 7EA84A00 02301961 DC11DEE6 E600051D  ~.J..0.a........ 
3711502	161021 084658.901 > 021F0002 23980224 40022EB0 020BB802  ....#..$@....... 
3711503	161021 084658.903 > 0C60020D 08020DB0 020E5802 0F00020F  .`........X..... 
3711504	161021 084658.904 > A8021050 02991802 B59802B6 3002B6C8  ...P........0... 
3711505	161021 084658.906 > 0299B002 B76002B7 F8A9657E           .....`....e~     
3711506	161021 084659.051 < 7EA00A61 00023019 F1FB8F7E           ~..a..0....~     
3711507	161021 084659.052 recved frame: RR * N(R)=7
3711508	161021 084659.052 sending frame: I N(R)=6 N(S)=7 Info=30
3711509	161021 084659.053 > 7EA02A00 02301961 DE3A7402 B890029D  ~.*..0.a.:t..... 
3711510	161021 084659.053 > D8029E70 029F0802 9FA00298 80023C80  ...p..........<. 
3711511	161021 084659.053 > 023C9802 3D08023D 2064627E           .<..=..= db~     
3711512	161021 084707.066 [WARNING] seri_phy recv timeout
3711513	161021 084707.067 [WARNING] rx_outstanding timeout: vr=6, vs=0
3711514	161021 084707.067 sending frame: RR N(R)=6
3711515	161021 084707.067 > 7EA00A00 02301961 D14EEF7E           ~....0.a.N.~     
3711516	161021 084715.076 [WARNING] seri_phy recv timeout
3711517	161021 084715.077 [WARNING] rx_outstanding timeout: vr=6, vs=0
3711518	161021 084715.077 sending frame: RR N(R)=6
3711519	161021 084715.077 > 7EA00A00 02301961 D14EEF7E           ~....0.a.N.~     
3711520	161021 084715.166 < 7EA00A61 00023019 1F8B817E           ~..a..0....~     
3711521	161021 084715.167 recved frame: DM *
3711522	161021 084715.167 [WARNING] recved DM in rx_outstanding state
3711523	161021 084715.382 saved 27 mp's using register values
3711524	161021 084715.487 keepalive stopped
3711525	161021 084715.487 [ERR] profile 0.0.98.133.63.255 not found in server
3711526	161021 084715.487 [ERR] profile 0.0.98.133.64.255 not found in server
3711527	161021 084715.488 44 mp's use dummy acquisition
3711528	161021 084715.864 saved 44 dummy mp's
3711529	161021 084715.912 keepalive stopped
3711530	161021 084716.147 profile 1.0.99.98.0.255 period=0, objs_num=7, sort_method=1 entries_in_use=0, entries=0
3711531	161021 084716.149 start read event log
3711532	161021 084716.150 profile read max step=0:56.00
3711533	161021 084716.152 read profile buf [2016-10-21 07:46:01, 2016-10-21 08:42:00]
3711534	161021 084716.153 [WARNING] hdlc halted
3711535	161021 084716.154 sending frame: DISC
3711536	161021 084716.155 > 7EA00A00 02301961 5354487E           ~....0.aSTH~     
3711537	161021 084716.241 < 7EA00A61 00023019 1F8B817E           ~..a..0....~     
3711538	161021 084716.242 recved frame: DM *
3711539	161021 084716.242 hdlc disconnected
3711540	161021 084717.247 closed /dev/tts5 tx=439/12 rx=402/10, recv_delay=16.955s, send_delay=0.000s
3711541	161021 084720.957 com=6 meter=1 baud=13 acqtime=2016-10-21 08:46:00
3711542	161021 084722.503 opened (3)/dev/tts5 8N1 9600 tx_ipg=24984, rx_ipg=24984 (DTR|RTS|CTS|CAR|RNG)
3711543	161021 084722.589 sending frame: SNRM Info=23
3711544	161021 084722.605 > 7EA02300 02301961 93E2AC81 80140502  ~.#..0.a........ 
3711545	161021 084722.607 > 07F00602 07F00704 00000001 08040000  ................ 
3711546	161021 084722.607 > 00015856 7E                          ..XV~            
3711547	161021 084722.721 < 7EA02161 00023019 73E03D81 80120501  ~.!a..0.s.=..... 
3711548	161021 084722.722 < F806013E 07040000 00010804 00000001  ...>............ 
3711549	161021 084722.722 < 480E7E                               H.~              
3711550	161021 084722.722 recved frame: UA * Info=21
3711551	161021 084722.723 negotiated mtu tx/rx = 79/2049
3711552	161021 084722.723 hdlc connected
3711553	161021 084722.725 sending frame: I N(R)=0 N(S)=0 Info=54
3711554	161021 084722.726 > 7EA04200 02301961 102121E6 E6006031  ~.B..0.a.!!...`1 
3711555	161021 084722.726 > 80020780 A1090607 60857405 0801028A  ........`.t..... 
3711556	161021 084722.732 > 0207808B 07608574 05080202 AC028000  .....`.t........ 
3711557	161021 084722.734 > BE0F040D 01000000 065F0400 FFFFFF00  ........._...... 
3711558	161021 084722.736 > 00BC7F7E                             ...~             
3711559	161021 084722.946 < 7EA03061 00023019 306367E6 E700611F  ~.0a..0.0cg...a. 
3711560	161021 084722.947 < A1090607 60857405 080102A2 03020101  ....`.t......... 
3711561	161021 084722.947 < A305A103 020101BE 0604040E 0106007E  ...............~ 
3711562	161021 084722.947 < 797E                                 y~               
3711563	161021 084722.948 recved frame: I * N(R)=1 N(S)=0 Info=36
3711564	161021 084722.949 AARE: app=(2,16,756,5,8,1,2) asso_result=1 (1) initiate err=200 -auth secu_machanism=
3711565	161021 084722.950 xdlms param: qos=0 ver=0 max_send_pdu=0, vaa=0000
3711566	161021 084722.950 [ERR] acse.open encounted error
3711567	161021 084722.950 sending frame: DISC
3711568	161021 084722.951 > 7EA00A00 02301961 5354487E           ~....0.aSTH~     
3711569	161021 084723.057 < 7EA02161 00023019 73E03D81 80120501  ~.!a..0.s.=..... 
3711570	161021 084723.057 < F806013E 07040000 00010804 00000001  ...>............ 
3711571	161021 084723.057 < 480E7E                               H.~              
3711572	161021 084723.057 recved frame: UA * Info=21
3711573	161021 084723.058 hdlc disconnected
3711574	161021 084724.062 closed /dev/tts5 tx=117/3 rx=120/3, recv_delay=0.250s, send_delay=0.000s
3711575	ERR: xdlms error, exit code = 1
3711576	161021 085044.592 com=6 meter=1 baud=13 acqtime=2016-10-21 08:50:00
3711577	161021 085045.773 opened (3)/dev/tts5 8N1 9600 tx_ipg=24984, rx_ipg=24984 (DTR|RTS|CTS|CAR|RNG)
3711578	161021 085045.868 sending frame: SNRM Info=23
3711579	161021 085045.871 > 7EA02300 02301961 93E2AC81 80140502  ~.#..0.a........ 
3711580	161021 085045.872 > 07F00602 07F00704 00000001 08040000  ................ 
3711581	161021 085045.873 > 00015856 7E                          ..XV~            
3711582	161021 085045.998 < 7EA02161 00023019 73E03D81 80120501  ~.!a..0.s.=..... 
3711583	161021 085045.999 < F806013E 07040000 00010804 00000001  ...>............ 
3711584	161021 085045.999 < 480E7E                               H.~              
3711585	161021 085045.999 recved frame: UA * Info=21
3711586	161021 085046.000 negotiated mtu tx/rx = 79/2049
3711587	161021 085046.000 hdlc connected
3711588	161021 085046.002 sending frame: I N(R)=0 N(S)=0 Info=54
3711589	161021 085046.015 > 7EA04200 02301961 102121E6 E6006031  ~.B..0.a.!!...`1 
3711590	161021 085046.016 > 80020780 A1090607 60857405 0801028A  ........`.t..... 
3711591	161021 085046.021 > 0207808B 07608574 05080202 AC028000  .....`.t........ 
3711592	161021 085046.022 > BE0F040D 01000000 065F0400 FFFFFF00  ........._...... 
3711593	161021 085046.023 > 00BC7F7E                             ...~             
3711594	161021 085046.243 < 7EA05261 00023019 305DF4E6 E7006141  ~.Ra..0.0]....aA 
3711595	161021 085046.243 < A1090607 60857405 080102A2 03020100  ....`.t......... 
3711596	161021 085046.244 < A305A103 02010E88 02078089 07608574  .............`.t 
3711597	161021 085046.244 < 05080202 AA0A8008 39313731 30333030  ........91710300 
3711598	161021 085046.244 < BE0F040D 0800065F 04001802 200960FA  ......._.... .`. 
3711599	161021 085046.244 < 00AC137E                             ...~             
3711600	161021 085046.245 recved frame: I * N(R)=1 N(S)=0 Info=70
3711601	161021 085046.247 AARE: app=(2,16,756,5,8,1,2) asso_result=0 (14) initiate err=0 +auth secu_machanism=(2,16,756,5,8,2,2)
3711602	161021 085046.247 xdlms param: qos=0 ver=6 max_send_pdu=2400, vaa=fa00
3711603	161021 085046.247 sending frame: I N(R)=1 N(S)=1 Info=19
3711604	161021 085046.253 > 7EA01F00 02301961 32B17FE6 E6000601  ~....0.a2....... 
3711605	161021 085046.254 > 02FA5801 09084133 41353539 37308118  ..X...A3A55970.. 
3711606	161021 085046.257 > 7E                                   ~                
3711607	161021 085046.363 < 7EA01261 00023019 524F73E6 E7000D01  ~..a..0.ROs..... 
3711608	161021 085046.363 < 0007E47E                             ...~             
3711609	161021 085046.364 recved frame: I * N(R)=2 N(S)=1 Info=6
3711610	161021 085046.364 hls auth ok
3711611	161021 085046.364 read LDN
3711612	161021 085046.365 reading 1 vars, ttl=1
