357372	161025 172809.239   68 62 94 25 51 00 00 68 91 08 34 34 33 37 35 58
357373	161025 172809.242   43 49 c0 16
357374	161025 172809.291 > fe fe fe fe 68 62 94 25 51 00 00 68 11 04 35 34
357375	161025 172809.299 > 33 37 24 16
357376	161025 172809.566   68 62 94 25 51 00 00 68 91 07 35 34 33 37 3c 5b
357377	161025 172809.585   4a 88 16
357378	161025 172809.616 > fe fe fe fe 68 62 94 25 51 00 00 68 11 04 3c 37
357379	161025 172809.625 > 33 37 2e 16
357380	161025 172809.882   68 62 94 25 51 00 00 68 91 07 3c 37 33 37 33 33
357381	161025 172809.900   38 4f 16
357382	161025 172809.931 > fe fe fe fe 68 62 94 25 51 00 00 68 11 04 3d 37
357383	161025 172809.939 > 33 37 2f 16
357384	161025 172810.227   68 62 94 25 51 00 00 68 91 07 3d 37 33 37 33 33
357385	161025 172810.231   38 50 16
357386	161025 172810.276 > fe fe fe fe 68 62 94 25 51 00 00 68 11 04 33 33
357387	161025 172810.287 > 34 37 22 16
357388	161025 172810.513   68 62 94 25 51 00 00 68 d1 01 35 43 16
357389	161025 172810.541 > fe fe fe fe 68 62 94 25 51 00 00 68 11 04 34 33
357390	161025 172810.559 > 34 37 23 16
357391	161025 172810.791   68 62 94 25 51 00 00 68 d1 01 35 43 16
357392	161025 172810.846 > fe fe fe fe 68 62 94 25 51 00 00 68 11 04 35 33
357393	161025 172810.869 > 34 37 24 16
357394	161025 172811.093   68 62 94 25 51 00 00 68 d1 01 35 43 16
357395	161025 172811.120 > fe fe fe fe 68 62 94 25 51 00 00 68 11 04 36 33
357396	161025 172811.133 > 34 37 25 16
357397	161025 172811.320   68 62 94 25 51 00 00 68 d1 01 35 43 16
357398	161025 172811.356 > fe fe fe fe 68 62 94 25 51 00 00 68 11 04 37 33
357399	161025 172811.366 > 34 37 26 16
357400	161025 172811.558   68 62 94 25 51 00 00 68 d1 01 35 43 16
357401	161025 172811.586 > fe fe fe fe 68 62 94 25 51 00 00 68 11 04 38 33
357402	161025 172811.600 > 34 37 27 16
357403	161025 172811.790   68 62 94 25 51 00 00 68 d1 01 35 43 16
357404	161025 172811.826 > fe fe fe fe 68 62 94 25 51 00 00 68 11 04 39 33
357405	161025 172811.845 > 34 37 28 16
357406	161025 172812.060   68 62 94 25 51 00 00 68 d1 01 35 43 16
357407	161025 172812.096 > fe fe fe fe 68 62 94 25 51 00 00 68 11 04 3a 33
357408	161025 172812.108 > 34 37 29 16
357409	161025 172812.304   68 62 94 25 51 00 00 68 d1 01 35 43 16
357410	161025 172812.346 > fe fe fe fe 68 62 94 25 51 00 00 68 11 04 3b 33
357411	161025 172812.361 > 34 37 2a 16
357412	161025 172812.561   68 62 94 25 51 00 00 68 d1 01 35 43 16
357413	161025 172812.591 > fe fe fe fe 68 62 94 25 51 00 00 68 11 04 34 32
357414	161025 172812.595 > 34 33 1e 16
357415	161025 172813.072   68 62 94 25 51 00 00 68 91 18 34 32 34 33 33 33
357416	161025 172813.096   33 33 33 33 33 33 33 33 33 33 33 33 33 33 33 33
357417	161025 172813.109   33 33 ae 16
357418	161025 172813.141 > fe fe fe fe 68 62 94 25 51 00 00 68 11 04 34 32
357419	161025 172813.153 > 35 33 1f 16
357420	161025 172813.454   68 62 94 25 51 00 00 68 91 18 34 32 35 33 33 33
357421	161025 172813.456   33 33 33 33 33 33 33 33 33 33 33 33 33 33 33 33
357422	161025 172813.459   33 33 af 16
357423	161025 172813.497 > fe fe fe fe 68 62 94 25 51 00 00 68 11 04 34 32
357424	161025 172813.500 > 36 33 20 16
357425	161025 172813.803   68 62 94 25 51 00 00 68 91 18 34 32 36 33 33 33
357426	161025 172813.806   33 33 33 33 33 33 33 33 33 33 33 33 33 33 33 33
357427	161025 172813.809   33 33 b0 16
357428	161025 172813.836 > fe fe fe fe 68 62 94 25 51 00 00 68 11 04 34 32
357429	161025 172813.838 > 37 33 21 16
357430	161025 172814.142   68 62 94 25 51 00 00 68 91 18 34 32 37 33 33 33
357431	161025 172814.150   33 33 33 33 33 33 33 33 33 33 33 33 33 33 33 33
357432	161025 172814.158   33 33 b1 16
357433	161025 172814.191 > fe fe fe fe 68 62 94 25 51 00 00 68 11 04 34 32
357434	161025 172814.200 > 38 33 22 16
357435	161025 172814.503   68 62 94 25 51 00 00 68 91 18 34 32 38 33 33 33
357436	161025 172814.506   33 33 33 33 33 33 33 33 33 33 33 33 33 33 33 33
357437	161025 172814.508   33 33 b2 16
357438	161025 172814.535 > fe fe fe fe 68 62 94 25 51 00 00 68 11 04 34 32
357439	161025 172814.538 > 3b 33 25 16
357440	161025 172814.965   68 62 94 25 51 00 00 68 91 18 34 32 3b 33 33 33
357441	161025 172814.975   33 33 33 33 33 33 33 33 33 33 33 33 33 33 33 33
357442	161025 172814.998   33 33 b5 16
357443	161025 172815.026 > fe fe fe fe 68 62 94 25 51 00 00 68 11 04 34 32
357444	161025 172815.034 > 39 33 23 16
357445	161025 172815.340   68 62 94 25 51 00 00 68 91 18 34 32 39 33 33 33
357446	161025 172815.342   33 33 33 33 33 33 33 33 33 33 33 33 33 33 33 33
357447	161025 172815.345   33 33 b3 16
357448	161025 172815.391 > fe fe fe fe 68 62 94 25 51 00 00 68 11 04 34 32
357449	161025 172815.400 > 3a 33 24 16
357450	161025 172815.704   68 62 94 25 51 00 00 68 91 18 34 32 3a 33 33 33
357451	161025 172815.706   33 33 33 33 33 33 33 33 33 33 33 33 33 33 33 33
357452	161025 172815.709   33 33 b4 16
357453	161025 172815.736 > fe fe fe fe 68 62 94 25 51 00 00 68 11 04 34 32
357454	161025 172815.743 > 34 34 1f 16
357455	161025 172816.254   68 62 94 25 51 00 00 68 91 2c 34 32 34 34 3b 36
357456	161025 172816.257   33 39 3c 3a 3c 49 33 33 33 33 33 33 33 33 33 33
357457	161025 172816.277   33 33 33 33 33 33 33 33 33 33 33 33 33 33 33 33
357458	161025 172816.296   33 33 33 33 33 33 ff 16
357459	161025 172816.346 > fe fe fe fe 68 62 94 25 51 00 00 68 11 04 34 32
357460	161025 172816.355 > 35 34 20 16
357461	161025 172816.806   68 62 94 25 51 00 00 68 91 2c 34 32 35 34 33 33
357462	161025 172816.821   33 33 33 34 34 33 33 33 33 33 33 33 33 33 33 33
357463	161025 172816.835   33 33 33 33 33 33 33 33 33 33 33 33 33 33 33 33
357464	161025 172816.837   33 33 33 33 33 33 c2 16
357465	161025 172816.865 > fe fe fe fe 68 62 94 25 51 00 00 68 11 04 34 32
357466	161025 172816.888 > 34 34 1f 16
357467	161025 172817.313   68 62 94 25 51 00 00 68 91 2c 34 32 34 34 3b 36
357468	161025 172817.315   33 39 3c 3a 3c 49 33 33 33 33 33 33 33 33 33 33
357469	161025 172817.323   33 33 33 33 33 33 33 33 33 33 33 33 33 33 33 f3
357470	161025 172817.351 > fe fe fe fe 68 62 94 25 51 00 00 68 11 04 34 32
357471	161025 172817.358 > 35 34 20 16
357472	timeout
357473	161025 172820.471 > fe fe fe fe 68 62 94 25 51 00 00 68 11 04 34 32
357474	161025 172820.478 > 35 34 20 16
357475	161025 172820.917   68 62 94 25 51 00 00 68 91 2c 34 32 35 34 33 33
357476	161025 172820.931   33 33 33 34 34 33 33 33 33 33 33 33 33 33 33 33
357477	161025 172820.933   33 33 33 33 33 33 33 33 33 33 33 33 33 33 33 33
357478	161025 172820.936   33 33 33 33 33 33 c2 16
357479	iteration 752
357480	read meter 51259462
357481	161025 172820.981 > fe fe fe fe 68 62 94 25 51 00 00 68 11 04 34 38
357482	161025 172820.984 > 33 37 27 16
357483	161025 172821.256   68 62 94 25 51 00 00 68 91 06 34 38 33 37 5b 33
357484	161025 172821.259   37 16
357485	161025 172821.286 > fe fe fe fe 68 62 94 25 51 00 00 68 11 04 33 33
357486	161025 172821.289 > 34 33 1e 16
357487	161025 172821.527   68 62 94 25 51 00 00 68 91 08 33 33 34 33 3c 33
357488	161025 172821.534   33 33 77 16
357489	161025 172821.571 > fe fe fe fe 68 62 94 25 51 00 00 68 11 04 33 34
357490	161025 172821.578 > 34 33 1f 16
357491	161025 172821.809   68 62 94 25 51 00 00 68 91 08 33 34 34 33 34 33
357492	161025 172821.811   33 33 70 16
357493	161025 172821.861 > fe fe fe fe 68 62 94 25 51 00 00 68 11 04 33 35
357494	161025 172821.869 > 34 33 20 16
357495	161025 172822.099   68 62 94 25 51 00 00 68 91 08 33 35 34 33 37 33
357496	161025 172822.107   33 33 74 16
357497	161025 172822.135 > fe fe fe fe 68 62 94 25 51 00 00 68 11 04 33 36
357498	161025 172822.143 > 34 33 21 16
357499	161025 172822.371   68 62 94 25 51 00 00 68 91 08 33 36 34 33 37 33
357500	161025 172822.380   33 33 75 16
357501	161025 172822.415 > fe fe fe fe 68 62 94 25 51 00 00 68 11 04 33 37
357502	161025 172822.423 > 34 33 22 16
357503	161025 172822.605   68 62 94 25 51 00 00 68 d1 01 35 43 16
357504	161025 172822.646 > fe fe fe fe 68 62 94 25 51 00 00 68 11 04 33 33
357505	161025 172822.654 > 35 33 1f 16
357506	161025 172822.893   68 62 94 25 51 00 00 68 91 08 33 33 35 33 33 33
357507	161025 172822.897   33 33 6f 16
357508	161025 172822.941 > fe fe fe fe 68 62 94 25 51 00 00 68 11 04 33 34
357509	161025 172822.949 > 35 33 20 16
357510	161025 172823.207   68 62 94 25 51 00 00 68 91 08 33 34 35 33 33 33
357511	161025 172823.235   33 33 70 16
357512	161025 172823.286 > fe fe fe fe 68 62 94 25 51 00 00 68 11 04 33 35
357513	161025 172823.294 > 35 33 21 16
357514	161025 172823.585   68 62 94 25 51 00 00 68 91 08 33 35 35 33 33 33
357515	161025 172823.604   33 33 71 16
357516	161025 172823.636 > fe fe fe fe 68 62 94 25 51 00 00 68 11 04 33 36
357517	161025 172823.648 > 35 33 22 16
357518	161025 172823.871   68 62 94 25 51 00 00 68 91 08 33 36 35 33 33 33
357519	161025 172823.879   33 33 72 16
357520	161025 172823.911 > fe fe fe fe 68 62 94 25 51 00 00 68 11 04 33 37
357521	161025 172823.923 > 35 33 23 16
357522	161025 172824.115   68 62 94 25 51 00 00 68 d1 01 35 43 16
357523	161025 172824.161 > fe fe fe fe 68 62 94 25 51 00 00 68 11 04 33 33
357524	161025 172824.173 > 36 33 20 16
357525	161025 172824.397   68 62 94 25 51 00 00 68 91 08 33 33 36 33 49 33
357526	161025 172824.410   33 33 86 16
357527	161025 172824.441 > fe fe fe fe 68 62 94 25 51 00 00 68 11 04 33 34
357528	161025 172824.448 > 36 33 21 16
357529	161025 172824.629   68 62 94 25 51 00 00 68 d1 01 35 43 16
357530	161025 172824.661 > fe fe fe fe 68 62 94 25 51 00 00 68 11 04 33 35
357531	161025 172824.669 > 36 33 22 16
357532	161025 172824.851   68 62 94 25 51 00 00 68 d1 01 35 43 16
357533	161025 172824.889 > fe fe fe fe 68 62 94 25 51 00 00 68 11 04 33 36
357534	161025 172824.891 > 36 33 23 16
357535	161025 172825.089   68 62 94 25 51 00 00 68 d1 01 35 43 16
357536	161025 172825.120 > fe fe fe fe 68 62 94 25 51 00 00 68 11 04 33 37
357537	161025 172825.123 > 36 33 24 16
357538	161025 172825.310   68 62 94 25 51 00 00 68 d1 01 35 43 16
357539	161025 172825.341 > fe fe fe fe 68 62 94 25 51 00 00 68 11 04 33 33
357540	161025 172825.349 > 37 33 21 16
357541	161025 172825.625   68 62 94 25 51 00 00 68 91 08 33 33 37 33 33 33
357542	161025 172825.649   33 33 71 16
357543	161025 172825.681 > fe fe fe fe 68 62 94 25 51 00 00 68 11 04 33 34
357544	161025 172825.692 > 37 33 22 16
357545	161025 172825.898   68 62 94 25 51 00 00 68 d1 01 35 43 16
357546	161025 172825.926 > fe fe fe fe 68 62 94 25 51 00 00 68 11 04 33 35
357547	161025 172825.941 > 37 33 23 16
357548	161025 172826.193   68 62 94 25 51 00 00 68 d1 01 35 43 16
357549	161025 172826.241 > fe fe fe fe 68 62 94 25 51 00 00 68 11 04 33 36
357550	161025 172826.258 > 37 33 24 16
357551	161025 172826.456   68 62 94 25 51 00 00 68 d1 01 35 43 16
357552	161025 172826.496 > fe fe fe fe 68 62 94 25 51 00 00 68 11 04 33 37
357553	161025 172826.504 > 37 33 25 16
357554	161025 172826.701   68 62 94 25 51 00 00 68 d1 01 35 43 16
357555	161025 172826.736 > fe fe fe fe 68 62 94 25 51 00 00 68 11 04 33 33
357556	161025 172826.741 > 38 33 22 16
357557	161025 172826.989   68 62 94 25 51 00 00 68 91 08 33 33 38 33 49 33
357558	161025 172826.992   33 33 88 16
357559	161025 172827.031 > fe fe fe fe 68 62 94 25 51 00 00 68 11 04 33 34
357560	161025 172827.040 > 38 33 23 16
357561	161025 172827.224   68 62 94 25 51 00 00 68 d1 01 35 43 16
357562	161025 172827.251 > fe fe fe fe 68 62 94 25 51 00 00 68 11 04 33 35
357563	161025 172827.259 > 38 33 24 16
357564	161025 172827.445   68 62 94 25 51 00 00 68 d1 01 35 43 16
357565	161025 172827.491 > fe fe fe fe 68 62 94 25 51 00 00 68 11 04 33 36
357566	161025 172827.510 > 38 33 25 16
357567	161025 172827.696   68 62 94 25 51 00 00 68 d1 01 35 43 16
357568	161025 172827.725 > fe fe fe fe 68 62 94 25 51 00 00 68 11 04 33 37
357569	161025 172827.733 > 38 33 26 16
357570	161025 172827.919   68 62 94 25 51 00 00 68 d1 01 35 43 16
357571	161025 172827.991 > fe fe fe fe 68 62 94 25 51 00 00 68 11 04 33 33
357572	161025 172828.011 > 3b 33 25 16
