391179	161025 181618.782   38 4f 16
391180	161025 181618.809 > fe fe fe fe 68 62 94 25 51 00 00 68 11 04 3d 37
391181	161025 181618.817 > 33 37 2f 16
391182	161025 181619.098   68 62 94 25 51 00 00 68 91 07 3d 37 33 37 33 33
391183	161025 181619.100   38 50 16
391184	161025 181619.149 > fe fe fe fe 68 62 94 25 51 00 00 68 11 04 33 33
391185	161025 181619.172 > 34 37 22 16
391186	161025 181619.401   68 62 94 25 51 00 00 68 d1 01 35 43 16
391187	161025 181619.443 > fe fe fe fe 68 62 94 25 51 00 00 68 11 04 34 33
391188	161025 181619.450 > 34 37 23 16
391189	161025 181619.682   68 62 94 25 51 00 00 68 d1 01 35 43 16
391190	161025 181619.715 > fe fe fe fe 68 62 94 25 51 00 00 68 11 04 35 33
391191	161025 181619.724 > 34 37 24 16
391192	161025 181619.921   68 62 94 25 51 00 00 68 d1 01 35 43 16
391193	161025 181619.955 > fe fe fe fe 68 62 94 25 51 00 00 68 11 04 36 33
391194	161025 181619.964 > 34 37 25 16
391195	161025 181620.145   68 62 94 25 51 00 00 68 d1 01 35 43 16
391196	161025 181620.180 > fe fe fe fe 68 62 94 25 51 00 00 68 11 04 37 33
391197	161025 181620.197 > 34 37 26 16
391198	161025 181620.447   68 62 94 25 51 00 00 68 d1 01 35 43 16
391199	161025 181620.485 > fe fe fe fe 68 62 94 25 51 00 00 68 11 04 38 33
391200	161025 181620.494 > 34 37 27 16
391201	161025 181620.680   68 62 94 25 51 00 00 68 d1 01 35 43 16
391202	161025 181620.720 > fe fe fe fe 68 62 94 25 51 00 00 68 11 04 39 33
391203	161025 181620.733 > 34 37 28 16
391204	161025 181620.915   68 62 94 25 51 00 00 68 d1 01 35 43 16
391205	161025 181620.950 > fe fe fe fe 68 62 94 25 51 00 00 68 11 04 3a 33
391206	161025 181620.963 > 34 37 29 16
391207	161025 181621.146   68 62 94 25 51 00 00 68 d1 01 35 43 16
391208	161025 181621.175 > fe fe fe fe 68 62 94 25 51 00 00 68 11 04 3b 33
391209	161025 181621.178 > 34 37 2a 16
391210	161025 181621.414   68 62 94 25 51 00 00 68 d1 01 35 43 16
391211	161025 181621.444 > fe fe fe fe 68 62 94 25 51 00 00 68 11 04 34 32
391212	161025 181621.452 > 34 33 1e 16
391213	161025 181621.778   68 62 94 25 51 00 00 68 91 18 34 32 34 33 33 33
391214	161025 181621.780   33 33 33 33 33 33 33 33 33 33 33 33 33 33 33 33
391215	161025 181621.799   33 33 ae 16
391216	161025 181621.830 > fe fe fe fe 68 62 94 25 51 00 00 68 11 04 34 32
391217	161025 181621.836 > 35 33 1f 16
391218	161025 181622.156   68 62 94 25 51 00 00 68 91 18 34 32 35 33 33 33
391219	161025 181622.173   33 33 33 33 33 33 33 33 33 33 33 33 33 33 33 33
391220	161025 181622.193   33 33 af 16
391221	161025 181622.225 > fe fe fe fe 68 62 94 25 51 00 00 68 11 04 34 32
391222	161025 181622.234 > 36 33 20 16
391223	161025 181622.608   68 62 94 25 51 00 00 68 91 18 34 32 36 33 33 33
391224	161025 181622.621   33 33 33 33 33 33 33 33 33 33 33 33 33 33 33 33
391225	161025 181622.624   33 33 b0 16
391226	161025 181622.654 > fe fe fe fe 68 62 94 25 51 00 00 68 11 04 34 32
391227	161025 181622.662 > 37 33 21 16
391228	161025 181623.036   68 62 94 25 51 00 00 68 91 18 34 32 37 33 33 33
391229	161025 181623.053   33 33 33 33 33 33 33 33 33 33 33 33 33 33 33 33
391230	161025 181623.057   33 33 b1 16
391231	161025 181623.084 > fe fe fe fe 68 62 94 25 51 00 00 68 11 04 34 32
391232	161025 181623.102 > 38 33 22 16
391233	161025 181623.523   68 62 94 25 51 00 00 68 91 18 34 32 38 33 33 33
391234	161025 181623.526   33 33 33 33 33 33 33 33 33 33 33 33 33 33 33 33
391235	161025 181623.564   33 33 b2 16
391236	161025 181623.619 > fe fe fe fe 68 62 94 25 51 00 00 68 11 04 34 32
391237	161025 181623.642 > 3b 33 25 16
391238	161025 181624.075   68 62 94 25 51 00 00 68 91 18 34 32 3b 33 33 33
391239	161025 181624.098   33 33 33 33 33 33 33 33 33 33 33 33 33 33 33 33
391240	161025 181624.122   33 33 b5 16
391241	161025 181624.149 > fe fe fe fe 68 62 94 25 51 00 00 68 11 04 34 32
391242	161025 181624.162 > 39 33 23 16
391243	161025 181624.534   68 62 94 25 51 00 00 68 91 18 34 32 39 33 33 33
391244	161025 181624.539   33 33 33 33 33 33 33 33 33 33 33 33 33 33 33 33
391245	161025 181624.562   33 33 b3 16
391246	161025 181624.590 > fe fe fe fe 68 62 94 25 51 00 00 68 11 04 34 32
391247	161025 181624.604 > 3a 33 24 16
391248	161025 181624.943   68 62 94 25 51 00 00 68 91 18 34 32 3a 33 33 33
391249	161025 181624.946   33 33 33 33 33 33 33 33 33 33 33 33 33 33 33 33
391250	161025 181624.963   33 33 b4 16
391251	161025 181625.015 > fe fe fe fe 68 62 94 25 51 00 00 68 11 04 34 32
391252	161025 181625.025 > 34 34 1f 16
391253	161025 181625.435   68 62 94 25 51 00 00 68 91 2c 34 32 34 34 3b 36
391254	161025 181625.451   33 39 3c 3a 3c 49 33 33 33 33 33 33 33 33 33 33
391255	161025 181625.453   33 33 33 33 33 33 33 33 33 33 33 33 33 33 33 33
391256	161025 181625.461   33 33 33 33 33 33 ff 16
391257	161025 181625.490 > fe fe fe fe 68 62 94 25 51 00 00 68 11 04 34 32
391258	161025 181625.495 > 35 34 20 16
391259	161025 181625.953   68 62 94 25 51 00 00 68 91 2c 34 32 35 34 33 33
391260	161025 181625.955   33 33 33 34 34 33 33 33 33 33 33 33 33 33 33 33
391261	161025 181625.973   33 33 33 33 33 33 33 33 33 33 33 33 33 33 33 33
391262	161025 181625.976   33 33 33 33 33 33 c2 16
391263	161025 181626.025 > fe fe fe fe 68 62 94 25 51 00 00 68 11 04 34 32
391264	161025 181626.033 > 34 34 1f 16
391265	161025 181626.467   68 62 94 25 51 00 00 68 91 2c 34 32 34 34 3b 36
391266	161025 181626.469   33 39 3c 3a 3c 49 33 33 33 33 33 33 33 33 33 33
391267	161025 181626.482   33 33 33 33 33 33 33 33 33 33 33 33 33 33 33 33
391268	161025 181626.484   33 33 33 33 33 33 ff 16
391269	161025 181626.520 > fe fe fe fe 68 62 94 25 51 00 00 68 11 04 34 32
391270	161025 181626.527 > 35 34 20 16
391271	161025 181626.928   68 62 94 25 51 00 00 68 91 2c 34 32 35 34 33 33
391272	161025 181626.931   33 33 33 34 34 33 33 33 33 33 33 33 33 33 33 33
391273	161025 181626.934   33 33 33 33 33 33 33 33 33 33 33 33 33 33 33 33
391274	161025 181626.938   33 33 33 33 33 33 c2 16
391275	iteration 823
391276	read meter 51259462
391277	161025 181626.970 > fe fe fe fe 68 62 94 25 51 00 00 68 11 04 34 38
391278	161025 181626.974 > 33 37 27 16
391279	timeout
391280	161025 181630.085 > fe fe fe fe 68 62 94 25 51 00 00 68 11 04 34 38
391281	161025 181630.088 > 33 37 27 16
391282	161025 181630.348   68 62 94 25 51 00 00 68 91 06 34 38 33 37 5b 33
391283	161025 181630.351   37 16
391284	161025 181630.381 > fe fe fe fe 68 62 94 25 51 00 00 68 11 04 33 33
391285	161025 181630.408 > 34 33 1e 16
391286	161025 181630.660   68 62 94 25 51 00 00 68 91 08 33 33 34 33 3c 33
391287	161025 181630.678   33 33 77 16
391288	161025 181630.724 > fe fe fe fe 68 62 94 25 51 00 00 68 11 04 33 34
391289	161025 181630.734 > 34 33 1f 16
391290	161025 181630.994   68 62 94 25 51 00 00 68 91 08 33 34 34 33 34 33
391291	161025 181631.016   33 33 70 16
391292	161025 181631.044 > fe fe fe fe 68 62 94 25 51 00 00 68 11 04 33 35
391293	161025 181631.060 > 34 33 20 16
391294	161025 181631.356   68 62 94 25 51 00 00 68 91 08 33 35 34 33 37 33
391295	161025 181631.364   33 33 74 16
391296	161025 181631.415 > fe fe fe fe 68 62 94 25 51 00 00 68 11 04 33 36
391297	161025 181631.419 > 34 33 21 16
391298	161025 181631.644   68 62 94 25 51 00 00 68 91 08 33 36 34 33 37 33
391299	161025 181631.652   33 33 75 16
391300	161025 181631.679 > fe fe fe fe 68 62 94 25 51 00 00 68 11 04 33 37
391301	161025 181631.687 > 34 33 22 16
391302	161025 181631.879   68 62 94 25 51 00 00 68 d1 01 35 43 16
391303	161025 181631.910 > fe fe fe fe 68 62 94 25 51 00 00 68 11 04 33 33
391304	161025 181631.916 > 35 33 1f 16
391305	161025 181632.156   68 62 94 25 51 00 00 68 91 08 33 33 35 33 33 33
391306	161025 181632.161   33 33 6f 16
391307	161025 181632.195 > fe fe fe fe 68 62 94 25 51 00 00 68 11 04 33 34
391308	161025 181632.200 > 35 33 20 16
391309	161025 181632.487   68 62 94 25 51 00 00 68 91 08 33 34 35 33 33 33
391310	161025 181632.490   33 33 70 16
391311	161025 181632.535 > fe fe fe fe 68 62 94 25 51 00 00 68 11 04 33 35
391312	161025 181632.542 > 35 33 21 16
391313	161025 181632.793   68 62 94 25 51 00 00 68 91 08 33 35 35 33 33 33
391314	161025 181632.795   33 33 71 16
391315	161025 181632.834 > fe fe fe fe 68 62 94 25 51 00 00 68 11 04 33 36
391316	161025 181632.849 > 35 33 22 16
391317	161025 181633.118   68 62 94 25 51 00 00 68 91 08 33 36 35 33 33 33
391318	161025 181633.120   33 33 72 16
391319	161025 181633.155 > fe fe fe fe 68 62 94 25 51 00 00 68 11 04 33 37
391320	161025 181633.158 > 35 33 23 16
391321	161025 181633.364   68 62 94 25 51 00 00 68 d1 01 35 43 16
391322	161025 181633.399 > fe fe fe fe 68 62 94 25 51 00 00 68 11 04 33 33
391323	161025 181633.422 > 36 33 20 16
391324	161025 181633.649   68 62 94 25 51 00 00 68 91 08 33 33 36 33 49 33
391325	161025 181633.652   33 33 86 16
391326	161025 181633.684 > fe fe fe fe 68 62 94 25 51 00 00 68 11 04 33 34
391327	161025 181633.690 > 36 33 21 16
391328	161025 181633.876   68 62 94 25 51 00 00 68 d1 01 35 43 16
391329	161025 181633.905 > fe fe fe fe 68 62 94 25 51 00 00 68 11 04 33 35
391330	161025 181633.908 > 36 33 22 16
391331	161025 181634.153   68 62 94 25 51 00 00 68 d1 01 35 43 16
391332	161025 181634.185 > fe fe fe fe 68 62 94 25 51 00 00 68 11 04 33 36
391333	161025 181634.192 > 36 33 23 16
391334	161025 181634.404   68 62 94 25 51 00 00 68 d1 01 35 43 16
391335	161025 181634.454 > fe fe fe fe 68 62 94 25 51 00 00 68 11 04 33 37
391336	161025 181634.467 > 36 33 24 16
391337	161025 181634.651   68 62 94 25 51 00 00 68 d1 01 35 43 16
391338	161025 181634.684 > fe fe fe fe 68 62 94 25 51 00 00 68 11 04 33 33
391339	161025 181634.697 > 37 33 21 16
391340	161025 181634.924   68 62 94 25 51 00 00 68 91 08 33 33 37 33 33 33
391341	161025 181634.948   33 33 71 16
391342	161025 181634.994 > fe fe fe fe 68 62 94 25 51 00 00 68 11 04 33 34
391343	161025 181634.998 > 37 33 22 16
391344	161025 181635.192   68 62 94 25 51 00 00 68 d1 01 35 43 16
391345	161025 181635.219 > fe fe fe fe 68 62 94 25 51 00 00 68 11 04 33 35
391346	161025 181635.231 > 37 33 23 16
391347	161025 181635.415   68 62 94 25 51 00 00 68 d1 01 35 43 16
391348	161025 181635.444 > fe fe fe fe 68 62 94 25 51 00 00 68 11 04 33 36
391349	161025 181635.463 > 37 33 24 16
391350	161025 181635.705   68 62 94 25 51 00 00 68 d1 01 35 43 16
391351	161025 181635.765 > fe fe fe fe 68 62 94 25 51 00 00 68 11 04 33 37
391352	161025 181635.783 > 37 33 25 16
391353	161025 181635.993   68 62 94 25 51 00 00 68 d1 01 35 43 16
391354	161025 181636.044 > fe fe fe fe 68 62 94 25 51 00 00 68 11 04 33 33
391355	161025 181636.056 > 38 33 22 16
391356	161025 181636.304   68 62 94 25 51 00 00 68 91 08 33 33 38 33 49 33
391357	161025 181636.317   33 33 88 16
391358	161025 181636.345 > fe fe fe fe 68 62 94 25 51 00 00 68 11 04 33 34
391359	161025 181636.350 > 38 33 23 16
391360	161025 181636.539   68 62 94 25 51 00 00 68 d1 01 35 43 16
391361	161025 181636.570 > fe fe fe fe 68 62 94 25 51 00 00 68 11 04 33 35
391362	161025 181636.586 > 38 33 24 16
391363	161025 181636.821   68 62 94 25 51 00 00 68 d1 01 35 43 16
391364	161025 181636.860 > fe fe fe fe 68 62 94 25 51 00 00 68 11 04 33 36
391365	161025 181636.863 > 38 33 25 16
391366	161025 181637.081   68 62 94 25 51 00 00 68 d1 01 35 43 16
391367	161025 181637.124 > fe fe fe fe 68 62 94 25 51 00 00 68 11 04 33 37
391368	161025 181637.137 > 38 33 26 16
391369	161025 181637.320   68 62 94 25 51 00 00 68 d1 01 35 43 16
391370	161025 181637.359 > fe fe fe fe 68 62 94 25 51 00 00 68 11 04 33 33
391371	161025 181637.377 > 3b 33 25 16
391372	161025 181637.636   68 62 94 25 51 00 00 68 91 08 33 33 3b 33 33 33
391373	161025 181637.649   33 33 75 16
391374	161025 181637.679 > fe fe fe fe 68 62 94 25 51 00 00 68 11 04 33 34
391375	161025 181637.692 > 3b 33 26 16
391376	161025 181637.920   68 62 94 25 51 00 00 68 d1 01 35 43 16
391377	161025 181637.970 > fe fe fe fe 68 62 94 25 51 00 00 68 11 04 33 35
391378	161025 181638.002 > 3b 33 27 16
391379	161025 181638.220   68 62 94 25 51 00 00 68 d1 01 35 43 16
