1208795	161025 172812.545 < 00000600 81000414 00000000 000006C6  ................ 
1208796	161025 172812.545 < 14000000 00000000 00140000 00000000  ................ 
1208797	161025 172812.545 < 0B8F1400 00000000 00000205 0000025E  ...............^ 
1208798	161025 172812.545 < 05000000 00050000 00000500 00088305  ................ 
1208799	161025 172812.546 < 00000000 05000000 00020C09 0C07E00A  ................ 
1208800	161025 172812.546 < 1902110F 00FF8000 00060081 00041400  ................ 
1208801	161025 172812.546 < 00000000 0006D714 00000000 00000000  ................ 
1208802	161025 172812.546 < 14000000 0000000B ACDD197E           ...........~     
1208803	161025 172812.547 recved frame: I * N(R)=6 N(S)=7 Info=222 S
1208804	161025 172812.547 sending frame: RR N(R)=0
1208805	161025 172812.554 > 7EA00A00 02A2BD61 114D927E           ~......a.M.~     
1208806	161025 172812.673 < 7EA03361 0002A2BD D05DDC14 00000000  ~.3a.....]...... 
1208807	161025 172812.673 < 00000002 05000002 62050000 00000500  ........b....... 
1208808	161025 172812.673 < 00000005 0000088E 05000000 00050000  ................ 
1208809	161025 172812.673 < 0000EAF1 7E                          ....~            
1208810	161025 172812.674 recved frame: I * N(R)=6 N(S)=0 Info=39
1208811	161025 172812.675 profile row 0: 2016-10-25 15:30:00
1208812	161025 172812.676 profile row 1: 2016-10-25 15:45:00
1208813	161025 172812.676 profile row 2: 2016-10-25 16:00:00
1208814	161025 172812.677 profile row 3: 2016-10-25 16:15:00
1208815	161025 172812.683 profile row 4: 2016-10-25 16:30:00
1208816	161025 172812.684 profile row 5: 2016-10-25 16:45:00
1208817	161025 172812.686 profile row 6: 2016-10-25 17:00:00
1208818	161025 172812.693 profile row 7: 2016-10-25 17:15:00
1208819	161025 172812.788 keepalive stopped
1208820	161025 172812.879 read profile buf [2016-10-25 17:15:01, 2016-10-25 17:28:00]
1208821	161025 172812.883 sending frame: I N(R)=1 N(S)=6 Info=59
1208822	161025 172812.887 > 7EA04700 02A2BD61 3CE381E6 E6000501  ~.G....a<....... 
1208823	161025 172812.905 > 04627801 02040204 12000809 06000001  .bx............. 
1208824	161025 172812.913 > 0000FF0F 02120000 090C07E0 0A19FF11  ................ 
1208825	161025 172812.914 > 0F010080 0000090C 07E00A19 FF111C00  ................ 
1208826	161025 172812.915 > 00800000 0100D06B 7E                 .......k~        
1208827	161025 172813.068 < 7EA01461 0002A2BD F2D67AE6 E7000C01  ~..a......z..... 
1208828	161025 172813.068 < 000100F9 F17E                        .....~           
1208829	161025 172813.068 recved frame: I * N(R)=7 N(S)=1 Info=8
1208830	161025 172813.078 keepalive stopped
1208831	161025 172813.079 [ERR] profile 0.0.98.133.61.255 not found in server
1208832	161025 172813.079 [ERR] profile 0.0.98.133.62.255 not found in server
1208833	161025 172813.080 [ERR] profile 0.0.98.133.63.255 not found in server
1208834	161025 172813.080 [ERR] profile 0.0.98.133.64.255 not found in server
1208835	161025 172813.081 69 mp's use dummy acquisition
1208836	161025 172813.083 keepalive stopped
1208837	161025 172813.227 profile 1.0.99.98.0.255 period=0, objs_num=6, sort_method=1 entries_in_use=0, entries=0
1208838	161025 172813.230 start read event log
1208839	161025 172813.232 profile read max step=0:56.00
1208840	161025 172813.233 read profile buf [2016-10-25 16:28:01, 2016-10-25 17:24:00]
1208841	161025 172813.234 sending frame: I N(R)=2 N(S)=7 Info=59
1208842	161025 172813.234 > 7EA04700 02A2BD61 5EF7C1E6 E6000501  ~.G....a^....... 
1208843	161025 172813.235 > 0460E801 02040204 12000809 06000001  .`.............. 
1208844	161025 172813.236 > 0000FF0F 02120000 090C07E0 0A19FF10  ................ 
1208845	161025 172813.236 > 1C010080 0000090C 07E00A19 FF111800  ................ 
1208846	161025 172813.236 > 00800000 01001586 7E                 ........~        
1208847	161025 172813.433 < 7EA01461 0002A2BD 14EEF8E6 E7000C01  ~..a............ 
1208848	161025 172813.433 < 000100F9 F17E                        .....~           
1208849	161025 172813.433 recved frame: I * N(R)=0 N(S)=2 Info=8
1208850	161025 172813.438 keepalive stopped
1208851	161025 172813.439 read profile buf [2016-10-25 17:24:01, 2016-10-25 17:28:00]
1208852	161025 172813.439 sending frame: I N(R)=3 N(S)=0 Info=59
1208853	161025 172813.440 > 7EA04700 02A2BD61 708B09E6 E6000501  ~.G....ap....... 
1208854	161025 172813.440 > 0460E801 02040204 12000809 06000001  .`.............. 
1208855	161025 172813.441 > 0000FF0F 02120000 090C07E0 0A19FF11  ................ 
1208856	161025 172813.441 > 18010080 0000090C 07E00A19 FF111C00  ................ 
1208857	161025 172813.441 > 00800000 010054AC 7E                 ......T.~        
1208858	161025 172813.628 < 7EA01461 0002A2BD 36FEFAE6 E7000C01  ~..a....6....... 
1208859	161025 172813.628 < 000100F9 F17E                        .....~           
1208860	161025 172813.628 recved frame: I * N(R)=1 N(S)=3 Info=8
1208861	161025 172813.631 keepalive stopped
1208862	161025 172813.631 sending frame: DISC
1208863	161025 172813.632 > 7EA00A00 02A2BD61 535BF37E           ~......aS[.~     
1208864	161025 172813.738 < 7EA02161 0002A2BD 73BEC981 80120501  ~.!a....s....... 
1208865	161025 172813.738 < F806013E 07040000 00010804 00000001  ...>............ 
1208866	161025 172813.738 < 480E7E                               H.~              
1208867	161025 172813.738 recved frame: UA * Info=21
1208868	161025 172813.738 hdlc disconnected
1208869	161025 172814.743 closed /dev/tts9 tx=550/14 rx=1118/14, recv_delay=1.415s, send_delay=0.000s
1208870	iteration 3949
1208871	161025 172815.440 com=10 meter=3 baud=13 acqtime=2016-10-25 17:28:00
1208872	161025 172816.159 opened (3)/dev/tts9 8N1 9600 tx_ipg=24984, rx_ipg=24984 (DTR|RTS|CTS|CAR|RNG)
1208873	161025 172816.235 sending frame: SNRM Info=23
1208874	161025 172816.237 > 7EA02300 02A2BD61 93ED1781 80140502  ~.#....a........ 
1208875	161025 172816.238 > 07F00602 07F00704 00000001 08040000  ................ 
1208876	161025 172816.239 > 00015856 7E                          ..XV~            
1208877	161025 172816.368 < 7EA02161 0002A2BD 73BEC981 80120501  ~.!a....s....... 
1208878	161025 172816.368 < F806013E 07040000 00010804 00000001  ...>............ 
1208879	161025 172816.368 < 480E7E                               H.~              
1208880	161025 172816.369 recved frame: UA * Info=21
1208881	161025 172816.369 negotiated mtu tx/rx = 79/2049
1208882	161025 172816.369 hdlc connected
1208883	161025 172816.371 sending frame: I N(R)=0 N(S)=0 Info=54
1208884	161025 172816.372 > 7EA04200 02A2BD61 102E9AE6 E6006031  ~.B....a......`1 
1208885	161025 172816.372 > 80020780 A1090607 60857405 0801028A  ........`.t..... 
1208886	161025 172816.385 > 0207808B 07608574 05080202 AC028000  .....`.t........ 
1208887	161025 172816.388 > BE0F040D 01000000 065F0400 FFFFFF00  ........._...... 
1208888	161025 172816.390 > 00BC7F7E                             ...~             
1208889	161025 172824.398 [WARNING] seri_phy recv timeout
1208890	161025 172824.398 [WARNING] rx_outstanding timeout: vr=0, vs=1
1208891	161025 172824.398 sending frame: RR N(R)=0
1208892	161025 172824.399 > 7EA00A00 02A2BD61 114D927E           ~......a.M.~     
1208893	161025 172824.478 < 7EA00A61 0002A2BD 1FD5757E           ~..a......u~     
1208894	161025 172824.478 recved frame: DM *
1208895	161025 172824.478 [WARNING] recved DM in rx_outstanding state
1208896	161025 172825.483 closed /dev/tts9 tx=117/3 rx=47/2, recv_delay=8.145s, send_delay=0.000s
1208897	ERR: xdlms error, exit code = 0
1208898	iteration 3950
1208899	161025 173036.474 com=10 meter=3 baud=13 acqtime=2016-10-25 17:30:00
1208900	161025 173037.631 opened (3)/dev/tts9 8N1 9600 tx_ipg=24984, rx_ipg=24984 (DTR|RTS|CTS|CAR|RNG)
1208901	161025 173037.777 sending frame: SNRM Info=23
1208902	161025 173037.809 > 7EA02300 02A2BD61 93ED1781 80140502  ~.#....a........ 
1208903	161025 173037.810 > 07F00602 07F00704 00000001 08040000  ................ 
1208904	161025 173037.812 > 00015856 7E                          ..XV~            
1208905	161025 173037.909 < 7EA02161 0002A2BD 73BEC981 80120501  ~.!a....s....... 
1208906	161025 173037.909 < F806013E 07040000 00010804 00000001  ...>............ 
1208907	161025 173037.909 < 480E7E                               H.~              
1208908	161025 173037.910 recved frame: UA * Info=21
1208909	161025 173037.910 negotiated mtu tx/rx = 79/2049
1208910	161025 173037.910 hdlc connected
1208911	161025 173037.912 sending frame: I N(R)=0 N(S)=0 Info=54
1208912	161025 173037.913 > 7EA04200 02A2BD61 102E9AE6 E6006031  ~.B....a......`1 
1208913	161025 173037.913 > 80020780 A1090607 60857405 0801028A  ........`.t..... 
1208914	161025 173037.919 > 0207808B 07608574 05080202 AC028000  .....`.t........ 
1208915	161025 173037.922 > BE0F040D 01000000 065F0400 FFFFFF00  ........._...... 
1208916	161025 173037.923 > 00BC7F7E                             ...~             
1208917	161025 173038.159 < 7EA05261 0002A2BD 300300E6 E7006141  ~.Ra....0.....aA 
1208918	161025 173038.159 < A1090607 60857405 080102A2 03020100  ....`.t......... 
1208919	161025 173038.160 < A305A103 02010E88 02078089 07608574  .............`.t 
1208920	161025 173038.160 < 05080202 AA0A8008 41443038 30303030  ........AD080000 
1208921	161025 173038.160 < BE0F040D 0800065F 04001802 200960FA  ......._.... .`. 
1208922	161025 173038.160 < 002F1B7E                             ./.~             
1208923	161025 173038.160 recved frame: I * N(R)=1 N(S)=0 Info=70
1208924	161025 173038.163 AARE: app=(2,16,756,5,8,1,2) asso_result=0 (14) initiate err=0 +auth secu_machanism=(2,16,756,5,8,2,2)
1208925	161025 173038.163 xdlms param: qos=0 ver=6 max_send_pdu=2400, vaa=fa00
1208926	161025 173038.163 sending frame: I N(R)=1 N(S)=1 Info=19
1208927	161025 173038.174 > 7EA01F00 02A2BD61 32BEC4E6 E6000601  ~......a2....... 
1208928	161025 173038.176 > 02FA5801 09084246 33433536 373045DA  ..X...BF3C5670E. 
1208929	161025 173038.177 > 7E                                   ~                
1208930	161025 173038.279 < 7EA01261 0002A2BD 521187E6 E7000D01  ~..a....R....... 
1208931	161025 173038.279 < 0007E47E                             ...~             
1208932	161025 173038.280 recved frame: I * N(R)=2 N(S)=1 Info=6
1208933	161025 173038.280 hls auth ok
1208934	161025 173038.280 read LDN
1208935	161025 173038.280 reading 1 vars, ttl=1
1208936	161025 173038.281 sending frame: I N(R)=2 N(S)=2 Info=8
1208937	161025 173038.281 > 7EA01400 02A2BD61 540CB4E6 E6000501  ~......aT....... 
1208938	161025 173038.281 > 02FD0810 D37E                        .....~           
1208939	161025 173038.404 < 7EA02461 0002A2BD 74A24DE6 E7000C01  ~.$a....t.M..... 
1208940	161025 173038.404 < 0009104C 475A3531 32353934 36320000  ...LGZ51259462.. 
1208941	161025 173038.405 < 0000006B C27E                        ...k.~           
1208942	161025 173038.405 recved frame: I * N(R)=3 N(S)=2 Info=24
1208943	161025 173038.416 keepalive stopped
1208944	161025 173038.502 solve obj names:
1208945	161025 173038.572 read server info
1208946	161025 173038.573 reading 3 vars, ttl=3
1208947	161025 173038.577 sending frame: I N(R)=3 N(S)=3 Info=14
1208948	161025 173038.577 > 7EA01A00 02A2BD61 763D30E6 E6000503  ~......av=0..... 
1208949	161025 173038.577 > 02FF0802 4C580299 F01D067E           ....LX.....~     
1208950	161025 173038.749 < 7EA02C61 0002A2BD 965257E6 E7000C03  ~.,a.....RW..... 
1208951	161025 173038.749 < 000A0348 30340006 0000001A 00090C07  ...H04.......... 
1208952	161025 173038.750 < E00A1303 0A1835FF 8000FF76 487E      ......5....vH~   
1208953	161025 173038.750 recved frame: I * N(R)=4 N(S)=3 Info=32
1208954	161025 173038.751 detected a suspicous clock value, status=0xff
1208955	161025 173038.869 keepalive stopped
1208956	161025 173038.870 ldn: LGZ51259462 ver: H04 vz1: 26 last billing reset: 2016-10-19 10:24:53
1208957	161025 173039.049 server objects info:
1208958	161025 173039.051 mp1  : ln=1.1.1.8.0.255 class=3-0-23-20010
1208959	161025 173039.051 mp2  : ln=1.1.3.8.0.255 class=3-0-23-20010
1208960	161025 173039.053 mp3  : ln=1.1.2.8.0.255 class=3-0-23-20010
1208961	161025 173039.054 mp4  : ln=1.1.4.8.0.255 class=3-0-23-20010
1208962	161025 173039.055 mp5  : ln=1.1.5.8.0.255 class=3-0-23-20010
1208963	161025 173039.055 mp6  : ln=1.1.6.8.0.255 class=3-0-23-20010
1208964	161025 173039.055 mp7  : ln=1.1.7.8.0.255 class=3-0-23-20010
1208965	161025 173039.055 mp8  : ln=1.1.8.8.0.255 class=3-0-23-20010
1208966	161025 173039.055 mp9  : ln=1.1.1.8.1.255 class=3-0-23-20010
1208967	161025 173039.055 mp10 : ln=1.1.1.8.2.255 class=3-0-23-20010
1208968	161025 173039.055 mp11 : ln=1.1.1.8.3.255 class=3-0-23-20010
1208969	161025 173039.056 mp17 : ln=1.1.2.8.1.255 class=3-0-23-20010
1208970	161025 173039.056 mp18 : ln=1.1.2.8.2.255 class=3-0-23-20010
1208971	161025 173039.056 mp19 : ln=1.1.2.8.3.255 class=3-0-23-20010
1208972	161025 173039.056 mp41 : ln=1.1.32.7.0.255 class=3-0-21-20009
1208973	161025 173039.056 mp42 : ln=1.1.52.7.0.255 class=3-0-21-20009
1208974	161025 173039.056 mp43 : ln=1.1.72.7.0.255 class=3-0-21-20009
1208975	161025 173039.056 mp44 : ln=1.1.31.7.0.255 class=3-0-21-20009
1208976	161025 173039.056 mp45 : ln=1.1.51.7.0.255 class=3-0-21-20009
1208977	161025 173039.056 mp46 : ln=1.1.71.7.0.255 class=3-0-21-20009
1208978	161025 173039.057 mp47 : ln=1.1.16.7.0.255 class=3-0-21-20009
1208979	161025 173039.057 mp51 : ln=1.1.131.7.0.255 class=3-0-21-20009
1208980	161025 173039.057 mp59 : ln=1.1.14.7.0.255 class=3-0-21-20009
1208981	161025 173039.057 mp60 : ln=1.1.1.6.0.255 class=4-0-0-20051
1208982	161025 173039.057 mp65 : ln=1.1.2.6.0.255 class=4-0-0-20051
1208983	161025 173039.057 rubish register: ln=0.0.240.10.0.255 class=10620-3
1208984	161025 173039.078 value presentation of mp's:
1208985	161025 173039.079 mp1  : disp (3, 5.3) comm (0) storage (0)
1208986	161025 173039.079 mp2  : disp (3, 5.3) comm (0) storage (0)
1208987	161025 173039.079 mp3  : disp (3, 5.3) comm (0) storage (0)
1208988	161025 173039.079 mp4  : disp (3, 5.3) comm (0) storage (0)
1208989	161025 173039.079 mp5  : disp (3, 5.3) comm (0) storage (0)
1208990	161025 173039.079 mp6  : disp (3, 5.3) comm (0) storage (0)
1208991	161025 173039.080 mp7  : disp (3, 5.3) comm (0) storage (0)
1208992	161025 173039.080 mp8  : disp (3, 5.3) comm (0) storage (0)
1208993	161025 173039.080 mp9  : disp (3, 5.3) comm (0) storage (0)
1208994	161025 173039.080 mp10 : disp (3, 5.3) comm (0) storage (0)
1208995	161025 173039.080 mp11 : disp (3, 5.3) comm (0) storage (0)
