1311066	161025 181625.544 mp8  : disp (3, 5.3) comm (0) storage (0)
1311067	161025 181625.545 mp9  : disp (3, 5.3) comm (0) storage (0)
1311068	161025 181625.547 mp10 : disp (3, 5.3) comm (0) storage (0)
1311069	161025 181625.548 mp11 : disp (3, 5.3) comm (0) storage (0)
1311070	161025 181625.549 mp12 : disp (-128, 0.0 *) comm (-128) storage (-128)
1311071	161025 181625.550 mp13 : disp (-128, 0.0 *) comm (-128) storage (-128)
1311072	161025 181625.551 mp14 : disp (-128, 0.0 *) comm (-128) storage (-128)
1311073	161025 181625.552 mp15 : disp (-128, 0.0 *) comm (-128) storage (-128)
1311074	161025 181625.552 mp16 : disp (-128, 0.0 *) comm (-128) storage (-128)
1311075	161025 181625.552 mp17 : disp (3, 5.3) comm (0) storage (0)
1311076	161025 181625.552 mp18 : disp (3, 5.3) comm (0) storage (0)
1311077	161025 181625.553 mp19 : disp (3, 5.3) comm (0) storage (0)
1311078	161025 181625.553 mp20 : disp (-128, 0.0 *) comm (-128) storage (-128)
1311079	161025 181625.553 mp21 : disp (-128, 0.0 *) comm (-128) storage (-128)
1311080	161025 181625.553 mp22 : disp (-128, 0.0 *) comm (-128) storage (-128)
1311081	161025 181625.553 mp23 : disp (-128, 0.0 *) comm (-128) storage (-128)
1311082	161025 181625.553 mp24 : disp (-128, 0.0 *) comm (-128) storage (-128)
1311083	161025 181625.553 mp25 : disp (-128, 0.0 *) comm (-128) storage (-128)
1311084	161025 181625.553 mp26 : disp (-128, 0.0 *) comm (-128) storage (-128)
1311085	161025 181625.554 mp27 : disp (-128, 0.0 *) comm (-128) storage (-128)
1311086	161025 181625.554 mp28 : disp (-128, 0.0 *) comm (-128) storage (-128)
1311087	161025 181625.554 mp29 : disp (-128, 0.0 *) comm (-128) storage (-128)
1311088	161025 181625.554 mp30 : disp (-128, 0.0 *) comm (-128) storage (-128)
1311089	161025 181625.554 mp31 : disp (-128, 0.0 *) comm (-128) storage (-128)
1311090	161025 181625.554 mp32 : disp (-128, 0.0 *) comm (-128) storage (-128)
1311091	161025 181625.554 mp33 : disp (-128, 0.0 *) comm (-128) storage (-128)
1311092	161025 181625.554 mp34 : disp (-128, 0.0 *) comm (-128) storage (-128)
1311093	161025 181625.555 mp35 : disp (-128, 0.0 *) comm (-128) storage (-128)
1311094	161025 181625.555 mp36 : disp (-128, 0.0 *) comm (-128) storage (-128)
1311095	161025 181625.555 mp37 : disp (-128, 0.0 *) comm (-128) storage (-128)
1311096	161025 181625.555 mp38 : disp (-128, 0.0 *) comm (-128) storage (-128)
1311097	161025 181625.555 mp39 : disp (-128, 0.0 *) comm (-128) storage (-128)
1311098	161025 181625.555 mp40 : disp (-128, 0.0 *) comm (-128) storage (-128)
1311099	161025 181625.555 mp41 : disp (0, 3.1) comm (-1) storage (-1)
1311100	161025 181625.555 mp42 : disp (0, 3.1) comm (-1) storage (-1)
1311101	161025 181625.556 mp43 : disp (0, 3.1) comm (-1) storage (-1)
1311102	161025 181625.556 mp44 : disp (0, 1.3) comm (-3) storage (-3)
1311103	161025 181625.558 mp45 : disp (0, 1.3) comm (-3) storage (-3)
1311104	161025 181625.559 mp46 : disp (0, 1.3) comm (-3) storage (-3)
1311105	161025 181625.561 mp47 : disp (3, 1.3) comm (0) storage (0)
1311106	161025 181625.562 mp48 : disp (-128, 0.0 *) comm (-128) storage (-128)
1311107	161025 181625.563 mp49 : disp (-128, 0.0 *) comm (-128) storage (-128)
1311108	161025 181625.564 mp50 : disp (-128, 0.0 *) comm (-128) storage (-128)
1311109	161025 181625.566 mp51 : disp (3, 1.3) comm (0) storage (0)
1311110	161025 181625.567 mp52 : disp (-128, 0.0 *) comm (-128) storage (-128)
1311111	161025 181625.570 mp53 : disp (-128, 0.0 *) comm (-128) storage (-128)
1311112	161025 181625.571 mp54 : disp (-128, 0.0 *) comm (-128) storage (-128)
1311113	161025 181625.581 mp55 : disp (-128, 0.0 *) comm (-128) storage (-128)
1311114	161025 181625.582 mp56 : disp (-128, 0.0 *) comm (-128) storage (-128)
1311115	161025 181625.582 mp57 : disp (-128, 0.0 *) comm (-128) storage (-128)
1311116	161025 181625.582 mp58 : disp (-128, 0.0 *) comm (-128) storage (-128)
1311117	161025 181625.582 mp59 : disp (0, 2.2) comm (-2) storage (-2)
1311118	161025 181625.582 mp60 : disp (3, 1.4) comm (-1) storage (-1)
1311119	161025 181625.584 mp61 : disp (-128, 0.0 *) comm (-128) storage (124)
1311120	161025 181625.584 mp62 : disp (-128, 0.0 *) comm (-128) storage (124)
1311121	161025 181625.585 mp63 : disp (-128, 0.0 *) comm (-128) storage (124)
1311122	161025 181625.585 mp64 : disp (-128, 0.0 *) comm (-128) storage (124)
1311123	161025 181625.585 mp65 : disp (3, 1.4) comm (-1) storage (-1)
1311124	161025 181625.585 mp66 : disp (-128, 0.0 *) comm (-128) storage (124)
1311125	161025 181625.585 mp67 : disp (-128, 0.0 *) comm (-128) storage (124)
1311126	161025 181625.585 mp68 : disp (-128, 0.0 *) comm (-128) storage (124)
1311127	161025 181625.585 mp69 : disp (-128, 0.0 *) comm (-128) storage (124)
1311128	161025 181625.585 mp70 : disp (-128, 0.0 *) comm (-128) storage (124)
1311129	161025 181625.586 mp71 : disp (-128, 0.0 *) comm (-128) storage (124)
1311130	161025 181625.586 mp72 : disp (-128, 0.0 *) comm (-128) storage (124)
1311131	161025 181625.586 mp73 : disp (-128, 0.0 *) comm (-128) storage (124)
1311132	161025 181625.592 mp74 : disp (-128, 0.0 *) comm (-128) storage (124)
1311133	161025 181625.595 mp75 : disp (-128, 0.0 *) comm (-128) storage (124)
1311134	161025 181625.606 mp76 : disp (-128, 0.0 *) comm (-128) storage (124)
1311135	161025 181625.607 mp77 : disp (-128, 0.0 *) comm (-128) storage (124)
1311136	161025 181625.607 mp78 : disp (-128, 0.0 *) comm (-128) storage (124)
1311137	161025 181625.607 mp79 : disp (-128, 0.0 *) comm (-128) storage (124)
1311138	161025 181625.673 read server clock
1311139	161025 181625.686 reading 1 vars, ttl=1
1311140	161025 181625.688 sending frame: I N(R)=4 N(S)=4 Info=8
1311141	161025 181625.691 > 7EA01400 02A2BD61 986CB8E6 E6000501  ~......a.l...... 
1311142	161025 181625.706 > 022BC8F7 1E7E                        .+...~           
1311143	161025 181625.826 < 7EA02061 0002A2BD B8B42EE6 E7000C01  ~. a............ 
1311144	161025 181625.827 < 00090C07 E00A1902 121019FF 8000002F  .............../ 
1311145	161025 181625.827 < 417E                                 A~               
1311146	161025 181625.827 recved frame: I * N(R)=5 N(S)=4 Info=20
1311147	161025 181625.861 keepalive stopped
1311148	161025 181625.862 server time is 2016-10-25 18:16:24.90
1311149	161025 181625.866 time drift (-1s) out of sync window, sync is aborted
1311150	161025 181626.006 profile 1.0.99.1.0.255 period=900, objs_num=12, sort_method=1 entries_in_use=0, entries=0
1311151	161025 181626.011 start read load profile for 10 mp's from 2016-10-25 16:16:01 to 2016-10-25 18:16:00
1311152	161025 181626.013 profile read max step=8:00.00
1311153	161025 181626.014 read profile buf [2016-10-25 16:16:01, 2016-10-25 18:16:00]
1311154	161025 181626.015 sending frame: I N(R)=5 N(S)=5 Info=59
1311155	161025 181626.015 > 7EA04700 02A2BD61 BADD60E6 E6000501  ~.G....a..`..... 
1311156	161025 181626.016 > 04627801 02040204 12000809 06000001  .bx............. 
1311157	161025 181626.016 > 0000FF0F 02120000 090C07E0 0A19FF10  ................ 
1311158	161025 181626.020 > 10010080 0000090C 07E00A19 FF121000  ................ 
1311159	161025 181626.029 > 00800000 01001BEE 7E                 ........~        
1311160	161025 181634.037 [WARNING] seri_phy recv timeout
1311161	161025 181634.037 [WARNING] rx_outstanding timeout: vr=5, vs=6
1311162	161025 181634.037 sending frame: RR N(R)=5
1311163	161025 181634.038 > 7EA00A00 02A2BD61 B147377E           ~......a.G7~     
1311164	161025 181634.116 < 7EA00A61 0002A2BD 1FD5757E           ~..a......u~     
1311165	161025 181634.117 recved frame: DM *
1311166	161025 181634.117 [WARNING] recved DM in rx_outstanding state
1311167	161025 181634.117 [ERR] profile 0.0.98.133.61.255 not found in server
1311168	161025 181634.118 [ERR] profile 0.0.98.133.62.255 not found in server
1311169	161025 181634.118 [ERR] profile 0.0.98.133.63.255 not found in server
1311170	161025 181634.118 [ERR] profile 0.0.98.133.64.255 not found in server
1311171	161025 181634.119 69 mp's use dummy acquisition
1311172	161025 181634.127 keepalive stopped
1311173	161025 181634.333 profile 1.0.99.98.0.255 period=0, objs_num=6, sort_method=1 entries_in_use=0, entries=0
1311174	161025 181634.335 start read event log
1311175	161025 181634.338 profile read max step=0:56.00
1311176	161025 181634.340 read profile buf [2016-10-25 17:28:19, 2016-10-25 18:16:00]
1311177	161025 181634.341 [WARNING] hdlc halted
1311178	161025 181634.341 sending frame: DISC
1311179	161025 181634.354 > 7EA00A00 02A2BD61 535BF37E           ~......aS[.~     
1311180	161025 181634.441 < 7EA00A61 0002A2BD 1FD5757E           ~..a......u~     
1311181	161025 181634.442 recved frame: DM *
1311182	161025 181634.442 hdlc disconnected
1311183	161025 181635.446 closed /dev/tts9 tx=307/9 rx=281/8, recv_delay=8.660s, send_delay=0.000s
1311184	iteration 4355
1311185	161025 181636.511 com=10 meter=3 baud=13 acqtime=2016-10-25 18:16:00
1311186	161025 181637.832 opened (3)/dev/tts9 8N1 9600 tx_ipg=24984, rx_ipg=24984 (DTR|RTS|CTS|CAR|RNG)
1311187	161025 181637.958 sending frame: SNRM Info=23
1311188	161025 181637.961 > 7EA02300 02A2BD61 93ED1781 80140502  ~.#....a........ 
1311189	161025 181637.982 > 07F00602 07F00704 00000001 08040000  ................ 
1311190	161025 181637.984 > 00015856 7E                          ..XV~            
1311191	161025 181638.091 < 7EA02161 0002A2BD 73BEC981 80120501  ~.!a....s....... 
1311192	161025 181638.092 < F806013E 07040000 00010804 00000001  ...>............ 
1311193	161025 181638.092 < 480E7E                               H.~              
1311194	161025 181638.092 recved frame: UA * Info=21
1311195	161025 181638.092 negotiated mtu tx/rx = 79/2049
1311196	161025 181638.093 hdlc connected
1311197	161025 181638.095 sending frame: I N(R)=0 N(S)=0 Info=54
1311198	161025 181638.095 > 7EA04200 02A2BD61 102E9AE6 E6006031  ~.B....a......`1 
1311199	161025 181638.096 > 80020780 A1090607 60857405 0801028A  ........`.t..... 
1311200	161025 181638.096 > 0207808B 07608574 05080202 AC028000  .....`.t........ 
1311201	161025 181638.109 > BE0F040D 01000000 065F0400 FFFFFF00  ........._...... 
1311202	161025 181638.110 > 00BC7F7E                             ...~             
1311203	161025 181638.351 < 7EA05261 0002A2BD 300300E6 E7006141  ~.Ra....0.....aA 
1311204	161025 181638.352 < A1090607 60857405 080102A2 03020100  ....`.t......... 
1311205	161025 181638.352 < A305A103 02010E88 02078089 07608574  .............`.t 
1311206	161025 181638.352 < 05080202 AA0A8008 46413137 30303030  ........FA170000 
1311207	161025 181638.353 < BE0F040D 0800065F 04001802 200960FA  ......._.... .`. 
1311208	161025 181638.353 < 00DF957E                             ...~             
1311209	161025 181638.353 recved frame: I * N(R)=1 N(S)=0 Info=70
1311210	161025 181638.355 AARE: app=(2,16,756,5,8,1,2) asso_result=0 (14) initiate err=0 +auth secu_machanism=(2,16,756,5,8,2,2)
1311211	161025 181638.356 xdlms param: qos=0 ver=6 max_send_pdu=2400, vaa=fa00
1311212	161025 181638.361 sending frame: I N(R)=1 N(S)=1 Info=19
1311213	161025 181638.363 > 7EA01F00 02A2BD61 32BEC4E6 E6000601  ~......a2....... 
1311214	161025 181638.365 > 02FA5801 09083043 34423536 373065BE  ..X...0C4B5670e. 
1311215	161025 181638.366 > 7E                                   ~                
1311216	161025 181638.476 < 7EA01261 0002A2BD 521187E6 E7000D01  ~..a....R....... 
1311217	161025 181638.477 < 0007E47E                             ...~             
1311218	161025 181638.477 recved frame: I * N(R)=2 N(S)=1 Info=6
1311219	161025 181638.477 hls auth ok
1311220	161025 181638.478 read LDN
1311221	161025 181638.478 reading 1 vars, ttl=1
1311222	161025 181638.478 sending frame: I N(R)=2 N(S)=2 Info=8
1311223	161025 181638.479 > 7EA01400 02A2BD61 540CB4E6 E6000501  ~......aT....... 
1311224	161025 181638.479 > 02FD0810 D37E                        .....~           
1311225	161025 181638.602 < 7EA02461 0002A2BD 74A24DE6 E7000C01  ~.$a....t.M..... 
1311226	161025 181638.602 < 0009104C 475A3531 32353934 36320000  ...LGZ51259462.. 
1311227	161025 181638.603 < 0000006B C27E                        ...k.~           
1311228	161025 181638.603 recved frame: I * N(R)=3 N(S)=2 Info=24
1311229	161025 181638.630 keepalive stopped
1311230	161025 181638.730 solve obj names:
1311231	161025 181638.750 read server info
1311232	161025 181638.761 reading 3 vars, ttl=3
1311233	161025 181638.763 sending frame: I N(R)=3 N(S)=3 Info=14
1311234	161025 181638.764 > 7EA01A00 02A2BD61 763D30E6 E6000503  ~......av=0..... 
1311235	161025 181638.765 > 02FF0802 4C580299 F01D067E           ....LX.....~     
1311236	161025 181638.941 < 7EA02C61 0002A2BD 965257E6 E7000C03  ~.,a.....RW..... 
1311237	161025 181638.942 < 000A0348 30340006 0000001A 00090C07  ...H04.......... 
1311238	161025 181638.942 < E00A1303 0A1835FF 8000FF76 487E      ......5....vH~   
1311239	161025 181638.942 recved frame: I * N(R)=4 N(S)=3 Info=32
1311240	161025 181638.943 detected a suspicous clock value, status=0xff
1311241	161025 181639.057 keepalive stopped
1311242	161025 181639.057 ldn: LGZ51259462 ver: H04 vz1: 26 last billing reset: 2016-10-19 10:24:53
1311243	161025 181639.193 server objects info:
1311244	161025 181639.194 mp1  : ln=1.1.1.8.0.255 class=3-0-23-20010
1311245	161025 181639.195 mp2  : ln=1.1.3.8.0.255 class=3-0-23-20010
1311246	161025 181639.203 mp3  : ln=1.1.2.8.0.255 class=3-0-23-20010
1311247	161025 181639.204 mp4  : ln=1.1.4.8.0.255 class=3-0-23-20010
1311248	161025 181639.205 mp5  : ln=1.1.5.8.0.255 class=3-0-23-20010
1311249	161025 181639.206 mp6  : ln=1.1.6.8.0.255 class=3-0-23-20010
1311250	161025 181639.207 mp7  : ln=1.1.7.8.0.255 class=3-0-23-20010
1311251	161025 181639.207 mp8  : ln=1.1.8.8.0.255 class=3-0-23-20010
1311252	161025 181639.207 mp9  : ln=1.1.1.8.1.255 class=3-0-23-20010
1311253	161025 181639.207 mp10 : ln=1.1.1.8.2.255 class=3-0-23-20010
1311254	161025 181639.208 mp11 : ln=1.1.1.8.3.255 class=3-0-23-20010
1311255	161025 181639.208 mp17 : ln=1.1.2.8.1.255 class=3-0-23-20010
1311256	161025 181639.208 mp18 : ln=1.1.2.8.2.255 class=3-0-23-20010
1311257	161025 181639.208 mp19 : ln=1.1.2.8.3.255 class=3-0-23-20010
1311258	161025 181639.208 mp41 : ln=1.1.32.7.0.255 class=3-0-21-20009
1311259	161025 181639.208 mp42 : ln=1.1.52.7.0.255 class=3-0-21-20009
1311260	161025 181639.208 mp43 : ln=1.1.72.7.0.255 class=3-0-21-20009
1311261	161025 181639.208 mp44 : ln=1.1.31.7.0.255 class=3-0-21-20009
1311262	161025 181639.209 mp45 : ln=1.1.51.7.0.255 class=3-0-21-20009
1311263	161025 181639.209 mp46 : ln=1.1.71.7.0.255 class=3-0-21-20009
1311264	161025 181639.209 mp47 : ln=1.1.16.7.0.255 class=3-0-21-20009
1311265	161025 181639.209 mp51 : ln=1.1.131.7.0.255 class=3-0-21-20009
1311266	161025 181639.209 mp59 : ln=1.1.14.7.0.255 class=3-0-21-20009
