18302147	161106 020901.223 < 7EA01461 000272FB 526542E6 E7000C01  ~..a..r.ReB..... 
18302148	161106 020901.223 < 000100F9 F17E                        .....~           
18302149	161106 020901.224 recved frame: I * N(R)=2 N(S)=1 Info=8
18302150	161106 020901.226 keepalive stopped
18302151	161106 020901.226 sending frame: DISC
18302152	161106 020901.227 > 7EA00A00 0272FB61 538CDB7E           ~....r.aS..~     
18302153	161106 020901.323 < 7EA02161 000272FB 73075481 80120501  ~.!a..r.s.T..... 
18302154	161106 020901.324 < F806013E 07040000 00010804 00000001  ...>............ 
18302155	161106 020901.324 < 480E7E                               H.~              
18302156	161106 020901.324 recved frame: UA * Info=21
18302157	161106 020901.324 hdlc disconnected
18302158	161106 020901.326 closed /dev/tts10 tx=570/13 rx=760/13, recv_delay=5.025s, send_delay=0.000s
18302159	iteration 99486
18302160	xdlms -L --brief --no-save --no-last-value 11 4 13 1478369280 1
18302161	161106 020901.572 com=11 meter=4 baud=13 acqtime=2016-11-06 02:08:00
18302162	161106 020901.725 opened (3)/dev/tts10 8N1 9600 tx_ipg=24984, rx_ipg=24984 (DTR|RTS|CTS|CAR|RNG)
18302163	161106 020901.764 sending frame: SNRM Info=23
18302164	161106 020901.766 > 7EA02300 0272FB61 933A3F81 80140502  ~.#..r.a.:?..... 
18302165	161106 020901.767 > 07F00602 07F00704 00000001 08040000  ................ 
18302166	161106 020901.774 > 00015856 7E                          ..XV~            
18302167	161106 020901.903 < 7EA02161 000272FB 73075481 80120501  ~.!a..r.s.T..... 
18302168	161106 020901.904 < F806013E 07040000 00010804 00000001  ...>............ 
18302169	161106 020901.904 < 480E7E                               H.~              
18302170	161106 020901.904 recved frame: UA * Info=21
18302171	161106 020901.905 negotiated mtu tx/rx = 79/2049
18302172	161106 020901.905 hdlc connected
18302173	161106 020901.907 sending frame: I N(R)=0 N(S)=0 Info=54
18302174	161106 020901.907 > 7EA04200 0272FB61 10F9B2E6 E6006031  ~.B..r.a......`1 
18302175	161106 020901.914 > 80020780 A1090607 60857405 0801028A  ........`.t..... 
18302176	161106 020901.918 > 0207808B 07608574 05080202 AC028000  .....`.t........ 
18302177	161106 020901.919 > BE0F040D 01000000 065F0400 FFFFFF00  ........._...... 
18302178	161106 020901.920 > 00BC7F7E                             ...~             
18302179	161106 020902.219 < 7EA05261 000272FB 30BA9DE6 E7006141  ~.Ra..r.0.....aA 
18302180	161106 020902.219 < A1090607 60857405 080102A2 03020100  ....`.t......... 
18302181	161106 020902.219 < A305A103 02010E88 02078089 07608574  .............`.t 
18302182	161106 020902.219 < 05080202 AA0A8008 39313134 30303030  ........91140000 
18302183	161106 020902.220 < BE0F040D 0800065F 04001802 200960FA  ......._.... .`. 
18302184	161106 020902.220 < 00C94A7E                             ..J~             
18302185	161106 020902.220 recved frame: I * N(R)=1 N(S)=0 Info=70
18302186	161106 020902.222 AARE: app=(2,16,756,5,8,1,2) asso_result=0 (14) initiate err=0 +auth secu_machanism=(2,16,756,5,8,2,2)
18302187	161106 020902.222 xdlms param: qos=0 ver=6 max_send_pdu=2400, vaa=fa00
18302188	161106 020902.229 sending frame: I N(R)=1 N(S)=1 Info=19
18302189	161106 020902.230 > 7EA01F00 0272FB61 3269ECE6 E6000601  ~....r.a2i...... 
18302190	161106 020902.232 > 02FA5801 09084133 34383536 3730B4FF  ..X...A3485670.. 
18302191	161106 020902.233 > 7E                                   ~                
18302192	161106 020902.458 < 7EA01261 000272FB 52A81AE6 E7000D01  ~..a..r.R....... 
18302193	161106 020902.458 < 0007E47E                             ...~             
18302194	161106 020902.458 recved frame: I * N(R)=2 N(S)=1 Info=6
18302195	161106 020902.459 hls auth ok
18302196	161106 020902.459 read LDN
18302197	161106 020902.459 reading 1 vars, ttl=1
18302198	161106 020902.460 sending frame: I N(R)=2 N(S)=2 Info=8
18302199	161106 020902.460 > 7EA01400 0272FB61 54DB9CE6 E6000501  ~....r.aT....... 
18302200	161106 020902.460 > 02FD0810 D37E                        .....~           
18302201	161106 020902.583 < 7EA02461 000272FB 741BD0E6 E7000C01  ~.$a..r.t....... 
18302202	161106 020902.583 < 0009104C 475A3530 35303634 32310000  ...LGZ50506421.. 
18302203	161106 020902.584 < 00000040 8E7E                        ...@.~           
18302204	161106 020902.584 recved frame: I * N(R)=3 N(S)=2 Info=24
18302205	161106 020902.590 keepalive stopped
18302206	161106 020902.612 solve obj names:
18302207	161106 020902.622 read server info
18302208	161106 020902.623 reading 3 vars, ttl=3
18302209	161106 020902.625 sending frame: I N(R)=3 N(S)=3 Info=14
18302210	161106 020902.626 > 7EA01A00 0272FB61 76EA18E6 E6000503  ~....r.av....... 
18302211	161106 020902.627 > 02FF0802 4BD80299 58ED327E           ....K...X.2~     
18302212	161106 020902.903 < 7EA02C61 000272FB 96EBCAE6 E7000C03  ~.,a..r......... 
18302213	161106 020902.905 < 000A0348 30330006 00000005 00090C07  ...H03.......... 
18302214	161106 020902.906 < E00B0102 000000FF 8000FF15 FC7E      .............~   
18302215	161106 020902.908 recved frame: I * N(R)=4 N(S)=3 Info=32
18302216	161106 020902.910 detected a suspicous clock value, status=0xff
18302217	161106 020903.024 keepalive stopped
18302218	161106 020903.024 ldn: LGZ50506421 ver: H03 vz1: 5 last billing reset: 2016-11-01 00:00:00
18302219	161106 020903.172 read server clock
18302220	161106 020903.178 reading 1 vars, ttl=1
18302221	161106 020903.179 sending frame: I N(R)=4 N(S)=4 Info=8
18302222	161106 020903.181 > 7EA01400 0272FB61 98BB90E6 E6000501  ~....r.a........ 
18302223	161106 020903.182 > 022BC8F7 1E7E                        .+...~           
18302224	161106 020903.348 < 7EA02061 000272FB B80DB3E6 E7000C01  ~. a..r......... 
18302225	161106 020903.348 < 00090C07 E00B0607 020902FF 80000073  ...............s 
18302226	161106 020903.349 < B27E                                 .~               
18302227	161106 020903.349 recved frame: I * N(R)=5 N(S)=4 Info=20
18302228	161106 020903.358 keepalive stopped
18302229	161106 020903.359 server time is 2016-11-06 02:09:01.90
18302230	161106 020903.362 time drift (-2s) out of sync window, sync is aborted
18302231	161106 020903.439 profile 1.0.99.1.0.255 period=900, objs_num=12, sort_method=1 entries_in_use=0, entries=0
18302232	161106 020903.442 start read load profile for 8 mp's from 2016-11-06 02:00:00 to 2016-11-06 02:00:00
18302233	161106 020903.443 profile read max step=8:00.00
18302234	161106 020903.449 read profile buf [2016-11-06 02:00:00, 2016-11-06 02:00:01]
18302235	161106 020903.451 sending frame: I N(R)=5 N(S)=5 Info=59
18302236	161106 020903.458 > 7EA04700 0272FB61 BA0A48E6 E6000501  ~.G..r.a..H..... 
18302237	161106 020903.459 > 04627801 02040204 12000809 06000001  .bx............. 
18302238	161106 020903.461 > 0000FF0F 02120000 090C07E0 0B06FF02  ................ 
18302239	161106 020903.462 > 00000080 0000090C 07E00B06 FF020001  ................ 
18302240	161106 020903.464 > 00800000 0100AABC 7E                 ........~        
18302241	161106 020903.858 < 7EA04B61 000272FB DA1E21E6 E7000C01  ~.Ka..r...!..... 
18302242	161106 020903.858 < 00020C09 0C07E00B 06070200 00FF8000  ................ 
18302243	161106 020903.859 < 00060081 00041400 00000000 14B9E614  ................ 
18302244	161106 020903.859 < 00000000 0000172B 14000000 00000129  .......+.......) 
18302245	161106 020903.859 < 3B140000 00000000 25D7A8A4 7E        ;.......%...~    
18302246	161106 020903.859 recved frame: I * N(R)=6 N(S)=5 Info=63
18302247	161106 020903.860 [ERR] unrecognized tag of data: 37
18302248	161106 020903.861 22 mp's need to read from running registers
18302249	161106 020903.865 read registers
18302250	161106 020903.871 reading 28 vars, ttl=28
18302251	161106 020903.872 sending frame: I N(R)=6 N(S)=6 Info=62 S
18302252	161106 020903.883 > 7EA84A00 0272FB61 DCC94DE6 E600051C  ~.J..r.a..M..... 
18302253	161106 020903.885 > 021A2002 1B80021A D0021C30 02016002  .. ........0..`. 
18302254	161106 020903.886 > 02100202 C0020370 02042002 04D00205  .......p.. ..... 
18302255	161106 020903.887 > 80020630 0261D002 63600257 180254B8  ...0.a..c`.W..T. 
18302256	161106 020903.889 > 02AD3802 AD5002AE 4845527E           ..8..P..HER~     
18302257	161106 020904.198 < 7EA00A61 000272FB F11CE67E           ~..a..r....~     
18302258	161106 020904.199 recved frame: RR * N(R)=7
18302259	161106 020904.199 sending frame: I N(R)=6 N(S)=7 Info=27
18302260	161106 020904.200 > 7EA02700 0272FB61 DEADC902 AE6002AE  ~.'..r.a.....`.. 
18302261	161106 020904.200 > D002AEE8 02AF5802 AF7002AF E002AFF8  ......X..p...... 
18302262	161106 020904.200 > 02ADC002 ADD8CDCA 7E                 ........~        
18302263	161106 020905.418 < 7EA8CB61 000272FB 1C8529E6 E7000C1C  ~..a..r...)..... 
18302264	161106 020905.418 < 00140000 00000000 5C4D0014 00000000  ........\M...... 
18302265	161106 020905.419 < 00002456 00140000 00000000 01800014  ..$V............ 
18302266	161106 020905.419 < 00000000 0000CCEE 00140000 00000000  ................ 
18302267	161106 020905.419 < 00000014 00000000 00071F72 00140000  ...........r.... 
18302268	161106 020905.420 < 00000008 03F80014 00000000 0005967B  ...............{ 
18302269	161106 020905.420 < 00140000 00000000 00000014 00000000  ................ 
18302270	161106 020905.420 < 000007B7 00140000 00000000 07CF0014  ................ 
18302271	161106 020905.420 < 00000000 000007A4 00050000 00000005  ................ 
18302272	161106 020905.421 < 00000000 00050000 00C80005 0000138B  ................ 
18302273	161106 020905.421 < 00050000 00000009 0C07D001 01060000  ................ 
18302274	161106 020905.421 < 00FF8000 00000500 00000000 090C07D0  ................ 
18302275	161106 020905.421 < 01010600 0000FF80 00009B80 7E        ............~    
18302276	161106 020905.422 recved frame: I * N(R)=0 N(S)=6 Info=191 S
18302277	161106 020905.422 sending frame: RR N(R)=7
18302278	161106 020905.422 > 7EA00A00 0272FB61 F1945D7E           ~....r.a..]~     
18302279	161106 020905.748 < 7EA06061 000272FB 1E37B400 05000000  ~.`a..r..7...... 
18302280	161106 020905.748 < 0000090C 07D00101 06000000 FF800000  ................ 
18302281	161106 020905.749 < 00050000 00000009 0C07D001 01060000  ................ 
18302282	161106 020905.749 < 00FF8000 00000500 00000000 090C07D0  ................ 
18302283	161106 020905.749 < 01010600 0000FF80 00000005 00000000  ................ 
18302284	161106 020905.750 < 00090C07 D0010106 000000FF 80000033  ...............3 
18302285	161106 020905.750 < F57E                                 .~               
18302286	161106 020905.750 recved frame: I * N(R)=0 N(S)=7 Info=84
18302287	161106 020905.754 keepalive stopped
18302288	161106 020905.757 keepalive stopped
18302289	161106 020905.759 [ERR] profile 0.0.98.133.63.255 not found in server
18302290	161106 020905.760 [ERR] profile 0.0.98.133.64.255 not found in server
18302291	161106 020905.762 49 mp's use dummy acquisition
18302292	161106 020905.765 keepalive stopped
18302293	161106 020905.826 profile 1.0.99.98.0.255 period=0, objs_num=4, sort_method=1 entries_in_use=0, entries=0
18302294	161106 020905.828 start read event log
18302295	161106 020905.830 profile read max step=0:56.00
18302296	161106 020905.831 read profile buf [2016-11-06 01:08:01, 2016-11-06 02:04:00]
18302297	161106 020905.833 sending frame: I N(R)=0 N(S)=0 Info=59
18302298	161106 020905.835 > 7EA04700 0272FB61 105A42E6 E6000501  ~.G..r.a.ZB..... 
18302299	161106 020905.837 > 0460E801 02040204 12000809 06000001  .`.............. 
18302300	161106 020905.838 > 0000FF0F 02120000 090C07E0 0B06FF01  ................ 
18302301	161106 020905.840 > 08010080 0000090C 07E00B06 FF020400  ................ 
18302302	161106 020905.841 > 00800000 010064B6 7E                 ......d.~        
18302303	161106 020906.043 < 7EA01461 000272FB 307102E6 E7000C01  ~..a..r.0q...... 
18302304	161106 020906.043 < 000100F9 F17E                        .....~           
18302305	161106 020906.044 recved frame: I * N(R)=1 N(S)=0 Info=8
18302306	161106 020906.048 keepalive stopped
18302307	161106 020906.049 read profile buf [2016-11-06 02:04:01, 2016-11-06 02:08:00]
18302308	161106 020906.050 sending frame: I N(R)=1 N(S)=1 Info=59
18302309	161106 020906.051 > 7EA04700 0272FB61 324A40E6 E6000501  ~.G..r.a2J@..... 
18302310	161106 020906.051 > 0460E801 02040204 12000809 06000001  .`.............. 
18302311	161106 020906.051 > 0000FF0F 02120000 090C07E0 0B06FF02  ................ 
18302312	161106 020906.051 > 04010080 0000090C 07E00B06 FF020800  ................ 
18302313	161106 020906.052 > 00800000 0100A7C8 7E                 ........~        
18302314	161106 020906.223 < 7EA01461 000272FB 526542E6 E7000C01  ~..a..r.ReB..... 
18302315	161106 020906.223 < 000100F9 F17E                        .....~           
18302316	161106 020906.224 recved frame: I * N(R)=2 N(S)=1 Info=8
18302317	161106 020906.228 keepalive stopped
18302318	161106 020906.229 sending frame: DISC
18302319	161106 020906.230 > 7EA00A00 0272FB61 538CDB7E           ~....r.aS..~     
18302320	161106 020906.333 < 7EA02161 000272FB 73075481 80120501  ~.!a..r.s.T..... 
18302321	161106 020906.333 < F806013E 07040000 00010804 00000001  ...>............ 
18302322	161106 020906.334 < 480E7E                               H.~              
18302323	161106 020906.334 recved frame: UA * Info=21
18302324	161106 020906.334 hdlc disconnected
18302325	161106 020906.335 closed /dev/tts10 tx=570/13 rx=728/13, recv_delay=2.980s, send_delay=0.000s
18302326	iteration 99487
18302327	xdlms -L --brief --no-save --no-last-value 11 4 13 1478369280 1
18302328	161106 020906.877 com=11 meter=4 baud=13 acqtime=2016-11-06 02:08:00
18302329	161106 020907.184 opened (3)/dev/tts10 8N1 9600 tx_ipg=24984, rx_ipg=24984 (DTR|RTS|CTS|CAR|RNG)
18302330	161106 020907.225 sending frame: SNRM Info=23
18302331	161106 020907.233 > 7EA02300 0272FB61 933A3F81 80140502  ~.#..r.a.:?..... 
18302332	161106 020907.234 > 07F00602 07F00704 00000001 08040000  ................ 
18302333	161106 020907.235 > 00015856 7E                          ..XV~            
18302334	161106 020907.513 < 7EA02161 000272FB 73075481 80120501  ~.!a..r.s.T..... 
18302335	161106 020907.513 < F806013E 07040000 00010804 00000001  ...>............ 
18302336	161106 020907.514 < 480E7E                               H.~              
18302337	161106 020907.514 recved frame: UA * Info=21
18302338	161106 020907.514 negotiated mtu tx/rx = 79/2049
18302339	161106 020907.514 hdlc connected
18302340	161106 020907.517 sending frame: I N(R)=0 N(S)=0 Info=54
18302341	161106 020907.517 > 7EA04200 0272FB61 10F9B2E6 E6006031  ~.B..r.a......`1 
18302342	161106 020907.517 > 80020780 A1090607 60857405 0801028A  ........`.t..... 
18302343	161106 020907.518 > 0207808B 07608574 05080202 AC028000  .....`.t........ 
18302344	161106 020907.524 > BE0F040D 01000000 065F0400 FFFFFF00  ........._...... 
18302345	161106 020907.525 > 00BC7F7E                             ...~             
18302346	161106 020907.793 < 7EA05261 000272FB 30BA9DE6 E7006141  ~.Ra..r.0.....aA 
18302347	161106 020907.793 < A1090607 60857405 080102A2 03020100  ....`.t......... 
