18389824	161106 020858.429 > 00800000 0100A7C8 7E                 ........~        
18389825	161106 020858.783 < 7EA01461 000272FB 526542E6 E7000C01  ~..a..r.ReB..... 
18389826	161106 020858.783 < 000100F9 F17E                        .....~           
18389827	161106 020858.784 recved frame: I * N(R)=2 N(S)=1 Info=8
18389828	161106 020858.789 keepalive stopped
18389829	161106 020858.789 sending frame: DISC
18389830	161106 020858.789 > 7EA00A00 0272FB61 538CDB7E           ~....r.aS..~     
18389831	161106 020858.893 < 7EA02161 000272FB 73075481 80120501  ~.!a..r.s.T..... 
18389832	161106 020858.893 < F806013E 07040000 00010804 00000001  ...>............ 
18389833	161106 020858.894 < 480E7E                               H.~              
18389834	161106 020858.894 recved frame: UA * Info=21
18389835	161106 020858.894 hdlc disconnected
18389836	161106 020858.895 closed /dev/tts11 tx=570/13 rx=760/13, recv_delay=2.570s, send_delay=0.000s
18389837	iteration 99978
18389838	xdlms -L --brief --no-save --no-last-value 12 5 13 1478369280 1
18389839	161106 020859.153 com=12 meter=5 baud=13 acqtime=2016-11-06 02:08:00
18389840	161106 020859.263 opened (3)/dev/tts11 8N1 9600 tx_ipg=24984, rx_ipg=24984 (DTR|RTS|CTS|CAR|RNG)
18389841	161106 020859.284 sending frame: SNRM Info=23
18389842	161106 020859.286 > 7EA02300 0272FB61 933A3F81 80140502  ~.#..r.a.:?..... 
18389843	161106 020859.288 > 07F00602 07F00704 00000001 08040000  ................ 
18389844	161106 020859.289 > 00015856 7E                          ..XV~            
18389845	161106 020859.413 < 7EA02161 000272FB 73075481 80120501  ~.!a..r.s.T..... 
18389846	161106 020859.413 < F806013E 07040000 00010804 00000001  ...>............ 
18389847	161106 020859.413 < 480E7E                               H.~              
18389848	161106 020859.414 recved frame: UA * Info=21
18389849	161106 020859.414 negotiated mtu tx/rx = 79/2049
18389850	161106 020859.414 hdlc connected
18389851	161106 020859.417 sending frame: I N(R)=0 N(S)=0 Info=54
18389852	161106 020859.417 > 7EA04200 0272FB61 10F9B2E6 E6006031  ~.B..r.a......`1 
18389853	161106 020859.417 > 80020780 A1090607 60857405 0801028A  ........`.t..... 
18389854	161106 020859.419 > 0207808B 07608574 05080202 AC028000  .....`.t........ 
18389855	161106 020859.421 > BE0F040D 01000000 065F0400 FFFFFF00  ........._...... 
18389856	161106 020859.423 > 00BC7F7E                             ...~             
18389857	161106 020859.688 < 7EA05261 000272FB 30BA9DE6 E7006141  ~.Ra..r.0.....aA 
18389858	161106 020859.688 < A1090607 60857405 080102A2 03020100  ....`.t......... 
18389859	161106 020859.689 < A305A103 02010E88 02078089 07608574  .............`.t 
18389860	161106 020859.689 < 05080202 AA0A8008 37313137 30303030  ........71170000 
18389861	161106 020859.689 < BE0F040D 0800065F 04001802 200960FA  ......._.... .`. 
18389862	161106 020859.689 < 00FD837E                             ...~             
18389863	161106 020859.690 recved frame: I * N(R)=1 N(S)=0 Info=70
18389864	161106 020859.692 AARE: app=(2,16,756,5,8,1,2) asso_result=0 (14) initiate err=0 +auth secu_machanism=(2,16,756,5,8,2,2)
18389865	161106 020859.692 xdlms param: qos=0 ver=6 max_send_pdu=2400, vaa=fa00
18389866	161106 020859.692 sending frame: I N(R)=1 N(S)=1 Info=19
18389867	161106 020859.694 > 7EA01F00 0272FB61 3269ECE6 E6000601  ~....r.a2i...... 
18389868	161106 020859.695 > 02FA5801 09083833 34423536 37309582  ..X...834B5670.. 
18389869	161106 020859.696 > 7E                                   ~                
18389870	161106 020859.853 < 7EA01261 000272FB 52A81AE6 E7000D01  ~..a..r.R....... 
18389871	161106 020859.853 < 0007E47E                             ...~             
18389872	161106 020859.854 recved frame: I * N(R)=2 N(S)=1 Info=6
18389873	161106 020859.854 hls auth ok
18389874	161106 020859.854 read LDN
18389875	161106 020859.855 reading 1 vars, ttl=1
18389876	161106 020859.855 sending frame: I N(R)=2 N(S)=2 Info=8
18389877	161106 020859.855 > 7EA01400 0272FB61 54DB9CE6 E6000501  ~....r.aT....... 
18389878	161106 020859.856 > 02FD0810 D37E                        .....~           
18389879	161106 020900.013 < 7EA02461 000272FB 741BD0E6 E7000C01  ~.$a..r.t....... 
18389880	161106 020900.014 < 0009104C 475A3530 35303634 32310000  ...LGZ50506421.. 
18389881	161106 020900.014 < 00000040 8E7E                        ...@.~           
18389882	161106 020900.014 recved frame: I * N(R)=3 N(S)=2 Info=24
18389883	161106 020900.020 keepalive stopped
18389884	161106 020900.062 solve obj names:
18389885	161106 020900.080 read server info
18389886	161106 020900.081 reading 3 vars, ttl=3
18389887	161106 020900.083 sending frame: I N(R)=3 N(S)=3 Info=14
18389888	161106 020900.084 > 7EA01A00 0272FB61 76EA18E6 E6000503  ~....r.av....... 
18389889	161106 020900.085 > 02FF0802 4BD80299 58ED327E           ....K...X.2~     
18389890	161106 020900.313 < 7EA02C61 000272FB 96EBCAE6 E7000C03  ~.,a..r......... 
18389891	161106 020900.314 < 000A0348 30330006 00000005 00090C07  ...H03.......... 
18389892	161106 020900.316 < E00B0102 000000FF 8000FF15 FC7E      .............~   
18389893	161106 020900.317 recved frame: I * N(R)=4 N(S)=3 Info=32
18389894	161106 020900.320 detected a suspicous clock value, status=0xff
18389895	161106 020900.428 keepalive stopped
18389896	161106 020900.429 ldn: LGZ50506421 ver: H03 vz1: 5 last billing reset: 2016-11-01 00:00:00
18389897	161106 020900.502 read server clock
18389898	161106 020900.503 reading 1 vars, ttl=1
18389899	161106 020900.504 sending frame: I N(R)=4 N(S)=4 Info=8
18389900	161106 020900.504 > 7EA01400 0272FB61 98BB90E6 E6000501  ~....r.a........ 
18389901	161106 020900.505 > 022BC8F7 1E7E                        .+...~           
18389902	161106 020900.673 < 7EA02061 000272FB B80DB3E6 E7000C01  ~. a..r......... 
18389903	161106 020900.673 < 00090C07 E00B0607 02083BFF 800000ED  ..........;..... 
18389904	161106 020900.673 < 337E                                 3~               
18389905	161106 020900.674 recved frame: I * N(R)=5 N(S)=4 Info=20
18389906	161106 020900.676 keepalive stopped
18389907	161106 020900.677 server time is 2016-11-06 02:08:58.91
18389908	161106 020900.684 time drift (-2s) out of sync window, sync is aborted
18389909	161106 020900.738 profile 1.0.99.1.0.255 period=900, objs_num=12, sort_method=1 entries_in_use=0, entries=0
18389910	161106 020900.741 start read load profile for 8 mp's from 2016-11-06 02:00:00 to 2016-11-06 02:00:00
18389911	161106 020900.742 profile read max step=8:00.00
18389912	161106 020900.745 read profile buf [2016-11-06 02:00:00, 2016-11-06 02:00:01]
18389913	161106 020900.746 sending frame: I N(R)=5 N(S)=5 Info=59
18389914	161106 020900.748 > 7EA04700 0272FB61 BA0A48E6 E6000501  ~.G..r.a..H..... 
18389915	161106 020900.750 > 04627801 02040204 12000809 06000001  .bx............. 
18389916	161106 020900.751 > 0000FF0F 02120000 090C07E0 0B06FF02  ................ 
18389917	161106 020900.754 > 00000080 0000090C 07E00B06 FF020001  ................ 
18389918	161106 020900.755 > 00800000 0100AABC 7E                 ........~        
18389919	161106 020903.818 < 7EA03261 000272FB DA6B71E6 E7000C01  ~.2a..r..kq..... 
18389920	161106 020903.818 < 00010105 0000027D 05000000 00050000  .......}........ 
18389921	161106 020903.819 < 00000500 00000005 00000000 05000000  ................ 
18389922	161106 020903.819 < 0071D67E                             .q.~             
18389923	161106 020903.819 recved frame: I * N(R)=6 N(S)=5 Info=38
18389924	161106 020903.820 [WARNING] row 0: no clock in profile buffer?
18389925	161106 020903.822 keepalive stopped
18389926	161106 020903.825 22 mp's need to read from running registers
18389927	161106 020903.829 read registers
18389928	161106 020903.831 reading 28 vars, ttl=28
18389929	161106 020903.833 sending frame: I N(R)=6 N(S)=6 Info=62 S
18389930	161106 020903.835 > 7EA84A00 0272FB61 DCC94DE6 E600051C  ~.J..r.a..M..... 
18389931	161106 020903.836 > 021A2002 1B80021A D0021C30 02016002  .. ........0..`. 
18389932	161106 020903.837 > 02100202 C0020370 02042002 04D00205  .......p.. ..... 
18389933	161106 020903.838 > 80020630 0261D002 63600257 180254B8  ...0.a..c`.W..T. 
18389934	161106 020903.839 > 02AD3802 AD5002AE 4845527E           ..8..P..HER~     
18389935	161106 020904.138 < 7EA00A61 000272FB F11CE67E           ~..a..r....~     
18389936	161106 020904.138 recved frame: RR * N(R)=7
18389937	161106 020904.139 sending frame: I N(R)=6 N(S)=7 Info=27
18389938	161106 020904.139 > 7EA02700 0272FB61 DEADC902 AE6002AE  ~.'..r.a.....`.. 
18389939	161106 020904.139 > D002AEE8 02AF5802 AF7002AF E002AFF8  ......X..p...... 
18389940	161106 020904.140 > 02ADC002 ADD8CDCA 7E                 ........~        
18389941	161106 020904.953 < 7EA8CB61 000272FB 1C8529E6 E7000C1C  ~..a..r...)..... 
18389942	161106 020904.954 < 00140000 00000000 5C4D0014 00000000  ........\M...... 
18389943	161106 020904.954 < 00002456 00140000 00000000 01800014  ..$V............ 
18389944	161106 020904.954 < 00000000 0000CCEE 00140000 00000000  ................ 
18389945	161106 020904.954 < 00000014 00000000 00071F72 00140000  ...........r.... 
18389946	161106 020904.955 < 00000008 03F80014 00000000 0005967B  ...............{ 
18389947	161106 020904.955 < 00140000 00000000 00000014 00000000  ................ 
18389948	161106 020904.955 < 000007B7 00140000 00000000 07CF0014  ................ 
18389949	161106 020904.956 < 00000000 000007A4 00050000 00000005  ................ 
18389950	161106 020904.956 < 00000000 00050000 00C80005 0000138B  ................ 
18389951	161106 020904.956 < 00050000 00000009 0C07D001 01060000  ................ 
18389952	161106 020904.956 < 00FF8000 00000500 00000000 090C07D0  ................ 
18389953	161106 020904.957 < 01010600 0000FF80 00009B80 7E        ............~    
18389954	161106 020904.957 recved frame: I * N(R)=0 N(S)=6 Info=191 S
18389955	161106 020904.957 sending frame: RR N(R)=7
18389956	161106 020904.959 > 7EA00A00 0272FB61 F1945D7E           ~....r.a..]~     
18389957	161106 020905.254 < 7EA06061 000272FB 1E37B400 05000000  ~.`a..r..7...... 
18389958	161106 020905.254 < 0000090C 07D00101 06000000 FF800000  ................ 
18389959	161106 020905.254 < 00050000 00000009 0C07D001 01060000  ................ 
18389960	161106 020905.254 < 00FF8000 00000500 00000000 090C07D0  ................ 
18389961	161106 020905.255 < 01010600 0000FF80 00000005 00000000  ................ 
18389962	161106 020905.255 < 00090C07 D0010106 000000FF 80000033  ...............3 
18389963	161106 020905.255 < F57E                                 .~               
18389964	161106 020905.255 recved frame: I * N(R)=0 N(S)=7 Info=84
18389965	161106 020905.260 keepalive stopped
18389966	161106 020905.262 keepalive stopped
18389967	161106 020905.262 [ERR] profile 0.0.98.133.63.255 not found in server
18389968	161106 020905.264 [ERR] profile 0.0.98.133.64.255 not found in server
18389969	161106 020905.266 49 mp's use dummy acquisition
18389970	161106 020905.270 keepalive stopped
18389971	161106 020905.349 profile 1.0.99.98.0.255 period=0, objs_num=4, sort_method=1 entries_in_use=0, entries=0
18389972	161106 020905.350 start read event log
18389973	161106 020905.351 profile read max step=0:56.00
18389974	161106 020905.354 read profile buf [2016-11-06 01:08:01, 2016-11-06 02:04:00]
18389975	161106 020905.355 sending frame: I N(R)=0 N(S)=0 Info=59
18389976	161106 020905.357 > 7EA04700 0272FB61 105A42E6 E6000501  ~.G..r.a.ZB..... 
18389977	161106 020905.359 > 0460E801 02040204 12000809 06000001  .`.............. 
18389978	161106 020905.359 > 0000FF0F 02120000 090C07E0 0B06FF01  ................ 
18389979	161106 020905.359 > 08010080 0000090C 07E00B06 FF020400  ................ 
18389980	161106 020905.359 > 00800000 010064B6 7E                 ......d.~        
18389981	161106 020905.698 < 7EA01461 000272FB 307102E6 E7000C01  ~..a..r.0q...... 
18389982	161106 020905.698 < 000100F9 F17E                        .....~           
18389983	161106 020905.699 recved frame: I * N(R)=1 N(S)=0 Info=8
18389984	161106 020905.702 keepalive stopped
18389985	161106 020905.705 read profile buf [2016-11-06 02:04:01, 2016-11-06 02:08:00]
18389986	161106 020905.707 sending frame: I N(R)=1 N(S)=1 Info=59
18389987	161106 020905.709 > 7EA04700 0272FB61 324A40E6 E6000501  ~.G..r.a2J@..... 
18389988	161106 020905.711 > 0460E801 02040204 12000809 06000001  .`.............. 
18389989	161106 020905.712 > 0000FF0F 02120000 090C07E0 0B06FF02  ................ 
18389990	161106 020905.714 > 04010080 0000090C 07E00B06 FF020800  ................ 
18389991	161106 020905.714 > 00800000 0100A7C8 7E                 ........~        
18389992	161106 020905.903 < 7EA01461 000272FB 526542E6 E7000C01  ~..a..r.ReB..... 
18389993	161106 020905.904 < 000100F9 F17E                        .....~           
18389994	161106 020905.904 recved frame: I * N(R)=2 N(S)=1 Info=8
18389995	161106 020905.907 keepalive stopped
18389996	161106 020905.908 sending frame: DISC
18389997	161106 020905.911 > 7EA00A00 0272FB61 538CDB7E           ~....r.aS..~     
18389998	161106 020906.018 < 7EA02161 000272FB 73075481 80120501  ~.!a..r.s.T..... 
18389999	161106 020906.018 < F806013E 07040000 00010804 00000001  ...>............ 
18390000	161106 020906.019 < 480E7E                               H.~              
18390001	161106 020906.019 recved frame: UA * Info=21
18390002	161106 020906.019 hdlc disconnected
18390003	161106 020906.020 closed /dev/tts11 tx=570/13 rx=703/13, recv_delay=5.230s, send_delay=0.000s
18390004	iteration 99979
18390005	xdlms -L --brief --no-save --no-last-value 12 5 13 1478369280 1
18390006	161106 020906.300 com=12 meter=5 baud=13 acqtime=2016-11-06 02:08:00
18390007	161106 020906.610 opened (3)/dev/tts11 8N1 9600 tx_ipg=24984, rx_ipg=24984 (DTR|RTS|CTS|CAR|RNG)
18390008	161106 020906.679 sending frame: SNRM Info=23
18390009	161106 020906.681 > 7EA02300 0272FB61 933A3F81 80140502  ~.#..r.a.:?..... 
18390010	161106 020906.682 > 07F00602 07F00704 00000001 08040000  ................ 
18390011	161106 020906.684 > 00015856 7E                          ..XV~            
18390012	161106 020906.813 < 7EA02161 000272FB 73075481 80120501  ~.!a..r.s.T..... 
18390013	161106 020906.813 < F806013E 07040000 00010804 00000001  ...>............ 
18390014	161106 020906.814 < 480E7E                               H.~              
18390015	161106 020906.814 recved frame: UA * Info=21
18390016	161106 020906.814 negotiated mtu tx/rx = 79/2049
18390017	161106 020906.814 hdlc connected
18390018	161106 020906.817 sending frame: I N(R)=0 N(S)=0 Info=54
18390019	161106 020906.817 > 7EA04200 0272FB61 10F9B2E6 E6006031  ~.B..r.a......`1 
18390020	161106 020906.818 > 80020780 A1090607 60857405 0801028A  ........`.t..... 
18390021	161106 020906.828 > 0207808B 07608574 05080202 AC028000  .....`.t........ 
18390022	161106 020906.829 > BE0F040D 01000000 065F0400 FFFFFF00  ........._...... 
18390023	161106 020906.830 > 00BC7F7E                             ...~             
18390024	161106 020907.063 < 7EA05261 000272FB 30BA9DE6 E7006141  ~.Ra..r.0.....aA 
