 73610	161029 013119.839 > 00800000 0100A591 7E                 ........~        
 73611	161029 013120.015 < 7EA01461 000272FB 145765E6 E7000C01  ~..a..r..We..... 
 73612	161029 013120.016 < 000100F9 F17E                        .....~           
 73613	161029 013120.016 recved frame: I * N(R)=0 N(S)=2 Info=8
 73614	161029 013120.026 keepalive stopped
 73615	161029 013120.026 sending frame: DISC
 73616	161029 013120.026 > 7EA00A00 0272FB61 538CDB7E           ~....r.aS..~     
 73617	161029 013120.135 < 7EA02161 000272FB 73075481 80120501  ~.!a..r.s.T..... 
 73618	161029 013120.136 < F806013E 07040000 00010804 00000001  ...>............ 
 73619	161029 013120.136 < 480E7E                               H.~              
 73620	161029 013120.136 recved frame: UA * Info=21
 73621	161029 013120.137 hdlc disconnected
 73622	161029 013120.138 closed /dev/tts6 tx=477/13 rx=1183/13, recv_delay=1.550s, send_delay=0.000s
 73623	iteration 395
 73624	xdlms -L --brief --no-save --no-last-value 7 6 13 1477675800 1
 73625	161029 013121.222 com=7 meter=6 baud=13 acqtime=2016-10-29 01:30:00
 73626	161029 013121.821 opened (3)/dev/tts6 8N1 9600 tx_ipg=24984, rx_ipg=24984 (DTR|RTS|CTS|CAR|RNG)
 73627	161029 013121.934 sending frame: SNRM Info=23
 73628	161029 013121.952 > 7EA02300 0272FB61 933A3F81 80140502  ~.#..r.a.:?..... 
 73629	161029 013121.953 > 07F00602 07F00704 00000001 08040000  ................ 
 73630	161029 013121.955 > 00015856 7E                          ..XV~            
 73631	161029 013122.085 < 7EA02161 000272FB 73075481 80120501  ~.!a..r.s.T..... 
 73632	161029 013122.086 < F806013E 07040000 00010804 00000001  ...>............ 
 73633	161029 013122.086 < 480E7E                               H.~              
 73634	161029 013122.086 recved frame: UA * Info=21
 73635	161029 013122.087 negotiated mtu tx/rx = 79/2049
 73636	161029 013122.087 hdlc connected
 73637	161029 013122.089 sending frame: I N(R)=0 N(S)=0 Info=54
 73638	161029 013122.090 > 7EA04200 0272FB61 10F9B2E6 E6006031  ~.B..r.a......`1 
 73639	161029 013122.097 > 80020780 A1090607 60857405 0801028A  ........`.t..... 
 73640	161029 013122.098 > 0207808B 07608574 05080202 AC028000  .....`.t........ 
 73641	161029 013122.101 > BE0F040D 01000000 065F0400 FFFFFF00  ........._...... 
 73642	161029 013122.102 > 00BC7F7E                             ...~             
 73643	161029 013122.485 < 7EA05261 000272FB 30BA9DE6 E7006141  ~.Ra..r.0.....aA 
 73644	161029 013122.486 < A1090607 60857405 080102A2 03020100  ....`.t......... 
 73645	161029 013122.486 < A305A103 02010E88 02078089 07608574  .............`.t 
 73646	161029 013122.486 < 05080202 AA0A8008 30383031 30303030  ........08010000 
 73647	161029 013122.487 < BE0F040D 0800065F 04001802 200960FA  ......._.... .`. 
 73648	161029 013122.487 < 00EE697E                             ..i~             
 73649	161029 013122.487 recved frame: I * N(R)=1 N(S)=0 Info=70
 73650	161029 013122.490 AARE: app=(2,16,756,5,8,1,2) asso_result=0 (14) initiate err=0 +auth secu_machanism=(2,16,756,5,8,2,2)
 73651	161029 013122.497 xdlms param: qos=0 ver=6 max_send_pdu=2400, vaa=fa00
 73652	161029 013122.517 sending frame: I N(R)=1 N(S)=1 Info=19
 73653	161029 013122.521 > 7EA01F00 0272FB61 3269ECE6 E6000601  ~....r.a2i...... 
 73654	161029 013122.525 > 02FA5801 09083141 33353536 37309F31  ..X...1A355670.1 
 73655	161029 013122.527 > 7E                                   ~                
 73656	161029 013122.635 < 7EA01261 000272FB 52A81AE6 E7000D01  ~..a..r.R....... 
 73657	161029 013122.636 < 0007E47E                             ...~             
 73658	161029 013122.636 recved frame: I * N(R)=2 N(S)=1 Info=6
 73659	161029 013122.636 hls auth ok
 73660	161029 013122.636 read LDN
 73661	161029 013122.637 reading 1 vars, ttl=1
 73662	161029 013122.637 sending frame: I N(R)=2 N(S)=2 Info=8
 73663	161029 013122.638 > 7EA01400 0272FB61 54DB9CE6 E6000501  ~....r.aT....... 
 73664	161029 013122.638 > 02FD0810 D37E                        .....~           
 73665	161029 013122.945 < 7EA02461 000272FB 741BD0E6 E7000C01  ~.$a..r.t....... 
 73666	161029 013122.946 < 0009104C 475A3530 35303634 32310000  ...LGZ50506421.. 
 73667	161029 013122.946 < 00000040 8E7E                        ...@.~           
 73668	161029 013122.946 recved frame: I * N(R)=3 N(S)=2 Info=24
 73669	161029 013122.959 keepalive stopped
 73670	161029 013123.042 solve obj names:
 73671	161029 013123.108 read server info
 73672	161029 013123.110 reading 3 vars, ttl=3
 73673	161029 013123.126 sending frame: I N(R)=3 N(S)=3 Info=14
 73674	161029 013123.128 > 7EA01A00 0272FB61 76EA18E6 E6000503  ~....r.av....... 
 73675	161029 013123.130 > 02FF0802 4BD80299 58ED327E           ....K...X.2~     
 73676	161029 013123.305 < 7EA02C61 000272FB 96EBCAE6 E7000C03  ~.,a..r......... 
 73677	161029 013123.306 < 000A0348 30330006 0000001A 00090C07  ...H03.......... 
 73678	161029 013123.306 < E00A0106 000000FF 8000FFE3 857E      .............~   
 73679	161029 013123.307 recved frame: I * N(R)=4 N(S)=3 Info=32
 73680	161029 013123.307 detected a suspicous clock value, status=0xff
 73681	161029 013123.421 keepalive stopped
 73682	161029 013123.421 ldn: LGZ50506421 ver: H03 vz1: 26 last billing reset: 2016-10-01 00:00:00
 73683	161029 013123.687 read server clock
 73684	161029 013123.689 reading 1 vars, ttl=1
 73685	161029 013123.692 sending frame: I N(R)=4 N(S)=4 Info=8
 73686	161029 013123.693 > 7EA01400 0272FB61 98BB90E6 E6000501  ~....r.a........ 
 73687	161029 013123.693 > 022BC8F7 1E7E                        .+...~           
 73688	161029 013123.830 < 7EA02061 000272FB B80DB3E6 E7000C01  ~. a..r......... 
 73689	161029 013123.831 < 00090C07 E00A1D06 011F1AFF 800000F6  ................ 
 73690	161029 013123.831 < 557E                                 U~               
 73691	161029 013123.831 recved frame: I * N(R)=5 N(S)=4 Info=20
 73692	161029 013123.846 keepalive stopped
 73693	161029 013123.846 server time is 2016-10-29 01:31:25.92
 73694	161029 013123.853 time drift (2s) out of sync window, sync is aborted
 73695	161029 013123.997 profile 1.0.99.1.0.255 period=900, objs_num=12, sort_method=1 entries_in_use=0, entries=0
 73696	161029 013124.000 start read load profile for 8 mp's from 2016-10-29 01:30:00 to 2016-10-29 01:30:00
 73697	161029 013124.007 profile read max step=8:00.00
 73698	161029 013124.009 read profile buf [2016-10-29 01:30:00, 2016-10-29 01:30:01]
 73699	161029 013124.011 sending frame: I N(R)=5 N(S)=5 Info=59
 73700	161029 013124.012 > 7EA04700 0272FB61 BA0A48E6 E6000501  ~.G..r.a..H..... 
 73701	161029 013124.013 > 04627801 02040204 12000809 06000001  .bx............. 
 73702	161029 013124.013 > 0000FF0F 02120000 090C07E0 0A1DFF01  ................ 
 73703	161029 013124.013 > 1E000080 0000090C 07E00A1D FF011E01  ................ 
 73704	161029 013124.014 > 00800000 010014C8 7E                 ........~        
 73705	161029 013124.536 < 7EA03261 000272FB DA6B71E6 E7000C01  ~.2a..r..kq..... 
 73706	161029 013124.536 < 00010105 00000277 05000000 00050000  .......w........ 
 73707	161029 013124.537 < 00000500 0008D405 00000000 05000000  ................ 
 73708	161029 013124.537 < 00C4647E                             ..d~             
 73709	161029 013124.537 recved frame: I * N(R)=6 N(S)=5 Info=38
 73710	161029 013124.538 [WARNING] row 0: no clock in profile buffer?
 73711	161029 013124.541 keepalive stopped
 73712	161029 013124.542 22 mp's need to read from running registers
 73713	161029 013124.547 read registers
 73714	161029 013124.550 reading 28 vars, ttl=28
 73715	161029 013124.556 sending frame: I N(R)=6 N(S)=6 Info=62 S
 73716	161029 013124.557 > 7EA84A00 0272FB61 DCC94DE6 E600051C  ~.J..r.a..M..... 
 73717	161029 013124.559 > 021A2002 1B80021A D0021C30 02016002  .. ........0..`. 
 73718	161029 013124.561 > 02100202 C0020370 02042002 04D00205  .......p.. ..... 
 73719	161029 013124.562 > 80020630 0261D002 63600257 180254B8  ...0.a..c`.W..T. 
 73720	161029 013124.563 > 02AD3802 AD5002AE 4845527E           ..8..P..HER~     
 73721	161029 013124.715 < 7EA00A61 000272FB F11CE67E           ~..a..r....~     
 73722	161029 013124.716 recved frame: RR * N(R)=7
 73723	161029 013124.716 sending frame: I N(R)=6 N(S)=7 Info=27
 73724	161029 013124.717 > 7EA02700 0272FB61 DEADC902 AE6002AE  ~.'..r.a.....`.. 
 73725	161029 013124.717 > D002AEE8 02AF5802 AF7002AF E002AFF8  ......X..p...... 
 73726	161029 013124.717 > 02ADC002 ADD8CDCA 7E                 ........~        
 73727	161029 013125.485 < 7EA8CB61 000272FB 1C8529E6 E7000C1C  ~..a..r...)..... 
 73728	161029 013125.486 < 00140000 00000000 8C690014 00000000  .........i...... 
 73729	161029 013125.486 < 00003C2D 00140000 00000000 01810014  ..<-............ 
 73730	161029 013125.487 < 00000000 0000CCEE 00140000 00000000  ................ 
 73731	161029 013125.487 < 00000014 00000000 000728CC 00140000  ..........(..... 
 73732	161029 013125.487 < 00000008 0DD70014 00000000 00059F32  ...............2 
 73733	161029 013125.488 < 00140000 00000000 00000014 00000000  ................ 
 73734	161029 013125.488 < 0000088E 00140000 00000000 08C00014  ................ 
 73735	161029 013125.488 < 00000000 00000869 00050000 00470005  .......i.....G.. 
 73736	161029 013125.488 < 0000007B 00050000 00320005 00001384  ...{.....2...... 
 73737	161029 013125.489 < 00050000 02DC0009 0C07E00A 1A030000  ................ 
 73738	161029 013125.489 < 00FF8000 00000500 00000000 090C07D0  ................ 
 73739	161029 013125.489 < 01010600 0000FF80 0000FC42 7E        ...........B~    
 73740	161029 013125.490 recved frame: I * N(R)=0 N(S)=6 Info=191 S
 73741	161029 013125.505 sending frame: RR N(R)=7
 73742	161029 013125.509 > 7EA00A00 0272FB61 F1945D7E           ~....r.a..]~     
 73743	161029 013125.681 < 7EA06061 000272FB 1E37B400 05000002  ~.`a..r..7...... 
 73744	161029 013125.681 < CA00090C 07E00A19 02150000 FF800000  ................ 
 73745	161029 013125.681 < 00050000 02D50009 0C07E00A 19021600  ................ 
 73746	161029 013125.682 < 00FF8000 00000500 0002DC00 090C07E0  ................ 
 73747	161029 013125.682 < 0A1A0300 0000FF80 00000005 00000016  ................ 
 73748	161029 013125.682 < 00090C07 E00A0F06 060000FF 800000B6  ................ 
 73749	161029 013125.682 < 287E                                 (~               
 73750	161029 013125.683 recved frame: I * N(R)=0 N(S)=7 Info=84
 73751	161029 013125.701 keepalive stopped
 73752	161029 013125.706 keepalive stopped
 73753	161029 013125.706 [ERR] profile 0.0.98.133.63.255 not found in server
 73754	161029 013125.706 [ERR] profile 0.0.98.133.64.255 not found in server
 73755	161029 013125.707 49 mp's use dummy acquisition
 73756	161029 013125.711 keepalive stopped
 73757	161029 013125.950 profile 1.0.99.98.0.255 period=0, objs_num=4, sort_method=1 entries_in_use=0, entries=0
 73758	161029 013125.971 start read event log
 73759	161029 013125.972 profile read max step=0:56.00
 73760	161029 013125.974 read profile buf [2016-10-29 00:30:01, 2016-10-29 01:26:00]
 73761	161029 013125.975 sending frame: I N(R)=0 N(S)=0 Info=59
 73762	161029 013125.976 > 7EA04700 0272FB61 105A42E6 E6000501  ~.G..r.a.ZB..... 
 73763	161029 013125.977 > 0460E801 02040204 12000809 06000001  .`.............. 
 73764	161029 013125.977 > 0000FF0F 02120000 090C07E0 0A1DFF00  ................ 
 73765	161029 013125.977 > 1E010080 0000090C 07E00A1D FF011A00  ................ 
 73766	161029 013125.978 > 00800000 0100E4BB 7E                 ........~        
 73767	161029 013126.190 < 7EA01461 000272FB 307102E6 E7000C01  ~..a..r.0q...... 
 73768	161029 013126.191 < 000100F9 F17E                        .....~           
 73769	161029 013126.191 recved frame: I * N(R)=1 N(S)=0 Info=8
 73770	161029 013126.195 keepalive stopped
 73771	161029 013126.196 read profile buf [2016-10-29 01:26:01, 2016-10-29 01:30:00]
 73772	161029 013126.197 sending frame: I N(R)=1 N(S)=1 Info=59
 73773	161029 013126.198 > 7EA04700 0272FB61 324A40E6 E6000501  ~.G..r.a2J@..... 
 73774	161029 013126.198 > 0460E801 02040204 12000809 06000001  .`.............. 
 73775	161029 013126.198 > 0000FF0F 02120000 090C07E0 0A1DFF01  ................ 
 73776	161029 013126.199 > 1A010080 0000090C 07E00A1D FF011E00  ................ 
 73777	161029 013126.199 > 00800000 0100A591 7E                 ........~        
 73778	161029 013126.370 < 7EA01461 000272FB 526542E6 E7000C01  ~..a..r.ReB..... 
 73779	161029 013126.371 < 000100F9 F17E                        .....~           
 73780	161029 013126.371 recved frame: I * N(R)=2 N(S)=1 Info=8
 73781	161029 013126.376 keepalive stopped
 73782	161029 013126.377 sending frame: DISC
 73783	161029 013126.377 > 7EA00A00 0272FB61 538CDB7E           ~....r.aS..~     
 73784	161029 013126.485 < 7EA02161 000272FB 73075481 80120501  ~.!a..r.s.T..... 
 73785	161029 013126.486 < F806013E 07040000 00010804 00000001  ...>............ 
 73786	161029 013126.486 < 480E7E                               H.~              
 73787	161029 013126.486 recved frame: UA * Info=21
 73788	161029 013126.487 hdlc disconnected
 73789	161029 013126.488 closed /dev/tts6 tx=570/13 rx=703/13, recv_delay=2.400s, send_delay=0.000s
 73790	iteration 396
 73791	xdlms -L --brief --no-save --no-last-value 7 6 13 1477675800 1
 73792	161029 013127.572 com=7 meter=6 baud=13 acqtime=2016-10-29 01:30:00
 73793	161029 013128.175 opened (3)/dev/tts6 8N1 9600 tx_ipg=24984, rx_ipg=24984 (DTR|RTS|CTS|CAR|RNG)
 73794	161029 013128.295 sending frame: SNRM Info=23
 73795	161029 013128.303 > 7EA02300 0272FB61 933A3F81 80140502  ~.#..r.a.:?..... 
 73796	161029 013128.303 > 07F00602 07F00704 00000001 08040000  ................ 
 73797	161029 013128.303 > 00015856 7E                          ..XV~            
 73798	161029 013128.435 < 7EA02161 000272FB 73075481 80120501  ~.!a..r.s.T..... 
 73799	161029 013128.436 < F806013E 07040000 00010804 00000001  ...>............ 
 73800	161029 013128.436 < 480E7E                               H.~              
 73801	161029 013128.436 recved frame: UA * Info=21
 73802	161029 013128.437 negotiated mtu tx/rx = 79/2049
 73803	161029 013128.437 hdlc connected
 73804	161029 013128.439 sending frame: I N(R)=0 N(S)=0 Info=54
 73805	161029 013128.439 > 7EA04200 0272FB61 10F9B2E6 E6006031  ~.B..r.a......`1 
 73806	161029 013128.440 > 80020780 A1090607 60857405 0801028A  ........`.t..... 
 73807	161029 013128.440 > 0207808B 07608574 05080202 AC028000  .....`.t........ 
 73808	161029 013128.462 > BE0F040D 01000000 065F0400 FFFFFF00  ........._...... 
 73809	161029 013128.464 > 00BC7F7E                             ...~             
 73810	161029 013128.685 < 7EA05261 000272FB 30BA9DE6 E7006141  ~.Ra..r.0.....aA 
