 18262	161029 005607.977 < 7EA01461 000272FB 526542E6 E7000C01  ~..a..r.ReB..... 
 18263	161029 005607.977 < 000100F9 F17E                        .....~           
 18264	161029 005607.978 recved frame: I * N(R)=2 N(S)=1 Info=8
 18265	161029 005607.982 keepalive stopped
 18266	161029 005607.983 sending frame: DISC
 18267	161029 005607.983 > 7EA00A00 0272FB61 538CDB7E           ~....r.aS..~     
 18268	161029 005608.082 < 7EA02161 000272FB 73075481 80120501  ~.!a..r.s.T..... 
 18269	161029 005608.083 < F806013E 07040000 00010804 00000001  ...>............ 
 18270	161029 005608.083 < 480E7E                               H.~              
 18271	161029 005608.083 recved frame: UA * Info=21
 18272	161029 005608.083 hdlc disconnected
 18273	161029 005608.085 closed /dev/tts6 tx=570/13 rx=760/13, recv_delay=2.295s, send_delay=0.000s
 18274	iteration 96
 18275	xdlms -L --brief --no-save --no-last-value 7 6 13 1477673760 1
 18276	161029 005608.871 com=7 meter=6 baud=13 acqtime=2016-10-29 00:56:00
 18277	161029 005609.058 opened (3)/dev/tts6 8N1 9600 tx_ipg=24984, rx_ipg=24984 (DTR|RTS|CTS|CAR|RNG)
 18278	161029 005609.084 sending frame: SNRM Info=23
 18279	161029 005609.088 > 7EA02300 0272FB61 933A3F81 80140502  ~.#..r.a.:?..... 
 18280	161029 005609.090 > 07F00602 07F00704 00000001 08040000  ................ 
 18281	161029 005609.091 > 00015856 7E                          ..XV~            
 18282	161029 005609.217 < 7EA02161 000272FB 73075481 80120501  ~.!a..r.s.T..... 
 18283	161029 005609.218 < F806013E 07040000 00010804 00000001  ...>............ 
 18284	161029 005609.218 < 480E7E                               H.~              
 18285	161029 005609.218 recved frame: UA * Info=21
 18286	161029 005609.219 negotiated mtu tx/rx = 79/2049
 18287	161029 005609.219 hdlc connected
 18288	161029 005609.221 sending frame: I N(R)=0 N(S)=0 Info=54
 18289	161029 005609.237 > 7EA04200 0272FB61 10F9B2E6 E6006031  ~.B..r.a......`1 
 18290	161029 005609.239 > 80020780 A1090607 60857405 0801028A  ........`.t..... 
 18291	161029 005609.241 > 0207808B 07608574 05080202 AC028000  .....`.t........ 
 18292	161029 005609.242 > BE0F040D 01000000 065F0400 FFFFFF00  ........._...... 
 18293	161029 005609.243 > 00BC7F7E                             ...~             
 18294	161029 005609.642 < 7EA05261 000272FB 30BA9DE6 E7006141  ~.Ra..r.0.....aA 
 18295	161029 005609.643 < A1090607 60857405 080102A2 03020100  ....`.t......... 
 18296	161029 005609.643 < A305A103 02010E88 02078089 07608574  .............`.t 
 18297	161029 005609.643 < 05080202 AA0A8008 36313137 30303030  ........61170000 
 18298	161029 005609.644 < BE0F040D 0800065F 04001802 200960FA  ......._.... .`. 
 18299	161029 005609.644 < 0086877E                             ...~             
 18300	161029 005609.644 recved frame: I * N(R)=1 N(S)=0 Info=70
 18301	161029 005609.646 AARE: app=(2,16,756,5,8,1,2) asso_result=0 (14) initiate err=0 +auth secu_machanism=(2,16,756,5,8,2,2)
 18302	161029 005609.647 xdlms param: qos=0 ver=6 max_send_pdu=2400, vaa=fa00
 18303	161029 005609.659 sending frame: I N(R)=1 N(S)=1 Info=19
 18304	161029 005609.662 > 7EA01F00 0272FB61 3269ECE6 E6000601  ~....r.a2i...... 
 18305	161029 005609.667 > 02FA5801 09083733 34423536 37302733  ..X...734B5670'3 
 18306	161029 005609.668 > 7E                                   ~                
 18307	161029 005609.767 < 7EA01261 000272FB 52A81AE6 E7000D01  ~..a..r.R....... 
 18308	161029 005609.767 < 0007E47E                             ...~             
 18309	161029 005609.768 recved frame: I * N(R)=2 N(S)=1 Info=6
 18310	161029 005609.768 hls auth ok
 18311	161029 005609.768 read LDN
 18312	161029 005609.768 reading 1 vars, ttl=1
 18313	161029 005609.769 sending frame: I N(R)=2 N(S)=2 Info=8
 18314	161029 005609.769 > 7EA01400 0272FB61 54DB9CE6 E6000501  ~....r.aT....... 
 18315	161029 005609.770 > 02FD0810 D37E                        .....~           
 18316	161029 005609.937 < 7EA02461 000272FB 741BD0E6 E7000C01  ~.$a..r.t....... 
 18317	161029 005609.938 < 0009104C 475A3530 35303634 32310000  ...LGZ50506421.. 
 18318	161029 005609.938 < 00000040 8E7E                        ...@.~           
 18319	161029 005609.938 recved frame: I * N(R)=3 N(S)=2 Info=24
 18320	161029 005609.949 keepalive stopped
 18321	161029 005610.011 solve obj names:
 18322	161029 005610.023 read server info
 18323	161029 005610.024 reading 3 vars, ttl=3
 18324	161029 005610.026 sending frame: I N(R)=3 N(S)=3 Info=14
 18325	161029 005610.028 > 7EA01A00 0272FB61 76EA18E6 E6000503  ~....r.av....... 
 18326	161029 005610.029 > 02FF0802 4BD80299 58ED327E           ....K...X.2~     
 18327	161029 005610.337 < 7EA02C61 000272FB 96EBCAE6 E7000C03  ~.,a..r......... 
 18328	161029 005610.338 < 000A0348 30330006 0000001A 00090C07  ...H03.......... 
 18329	161029 005610.338 < E00A0106 000000FF 8000FFE3 857E      .............~   
 18330	161029 005610.338 recved frame: I * N(R)=4 N(S)=3 Info=32
 18331	161029 005610.339 detected a suspicous clock value, status=0xff
 18332	161029 005610.453 keepalive stopped
 18333	161029 005610.453 ldn: LGZ50506421 ver: H03 vz1: 26 last billing reset: 2016-10-01 00:00:00
 18334	161029 005610.735 read server clock
 18335	161029 005610.737 reading 1 vars, ttl=1
 18336	161029 005610.739 sending frame: I N(R)=4 N(S)=4 Info=8
 18337	161029 005610.741 > 7EA01400 0272FB61 98BB90E6 E6000501  ~....r.a........ 
 18338	161029 005610.749 > 022BC8F7 1E7E                        .+...~           
 18339	161029 005610.867 < 7EA02061 000272FB B80DB3E6 E7000C01  ~. a..r......... 
 18340	161029 005610.868 < 00090C07 E00A1D06 00380DFF 8000000E  .........8...... 
 18341	161029 005610.868 < D77E                                 .~               
 18342	161029 005610.868 recved frame: I * N(R)=5 N(S)=4 Info=20
 18343	161029 005610.873 keepalive stopped
 18344	161029 005610.874 server time is 2016-10-29 00:56:12.93
 18345	161029 005610.880 time drift (2s) out of sync window, sync is aborted
 18346	161029 005611.009 profile 1.0.99.1.0.255 period=900, objs_num=12, sort_method=1 entries_in_use=0, entries=0
 18347	161029 005611.011 start read load profile for 8 mp's from 2016-10-29 00:45:00 to 2016-10-29 00:45:00
 18348	161029 005611.013 profile read max step=8:00.00
 18349	161029 005611.016 read profile buf [2016-10-29 00:45:00, 2016-10-29 00:45:01]
 18350	161029 005611.024 sending frame: I N(R)=5 N(S)=5 Info=59
 18351	161029 005611.026 > 7EA04700 0272FB61 BA0A48E6 E6000501  ~.G..r.a..H..... 
 18352	161029 005611.035 > 04627801 02040204 12000809 06000001  .bx............. 
 18353	161029 005611.042 > 0000FF0F 02120000 090C07E0 0A1DFF00  ................ 
 18354	161029 005611.044 > 2D000080 0000090C 07E00A1D FF002D01  -.............-. 
 18355	161029 005611.046 > 00800000 010011DF 7E                 ........~        
 18356	161029 005615.092 < 7EA04B61 000272FB DA1E21E6 E7000C01  ~.Ka..r...!..... 
 18357	161029 005615.093 < 00020C09 0C07E00A 1D06002D 00FF8000  ...........-.... 
 18358	161029 005615.093 < 00060081 00041400 00000000 14D59F14  ................ 
 18359	161029 005615.093 < 00000000 000019B8 14000000 00000158  ...............X 
 18360	161029 005615.093 < F8140000 00000000 3DAF4E5E 7E        ........=.N^~    
 18361	161029 005615.094 recved frame: I * N(R)=6 N(S)=5 Info=63
 18362	161029 005615.094 [ERR] unrecognized tag of data: 61
 18363	161029 005615.095 22 mp's need to read from running registers
 18364	161029 005615.105 read registers
 18365	161029 005615.124 reading 28 vars, ttl=28
 18366	161029 005615.125 sending frame: I N(R)=6 N(S)=6 Info=62 S
 18367	161029 005615.128 > 7EA84A00 0272FB61 DCC94DE6 E600051C  ~.J..r.a..M..... 
 18368	161029 005615.130 > 021A2002 1B80021A D0021C30 02016002  .. ........0..`. 
 18369	161029 005615.132 > 02100202 C0020370 02042002 04D00205  .......p.. ..... 
 18370	161029 005615.139 > 80020630 0261D002 63600257 180254B8  ...0.a..c`.W..T. 
 18371	161029 005615.141 > 02AD3802 AD5002AE 4845527E           ..8..P..HER~     
 18372	161029 005615.292 < 7EA00A61 000272FB F11CE67E           ~..a..r....~     
 18373	161029 005615.292 recved frame: RR * N(R)=7
 18374	161029 005615.293 sending frame: I N(R)=6 N(S)=7 Info=27
 18375	161029 005615.293 > 7EA02700 0272FB61 DEADC902 AE6002AE  ~.'..r.a.....`.. 
 18376	161029 005615.294 > D002AEE8 02AF5802 AF7002AF E002AFF8  ......X..p...... 
 18377	161029 005615.294 > 02ADC002 ADD8CDCA 7E                 ........~        
 18378	161029 005616.067 < 7EA8CB61 000272FB 1C8529E6 E7000C1C  ~..a..r...)..... 
 18379	161029 005616.068 < 00140000 00000000 8C200014 00000000  ......... ...... 
 18380	161029 005616.068 < 00003C2D 00140000 00000000 01810014  ..<-............ 
 18381	161029 005616.068 < 00000000 0000CCEE 00140000 00000000  ................ 
 18382	161029 005616.068 < 00000014 00000000 000728CC 00140000  ..........(..... 
 18383	161029 005616.069 < 00000008 0DD70014 00000000 00059F08  ................ 
 18384	161029 005616.069 < 00140000 00000000 00000014 00000000  ................ 
 18385	161029 005616.069 < 0000088E 00140000 00000000 08C00014  ................ 
 18386	161029 005616.069 < 00000000 00000869 00050000 00470005  .......i.....G.. 
 18387	161029 005616.070 < 0000007B 00050000 00320005 0000138A  ...{.....2...... 
 18388	161029 005616.070 < 00050000 02DC0009 0C07E00A 1A030000  ................ 
 18389	161029 005616.070 < 00FF8000 00000500 00000000 090C07D0  ................ 
 18390	161029 005616.070 < 01010600 0000FF80 00009509 7E        ............~    
 18391	161029 005616.071 recved frame: I * N(R)=0 N(S)=6 Info=191 S
 18392	161029 005616.071 sending frame: RR N(R)=7
 18393	161029 005616.072 > 7EA00A00 0272FB61 F1945D7E           ~....r.a..]~     
 18394	161029 005616.262 < 7EA06061 000272FB 1E37B400 05000002  ~.`a..r..7...... 
 18395	161029 005616.263 < CA00090C 07E00A19 02150000 FF800000  ................ 
 18396	161029 005616.263 < 00050000 02D50009 0C07E00A 19021600  ................ 
 18397	161029 005616.263 < 00FF8000 00000500 0002DC00 090C07E0  ................ 
 18398	161029 005616.263 < 0A1A0300 0000FF80 00000005 00000016  ................ 
 18399	161029 005616.264 < 00090C07 E00A0F06 060000FF 800000B6  ................ 
 18400	161029 005616.264 < 287E                                 (~               
 18401	161029 005616.264 recved frame: I * N(R)=0 N(S)=7 Info=84
 18402	161029 005616.273 keepalive stopped
 18403	161029 005616.275 keepalive stopped
 18404	161029 005616.276 [ERR] profile 0.0.98.133.63.255 not found in server
 18405	161029 005616.276 [ERR] profile 0.0.98.133.64.255 not found in server
 18406	161029 005616.277 49 mp's use dummy acquisition
 18407	161029 005616.280 keepalive stopped
 18408	161029 005616.724 profile 1.0.99.98.0.255 period=0, objs_num=4, sort_method=1 entries_in_use=0, entries=0
 18409	161029 005616.726 start read event log
 18410	161029 005616.727 profile read max step=0:56.00
 18411	161029 005616.728 read profile buf [2016-10-28 23:56:01, 2016-10-29 00:52:00]
 18412	161029 005616.729 sending frame: I N(R)=0 N(S)=0 Info=59
 18413	161029 005616.729 > 7EA04700 0272FB61 105A42E6 E6000501  ~.G..r.a.ZB..... 
 18414	161029 005616.730 > 0460E801 02040204 12000809 06000001  .`.............. 
 18415	161029 005616.730 > 0000FF0F 02120000 090C07E0 0A1CFF17  ................ 
 18416	161029 005616.730 > 38010080 0000090C 07E00A1D FF003400  8.............4. 
 18417	161029 005616.730 > 00800000 0100D360 7E                 .......`~        
 18418	161029 005616.902 < 7EA01461 000272FB 307102E6 E7000C01  ~..a..r.0q...... 
 18419	161029 005616.903 < 000100F9 F17E                        .....~           
 18420	161029 005616.903 recved frame: I * N(R)=1 N(S)=0 Info=8
 18421	161029 005616.909 keepalive stopped
 18422	161029 005616.910 read profile buf [2016-10-29 00:52:01, 2016-10-29 00:56:00]
 18423	161029 005616.910 sending frame: I N(R)=1 N(S)=1 Info=59
 18424	161029 005616.911 > 7EA04700 0272FB61 324A40E6 E6000501  ~.G..r.a2J@..... 
 18425	161029 005616.911 > 0460E801 02040204 12000809 06000001  .`.............. 
 18426	161029 005616.912 > 0000FF0F 02120000 090C07E0 0A1DFF00  ................ 
 18427	161029 005616.924 > 34010080 0000090C 07E00A1D FF003800  4.............8. 
 18428	161029 005616.926 > 00800000 010075F1 7E                 ......u.~        
 18429	161029 005617.087 < 7EA01461 000272FB 526542E6 E7000C01  ~..a..r.ReB..... 
 18430	161029 005617.088 < 000100F9 F17E                        .....~           
 18431	161029 005617.088 recved frame: I * N(R)=2 N(S)=1 Info=8
 18432	161029 005617.097 keepalive stopped
 18433	161029 005617.098 sending frame: DISC
 18434	161029 005617.098 > 7EA00A00 0272FB61 538CDB7E           ~....r.aS..~     
 18435	161029 005617.202 < 7EA02161 000272FB 73075481 80120501  ~.!a..r.s.T..... 
 18436	161029 005617.203 < F806013E 07040000 00010804 00000001  ...>............ 
 18437	161029 005617.203 < 480E7E                               H.~              
 18438	161029 005617.203 recved frame: UA * Info=21
 18439	161029 005617.203 hdlc disconnected
 18440	161029 005617.205 closed /dev/tts6 tx=570/13 rx=728/13, recv_delay=5.850s, send_delay=0.000s
 18441	iteration 97
 18442	xdlms -L --brief --no-save --no-last-value 7 6 13 1477673760 1
 18443	161029 005617.961 com=7 meter=6 baud=13 acqtime=2016-10-29 00:56:00
 18444	161029 005618.484 opened (3)/dev/tts6 8N1 9600 tx_ipg=24984, rx_ipg=24984 (DTR|RTS|CTS|CAR|RNG)
 18445	161029 005618.515 sending frame: SNRM Info=23
 18446	161029 005618.518 > 7EA02300 0272FB61 933A3F81 80140502  ~.#..r.a.:?..... 
 18447	161029 005618.520 > 07F00602 07F00704 00000001 08040000  ................ 
 18448	161029 005618.521 > 00015856 7E                          ..XV~            
 18449	161029 005618.647 < 7EA02161 000272FB 73075481 80120501  ~.!a..r.s.T..... 
 18450	161029 005618.648 < F806013E 07040000 00010804 00000001  ...>............ 
 18451	161029 005618.648 < 480E7E                               H.~              
 18452	161029 005618.648 recved frame: UA * Info=21
 18453	161029 005618.648 negotiated mtu tx/rx = 79/2049
 18454	161029 005618.649 hdlc connected
 18455	161029 005618.651 sending frame: I N(R)=0 N(S)=0 Info=54
 18456	161029 005618.651 > 7EA04200 0272FB61 10F9B2E6 E6006031  ~.B..r.a......`1 
 18457	161029 005618.658 > 80020780 A1090607 60857405 0801028A  ........`.t..... 
 18458	161029 005618.662 > 0207808B 07608574 05080202 AC028000  .....`.t........ 
 18459	161029 005618.663 > BE0F040D 01000000 065F0400 FFFFFF00  ........._...... 
 18460	161029 005618.664 > 00BC7F7E                             ...~             
 18461	161029 005619.052 < 7EA05261 000272FB 30BA9DE6 E7006141  ~.Ra..r.0.....aA 
 18462	161029 005619.052 < A1090607 60857405 080102A2 03020100  ....`.t......... 
