15414489	161104 225947.681 < 7EA01461 000272FB 364767E6 E7000C01  ~..a..r.6Gg..... 
15414490	161104 225947.682 < 000100F9 F17E                        .....~           
15414491	161104 225947.682 recved frame: I * N(R)=1 N(S)=3 Info=8
15414492	161104 225947.687 keepalive stopped
15414493	161104 225947.688 sending frame: DISC
15414494	161104 225947.688 > 7EA00A00 0272FB61 538CDB7E           ~....r.aS..~     
15414495	161104 225947.792 < 7EA02161 000272FB 73075481 80120501  ~.!a..r.s.T..... 
15414496	161104 225947.792 < F806013E 07040000 00010804 00000001  ...>............ 
15414497	161104 225947.792 < 480E7E                               H.~              
15414498	161104 225947.793 recved frame: UA * Info=21
15414499	161104 225947.793 hdlc disconnected
15414500	161104 225947.794 closed /dev/tts6 tx=550/14 rx=1118/14, recv_delay=1.935s, send_delay=0.000s
15414501	iteration 83863
15414502	xdlms -L --brief --no-save --no-last-value --no-reg --lp-from 2016-11-04 20:58:01 --lp-to 2016-11-04 22:58:00 --no-lp-time-hist 7 6 13 1478271480 1
15414503	161104 225949.218 com=7 meter=6 baud=13 acqtime=2016-11-04 22:58:00
15414504	161104 225950.002 opened (3)/dev/tts6 8N1 9600 tx_ipg=24984, rx_ipg=24984 (DTR|RTS|CTS|CAR|RNG)
15414505	161104 225950.110 sending frame: SNRM Info=23
15414506	161104 225950.132 > 7EA02300 0272FB61 933A3F81 80140502  ~.#..r.a.:?..... 
15414507	161104 225950.134 > 07F00602 07F00704 00000001 08040000  ................ 
15414508	161104 225950.135 > 00015856 7E                          ..XV~            
15414509	161104 225950.257 < 7EA02161 000272FB 73075481 80120501  ~.!a..r.s.T..... 
15414510	161104 225950.257 < F806013E 07040000 00010804 00000001  ...>............ 
15414511	161104 225950.257 < 480E7E                               H.~              
15414512	161104 225950.258 recved frame: UA * Info=21
15414513	161104 225950.258 negotiated mtu tx/rx = 79/2049
15414514	161104 225950.258 hdlc connected
15414515	161104 225950.260 sending frame: I N(R)=0 N(S)=0 Info=54
15414516	161104 225950.267 > 7EA04200 0272FB61 10F9B2E6 E6006031  ~.B..r.a......`1 
15414517	161104 225950.272 > 80020780 A1090607 60857405 0801028A  ........`.t..... 
15414518	161104 225950.275 > 0207808B 07608574 05080202 AC028000  .....`.t........ 
15414519	161104 225950.287 > BE0F040D 01000000 065F0400 FFFFFF00  ........._...... 
15414520	161104 225950.289 > 00BC7F7E                             ...~             
15414521	161104 225950.556 < 7EA05261 000272FB 30BA9DE6 E7006141  ~.Ra..r.0.....aA 
15414522	161104 225950.557 < A1090607 60857405 080102A2 03020100  ....`.t......... 
15414523	161104 225950.557 < A305A103 02010E88 02078089 07608574  .............`.t 
15414524	161104 225950.558 < 05080202 AA0A8008 36393043 30303030  ........690C0000 
15414525	161104 225950.558 < BE0F040D 0800065F 04001802 200960FA  ......._.... .`. 
15414526	161104 225950.558 < 005F3B7E                             ._;~             
15414527	161104 225950.558 recved frame: I * N(R)=1 N(S)=0 Info=70
15414528	161104 225950.561 AARE: app=(2,16,756,5,8,1,2) asso_result=0 (14) initiate err=0 +auth secu_machanism=(2,16,756,5,8,2,2)
15414529	161104 225950.568 xdlms param: qos=0 ver=6 max_send_pdu=2400, vaa=fa00
15414530	161104 225950.570 sending frame: I N(R)=1 N(S)=1 Info=19
15414531	161104 225950.581 > 7EA01F00 0272FB61 3269ECE6 E6000601  ~....r.a2i...... 
15414532	161104 225950.583 > 02FA5801 09083742 33303536 373014A2  ..X...7B305670.. 
15414533	161104 225950.584 > 7E                                   ~                
15414534	161104 225950.716 < 7EA01261 000272FB 52A81AE6 E7000D01  ~..a..r.R....... 
15414535	161104 225950.717 < 0007E47E                             ...~             
15414536	161104 225950.717 recved frame: I * N(R)=2 N(S)=1 Info=6
15414537	161104 225950.717 hls auth ok
15414538	161104 225950.718 read LDN
15414539	161104 225950.718 reading 1 vars, ttl=1
15414540	161104 225950.718 sending frame: I N(R)=2 N(S)=2 Info=8
15414541	161104 225950.719 > 7EA01400 0272FB61 54DB9CE6 E6000501  ~....r.aT....... 
15414542	161104 225950.719 > 02FD0810 D37E                        .....~           
15414543	161104 225950.896 < 7EA02461 000272FB 741BD0E6 E7000C01  ~.$a..r.t....... 
15414544	161104 225950.897 < 0009104C 475A3530 35303634 32310000  ...LGZ50506421.. 
15414545	161104 225950.897 < 00000040 8E7E                        ...@.~           
15414546	161104 225950.898 recved frame: I * N(R)=3 N(S)=2 Info=24
15414547	161104 225950.908 keepalive stopped
15414548	161104 225951.010 solve obj names:
15414549	161104 225951.057 read server info
15414550	161104 225951.058 reading 3 vars, ttl=3
15414551	161104 225951.060 sending frame: I N(R)=3 N(S)=3 Info=14
15414552	161104 225951.072 > 7EA01A00 0272FB61 76EA18E6 E6000503  ~....r.av....... 
15414553	161104 225951.074 > 02FF0802 4BD80299 58ED327E           ....K...X.2~     
15414554	161104 225951.262 < 7EA02C61 000272FB 96EBCAE6 E7000C03  ~.,a..r......... 
15414555	161104 225951.262 < 000A0348 30330006 00000020 00090C07  ...H03..... .... 
15414556	161104 225951.262 < E00B0102 000000FF 8000FF66 117E      ...........f.~   
15414557	161104 225951.263 recved frame: I * N(R)=4 N(S)=3 Info=32
15414558	161104 225951.263 detected a suspicous clock value, status=0xff
15414559	161104 225951.372 keepalive stopped
15414560	161104 225951.372 ldn: LGZ50506421 ver: H03 vz1: 32 last billing reset: 2016-11-01 00:00:00
15414561	161104 225951.727 read server clock
15414562	161104 225951.729 reading 1 vars, ttl=1
15414563	161104 225951.731 sending frame: I N(R)=4 N(S)=4 Info=8
15414564	161104 225951.734 > 7EA01400 0272FB61 98BB90E6 E6000501  ~....r.a........ 
15414565	161104 225951.736 > 022BC8F7 1E7E                        .+...~           
15414566	161104 225951.872 < 7EA02061 000272FB B80DB3E6 E7000C01  ~. a..r......... 
15414567	161104 225951.872 < 00090C07 E00B0405 163B35FF 800000D2  .........;5..... 
15414568	161104 225951.872 < D37E                                 .~               
15414569	161104 225951.872 recved frame: I * N(R)=5 N(S)=4 Info=20
15414570	161104 225951.892 keepalive stopped
15414571	161104 225951.893 server time is 2016-11-04 22:59:52.91
15414572	161104 225951.904 time drift (1s) out of sync window, sync is aborted
15414573	161104 225952.053 profile 1.0.99.1.0.255 period=900, objs_num=12, sort_method=1 entries_in_use=0, entries=0
15414574	161104 225952.055 start read load profile for 8 mp's from 2016-11-04 20:58:01 to 2016-11-04 22:58:00
15414575	161104 225952.061 profile read max step=8:00.00
15414576	161104 225952.063 read profile buf [2016-11-04 20:58:01, 2016-11-04 22:58:00]
15414577	161104 225952.065 sending frame: I N(R)=5 N(S)=5 Info=59
15414578	161104 225952.068 > 7EA04700 0272FB61 BA0A48E6 E6000501  ~.G..r.a..H..... 
15414579	161104 225952.068 > 04627801 02040204 12000809 06000001  .bx............. 
15414580	161104 225952.069 > 0000FF0F 02120000 090C07E0 0B04FF14  ................ 
15414581	161104 225952.069 > 3A010080 0000090C 07E00B04 FF163A00  :.............:. 
15414582	161104 225952.069 > 00800000 0100F933 7E                 .......3~        
15414583	161104 225952.431 < 7EA04B61 000272FB DA1E21E6 E7000C01  ~.Ka..r...!..... 
15414584	161104 225952.432 < 00020C09 0C07E00B 0405162D 00FF8000  ...........-.... 
15414585	161104 225952.432 < 00060081 00041400 00000000 15038F14  ................ 
15414586	161104 225952.433 < 00000000 000019B8 14000000 000001A8  ................ 
15414587	161104 225952.433 < 9D140000 00000000 3DAF5A4C 7E        ........=.ZL~    
15414588	161104 225952.433 recved frame: I * N(R)=6 N(S)=5 Info=63
15414589	161104 225952.434 [ERR] unrecognized tag of data: 61
15414590	161104 225952.434 [ERR] profile 0.0.98.133.61.255 not found in server
15414591	161104 225952.434 [ERR] profile 0.0.98.133.62.255 not found in server
15414592	161104 225952.435 [ERR] profile 0.0.98.133.63.255 not found in server
15414593	161104 225952.435 [ERR] profile 0.0.98.133.64.255 not found in server
15414594	161104 225952.436 71 mp's use dummy acquisition
15414595	161104 225952.462 keepalive stopped
15414596	161104 225952.814 profile 1.0.99.98.0.255 period=0, objs_num=4, sort_method=1 entries_in_use=0, entries=0
15414597	161104 225952.816 start read event log
15414598	161104 225952.832 profile read max step=0:56.00
15414599	161104 225952.834 read profile buf [2016-11-04 21:58:01, 2016-11-04 22:54:00]
15414600	161104 225952.836 sending frame: I N(R)=6 N(S)=6 Info=59
15414601	161104 225952.859 > 7EA04700 0272FB61 DC3A4EE6 E6000501  ~.G..r.a.:N..... 
15414602	161104 225952.861 > 0460E801 02040204 12000809 06000001  .`.............. 
15414603	161104 225952.883 > 0000FF0F 02120000 090C07E0 0B04FF15  ................ 
15414604	161104 225952.885 > 3A010080 0000090C 07E00B04 FF163600  :.............6. 
15414605	161104 225952.886 > 00800000 01000CC5 7E                 ........~        
15414606	161104 225953.157 < 7EA01461 000272FB FC110EE6 E7000C01  ~..a..r......... 
15414607	161104 225953.157 < 000100F9 F17E                        .....~           
15414608	161104 225953.157 recved frame: I * N(R)=7 N(S)=6 Info=8
15414609	161104 225953.167 keepalive stopped
15414610	161104 225953.168 read profile buf [2016-11-04 22:54:01, 2016-11-04 22:58:00]
15414611	161104 225953.169 sending frame: I N(R)=7 N(S)=7 Info=59
15414612	161104 225953.169 > 7EA04700 0272FB61 FE2A4CE6 E6000501  ~.G..r.a.*L..... 
15414613	161104 225953.170 > 0460E801 02040204 12000809 06000001  .`.............. 
15414614	161104 225953.170 > 0000FF0F 02120000 090C07E0 0B04FF16  ................ 
15414615	161104 225953.170 > 36010080 0000090C 07E00B04 FF163A00  6.............:. 
15414616	161104 225953.171 > 00800000 0100CFBB 7E                 ........~        
15414617	161104 225953.362 < 7EA01461 000272FB 1E0DCAE6 E7000C01  ~..a..r......... 
15414618	161104 225953.362 < 000100F9 F17E                        .....~           
15414619	161104 225953.362 recved frame: I * N(R)=0 N(S)=7 Info=8
15414620	161104 225953.367 keepalive stopped
15414621	161104 225953.367 sending frame: DISC
15414622	161104 225953.368 > 7EA00A00 0272FB61 538CDB7E           ~....r.aS..~     
15414623	161104 225953.471 < 7EA02161 000272FB 73075481 80120501  ~.!a..r.s.T..... 
15414624	161104 225953.472 < F806013E 07040000 00010804 00000001  ...>............ 
15414625	161104 225953.472 < 480E7E                               H.~              
15414626	161104 225953.472 recved frame: UA * Info=21
15414627	161104 225953.473 hdlc disconnected
15414628	161104 225953.474 closed /dev/tts6 tx=441/10 rx=413/10, recv_delay=1.400s, send_delay=0.000s
15414629	iteration 83864
15414630	xdlms -L --brief --no-save --no-last-value --no-reg --lp-from 2016-11-04 20:58:01 --lp-to 2016-11-04 22:58:00 --no-lp-time-hist 7 6 13 1478271480 1
15414631	161104 225955.098 com=7 meter=6 baud=13 acqtime=2016-11-04 22:58:00
15414632	161104 225955.836 opened (3)/dev/tts6 8N1 9600 tx_ipg=24984, rx_ipg=24984 (DTR|RTS|CTS|CAR|RNG)
15414633	161104 225955.948 sending frame: SNRM Info=23
15414634	161104 225955.951 > 7EA02300 0272FB61 933A3F81 80140502  ~.#..r.a.:?..... 
15414635	161104 225955.968 > 07F00602 07F00704 00000001 08040000  ................ 
15414636	161104 225955.969 > 00015856 7E                          ..XV~            
15414637	161104 225956.091 < 7EA02161 000272FB 73075481 80120501  ~.!a..r.s.T..... 
15414638	161104 225956.092 < F806013E 07040000 00010804 00000001  ...>............ 
15414639	161104 225956.092 < 480E7E                               H.~              
15414640	161104 225956.092 recved frame: UA * Info=21
15414641	161104 225956.093 negotiated mtu tx/rx = 79/2049
15414642	161104 225956.093 hdlc connected
15414643	161104 225956.095 sending frame: I N(R)=0 N(S)=0 Info=54
15414644	161104 225956.116 > 7EA04200 0272FB61 10F9B2E6 E6006031  ~.B..r.a......`1 
15414645	161104 225956.117 > 80020780 A1090607 60857405 0801028A  ........`.t..... 
15414646	161104 225956.119 > 0207808B 07608574 05080202 AC028000  .....`.t........ 
15414647	161104 225956.120 > BE0F040D 01000000 065F0400 FFFFFF00  ........._...... 
15414648	161104 225956.123 > 00BC7F7E                             ...~             
15414649	161104 225956.346 < 7EA05261 000272FB 30BA9DE6 E7006141  ~.Ra..r.0.....aA 
15414650	161104 225956.347 < A1090607 60857405 080102A2 03020100  ....`.t......... 
15414651	161104 225956.347 < A305A103 02010E88 02078089 07608574  .............`.t 
15414652	161104 225956.347 < 05080202 AA0A8008 38363142 30303030  ........861B0000 
15414653	161104 225956.348 < BE0F040D 0800065F 04001802 200960FA  ......._.... .`. 
15414654	161104 225956.348 < 00C6637E                             ..c~             
15414655	161104 225956.348 recved frame: I * N(R)=1 N(S)=0 Info=70
15414656	161104 225956.350 AARE: app=(2,16,756,5,8,1,2) asso_result=0 (14) initiate err=0 +auth secu_machanism=(2,16,756,5,8,2,2)
15414657	161104 225956.351 xdlms param: qos=0 ver=6 max_send_pdu=2400, vaa=fa00
15414658	161104 225956.361 sending frame: I N(R)=1 N(S)=1 Info=19
15414659	161104 225956.363 > 7EA01F00 0272FB61 3269ECE6 E6000601  ~....r.a2i...... 
15414660	161104 225956.365 > 02FA5801 09083938 34463536 3730B858  ..X...984F5670.X 
15414661	161104 225956.387 > 7E                                   ~                
15414662	161104 225956.477 < 7EA01261 000272FB 52A81AE6 E7000D01  ~..a..r.R....... 
15414663	161104 225956.477 < 0007E47E                             ...~             
15414664	161104 225956.477 recved frame: I * N(R)=2 N(S)=1 Info=6
15414665	161104 225956.478 hls auth ok
15414666	161104 225956.478 read LDN
15414667	161104 225956.478 reading 1 vars, ttl=1
15414668	161104 225956.478 sending frame: I N(R)=2 N(S)=2 Info=8
15414669	161104 225956.479 > 7EA01400 0272FB61 54DB9CE6 E6000501  ~....r.aT....... 
15414670	161104 225956.479 > 02FD0810 D37E                        .....~           
15414671	161104 225956.611 < 7EA02461 000272FB 741BD0E6 E7000C01  ~.$a..r.t....... 
15414672	161104 225956.612 < 0009104C 475A3530 35303634 32310000  ...LGZ50506421.. 
15414673	161104 225956.612 < 00000040 8E7E                        ...@.~           
15414674	161104 225956.612 recved frame: I * N(R)=3 N(S)=2 Info=24
15414675	161104 225956.624 keepalive stopped
15414676	161104 225956.753 solve obj names:
15414677	161104 225956.785 read server info
15414678	161104 225956.787 reading 3 vars, ttl=3
15414679	161104 225956.789 sending frame: I N(R)=3 N(S)=3 Info=14
15414680	161104 225956.790 > 7EA01A00 0272FB61 76EA18E6 E6000503  ~....r.av....... 
15414681	161104 225956.792 > 02FF0802 4BD80299 58ED327E           ....K...X.2~     
15414682	161104 225956.956 < 7EA02C61 000272FB 96EBCAE6 E7000C03  ~.,a..r......... 
15414683	161104 225956.957 < 000A0348 30330006 00000020 00090C07  ...H03..... .... 
15414684	161104 225956.957 < E00B0102 000000FF 8000FF66 117E      ...........f.~   
15414685	161104 225956.958 recved frame: I * N(R)=4 N(S)=3 Info=32
15414686	161104 225956.959 detected a suspicous clock value, status=0xff
15414687	161104 225957.068 keepalive stopped
15414688	161104 225957.069 ldn: LGZ50506421 ver: H03 vz1: 32 last billing reset: 2016-11-01 00:00:00
15414689	161104 225957.337 read server clock
