521787	161029 061805.486 recved frame: I * N(R)=6 N(S)=7 Info=222 S
521788	161029 061805.486 sending frame: RR N(R)=0
521789	161029 061805.492 > 7EA00A00 0272FB61 119ABA7E           ~....r.a...~     
521790	161029 061805.612 < 7EA03361 000272FB D0E44114 00000000  ~.3a..r...A..... 
521791	161029 061805.617 < 00003DAF 05000002 7B050000 00000500  ..=.....{....... 
521792	161029 061805.619 < 00000005 000008DF 05000000 00050000  ................ 
521793	161029 061805.620 < 000018CA 7E                          ....~            
521794	161029 061805.622 recved frame: I * N(R)=6 N(S)=0 Info=39
521795	161029 061805.624 profile row 0: 2016-10-29 04:30:00
521796	161029 061805.625 profile row 1: 2016-10-29 04:45:00
521797	161029 061805.642 profile row 2: 2016-10-29 05:00:00
521798	161029 061805.644 profile row 3: 2016-10-29 05:15:00
521799	161029 061805.658 profile row 4: 2016-10-29 05:30:00
521800	161029 061805.660 profile row 5: 2016-10-29 05:45:00
521801	161029 061805.662 profile row 6: 2016-10-29 06:00:00
521802	161029 061805.664 profile row 7: 2016-10-29 06:15:00
521803	161029 061805.733 keepalive stopped
521804	161029 061805.734 read profile buf [2016-10-29 06:15:01, 2016-10-29 06:18:00]
521805	161029 061805.734 sending frame: I N(R)=1 N(S)=6 Info=59
521806	161029 061805.735 > 7EA04700 0272FB61 3C34A9E6 E6000501  ~.G..r.a<4...... 
521807	161029 061805.735 > 04627801 02040204 12000809 06000001  .bx............. 
521808	161029 061805.735 > 0000FF0F 02120000 090C07E0 0A1DFF06  ................ 
521809	161029 061805.735 > 0F010080 0000090C 07E00A1D FF061200  ................ 
521810	161029 061805.736 > 00800000 0100467B 7E                 ......F{~        
521811	161029 061805.957 < 7EA01461 000272FB F26FE7E6 E7000C01  ~..a..r..o...... 
521812	161029 061805.957 < 000100F9 F17E                        .....~           
521813	161029 061805.957 recved frame: I * N(R)=7 N(S)=1 Info=8
521814	161029 061805.961 keepalive stopped
521815	161029 061805.972 [ERR] profile 0.0.98.133.61.255 not found in server
521816	161029 061805.974 [ERR] profile 0.0.98.133.62.255 not found in server
521817	161029 061805.975 [ERR] profile 0.0.98.133.63.255 not found in server
521818	161029 061805.977 [ERR] profile 0.0.98.133.64.255 not found in server
521819	161029 061805.978 71 mp's use dummy acquisition
521820	161029 061805.987 keepalive stopped
521821	161029 061806.246 profile 1.0.99.98.0.255 period=0, objs_num=4, sort_method=1 entries_in_use=0, entries=0
521822	161029 061806.246 start read event log
521823	161029 061806.247 profile read max step=0:56.00
521824	161029 061806.247 read profile buf [2016-10-29 05:18:01, 2016-10-29 06:14:00]
521825	161029 061806.248 sending frame: I N(R)=2 N(S)=7 Info=59
521826	161029 061806.248 > 7EA04700 0272FB61 5E20E9E6 E6000501  ~.G..r.a^ ...... 
521827	161029 061806.249 > 0460E801 02040204 12000809 06000001  .`.............. 
521828	161029 061806.249 > 0000FF0F 02120000 090C07E0 0A1DFF05  ................ 
521829	161029 061806.249 > 12010080 0000090C 07E00A1D FF060E00  ................ 
521830	161029 061806.250 > 00800000 01008476 7E                 .......v~        
521831	161029 061806.567 < 7EA01461 000272FB 145765E6 E7000C01  ~..a..r..We..... 
521832	161029 061806.567 < 000100F9 F17E                        .....~           
521833	161029 061806.567 recved frame: I * N(R)=0 N(S)=2 Info=8
521834	161029 061806.572 keepalive stopped
521835	161029 061806.573 read profile buf [2016-10-29 06:14:01, 2016-10-29 06:18:00]
521836	161029 061806.574 sending frame: I N(R)=3 N(S)=0 Info=59
521837	161029 061806.574 > 7EA04700 0272FB61 705C21E6 E6000501  ~.G..r.ap\!..... 
521838	161029 061806.575 > 0460E801 02040204 12000809 06000001  .`.............. 
521839	161029 061806.575 > 0000FF0F 02120000 090C07E0 0A1DFF06  ................ 
521840	161029 061806.575 > 0E010080 0000090C 07E00A1D FF061200  ................ 
521841	161029 061806.575 > 00800000 01004596 7E                 ......E.~        
521842	161029 061806.762 < 7EA01461 000272FB 364767E6 E7000C01  ~..a..r.6Gg..... 
521843	161029 061806.762 < 000100F9 F17E                        .....~           
521844	161029 061806.762 recved frame: I * N(R)=1 N(S)=3 Info=8
521845	161029 061806.783 keepalive stopped
521846	161029 061806.783 sending frame: DISC
521847	161029 061806.784 > 7EA00A00 0272FB61 538CDB7E           ~....r.aS..~     
521848	161029 061806.902 < 7EA02161 000272FB 73075481 80120501  ~.!a..r.s.T..... 
521849	161029 061806.902 < F806013E 07040000 00010804 00000001  ...>............ 
521850	161029 061806.902 < 480E7E                               H.~              
521851	161029 061806.903 recved frame: UA * Info=21
521852	161029 061806.903 hdlc disconnected
521853	161029 061806.904 closed /dev/tts6 tx=550/14 rx=1118/14, recv_delay=2.280s, send_delay=0.000s
521854	iteration 2833
521855	xdlms -L --brief --no-save --no-last-value --no-reg --lp-from 2016-10-29 04:18:01 --lp-to 2016-10-29 06:18:00 --no-lp-time-hist 7 6 13 1477693080 1
521856	161029 061808.350 com=7 meter=6 baud=13 acqtime=2016-10-29 06:18:00
521857	161029 061809.260 opened (3)/dev/tts6 8N1 9600 tx_ipg=24984, rx_ipg=24984 (DTR|RTS|CTS|CAR|RNG)
521858	161029 061809.345 sending frame: SNRM Info=23
521859	161029 061809.347 > 7EA02300 0272FB61 933A3F81 80140502  ~.#..r.a.:?..... 
521860	161029 061809.349 > 07F00602 07F00704 00000001 08040000  ................ 
521861	161029 061809.350 > 00015856 7E                          ..XV~            
521862	161029 061809.491 < 7EA02161 000272FB 73075481 80120501  ~.!a..r.s.T..... 
521863	161029 061809.492 < F806013E 07040000 00010804 00000001  ...>............ 
521864	161029 061809.492 < 480E7E                               H.~              
521865	161029 061809.492 recved frame: UA * Info=21
521866	161029 061809.493 negotiated mtu tx/rx = 79/2049
521867	161029 061809.493 hdlc connected
521868	161029 061809.495 sending frame: I N(R)=0 N(S)=0 Info=54
521869	161029 061809.496 > 7EA04200 0272FB61 10F9B2E6 E6006031  ~.B..r.a......`1 
521870	161029 061809.514 > 80020780 A1090607 60857405 0801028A  ........`.t..... 
521871	161029 061809.515 > 0207808B 07608574 05080202 AC028000  .....`.t........ 
521872	161029 061809.517 > BE0F040D 01000000 065F0400 FFFFFF00  ........._...... 
521873	161029 061809.517 > 00BC7F7E                             ...~             
521874	161029 061809.891 < 7EA05261 000272FB 30BA9DE6 E7006141  ~.Ra..r.0.....aA 
521875	161029 061809.892 < A1090607 60857405 080102A2 03020100  ....`.t......... 
521876	161029 061809.892 < A305A103 02010E88 02078089 07608574  .............`.t 
521877	161029 061809.892 < 05080202 AA0A8008 41463034 30303030  ........AF040000 
521878	161029 061809.893 < BE0F040D 0800065F 04001802 200960FA  ......._.... .`. 
521879	161029 061809.893 < 004C7A7E                             .Lz~             
521880	161029 061809.893 recved frame: I * N(R)=1 N(S)=0 Info=70
521881	161029 061809.895 AARE: app=(2,16,756,5,8,1,2) asso_result=0 (14) initiate err=0 +auth secu_machanism=(2,16,756,5,8,2,2)
521882	161029 061809.896 xdlms param: qos=0 ver=6 max_send_pdu=2400, vaa=fa00
521883	161029 061809.906 sending frame: I N(R)=1 N(S)=1 Info=19
521884	161029 061809.908 > 7EA01F00 0272FB61 3269ECE6 E6000601  ~....r.a2i...... 
521885	161029 061809.910 > 02FA5801 09084231 33383536 37300E5E  ..X...B1385670.^ 
521886	161029 061809.931 > 7E                                   ~                
521887	161029 061817.942 [WARNING] seri_phy recv timeout
521888	161029 061817.942 [WARNING] rx_outstanding timeout: vr=1, vs=2
521889	161029 061817.942 sending frame: RR N(R)=1
521890	161029 061817.943 > 7EA00A00 0272FB61 31989B7E           ~....r.a1..~     
521891	161029 061825.951 [WARNING] seri_phy recv timeout
521892	161029 061825.952 [WARNING] rx_outstanding timeout: vr=1, vs=2
521893	161029 061825.952 sending frame: RR N(R)=1
521894	161029 061825.952 > 7EA00A00 0272FB61 31989B7E           ~....r.a1..~     
521895	161029 061826.032 < 7EA00A61 000272FB 1F6CE87E           ~..a..r..l.~     
521896	161029 061826.032 recved frame: DM *
521897	161029 061826.032 [WARNING] recved DM in rx_outstanding state
521898	161029 061826.032 hls auth failed with err: -4
521899	161029 061826.033 sending frame: DISC
521900	161029 061826.033 > 7EA00A00 0272FB61 538CDB7E           ~....r.aS..~     
521901	161029 061826.112 < 7EA00A61 000272FB 1F6CE87E           ~..a..r..l.~     
521902	161029 061826.112 recved frame: DM *
521903	161029 061826.112 hdlc disconnected
521904	161029 061826.113 closed /dev/tts6 tx=174/6 rx=143/4, recv_delay=16.470s, send_delay=0.000s
521905	ERR: xdlms error, exit code = 0
521906	iteration 2834
521907	xdlms -L --brief --no-save --no-last-value --no-reg --lp-from 2016-10-29 04:20:01 --lp-to 2016-10-29 06:20:00 --no-lp-time-hist 7 6 13 1477693200 1
521908	161029 062147.037 com=7 meter=6 baud=13 acqtime=2016-10-29 06:20:00
521909	161029 062147.675 opened (3)/dev/tts6 8N1 9600 tx_ipg=24984, rx_ipg=24984 (DTR|RTS|CTS|CAR|RNG)
521910	161029 062147.825 sending frame: SNRM Info=23
521911	161029 062147.828 > 7EA02300 0272FB61 933A3F81 80140502  ~.#..r.a.:?..... 
521912	161029 062147.830 > 07F00602 07F00704 00000001 08040000  ................ 
521913	161029 062147.830 > 00015856 7E                          ..XV~            
521914	161029 062147.964 < 7EA02161 000272FB 73075481 80120501  ~.!a..r.s.T..... 
521915	161029 062147.964 < F806013E 07040000 00010804 00000001  ...>............ 
521916	161029 062147.965 < 480E7E                               H.~              
521917	161029 062147.965 recved frame: UA * Info=21
521918	161029 062147.965 negotiated mtu tx/rx = 79/2049
521919	161029 062147.966 hdlc connected
521920	161029 062147.968 sending frame: I N(R)=0 N(S)=0 Info=54
521921	161029 062147.968 > 7EA04200 0272FB61 10F9B2E6 E6006031  ~.B..r.a......`1 
521922	161029 062147.969 > 80020780 A1090607 60857405 0801028A  ........`.t..... 
521923	161029 062147.975 > 0207808B 07608574 05080202 AC028000  .....`.t........ 
521924	161029 062147.977 > BE0F040D 01000000 065F0400 FFFFFF00  ........._...... 
521925	161029 062147.999 > 00BC7F7E                             ...~             
521926	161029 062148.219 < 7EA05261 000272FB 30BA9DE6 E7006141  ~.Ra..r.0.....aA 
521927	161029 062148.219 < A1090607 60857405 080102A2 03020100  ....`.t......... 
521928	161029 062148.220 < A305A103 02010E88 02078089 07608574  .............`.t 
521929	161029 062148.220 < 05080202 AA0A8008 39433137 30303030  ........9C170000 
521930	161029 062148.220 < BE0F040D 0800065F 04001802 200960FA  ......._.... .`. 
521931	161029 062148.220 < 00EFC37E                             ...~             
521932	161029 062148.221 recved frame: I * N(R)=1 N(S)=0 Info=70
521933	161029 062148.223 AARE: app=(2,16,756,5,8,1,2) asso_result=0 (14) initiate err=0 +auth secu_machanism=(2,16,756,5,8,2,2)
521934	161029 062148.223 xdlms param: qos=0 ver=6 max_send_pdu=2400, vaa=fa00
521935	161029 062148.239 sending frame: I N(R)=1 N(S)=1 Info=19
521936	161029 062148.242 > 7EA01F00 0272FB61 3269ECE6 E6000601  ~....r.a2i...... 
521937	161029 062148.243 > 02FA5801 09084145 34423536 37306EEF  ..X...AE4B5670n. 
521938	161029 062148.245 > 7E                                   ~                
521939	161029 062148.354 < 7EA01261 000272FB 52A81AE6 E7000D01  ~..a..r.R....... 
521940	161029 062148.355 < 0007E47E                             ...~             
521941	161029 062148.355 recved frame: I * N(R)=2 N(S)=1 Info=6
521942	161029 062148.355 hls auth ok
521943	161029 062148.356 read LDN
521944	161029 062148.356 reading 1 vars, ttl=1
521945	161029 062148.356 sending frame: I N(R)=2 N(S)=2 Info=8
521946	161029 062148.357 > 7EA01400 0272FB61 54DB9CE6 E6000501  ~....r.aT....... 
521947	161029 062148.357 > 02FD0810 D37E                        .....~           
521948	161029 062148.489 < 7EA02461 000272FB 741BD0E6 E7000C01  ~.$a..r.t....... 
521949	161029 062148.489 < 0009104C 475A3530 35303634 32310000  ...LGZ50506421.. 
521950	161029 062148.490 < 00000040 8E7E                        ...@.~           
521951	161029 062148.490 recved frame: I * N(R)=3 N(S)=2 Info=24
521952	161029 062148.501 keepalive stopped
521953	161029 062148.663 solve obj names:
521954	161029 062148.761 read server info
521955	161029 062148.762 reading 3 vars, ttl=3
521956	161029 062148.795 sending frame: I N(R)=3 N(S)=3 Info=14
521957	161029 062148.796 > 7EA01A00 0272FB61 76EA18E6 E6000503  ~....r.av....... 
521958	161029 062148.798 > 02FF0802 4BD80299 58ED327E           ....K...X.2~     
521959	161029 062148.969 < 7EA02C61 000272FB 96EBCAE6 E7000C03  ~.,a..r......... 
521960	161029 062148.970 < 000A0348 30330006 0000001A 00090C07  ...H03.......... 
521961	161029 062148.970 < E00A0106 000000FF 8000FFE3 857E      .............~   
521962	161029 062148.970 recved frame: I * N(R)=4 N(S)=3 Info=32
521963	161029 062148.971 detected a suspicous clock value, status=0xff
521964	161029 062149.084 keepalive stopped
521965	161029 062149.085 ldn: LGZ50506421 ver: H03 vz1: 26 last billing reset: 2016-10-01 00:00:00
521966	161029 062149.538 read server clock
521967	161029 062149.564 reading 1 vars, ttl=1
521968	161029 062149.566 sending frame: I N(R)=4 N(S)=4 Info=8
521969	161029 062149.568 > 7EA01400 0272FB61 98BB90E6 E6000501  ~....r.a........ 
521970	161029 062149.569 > 022BC8F7 1E7E                        .+...~           
521971	161029 062149.704 < 7EA02061 000272FB B80DB3E6 E7000C01  ~. a..r......... 
521972	161029 062149.705 < 00090C07 E00A1D06 061534FF 800000C9  ..........4..... 
521973	161029 062149.705 < BA7E                                 .~               
521974	161029 062149.705 recved frame: I * N(R)=5 N(S)=4 Info=20
521975	161029 062149.724 keepalive stopped
521976	161029 062149.725 server time is 2016-10-29 06:21:51.90
521977	161029 062149.745 time drift (2s) out of sync window, sync is aborted
521978	161029 062150.023 profile 1.0.99.1.0.255 period=900, objs_num=12, sort_method=1 entries_in_use=0, entries=0
521979	161029 062150.055 start read load profile for 8 mp's from 2016-10-29 04:20:01 to 2016-10-29 06:20:00
521980	161029 062150.056 profile read max step=8:00.00
521981	161029 062150.059 read profile buf [2016-10-29 04:20:01, 2016-10-29 06:20:00]
521982	161029 062150.060 sending frame: I N(R)=5 N(S)=5 Info=59
521983	161029 062150.062 > 7EA04700 0272FB61 BA0A48E6 E6000501  ~.G..r.a..H..... 
521984	161029 062150.099 > 04627801 02040204 12000809 06000001  .bx............. 
521985	161029 062150.100 > 0000FF0F 02120000 090C07E0 0A1DFF04  ................ 
521986	161029 062150.102 > 14010080 0000090C 07E00A1D FF061400  ................ 
521987	161029 062150.103 > 00800000 01004529 7E                 ......E)~        
