515110	161029 061807.377 keepalive stopped
515111	161029 061807.378 ldn: LGZ50506421 ver: H03 vz1: 26 last billing reset: 2016-10-01 00:00:00
515112	161029 061807.698 read server clock
515113	161029 061807.699 reading 1 vars, ttl=1
515114	161029 061807.701 sending frame: I N(R)=4 N(S)=4 Info=8
515115	161029 061807.713 > 7EA01400 0272FB61 98BB90E6 E6000501  ~....r.a........ 
515116	161029 061807.714 > 022BC8F7 1E7E                        .+...~           
515117	161029 061807.837 < 7EA02061 000272FB B80DB3E6 E7000C01  ~. a..r......... 
515118	161029 061807.837 < 00090C07 E00A1D06 06120AFF 80000071  ...............q 
515119	161029 061807.837 < 137E                                 .~               
515120	161029 061807.837 recved frame: I * N(R)=5 N(S)=4 Info=20
515121	161029 061807.842 keepalive stopped
515122	161029 061807.842 server time is 2016-10-29 06:18:09.92
515123	161029 061807.848 time drift (2s) out of sync window, sync is aborted
515124	161029 061807.950 profile 1.0.99.1.0.255 period=900, objs_num=12, sort_method=1 entries_in_use=0, entries=0
515125	161029 061807.977 start read load profile for 8 mp's from 2016-10-29 04:18:01 to 2016-10-29 06:18:00
515126	161029 061807.979 profile read max step=8:00.00
515127	161029 061807.981 read profile buf [2016-10-29 04:18:01, 2016-10-29 06:18:00]
515128	161029 061807.983 sending frame: I N(R)=5 N(S)=5 Info=59
515129	161029 061807.983 > 7EA04700 0272FB61 BA0A48E6 E6000501  ~.G..r.a..H..... 
515130	161029 061807.984 > 04627801 02040204 12000809 06000001  .bx............. 
515131	161029 061807.984 > 0000FF0F 02120000 090C07E0 0A1DFF04  ................ 
515132	161029 061807.984 > 12010080 0000090C 07E00A1D FF061200  ................ 
515133	161029 061807.985 > 00800000 010009DB 7E                 ........~        
515134	161029 061808.542 < 7EA8F261 000272FB DACC1DE6 E7000C01  ~..a..r......... 
515135	161029 061808.542 < 00010802 0C090C07 E00A1D06 041E00FF  ................ 
515136	161029 061808.542 < 80000006 00810004 14000000 000014D6  ................ 
515137	161029 061808.542 < AD140000 00000000 19B81400 00000000  ................ 
515138	161029 061808.543 < 015ACA14 00000000 00003DAF 05000002  .Z........=..... 
515139	161029 061808.543 < 7A050000 00000500 00000005 000008DE  z............... 
515140	161029 061808.543 < 05000000 00050000 0000020C 090C07E0  ................ 
515141	161029 061808.544 < 0A1D0604 2D00FF80 00000600 81000414  ....-........... 
515142	161029 061808.544 < 00000000 0014D6BF 14000000 00000019  ................ 
515143	161029 061808.544 < B8140000 00000001 5AE91400 00000000  ........Z....... 
515144	161029 061808.544 < 003DAF05 0000027B 05000000 00050000  .=.....{........ 
515145	161029 061808.545 < 00000500 0008E005 00000000 05000000  ................ 
515146	161029 061808.545 < 00020C09 0C07E00A 1D060500 00FF8000  ................ 
515147	161029 061808.545 < 00060081 00041400 00000000 14D6D114  ................ 
515148	161029 061808.545 < 00000000 000019B8 14000000 0000015B  ...............[ 
515149	161029 061808.546 < 08FCEA7E                             ...~             
515150	161029 061808.546 recved frame: I * N(R)=6 N(S)=5 Info=230 S
515151	161029 061808.549 sending frame: RR N(R)=6
515152	161029 061808.550 > 7EA00A00 0272FB61 D1967C7E           ~....r.a..|~     
515153	161029 061808.877 < 7EA8E161 000272FB DC5D6514 00000000  ~..a..r..]e..... 
515154	161029 061808.877 < 00003DAF 05000002 7B050000 00000500  ..=.....{....... 
515155	161029 061808.877 < 00000005 000008E0 05000000 00050000  ................ 
515156	161029 061808.878 < 0000020C 090C07E0 0A1D0605 0F00FF80  ................ 
515157	161029 061808.878 < 00000600 91000414 00000000 0014D6E3  ................ 
515158	161029 061808.878 < 14000000 00000019 B8140000 00000001  ................ 
515159	161029 061808.878 < 5B281400 00000000 003DAF05 0000027B  [(.......=.....{ 
515160	161029 061808.879 < 05000000 00050000 00000500 0008E105  ................ 
515161	161029 061808.879 < 00000000 05000000 00020C09 0C07E00A  ................ 
515162	161029 061808.879 < 1D06051E 00FF8000 00060081 00041400  ................ 
515163	161029 061808.879 < 00000000 14D6F514 00000000 000019B8  ................ 
515164	161029 061808.880 < 14000000 0000015B 47140000 00000000  .......[G....... 
515165	161029 061808.880 < 3DAF0500 00027B05 00000000 05000000  =.....{......... 
515166	161029 061808.880 < 00050000 08E20500 00000005 00000000  ................ 
515167	161029 061808.880 < C1347E                               .4~              
515168	161029 061808.881 recved frame: I * N(R)=6 N(S)=6 Info=213 S
515169	161029 061808.881 sending frame: RR N(R)=7
515170	161029 061808.907 > 7EA00A00 0272FB61 F1945D7E           ~....r.a..]~     
515171	161029 061809.237 < 7EA8EA61 000272FB DECD3002 0C090C07  ~..a..r...0..... 
515172	161029 061809.237 < E00A1D06 052D00FF 80000006 00810004  .....-.......... 
515173	161029 061809.237 < 14000000 000014D7 07140000 00000000  ................ 
515174	161029 061809.237 < 19B81400 00000000 015B6614 00000000  .........[f..... 
515175	161029 061809.238 < 00003DAF 05000002 7A050000 00000500  ..=.....z....... 
515176	161029 061809.238 < 00000005 000008DD 05000000 00050000  ................ 
515177	161029 061809.238 < 0000020C 090C07E0 0A1D0606 0000FF80  ................ 
515178	161029 061809.239 < 00000600 81000414 00000000 0014D719  ................ 
515179	161029 061809.239 < 14000000 00000019 B8140000 00000001  ................ 
515180	161029 061809.239 < 5B851400 00000000 003DAF05 0000027A  [........=.....z 
515181	161029 061809.239 < 05000000 00050000 00000500 0008DD05  ................ 
515182	161029 061809.240 < 00000000 05000000 00020C09 0C07E00A  ................ 
515183	161029 061809.240 < 1D06060F 00FF8000 00060081 00041400  ................ 
515184	161029 061809.240 < 00000000 14D72B14 00000000 000019B8  ......+......... 
515185	161029 061809.240 < 14000000 0000015B A44EE87E           .......[.N.~     
515186	161029 061809.241 recved frame: I * N(R)=6 N(S)=7 Info=222 S
515187	161029 061809.251 sending frame: RR N(R)=0
515188	161029 061809.253 > 7EA00A00 0272FB61 119ABA7E           ~....r.a...~     
515189	161029 061809.387 < 7EA03361 000272FB D0E44114 00000000  ~.3a..r...A..... 
515190	161029 061809.387 < 00003DAF 05000002 7B050000 00000500  ..=.....{....... 
515191	161029 061809.387 < 00000005 000008DF 05000000 00050000  ................ 
515192	161029 061809.387 < 000018CA 7E                          ....~            
515193	161029 061809.388 recved frame: I * N(R)=6 N(S)=0 Info=39
515194	161029 061809.389 profile row 0: 2016-10-29 04:30:00
515195	161029 061809.390 profile row 1: 2016-10-29 04:45:00
515196	161029 061809.391 profile row 2: 2016-10-29 05:00:00
515197	161029 061809.391 profile row 3: 2016-10-29 05:15:00
515198	161029 061809.408 profile row 4: 2016-10-29 05:30:00
515199	161029 061809.410 profile row 5: 2016-10-29 05:45:00
515200	161029 061809.432 profile row 6: 2016-10-29 06:00:00
515201	161029 061809.434 profile row 7: 2016-10-29 06:15:00
515202	161029 061809.508 keepalive stopped
515203	161029 061809.509 read profile buf [2016-10-29 06:15:01, 2016-10-29 06:18:00]
515204	161029 061809.509 sending frame: I N(R)=1 N(S)=6 Info=59
515205	161029 061809.510 > 7EA04700 0272FB61 3C34A9E6 E6000501  ~.G..r.a<4...... 
515206	161029 061809.510 > 04627801 02040204 12000809 06000001  .bx............. 
515207	161029 061809.511 > 0000FF0F 02120000 090C07E0 0A1DFF06  ................ 
515208	161029 061809.511 > 0F010080 0000090C 07E00A1D FF061200  ................ 
515209	161029 061809.528 > 00800000 0100467B 7E                 ......F{~        
515210	161029 061817.536 [WARNING] seri_phy recv timeout
515211	161029 061817.537 [WARNING] rx_outstanding timeout: vr=1, vs=7
515212	161029 061817.537 sending frame: RR N(R)=1
515213	161029 061817.538 > 7EA00A00 0272FB61 31989B7E           ~....r.a1..~     
515214	161029 061825.551 [WARNING] seri_phy recv timeout
515215	161029 061825.552 [WARNING] rx_outstanding timeout: vr=1, vs=7
515216	161029 061825.552 sending frame: RR N(R)=1
515217	161029 061825.553 > 7EA00A00 0272FB61 31989B7E           ~....r.a1..~     
515218	161029 061825.637 < 7EA00A61 000272FB 1F6CE87E           ~..a..r..l.~     
515219	161029 061825.637 recved frame: DM *
515220	161029 061825.637 [WARNING] recved DM in rx_outstanding state
515221	161029 061825.638 [ERR] profile 0.0.98.133.61.255 not found in server
515222	161029 061825.638 [ERR] profile 0.0.98.133.62.255 not found in server
515223	161029 061825.638 [ERR] profile 0.0.98.133.63.255 not found in server
515224	161029 061825.638 [ERR] profile 0.0.98.133.64.255 not found in server
515225	161029 061825.639 71 mp's use dummy acquisition
515226	161029 061825.646 keepalive stopped
515227	161029 061825.766 profile 1.0.99.98.0.255 period=0, objs_num=4, sort_method=1 entries_in_use=0, entries=0
515228	161029 061825.769 start read event log
515229	161029 061825.770 profile read max step=0:56.00
515230	161029 061825.773 read profile buf [2016-10-29 05:18:01, 2016-10-29 06:14:00]
515231	161029 061825.774 [WARNING] hdlc halted
515232	161029 061825.776 sending frame: DISC
515233	161029 061825.778 > 7EA00A00 0272FB61 538CDB7E           ~....r.aS..~     
515234	161029 061825.856 < 7EA00A61 000272FB 1F6CE87E           ~..a..r..l.~     
515235	161029 061825.857 recved frame: DM *
515236	161029 061825.857 hdlc disconnected
515237	161029 061825.859 closed /dev/tts7 tx=428/14 rx=1041/12, recv_delay=17.265s, send_delay=0.000s
515238	iteration 2795
515239	xdlms -L --brief --no-save --no-last-value 8 2 13 1477693080 1
515240	161029 061826.515 com=8 meter=2 baud=13 acqtime=2016-10-29 06:18:00
515241	161029 061826.685 opened (3)/dev/tts7 8N1 9600 tx_ipg=24984, rx_ipg=24984 (DTR|RTS|CTS|CAR|RNG)
515242	161029 061826.718 sending frame: SNRM Info=23
515243	161029 061826.721 > 7EA02300 0272FB61 933A3F81 80140502  ~.#..r.a.:?..... 
515244	161029 061826.723 > 07F00602 07F00704 00000001 08040000  ................ 
515245	161029 061826.725 > 00015856 7E                          ..XV~            
515246	161029 061826.857 < 7EA02161 000272FB 73075481 80120501  ~.!a..r.s.T..... 
515247	161029 061826.857 < F806013E 07040000 00010804 00000001  ...>............ 
515248	161029 061826.857 < 480E7E                               H.~              
515249	161029 061826.858 recved frame: UA * Info=21
515250	161029 061826.858 negotiated mtu tx/rx = 79/2049
515251	161029 061826.858 hdlc connected
515252	161029 061826.860 sending frame: I N(R)=0 N(S)=0 Info=54
515253	161029 061826.861 > 7EA04200 0272FB61 10F9B2E6 E6006031  ~.B..r.a......`1 
515254	161029 061826.868 > 80020780 A1090607 60857405 0801028A  ........`.t..... 
515255	161029 061826.870 > 0207808B 07608574 05080202 AC028000  .....`.t........ 
515256	161029 061826.872 > BE0F040D 01000000 065F0400 FFFFFF00  ........._...... 
515257	161029 061826.873 > 00BC7F7E                             ...~             
515258	161029 061827.062 < 7EA03061 000272FB 30840EE6 E700611F  ~.0a..r.0.....a. 
515259	161029 061827.062 < A1090607 60857405 080102A2 03020101  ....`.t......... 
515260	161029 061827.062 < A305A103 020101BE 0604040E 0106007E  ...............~ 
515261	161029 061827.062 < 797E                                 y~               
515262	161029 061827.063 recved frame: I * N(R)=1 N(S)=0 Info=36
515263	161029 061827.064 AARE: app=(2,16,756,5,8,1,2) asso_result=1 (1) initiate err=200 -auth secu_machanism=
515264	161029 061827.065 xdlms param: qos=0 ver=0 max_send_pdu=0, vaa=0000
515265	161029 061827.065 [ERR] acse.open encounted error
515266	161029 061827.065 sending frame: DISC
515267	161029 061827.066 > 7EA00A00 0272FB61 538CDB7E           ~....r.aS..~     
515268	161029 061827.172 < 7EA02161 000272FB 73075481 80120501  ~.!a..r.s.T..... 
515269	161029 061827.172 < F806013E 07040000 00010804 00000001  ...>............ 
515270	161029 061827.172 < 480E7E                               H.~              
515271	161029 061827.173 recved frame: UA * Info=21
515272	161029 061827.173 hdlc disconnected
515273	161029 061827.174 closed /dev/tts7 tx=117/3 rx=120/3, recv_delay=0.275s, send_delay=0.000s
515274	ERR: xdlms error, exit code = 0
515275	iteration 2796
515276	xdlms -L --brief --no-save --no-last-value 8 2 13 1477693200 1
515277	161029 062148.278 com=8 meter=2 baud=13 acqtime=2016-10-29 06:20:00
515278	161029 062149.133 opened (3)/dev/tts7 8N1 9600 tx_ipg=24984, rx_ipg=24984 (DTR|RTS|CTS|CAR|RNG)
515279	161029 062149.271 sending frame: SNRM Info=23
515280	161029 062149.309 > 7EA02300 0272FB61 933A3F81 80140502  ~.#..r.a.:?..... 
515281	161029 062149.310 > 07F00602 07F00704 00000001 08040000  ................ 
515282	161029 062149.312 > 00015856 7E                          ..XV~            
515283	161029 062149.444 < 7EA02161 000272FB 73075481 80120501  ~.!a..r.s.T..... 
515284	161029 062149.444 < F806013E 07040000 00010804 00000001  ...>............ 
515285	161029 062149.445 < 480E7E                               H.~              
515286	161029 062149.445 recved frame: UA * Info=21
515287	161029 062149.445 negotiated mtu tx/rx = 79/2049
515288	161029 062149.445 hdlc connected
515289	161029 062149.448 sending frame: I N(R)=0 N(S)=0 Info=54
515290	161029 062149.448 > 7EA04200 0272FB61 10F9B2E6 E6006031  ~.B..r.a......`1 
515291	161029 062149.448 > 80020780 A1090607 60857405 0801028A  ........`.t..... 
515292	161029 062149.464 > 0207808B 07608574 05080202 AC028000  .....`.t........ 
515293	161029 062149.466 > BE0F040D 01000000 065F0400 FFFFFF00  ........._...... 
515294	161029 062149.467 > 00BC7F7E                             ...~             
515295	161029 062149.709 < 7EA05261 000272FB 30BA9DE6 E7006141  ~.Ra..r.0.....aA 
515296	161029 062149.709 < A1090607 60857405 080102A2 03020100  ....`.t......... 
515297	161029 062149.710 < A305A103 02010E88 02078089 07608574  .............`.t 
515298	161029 062149.710 < 05080202 AA0A8008 37353031 30303030  ........75010000 
515299	161029 062149.710 < BE0F040D 0800065F 04001802 200960FA  ......._.... .`. 
515300	161029 062149.710 < 00C8807E                             ...~             
515301	161029 062149.711 recved frame: I * N(R)=1 N(S)=0 Info=70
515302	161029 062149.713 AARE: app=(2,16,756,5,8,1,2) asso_result=0 (14) initiate err=0 +auth secu_machanism=(2,16,756,5,8,2,2)
515303	161029 062149.713 xdlms param: qos=0 ver=6 max_send_pdu=2400, vaa=fa00
515304	161029 062149.739 sending frame: I N(R)=1 N(S)=1 Info=19
515305	161029 062149.741 > 7EA01F00 0272FB61 3269ECE6 E6000601  ~....r.a2i...... 
515306	161029 062149.742 > 02FA5801 09083837 33353536 37301DD4  ..X...87355670.. 
515307	161029 062149.743 > 7E                                   ~                
515308	161029 062149.854 < 7EA01261 000272FB 52A81AE6 E7000D01  ~..a..r.R....... 
515309	161029 062149.855 < 0007E47E                             ...~             
515310	161029 062149.855 recved frame: I * N(R)=2 N(S)=1 Info=6
