 72451	161029 013119.690 < 7EA01461 000272FB 145765E6 E7000C01  ~..a..r..We..... 
 72452	161029 013119.691 < 000100F9 F17E                        .....~           
 72453	161029 013119.691 recved frame: I * N(R)=0 N(S)=2 Info=8
 72454	161029 013119.695 keepalive stopped
 72455	161029 013119.696 sending frame: DISC
 72456	161029 013119.697 > 7EA00A00 0272FB61 538CDB7E           ~....r.aS..~     
 72457	161029 013119.955 < 7EA02161 000272FB 73075481 80120501  ~.!a..r.s.T..... 
 72458	161029 013119.956 < F806013E 07040000 00010804 00000001  ...>............ 
 72459	161029 013119.956 < 480E7E                               H.~              
 72460	161029 013119.956 recved frame: UA * Info=21
 72461	161029 013119.956 hdlc disconnected
 72462	161029 013119.958 closed /dev/tts7 tx=477/13 rx=1183/13, recv_delay=1.605s, send_delay=0.000s
 72463	iteration 391
 72464	xdlms -L --brief --no-save --no-last-value --no-reg --lp-from 2016-10-28 23:30:01 --lp-to 2016-10-29 01:30:00 --no-lp-time-hist 8 2 13 1477675800 1
 72465	161029 013121.403 com=8 meter=2 baud=13 acqtime=2016-10-29 01:30:00
 72466	161029 013122.018 opened (3)/dev/tts7 8N1 9600 tx_ipg=24984, rx_ipg=24984 (DTR|RTS|CTS|CAR|RNG)
 72467	161029 013122.077 sending frame: SNRM Info=23
 72468	161029 013122.103 > 7EA02300 0272FB61 933A3F81 80140502  ~.#..r.a.:?..... 
 72469	161029 013122.105 > 07F00602 07F00704 00000001 08040000  ................ 
 72470	161029 013122.117 > 00015856 7E                          ..XV~            
 72471	161029 013122.361 < 7EA02161 000272FB 73075481 80120501  ~.!a..r.s.T..... 
 72472	161029 013122.361 < F806013E 07040000 00010804 00000001  ...>............ 
 72473	161029 013122.361 < 480E7E                               H.~              
 72474	161029 013122.362 recved frame: UA * Info=21
 72475	161029 013122.362 negotiated mtu tx/rx = 79/2049
 72476	161029 013122.362 hdlc connected
 72477	161029 013122.364 sending frame: I N(R)=0 N(S)=0 Info=54
 72478	161029 013122.374 > 7EA04200 0272FB61 10F9B2E6 E6006031  ~.B..r.a......`1 
 72479	161029 013122.377 > 80020780 A1090607 60857405 0801028A  ........`.t..... 
 72480	161029 013122.378 > 0207808B 07608574 05080202 AC028000  .....`.t........ 
 72481	161029 013122.378 > BE0F040D 01000000 065F0400 FFFFFF00  ........._...... 
 72482	161029 013122.379 > 00BC7F7E                             ...~             
 72483	161029 013122.620 < 7EA05261 000272FB 30BA9DE6 E7006141  ~.Ra..r.0.....aA 
 72484	161029 013122.621 < A1090607 60857405 080102A2 03020100  ....`.t......... 
 72485	161029 013122.621 < A305A103 02010E88 02078089 07608574  .............`.t 
 72486	161029 013122.621 < 05080202 AA0A8008 46353035 30303030  ........F5050000 
 72487	161029 013122.622 < BE0F040D 0800065F 04001802 200960FA  ......._.... .`. 
 72488	161029 013122.622 < 00E4EF7E                             ...~             
 72489	161029 013122.622 recved frame: I * N(R)=1 N(S)=0 Info=70
 72490	161029 013122.624 AARE: app=(2,16,756,5,8,1,2) asso_result=0 (14) initiate err=0 +auth secu_machanism=(2,16,756,5,8,2,2)
 72491	161029 013122.625 xdlms param: qos=0 ver=6 max_send_pdu=2400, vaa=fa00
 72492	161029 013122.631 sending frame: I N(R)=1 N(S)=1 Info=19
 72493	161029 013122.633 > 7EA01F00 0272FB61 3269ECE6 E6000601  ~....r.a2i...... 
 72494	161029 013122.635 > 02FA5801 09083037 33393536 3730918E  ..X...07395670.. 
 72495	161029 013122.654 > 7E                                   ~                
 72496	161029 013122.905 < 7EA01261 000272FB 52A81AE6 E7000D01  ~..a..r.R....... 
 72497	161029 013122.906 < 0007E47E                             ...~             
 72498	161029 013122.906 recved frame: I * N(R)=2 N(S)=1 Info=6
 72499	161029 013122.906 hls auth ok
 72500	161029 013122.907 read LDN
 72501	161029 013122.907 reading 1 vars, ttl=1
 72502	161029 013122.907 sending frame: I N(R)=2 N(S)=2 Info=8
 72503	161029 013122.908 > 7EA01400 0272FB61 54DB9CE6 E6000501  ~....r.aT....... 
 72504	161029 013122.908 > 02FD0810 D37E                        .....~           
 72505	161029 013123.045 < 7EA02461 000272FB 741BD0E6 E7000C01  ~.$a..r.t....... 
 72506	161029 013123.046 < 0009104C 475A3530 35303634 32310000  ...LGZ50506421.. 
 72507	161029 013123.046 < 00000040 8E7E                        ...@.~           
 72508	161029 013123.046 recved frame: I * N(R)=3 N(S)=2 Info=24
 72509	161029 013123.057 keepalive stopped
 72510	161029 013123.171 solve obj names:
 72511	161029 013123.192 read server info
 72512	161029 013123.194 reading 3 vars, ttl=3
 72513	161029 013123.202 sending frame: I N(R)=3 N(S)=3 Info=14
 72514	161029 013123.203 > 7EA01A00 0272FB61 76EA18E6 E6000503  ~....r.av....... 
 72515	161029 013123.205 > 02FF0802 4BD80299 58ED327E           ....K...X.2~     
 72516	161029 013123.395 < 7EA02C61 000272FB 96EBCAE6 E7000C03  ~.,a..r......... 
 72517	161029 013123.396 < 000A0348 30330006 0000001A 00090C07  ...H03.......... 
 72518	161029 013123.396 < E00A0106 000000FF 8000FFE3 857E      .............~   
 72519	161029 013123.396 recved frame: I * N(R)=4 N(S)=3 Info=32
 72520	161029 013123.397 detected a suspicous clock value, status=0xff
 72521	161029 013123.506 keepalive stopped
 72522	161029 013123.507 ldn: LGZ50506421 ver: H03 vz1: 26 last billing reset: 2016-10-01 00:00:00
 72523	161029 013123.789 read server clock
 72524	161029 013123.791 reading 1 vars, ttl=1
 72525	161029 013123.791 sending frame: I N(R)=4 N(S)=4 Info=8
 72526	161029 013123.792 > 7EA01400 0272FB61 98BB90E6 E6000501  ~....r.a........ 
 72527	161029 013123.792 > 022BC8F7 1E7E                        .+...~           
 72528	161029 013123.916 < 7EA02061 000272FB B80DB3E6 E7000C01  ~. a..r......... 
 72529	161029 013123.916 < 00090C07 E00A1D06 011F1AFF 800000F6  ................ 
 72530	161029 013123.916 < 557E                                 U~               
 72531	161029 013123.917 recved frame: I * N(R)=5 N(S)=4 Info=20
 72532	161029 013123.921 keepalive stopped
 72533	161029 013123.921 server time is 2016-10-29 01:31:25.93
 72534	161029 013123.932 time drift (2s) out of sync window, sync is aborted
 72535	161029 013124.025 profile 1.0.99.1.0.255 period=900, objs_num=12, sort_method=1 entries_in_use=0, entries=0
 72536	161029 013124.028 start read load profile for 8 mp's from 2016-10-28 23:30:01 to 2016-10-29 01:30:00
 72537	161029 013124.029 profile read max step=8:00.00
 72538	161029 013124.033 read profile buf [2016-10-28 23:30:01, 2016-10-29 01:30:00]
 72539	161029 013124.035 sending frame: I N(R)=5 N(S)=5 Info=59
 72540	161029 013124.037 > 7EA04700 0272FB61 BA0A48E6 E6000501  ~.G..r.a..H..... 
 72541	161029 013124.038 > 04627801 02040204 12000809 06000001  .bx............. 
 72542	161029 013124.040 > 0000FF0F 02120000 090C07E0 0A1CFF17  ................ 
 72543	161029 013124.042 > 1E010080 0000090C 07E00A1D FF011E00  ................ 
 72544	161029 013124.043 > 00800000 01004B94 7E                 ......K.~        
 72545	161029 013124.580 < 7EA04B61 000272FB DA1E21E6 E7000C01  ~.Ka..r...!..... 
 72546	161029 013124.581 < 00020C09 0C07E00A 1D06011E 00FF8000  ................ 
 72547	161029 013124.581 < 00060081 00041400 00000000 14D5D414  ................ 
 72548	161029 013124.581 < 00000000 000019B8 14000000 00000159  ...............Y 
 72549	161029 013124.582 < 55140000 00000000 3DAF9204 7E        U.......=...~    
 72550	161029 013124.582 recved frame: I * N(R)=6 N(S)=5 Info=63
 72551	161029 013124.582 [ERR] unrecognized tag of data: 61
 72552	161029 013124.583 [ERR] profile 0.0.98.133.61.255 not found in server
 72553	161029 013124.583 [ERR] profile 0.0.98.133.62.255 not found in server
 72554	161029 013124.584 [ERR] profile 0.0.98.133.63.255 not found in server
 72555	161029 013124.584 [ERR] profile 0.0.98.133.64.255 not found in server
 72556	161029 013124.585 71 mp's use dummy acquisition
 72557	161029 013124.591 keepalive stopped
 72558	161029 013124.777 profile 1.0.99.98.0.255 period=0, objs_num=4, sort_method=1 entries_in_use=0, entries=0
 72559	161029 013124.779 start read event log
 72560	161029 013124.780 profile read max step=0:56.00
 72561	161029 013124.784 read profile buf [2016-10-29 00:30:01, 2016-10-29 01:26:00]
 72562	161029 013124.786 sending frame: I N(R)=6 N(S)=6 Info=59
 72563	161029 013124.788 > 7EA04700 0272FB61 DC3A4EE6 E6000501  ~.G..r.a.:N..... 
 72564	161029 013124.790 > 0460E801 02040204 12000809 06000001  .`.............. 
 72565	161029 013124.790 > 0000FF0F 02120000 090C07E0 0A1DFF00  ................ 
 72566	161029 013124.791 > 1E010080 0000090C 07E00A1D FF011A00  ................ 
 72567	161029 013124.791 > 00800000 0100E4BB 7E                 ........~        
 72568	161029 013125.020 < 7EA01461 000272FB FC110EE6 E7000C01  ~..a..r......... 
 72569	161029 013125.021 < 000100F9 F17E                        .....~           
 72570	161029 013125.021 recved frame: I * N(R)=7 N(S)=6 Info=8
 72571	161029 013125.024 keepalive stopped
 72572	161029 013125.024 read profile buf [2016-10-29 01:26:01, 2016-10-29 01:30:00]
 72573	161029 013125.027 sending frame: I N(R)=7 N(S)=7 Info=59
 72574	161029 013125.029 > 7EA04700 0272FB61 FE2A4CE6 E6000501  ~.G..r.a.*L..... 
 72575	161029 013125.032 > 0460E801 02040204 12000809 06000001  .`.............. 
 72576	161029 013125.032 > 0000FF0F 02120000 090C07E0 0A1DFF01  ................ 
 72577	161029 013125.033 > 1A010080 0000090C 07E00A1D FF011E00  ................ 
 72578	161029 013125.033 > 00800000 0100A591 7E                 ........~        
 72579	161029 013125.250 < 7EA01461 000272FB 1E0DCAE6 E7000C01  ~..a..r......... 
 72580	161029 013125.251 < 000100F9 F17E                        .....~           
 72581	161029 013125.251 recved frame: I * N(R)=0 N(S)=7 Info=8
 72582	161029 013125.260 keepalive stopped
 72583	161029 013125.262 sending frame: DISC
 72584	161029 013125.267 > 7EA00A00 0272FB61 538CDB7E           ~....r.aS..~     
 72585	161029 013125.375 < 7EA02161 000272FB 73075481 80120501  ~.!a..r.s.T..... 
 72586	161029 013125.376 < F806013E 07040000 00010804 00000001  ...>............ 
 72587	161029 013125.376 < 480E7E                               H.~              
 72588	161029 013125.376 recved frame: UA * Info=21
 72589	161029 013125.377 hdlc disconnected
 72590	161029 013125.378 closed /dev/tts7 tx=441/10 rx=413/10, recv_delay=1.690s, send_delay=0.000s
 72591	iteration 392
 72592	xdlms -L --brief --no-save --no-last-value --no-reg --lp-from 2016-10-28 23:30:01 --lp-to 2016-10-29 01:30:00 --no-lp-time-hist 8 2 13 1477675800 1
 72593	161029 013126.748 com=8 meter=2 baud=13 acqtime=2016-10-29 01:30:00
 72594	161029 013127.372 opened (3)/dev/tts7 8N1 9600 tx_ipg=24984, rx_ipg=24984 (DTR|RTS|CTS|CAR|RNG)
 72595	161029 013127.464 sending frame: SNRM Info=23
 72596	161029 013127.482 > 7EA02300 0272FB61 933A3F81 80140502  ~.#..r.a.:?..... 
 72597	161029 013127.483 > 07F00602 07F00704 00000001 08040000  ................ 
 72598	161029 013127.485 > 00015856 7E                          ..XV~            
 72599	161029 013127.615 < 7EA02161 000272FB 73075481 80120501  ~.!a..r.s.T..... 
 72600	161029 013127.616 < F806013E 07040000 00010804 00000001  ...>............ 
 72601	161029 013127.616 < 480E7E                               H.~              
 72602	161029 013127.616 recved frame: UA * Info=21
 72603	161029 013127.617 negotiated mtu tx/rx = 79/2049
 72604	161029 013127.617 hdlc connected
 72605	161029 013127.619 sending frame: I N(R)=0 N(S)=0 Info=54
 72606	161029 013127.620 > 7EA04200 0272FB61 10F9B2E6 E6006031  ~.B..r.a......`1 
 72607	161029 013127.633 > 80020780 A1090607 60857405 0801028A  ........`.t..... 
 72608	161029 013127.634 > 0207808B 07608574 05080202 AC028000  .....`.t........ 
 72609	161029 013127.655 > BE0F040D 01000000 065F0400 FFFFFF00  ........._...... 
 72610	161029 013127.657 > 00BC7F7E                             ...~             
 72611	161029 013127.870 < 7EA05261 000272FB 30BA9DE6 E7006141  ~.Ra..r.0.....aA 
 72612	161029 013127.871 < A1090607 60857405 080102A2 03020100  ....`.t......... 
 72613	161029 013127.871 < A305A103 02010E88 02078089 07608574  .............`.t 
 72614	161029 013127.871 < 05080202 AA0A8008 30423044 30303030  ........0B0D0000 
 72615	161029 013127.871 < BE0F040D 0800065F 04001802 200960FA  ......._.... .`. 
 72616	161029 013127.872 < 00738F7E                             .s.~             
 72617	161029 013127.872 recved frame: I * N(R)=1 N(S)=0 Info=70
 72618	161029 013127.874 AARE: app=(2,16,756,5,8,1,2) asso_result=0 (14) initiate err=0 +auth secu_machanism=(2,16,756,5,8,2,2)
 72619	161029 013127.875 xdlms param: qos=0 ver=6 max_send_pdu=2400, vaa=fa00
 72620	161029 013127.886 sending frame: I N(R)=1 N(S)=1 Info=19
 72621	161029 013127.888 > 7EA01F00 0272FB61 3269ECE6 E6000601  ~....r.a2i...... 
 72622	161029 013127.889 > 02FA5801 09083144 33313536 37302CEC  ..X...1D315670,. 
 72623	161029 013127.890 > 7E                                   ~                
 72624	161029 013128.000 < 7EA01261 000272FB 52A81AE6 E7000D01  ~..a..r.R....... 
 72625	161029 013128.001 < 0007E47E                             ...~             
 72626	161029 013128.001 recved frame: I * N(R)=2 N(S)=1 Info=6
 72627	161029 013128.001 hls auth ok
 72628	161029 013128.002 read LDN
 72629	161029 013128.002 reading 1 vars, ttl=1
 72630	161029 013128.002 sending frame: I N(R)=2 N(S)=2 Info=8
 72631	161029 013128.003 > 7EA01400 0272FB61 54DB9CE6 E6000501  ~....r.aT....... 
 72632	161029 013128.003 > 02FD0810 D37E                        .....~           
 72633	161029 013128.145 < 7EA02461 000272FB 741BD0E6 E7000C01  ~.$a..r.t....... 
 72634	161029 013128.146 < 0009104C 475A3530 35303634 32310000  ...LGZ50506421.. 
 72635	161029 013128.146 < 00000040 8E7E                        ...@.~           
 72636	161029 013128.146 recved frame: I * N(R)=3 N(S)=2 Info=24
 72637	161029 013128.157 keepalive stopped
 72638	161029 013128.278 solve obj names:
 72639	161029 013128.344 read server info
 72640	161029 013128.361 reading 3 vars, ttl=3
 72641	161029 013128.362 sending frame: I N(R)=3 N(S)=3 Info=14
 72642	161029 013128.364 > 7EA01A00 0272FB61 76EA18E6 E6000503  ~....r.av....... 
 72643	161029 013128.366 > 02FF0802 4BD80299 58ED327E           ....K...X.2~     
 72644	161029 013128.545 < 7EA02C61 000272FB 96EBCAE6 E7000C03  ~.,a..r......... 
 72645	161029 013128.546 < 000A0348 30330006 0000001A 00090C07  ...H03.......... 
 72646	161029 013128.546 < E00A0106 000000FF 8000FFE3 857E      .............~   
 72647	161029 013128.546 recved frame: I * N(R)=4 N(S)=3 Info=32
 72648	161029 013128.547 detected a suspicous clock value, status=0xff
 72649	161029 013128.666 keepalive stopped
 72650	161029 013128.666 ldn: LGZ50506421 ver: H03 vz1: 26 last billing reset: 2016-10-01 00:00:00
 72651	161029 013129.083 read server clock
