 16868	161029 005607.455 > 00800000 010075F1 7E                 ......u.~        
 16869	161029 005611.307 < 7EA01461 000272FB 364767E6 E7000C01  ~..a..r.6Gg..... 
 16870	161029 005611.308 < 000100F9 F17E                        .....~           
 16871	161029 005611.308 recved frame: I * N(R)=1 N(S)=3 Info=8
 16872	161029 005611.311 keepalive stopped
 16873	161029 005611.311 sending frame: DISC
 16874	161029 005611.316 > 7EA00A00 0272FB61 538CDB7E           ~....r.aS..~     
 16875	161029 005611.427 < 7EA02161 000272FB 73075481 80120501  ~.!a..r.s.T..... 
 16876	161029 005611.428 < F806013E 07040000 00010804 00000001  ...>............ 
 16877	161029 005611.428 < 480E7E                               H.~              
 16878	161029 005611.428 recved frame: UA * Info=21
 16879	161029 005611.428 hdlc disconnected
 16880	161029 005611.430 closed /dev/tts7 tx=550/14 rx=1205/14, recv_delay=5.855s, send_delay=0.000s
 16881	iteration 91
 16882	xdlms -L --brief --no-save --no-last-value --no-reg --lp-from 2016-10-28 22:56:01 --lp-to 2016-10-29 00:56:00 --no-lp-time-hist 8 2 13 1477673760 1
 16883	161029 005612.299 com=8 meter=2 baud=13 acqtime=2016-10-29 00:56:00
 16884	161029 005612.474 opened (3)/dev/tts7 8N1 9600 tx_ipg=24984, rx_ipg=24984 (DTR|RTS|CTS|CAR|RNG)
 16885	161029 005612.502 sending frame: SNRM Info=23
 16886	161029 005612.505 > 7EA02300 0272FB61 933A3F81 80140502  ~.#..r.a.:?..... 
 16887	161029 005612.506 > 07F00602 07F00704 00000001 08040000  ................ 
 16888	161029 005612.508 > 00015856 7E                          ..XV~            
 16889	161029 005612.627 < 7EA02161 000272FB 73075481 80120501  ~.!a..r.s.T..... 
 16890	161029 005612.627 < F806013E 07040000 00010804 00000001  ...>............ 
 16891	161029 005612.628 < 480E7E                               H.~              
 16892	161029 005612.628 recved frame: UA * Info=21
 16893	161029 005612.628 negotiated mtu tx/rx = 79/2049
 16894	161029 005612.629 hdlc connected
 16895	161029 005612.630 sending frame: I N(R)=0 N(S)=0 Info=54
 16896	161029 005612.631 > 7EA04200 0272FB61 10F9B2E6 E6006031  ~.B..r.a......`1 
 16897	161029 005612.631 > 80020780 A1090607 60857405 0801028A  ........`.t..... 
 16898	161029 005612.639 > 0207808B 07608574 05080202 AC028000  .....`.t........ 
 16899	161029 005612.644 > BE0F040D 01000000 065F0400 FFFFFF00  ........._...... 
 16900	161029 005612.645 > 00BC7F7E                             ...~             
 16901	161029 005612.942 < 7EA05261 000272FB 30BA9DE6 E7006141  ~.Ra..r.0.....aA 
 16902	161029 005612.942 < A1090607 60857405 080102A2 03020100  ....`.t......... 
 16903	161029 005612.943 < A305A103 02010E88 02078089 07608574  .............`.t 
 16904	161029 005612.943 < 05080202 AA0A8008 35353132 30303030  ........55120000 
 16905	161029 005612.943 < BE0F040D 0800065F 04001802 200960FA  ......._.... .`. 
 16906	161029 005612.943 < 0001F27E                             ...~             
 16907	161029 005612.944 recved frame: I * N(R)=1 N(S)=0 Info=70
 16908	161029 005612.946 AARE: app=(2,16,756,5,8,1,2) asso_result=0 (14) initiate err=0 +auth secu_machanism=(2,16,756,5,8,2,2)
 16909	161029 005612.946 xdlms param: qos=0 ver=6 max_send_pdu=2400, vaa=fa00
 16910	161029 005612.961 sending frame: I N(R)=1 N(S)=1 Info=19
 16911	161029 005612.963 > 7EA01F00 0272FB61 3269ECE6 E6000601  ~....r.a2i...... 
 16912	161029 005612.963 > 02FA5801 09083637 34363536 37300DE5  ..X...67465670.. 
 16913	161029 005612.963 > 7E                                   ~                
 16914	161029 005613.077 < 7EA01261 000272FB 52A81AE6 E7000D01  ~..a..r.R....... 
 16915	161029 005613.077 < 0007E47E                             ...~             
 16916	161029 005613.078 recved frame: I * N(R)=2 N(S)=1 Info=6
 16917	161029 005613.078 hls auth ok
 16918	161029 005613.078 read LDN
 16919	161029 005613.078 reading 1 vars, ttl=1
 16920	161029 005613.079 sending frame: I N(R)=2 N(S)=2 Info=8
 16921	161029 005613.079 > 7EA01400 0272FB61 54DB9CE6 E6000501  ~....r.aT....... 
 16922	161029 005613.080 > 02FD0810 D37E                        .....~           
 16923	161029 005613.212 < 7EA02461 000272FB 741BD0E6 E7000C01  ~.$a..r.t....... 
 16924	161029 005613.213 < 0009104C 475A3530 35303634 32310000  ...LGZ50506421.. 
 16925	161029 005613.213 < 00000040 8E7E                        ...@.~           
 16926	161029 005613.213 recved frame: I * N(R)=3 N(S)=2 Info=24
 16927	161029 005613.229 keepalive stopped
 16928	161029 005613.336 solve obj names:
 16929	161029 005613.399 read server info
 16930	161029 005613.400 reading 3 vars, ttl=3
 16931	161029 005613.417 sending frame: I N(R)=3 N(S)=3 Info=14
 16932	161029 005613.419 > 7EA01A00 0272FB61 76EA18E6 E6000503  ~....r.av....... 
 16933	161029 005613.421 > 02FF0802 4BD80299 58ED327E           ....K...X.2~     
 16934	161029 005613.832 < 7EA02C61 000272FB 96EBCAE6 E7000C03  ~.,a..r......... 
 16935	161029 005613.833 < 000A0348 30330006 0000001A 00090C07  ...H03.......... 
 16936	161029 005613.833 < E00A0106 000000FF 8000FFE3 857E      .............~   
 16937	161029 005613.833 recved frame: I * N(R)=4 N(S)=3 Info=32
 16938	161029 005613.834 detected a suspicous clock value, status=0xff
 16939	161029 005613.952 keepalive stopped
 16940	161029 005613.953 ldn: LGZ50506421 ver: H03 vz1: 26 last billing reset: 2016-10-01 00:00:00
 16941	161029 005614.286 read server clock
 16942	161029 005614.288 reading 1 vars, ttl=1
 16943	161029 005614.288 sending frame: I N(R)=4 N(S)=4 Info=8
 16944	161029 005614.289 > 7EA01400 0272FB61 98BB90E6 E6000501  ~....r.a........ 
 16945	161029 005614.289 > 022BC8F7 1E7E                        .+...~           
 16946	161029 005614.462 < 7EA02061 000272FB B80DB3E6 E7000C01  ~. a..r......... 
 16947	161029 005614.463 < 00090C07 E00A1D06 003811FF 8000007E  .........8.....~ 
 16948	161029 005614.463 < 147E                                 .~               
 16949	161029 005614.463 recved frame: I * N(R)=5 N(S)=4 Info=20
 16950	161029 005614.474 keepalive stopped
 16951	161029 005614.474 server time is 2016-10-29 00:56:16.90
 16952	161029 005614.481 time drift (2s) out of sync window, sync is aborted
 16953	161029 005614.638 profile 1.0.99.1.0.255 period=900, objs_num=12, sort_method=1 entries_in_use=0, entries=0
 16954	161029 005614.640 start read load profile for 8 mp's from 2016-10-28 22:56:01 to 2016-10-29 00:56:00
 16955	161029 005614.641 profile read max step=8:00.00
 16956	161029 005614.649 read profile buf [2016-10-28 22:56:01, 2016-10-29 00:56:00]
 16957	161029 005614.651 sending frame: I N(R)=5 N(S)=5 Info=59
 16958	161029 005614.653 > 7EA04700 0272FB61 BA0A48E6 E6000501  ~.G..r.a..H..... 
 16959	161029 005614.653 > 04627801 02040204 12000809 06000001  .bx............. 
 16960	161029 005614.654 > 0000FF0F 02120000 090C07E0 0A1CFF16  ................ 
 16961	161029 005614.654 > 38010080 0000090C 07E00A1D FF003800  8.............8. 
 16962	161029 005614.655 > 00800000 01002696 7E                 ......&.~        
 16963	161029 005615.057 < 7EA03261 000272FB DA6B71E6 E7000C01  ~.2a..r..kq..... 
 16964	161029 005615.058 < 00010105 00000277 05000000 00050000  .......w........ 
 16965	161029 005615.058 < 00000500 0008D005 00000000 05000000  ................ 
 16966	161029 005615.058 < 00913A7E                             ..:~             
 16967	161029 005615.058 recved frame: I * N(R)=6 N(S)=5 Info=38
 16968	161029 005615.059 [WARNING] row 0: no clock in profile buffer?
 16969	161029 005615.061 keepalive stopped
 16970	161029 005615.064 [ERR] profile 0.0.98.133.61.255 not found in server
 16971	161029 005615.065 [ERR] profile 0.0.98.133.62.255 not found in server
 16972	161029 005615.068 [ERR] profile 0.0.98.133.63.255 not found in server
 16973	161029 005615.069 [ERR] profile 0.0.98.133.64.255 not found in server
 16974	161029 005615.071 71 mp's use dummy acquisition
 16975	161029 005615.075 keepalive stopped
 16976	161029 005615.290 profile 1.0.99.98.0.255 period=0, objs_num=4, sort_method=1 entries_in_use=0, entries=0
 16977	161029 005615.318 start read event log
 16978	161029 005615.320 profile read max step=0:56.00
 16979	161029 005615.322 read profile buf [2016-10-28 23:56:01, 2016-10-29 00:52:00]
 16980	161029 005615.339 sending frame: I N(R)=6 N(S)=6 Info=59
 16981	161029 005615.342 > 7EA04700 0272FB61 DC3A4EE6 E6000501  ~.G..r.a.:N..... 
 16982	161029 005615.374 > 0460E801 02040204 12000809 06000001  .`.............. 
 16983	161029 005615.375 > 0000FF0F 02120000 090C07E0 0A1CFF17  ................ 
 16984	161029 005615.377 > 38010080 0000090C 07E00A1D FF003400  8.............4. 
 16985	161029 005615.406 > 00800000 0100D360 7E                 .......`~        
 16986	161029 005615.622 < 7EA01461 000272FB FC110EE6 E7000C01  ~..a..r......... 
 16987	161029 005615.623 < 000100F9 F17E                        .....~           
 16988	161029 005615.623 recved frame: I * N(R)=7 N(S)=6 Info=8
 16989	161029 005615.626 keepalive stopped
 16990	161029 005615.626 read profile buf [2016-10-29 00:52:01, 2016-10-29 00:56:00]
 16991	161029 005615.635 sending frame: I N(R)=7 N(S)=7 Info=59
 16992	161029 005615.638 > 7EA04700 0272FB61 FE2A4CE6 E6000501  ~.G..r.a.*L..... 
 16993	161029 005615.639 > 0460E801 02040204 12000809 06000001  .`.............. 
 16994	161029 005615.641 > 0000FF0F 02120000 090C07E0 0A1DFF00  ................ 
 16995	161029 005615.662 > 34010080 0000090C 07E00A1D FF003800  4.............8. 
 16996	161029 005615.664 > 00800000 010075F1 7E                 ......u.~        
 16997	161029 005615.862 < 7EA01461 000272FB 1E0DCAE6 E7000C01  ~..a..r......... 
 16998	161029 005615.863 < 000100F9 F17E                        .....~           
 16999	161029 005615.863 recved frame: I * N(R)=0 N(S)=7 Info=8
 17000	161029 005615.869 keepalive stopped
 17001	161029 005615.869 sending frame: DISC
 17002	161029 005615.870 > 7EA00A00 0272FB61 538CDB7E           ~....r.aS..~     
 17003	161029 005615.967 < 7EA02161 000272FB 73075481 80120501  ~.!a..r.s.T..... 
 17004	161029 005615.968 < F806013E 07040000 00010804 00000001  ...>............ 
 17005	161029 005615.968 < 480E7E                               H.~              
 17006	161029 005615.968 recved frame: UA * Info=21
 17007	161029 005615.968 hdlc disconnected
 17008	161029 005615.970 closed /dev/tts7 tx=441/10 rx=388/10, recv_delay=1.660s, send_delay=0.000s
 17009	iteration 92
 17010	xdlms -L --brief --no-save --no-last-value --no-reg --lp-from 2016-10-28 22:56:01 --lp-to 2016-10-29 00:56:00 --no-lp-time-hist 8 2 13 1477673760 1
 17011	161029 005617.643 com=8 meter=2 baud=13 acqtime=2016-10-29 00:56:00
 17012	161029 005618.055 opened (3)/dev/tts7 8N1 9600 tx_ipg=24984, rx_ipg=24984 (DTR|RTS|CTS|CAR|RNG)
 17013	161029 005618.163 sending frame: SNRM Info=23
 17014	161029 005618.166 > 7EA02300 0272FB61 933A3F81 80140502  ~.#..r.a.:?..... 
 17015	161029 005618.187 > 07F00602 07F00704 00000001 08040000  ................ 
 17016	161029 005618.189 > 00015856 7E                          ..XV~            
 17017	161029 005618.297 < 7EA02161 000272FB 73075481 80120501  ~.!a..r.s.T..... 
 17018	161029 005618.298 < F806013E 07040000 00010804 00000001  ...>............ 
 17019	161029 005618.298 < 480E7E                               H.~              
 17020	161029 005618.298 recved frame: UA * Info=21
 17021	161029 005618.298 negotiated mtu tx/rx = 79/2049
 17022	161029 005618.299 hdlc connected
 17023	161029 005618.301 sending frame: I N(R)=0 N(S)=0 Info=54
 17024	161029 005618.302 > 7EA04200 0272FB61 10F9B2E6 E6006031  ~.B..r.a......`1 
 17025	161029 005618.321 > 80020780 A1090607 60857405 0801028A  ........`.t..... 
 17026	161029 005618.324 > 0207808B 07608574 05080202 AC028000  .....`.t........ 
 17027	161029 005618.324 > BE0F040D 01000000 065F0400 FFFFFF00  ........._...... 
 17028	161029 005618.325 > 00BC7F7E                             ...~             
 17029	161029 005618.547 < 7EA05261 000272FB 30BA9DE6 E7006141  ~.Ra..r.0.....aA 
 17030	161029 005618.548 < A1090607 60857405 080102A2 03020100  ....`.t......... 
 17031	161029 005618.548 < A305A103 02010E88 02078089 07608574  .............`.t 
 17032	161029 005618.548 < 05080202 AA0A8008 39323034 30303030  ........92040000 
 17033	161029 005618.548 < BE0F040D 0800065F 04001802 200960FA  ......._.... .`. 
 17034	161029 005618.549 < 00CC2E7E                             ...~             
 17035	161029 005618.549 recved frame: I * N(R)=1 N(S)=0 Info=70
 17036	161029 005618.551 AARE: app=(2,16,756,5,8,1,2) asso_result=0 (14) initiate err=0 +auth secu_machanism=(2,16,756,5,8,2,2)
 17037	161029 005618.554 xdlms param: qos=0 ver=6 max_send_pdu=2400, vaa=fa00
 17038	161029 005618.556 sending frame: I N(R)=1 N(S)=1 Info=19
 17039	161029 005618.557 > 7EA01F00 0272FB61 3269ECE6 E6000601  ~....r.a2i...... 
 17040	161029 005618.559 > 02FA5801 09084134 33383536 37307D24  ..X...A4385670}$ 
 17041	161029 005618.559 > 7E                                   ~                
 17042	161029 005618.672 < 7EA01261 000272FB 52A81AE6 E7000D01  ~..a..r.R....... 
 17043	161029 005618.673 < 0007E47E                             ...~             
 17044	161029 005618.673 recved frame: I * N(R)=2 N(S)=1 Info=6
 17045	161029 005618.673 hls auth ok
 17046	161029 005618.674 read LDN
 17047	161029 005618.674 reading 1 vars, ttl=1
 17048	161029 005618.674 sending frame: I N(R)=2 N(S)=2 Info=8
 17049	161029 005618.675 > 7EA01400 0272FB61 54DB9CE6 E6000501  ~....r.aT....... 
 17050	161029 005618.675 > 02FD0810 D37E                        .....~           
 17051	161029 005618.952 < 7EA02461 000272FB 741BD0E6 E7000C01  ~.$a..r.t....... 
 17052	161029 005618.952 < 0009104C 475A3530 35303634 32310000  ...LGZ50506421.. 
 17053	161029 005618.953 < 00000040 8E7E                        ...@.~           
 17054	161029 005618.953 recved frame: I * N(R)=3 N(S)=2 Info=24
 17055	161029 005618.960 keepalive stopped
 17056	161029 005618.998 solve obj names:
 17057	161029 005619.009 read server info
 17058	161029 005619.011 reading 3 vars, ttl=3
 17059	161029 005619.012 sending frame: I N(R)=3 N(S)=3 Info=14
 17060	161029 005619.014 > 7EA01A00 0272FB61 76EA18E6 E6000503  ~....r.av....... 
 17061	161029 005619.015 > 02FF0802 4BD80299 58ED327E           ....K...X.2~     
 17062	161029 005619.227 < 7EA02C61 000272FB 96EBCAE6 E7000C03  ~.,a..r......... 
 17063	161029 005619.228 < 000A0348 30330006 0000001A 00090C07  ...H03.......... 
 17064	161029 005619.228 < E00A0106 000000FF 8000FFE3 857E      .............~   
 17065	161029 005619.228 recved frame: I * N(R)=4 N(S)=3 Info=32
 17066	161029 005619.229 detected a suspicous clock value, status=0xff
 17067	161029 005619.347 keepalive stopped
 17068	161029 005619.348 ldn: LGZ50506421 ver: H03 vz1: 26 last billing reset: 2016-10-01 00:00:00
