15298886	161104 225943.015 > 00800000 0100CFBB 7E                 ........~        
15298887	161104 225943.212 < 7EA01461 000272FB 526542E6 E7000C01  ~..a..r.ReB..... 
15298888	161104 225943.212 < 000100F9 F17E                        .....~           
15298889	161104 225943.212 recved frame: I * N(R)=2 N(S)=1 Info=8
15298890	161104 225943.217 keepalive stopped
15298891	161104 225943.217 sending frame: DISC
15298892	161104 225943.218 > 7EA00A00 0272FB61 538CDB7E           ~....r.aS..~     
15298893	161104 225943.331 < 7EA02161 000272FB 73075481 80120501  ~.!a..r.s.T..... 
15298894	161104 225943.332 < F806013E 07040000 00010804 00000001  ...>............ 
15298895	161104 225943.332 < 480E7E                               H.~              
15298896	161104 225943.332 recved frame: UA * Info=21
15298897	161104 225943.332 hdlc disconnected
15298898	161104 225943.334 closed /dev/tts7 tx=570/13 rx=760/13, recv_delay=2.300s, send_delay=0.000s
15298899	iteration 83228
15298900	xdlms -L --brief --no-save --no-last-value 8 2 13 1478271480 1
15298901	161104 225944.196 com=8 meter=2 baud=13 acqtime=2016-11-04 22:58:00
15298902	161104 225944.910 opened (3)/dev/tts7 8N1 9600 tx_ipg=24984, rx_ipg=24984 (DTR|RTS|CTS|CAR|RNG)
15298903	161104 225945.131 sending frame: SNRM Info=23
15298904	161104 225945.156 > 7EA02300 0272FB61 933A3F81 80140502  ~.#..r.a.:?..... 
15298905	161104 225945.171 > 07F00602 07F00704 00000001 08040000  ................ 
15298906	161104 225945.173 > 00015856 7E                          ..XV~            
15298907	161104 225945.306 < 7EA02161 000272FB 73075481 80120501  ~.!a..r.s.T..... 
15298908	161104 225945.307 < F806013E 07040000 00010804 00000001  ...>............ 
15298909	161104 225945.307 < 480E7E                               H.~              
15298910	161104 225945.307 recved frame: UA * Info=21
15298911	161104 225945.308 negotiated mtu tx/rx = 79/2049
15298912	161104 225945.308 hdlc connected
15298913	161104 225945.310 sending frame: I N(R)=0 N(S)=0 Info=54
15298914	161104 225945.320 > 7EA04200 0272FB61 10F9B2E6 E6006031  ~.B..r.a......`1 
15298915	161104 225945.325 > 80020780 A1090607 60857405 0801028A  ........`.t..... 
15298916	161104 225945.328 > 0207808B 07608574 05080202 AC028000  .....`.t........ 
15298917	161104 225945.328 > BE0F040D 01000000 065F0400 FFFFFF00  ........._...... 
15298918	161104 225945.329 > 00BC7F7E                             ...~             
15298919	161104 225945.567 < 7EA05261 000272FB 30BA9DE6 E7006141  ~.Ra..r.0.....aA 
15298920	161104 225945.567 < A1090607 60857405 080102A2 03020100  ....`.t......... 
15298921	161104 225945.567 < A305A103 02010E88 02078089 07608574  .............`.t 
15298922	161104 225945.567 < 05080202 AA0A8008 31373134 30303030  ........17140000 
15298923	161104 225945.568 < BE0F040D 0800065F 04001802 200960FA  ......._.... .`. 
15298924	161104 225945.568 < 0098BA7E                             ...~             
15298925	161104 225945.568 recved frame: I * N(R)=1 N(S)=0 Info=70
15298926	161104 225945.571 AARE: app=(2,16,756,5,8,1,2) asso_result=0 (14) initiate err=0 +auth secu_machanism=(2,16,756,5,8,2,2)
15298927	161104 225945.584 xdlms param: qos=0 ver=6 max_send_pdu=2400, vaa=fa00
15298928	161104 225945.587 sending frame: I N(R)=1 N(S)=1 Info=19
15298929	161104 225945.589 > 7EA01F00 0272FB61 3269ECE6 E6000601  ~....r.a2i...... 
15298930	161104 225945.591 > 02FA5801 09083239 34383536 37304A14  ..X...29485670J. 
15298931	161104 225945.591 > 7E                                   ~                
15298932	161104 225945.856 < 7EA01261 000272FB 52A81AE6 E7000D01  ~..a..r.R....... 
15298933	161104 225945.857 < 0007E47E                             ...~             
15298934	161104 225945.857 recved frame: I * N(R)=2 N(S)=1 Info=6
15298935	161104 225945.858 hls auth ok
15298936	161104 225945.858 read LDN
15298937	161104 225945.858 reading 1 vars, ttl=1
15298938	161104 225945.858 sending frame: I N(R)=2 N(S)=2 Info=8
15298939	161104 225945.859 > 7EA01400 0272FB61 54DB9CE6 E6000501  ~....r.aT....... 
15298940	161104 225945.859 > 02FD0810 D37E                        .....~           
15298941	161104 225945.987 < 7EA02461 000272FB 741BD0E6 E7000C01  ~.$a..r.t....... 
15298942	161104 225945.987 < 0009104C 475A3530 35303634 32310000  ...LGZ50506421.. 
15298943	161104 225945.987 < 00000040 8E7E                        ...@.~           
15298944	161104 225945.988 recved frame: I * N(R)=3 N(S)=2 Info=24
15298945	161104 225945.998 keepalive stopped
15298946	161104 225946.117 solve obj names:
15298947	161104 225946.131 read server info
15298948	161104 225946.133 reading 3 vars, ttl=3
15298949	161104 225946.135 sending frame: I N(R)=3 N(S)=3 Info=14
15298950	161104 225946.148 > 7EA01A00 0272FB61 76EA18E6 E6000503  ~....r.av....... 
15298951	161104 225946.150 > 02FF0802 4BD80299 58ED327E           ....K...X.2~     
15298952	161104 225946.306 < 7EA02C61 000272FB 96EBCAE6 E7000C03  ~.,a..r......... 
15298953	161104 225946.307 < 000A0348 30330006 00000020 00090C07  ...H03..... .... 
15298954	161104 225946.307 < E00B0102 000000FF 8000FF66 117E      ...........f.~   
15298955	161104 225946.308 recved frame: I * N(R)=4 N(S)=3 Info=32
15298956	161104 225946.309 detected a suspicous clock value, status=0xff
15298957	161104 225946.433 keepalive stopped
15298958	161104 225946.434 ldn: LGZ50506421 ver: H03 vz1: 32 last billing reset: 2016-11-01 00:00:00
15298959	161104 225946.833 read server clock
15298960	161104 225946.834 reading 1 vars, ttl=1
15298961	161104 225946.863 sending frame: I N(R)=4 N(S)=4 Info=8
15298962	161104 225946.865 > 7EA01400 0272FB61 98BB90E6 E6000501  ~....r.a........ 
15298963	161104 225946.866 > 022BC8F7 1E7E                        .+...~           
15298964	161104 225946.981 < 7EA02061 000272FB B80DB3E6 E7000C01  ~. a..r......... 
15298965	161104 225946.982 < 00090C07 E00B0405 163B30FF 80000086  .........;0..... 
15298966	161104 225946.982 < F57E                                 .~               
15298967	161104 225946.982 recved frame: I * N(R)=5 N(S)=4 Info=20
15298968	161104 225946.992 keepalive stopped
15298969	161104 225946.992 server time is 2016-11-04 22:59:47.92
15298970	161104 225947.002 time drift (1s) out of sync window, sync is aborted
15298971	161104 225947.262 profile 1.0.99.1.0.255 period=900, objs_num=12, sort_method=1 entries_in_use=0, entries=0
15298972	161104 225947.264 start read load profile for 8 mp's from 2016-11-04 22:45:00 to 2016-11-04 22:45:00
15298973	161104 225947.265 profile read max step=8:00.00
15298974	161104 225947.283 read profile buf [2016-11-04 22:45:00, 2016-11-04 22:45:01]
15298975	161104 225947.286 sending frame: I N(R)=5 N(S)=5 Info=59
15298976	161104 225947.303 > 7EA04700 0272FB61 BA0A48E6 E6000501  ~.G..r.a..H..... 
15298977	161104 225947.305 > 04627801 02040204 12000809 06000001  .bx............. 
15298978	161104 225947.342 > 0000FF0F 02120000 090C07E0 0B04FF16  ................ 
15298979	161104 225947.344 > 2D000080 0000090C 07E00B04 FF162D01  -.............-. 
15298980	161104 225947.346 > 00800000 01006FC4 7E                 ......o.~        
15298981	161104 225952.396 < 7EA03261 000272FB DA6B71E6 E7000C01  ~.2a..r..kq..... 
15298982	161104 225952.397 < 00010105 00000280 05000000 00050000  ................ 
15298983	161104 225952.397 < 00000500 00091605 00000000 05000000  ................ 
15298984	161104 225952.397 < 005DF07E                             .].~             
15298985	161104 225952.398 recved frame: I * N(R)=6 N(S)=5 Info=38
15298986	161104 225952.399 [WARNING] row 0: no clock in profile buffer?
15298987	161104 225952.402 keepalive stopped
15298988	161104 225952.404 22 mp's need to read from running registers
15298989	161104 225952.423 read registers
15298990	161104 225952.452 reading 28 vars, ttl=28
15298991	161104 225952.454 sending frame: I N(R)=6 N(S)=6 Info=62 S
15298992	161104 225952.456 > 7EA84A00 0272FB61 DCC94DE6 E600051C  ~.J..r.a..M..... 
15298993	161104 225952.483 > 021A2002 1B80021A D0021C30 02016002  .. ........0..`. 
15298994	161104 225952.485 > 02100202 C0020370 02042002 04D00205  .......p.. ..... 
15298995	161104 225952.487 > 80020630 0261D002 63600257 180254B8  ...0.a..c`.W..T. 
15298996	161104 225952.488 > 02AD3802 AD5002AE 4845527E           ..8..P..HER~     
15298997	161104 225952.616 < 7EA00A61 000272FB F11CE67E           ~..a..r....~     
15298998	161104 225952.617 recved frame: RR * N(R)=7
15298999	161104 225952.617 sending frame: I N(R)=6 N(S)=7 Info=27
15299000	161104 225952.618 > 7EA02700 0272FB61 DEADC902 AE6002AE  ~.'..r.a.....`.. 
15299001	161104 225952.618 > D002AEE8 02AF5802 AF7002AF E002AFF8  ......X..p...... 
15299002	161104 225952.618 > 02ADC002 ADD8CDCA 7E                 ........~        
15299003	161104 225953.342 < 7EA8CB61 000272FB 1C8529E6 E7000C1C  ~..a..r...)..... 
15299004	161104 225953.342 < 00140000 00000000 DBCF0014 00000000  ................ 
15299005	161104 225953.342 < 00003C2D 00140000 00000000 01810014  ..<-............ 
15299006	161104 225953.343 < 00000000 0000CCEE 00140000 00000000  ................ 
15299007	161104 225953.343 < 00000014 00000000 00073810 00140000  ..........8..... 
15299008	161104 225953.343 < 00000008 1F0F0014 00000000 0005AC82  ................ 
15299009	161104 225953.344 < 00140000 00000000 00000014 00000000  ................ 
15299010	161104 225953.344 < 0000088E 00140000 00000000 08C00014  ................ 
15299011	161104 225953.344 < 00000000 00000869 00050000 004A0005  .......i.....J.. 
15299012	161104 225953.344 < 00000081 00050000 00310005 00001386  .........1...... 
15299013	161104 225953.345 < 00050000 02EA0009 0C07E00B 0405160F  ................ 
15299014	161104 225953.345 < 00FF8000 00000500 00000000 090C07D0  ................ 
15299015	161104 225953.345 < 01010600 0000FF80 00006F56 7E        ..........oV~    
15299016	161104 225953.346 recved frame: I * N(R)=0 N(S)=6 Info=191 S
15299017	161104 225953.346 sending frame: RR N(R)=7
15299018	161104 225953.354 > 7EA00A00 0272FB61 F1945D7E           ~....r.a..]~     
15299019	161104 225953.552 < 7EA06061 000272FB 1E37B400 05000002  ~.`a..r..7...... 
15299020	161104 225953.552 < DF00090C 07E00B04 05071E00 FF800000  ................ 
15299021	161104 225953.552 < 00050000 02E60009 0C07E00B 0102051E  ................ 
15299022	161104 225953.553 < 00FF8000 00000500 0002EA00 090C07E0  ................ 
15299023	161104 225953.553 < 0B040516 0F00FF80 00000005 00000000  ................ 
15299024	161104 225953.553 < 00090C07 D0010106 000000FF 80000013  ................ 
15299025	161104 225953.554 < 337E                                 3~               
15299026	161104 225953.554 recved frame: I * N(R)=0 N(S)=7 Info=84
15299027	161104 225953.561 keepalive stopped
15299028	161104 225953.570 keepalive stopped
15299029	161104 225953.573 [ERR] profile 0.0.98.133.63.255 not found in server
15299030	161104 225953.575 [ERR] profile 0.0.98.133.64.255 not found in server
15299031	161104 225953.598 49 mp's use dummy acquisition
15299032	161104 225953.600 keepalive stopped
15299033	161104 225953.913 profile 1.0.99.98.0.255 period=0, objs_num=4, sort_method=1 entries_in_use=0, entries=0
15299034	161104 225953.914 start read event log
15299035	161104 225953.919 profile read max step=0:56.00
15299036	161104 225953.920 read profile buf [2016-11-04 21:58:01, 2016-11-04 22:54:00]
15299037	161104 225953.945 sending frame: I N(R)=0 N(S)=0 Info=59
15299038	161104 225953.957 > 7EA04700 0272FB61 105A42E6 E6000501  ~.G..r.a.ZB..... 
15299039	161104 225953.959 > 0460E801 02040204 12000809 06000001  .`.............. 
15299040	161104 225953.960 > 0000FF0F 02120000 090C07E0 0B04FF15  ................ 
15299041	161104 225953.962 > 3A010080 0000090C 07E00B04 FF163600  :.............6. 
15299042	161104 225953.963 > 00800000 01000CC5 7E                 ........~        
15299043	161104 225954.131 < 7EA01461 000272FB 307102E6 E7000C01  ~..a..r.0q...... 
15299044	161104 225954.156 < 000100F9 F17E                        .....~           
15299045	161104 225954.158 recved frame: I * N(R)=1 N(S)=0 Info=8
15299046	161104 225954.172 keepalive stopped
15299047	161104 225954.174 read profile buf [2016-11-04 22:54:01, 2016-11-04 22:58:00]
15299048	161104 225954.176 sending frame: I N(R)=1 N(S)=1 Info=59
15299049	161104 225954.177 > 7EA04700 0272FB61 324A40E6 E6000501  ~.G..r.a2J@..... 
15299050	161104 225954.177 > 0460E801 02040204 12000809 06000001  .`.............. 
15299051	161104 225954.177 > 0000FF0F 02120000 090C07E0 0B04FF16  ................ 
15299052	161104 225954.178 > 36010080 0000090C 07E00B04 FF163A00  6.............:. 
15299053	161104 225954.178 > 00800000 0100CFBB 7E                 ........~        
15299054	161104 225954.356 < 7EA01461 000272FB 526542E6 E7000C01  ~..a..r.ReB..... 
15299055	161104 225954.357 < 000100F9 F17E                        .....~           
15299056	161104 225954.357 recved frame: I * N(R)=2 N(S)=1 Info=8
15299057	161104 225954.379 keepalive stopped
15299058	161104 225954.379 sending frame: DISC
15299059	161104 225954.380 > 7EA00A00 0272FB61 538CDB7E           ~....r.aS..~     
15299060	161104 225954.487 < 7EA02161 000272FB 73075481 80120501  ~.!a..r.s.T..... 
15299061	161104 225954.487 < F806013E 07040000 00010804 00000001  ...>............ 
15299062	161104 225954.487 < 480E7E                               H.~              
15299063	161104 225954.488 recved frame: UA * Info=21
15299064	161104 225954.488 hdlc disconnected
15299065	161104 225954.489 closed /dev/tts7 tx=570/13 rx=703/13, recv_delay=6.675s, send_delay=0.000s
15299066	iteration 83229
15299067	xdlms -L --brief --no-save --no-last-value 8 2 13 1478271480 1
15299068	161104 225955.820 com=8 meter=2 baud=13 acqtime=2016-11-04 22:58:00
15299069	161104 225956.495 opened (3)/dev/tts7 8N1 9600 tx_ipg=24984, rx_ipg=24984 (DTR|RTS|CTS|CAR|RNG)
15299070	161104 225956.566 sending frame: SNRM Info=23
15299071	161104 225956.568 > 7EA02300 0272FB61 933A3F81 80140502  ~.#..r.a.:?..... 
15299072	161104 225956.570 > 07F00602 07F00704 00000001 08040000  ................ 
15299073	161104 225956.587 > 00015856 7E                          ..XV~            
15299074	161104 225956.696 < 7EA02161 000272FB 73075481 80120501  ~.!a..r.s.T..... 
15299075	161104 225956.697 < F806013E 07040000 00010804 00000001  ...>............ 
15299076	161104 225956.697 < 480E7E                               H.~              
15299077	161104 225956.697 recved frame: UA * Info=21
15299078	161104 225956.698 negotiated mtu tx/rx = 79/2049
15299079	161104 225956.698 hdlc connected
15299080	161104 225956.700 sending frame: I N(R)=0 N(S)=0 Info=54
15299081	161104 225956.701 > 7EA04200 0272FB61 10F9B2E6 E6006031  ~.B..r.a......`1 
15299082	161104 225956.701 > 80020780 A1090607 60857405 0801028A  ........`.t..... 
15299083	161104 225956.708 > 0207808B 07608574 05080202 AC028000  .....`.t........ 
15299084	161104 225956.709 > BE0F040D 01000000 065F0400 FFFFFF00  ........._...... 
15299085	161104 225956.711 > 00BC7F7E                             ...~             
15299086	161104 225956.946 < 7EA05261 000272FB 30BA9DE6 E7006141  ~.Ra..r.0.....aA 
