15346590	161104 173627.544 < 00000205 00000257 05000000 00050000  .......W........ 
15346591	161104 173627.545 < 00000500 00088A05 00000000 05000000  ................ 
15346592	161104 173627.545 < 00020C09 0C07E00B 0405100F 00FF8000  ................ 
15346593	161104 173627.545 < 00060081 00041400 00000000 00446E14  .............Dn. 
15346594	161104 173627.546 < 00000000 00000000 14000000 00000076  ...............v 
15346595	161104 173627.547 < 47C7DA7E                             G..~             
15346596	161104 173627.550 recved frame: I * N(R)=6 N(S)=5 Info=230 S
15346597	161104 173627.552 sending frame: RR N(R)=6
15346598	161104 173627.554 > 7EA00A00 02A2BD61 D141547E           ~......a.AT~     
15346599	161104 173627.861 < 7EA8E161 0002A2BD DCE4F814 00000000  ~..a............ 
15346600	161104 173627.862 < 00000002 05000002 5D050000 00000500  ........]....... 
15346601	161104 173627.862 < 00000005 000008A2 05000000 00050000  ................ 
15346602	161104 173627.862 < 0000020C 090C07E0 0B040510 1E00FF80  ................ 
15346603	161104 173627.863 < 00000600 81000414 00000000 0000447F  ..............D. 
15346604	161104 173627.863 < 14000000 00000000 00140000 00000000  ................ 
15346605	161104 173627.863 < 76641400 00000000 00000205 00000262  vd.............b 
15346606	161104 173627.863 < 05000000 00050000 00000500 0008B105  ................ 
15346607	161104 173627.864 < 00000000 05000000 00020C09 0C07E00B  ................ 
15346608	161104 173627.864 < 0405102D 00FF8000 00060081 00041400  ...-............ 
15346609	161104 173627.864 < 00000000 00449014 00000000 00000000  .....D.......... 
15346610	161104 173627.865 < 14000000 00000076 82140000 00000000  .......v........ 
15346611	161104 173627.865 < 00020500 00026405 00000000 05000000  ......d......... 
15346612	161104 173627.865 < 00050000 08B90500 00000005 00000000  ................ 
15346613	161104 173627.865 < A03C7E                               .<~              
15346614	161104 173627.866 recved frame: I * N(R)=6 N(S)=6 Info=213 S
15346615	161104 173627.868 sending frame: RR N(R)=7
15346616	161104 173627.871 > 7EA00A00 02A2BD61 F143757E           ~......a.Cu~     
15346617	161104 173628.206 < 7EA8EA61 0002A2BD DE74AD02 0C090C07  ~..a.....t...... 
15346618	161104 173628.207 < E00B0405 110000FF 80000006 00810004  ................ 
15346619	161104 173628.207 < 14000000 00000044 A1140000 00000000  .......D........ 
15346620	161104 173628.207 < 00001400 00000000 00769F14 00000000  .........v...... 
15346621	161104 173628.208 < 00000002 05000002 66050000 00000500  ........f....... 
15346622	161104 173628.208 < 00000005 000008C2 05000000 00050000  ................ 
15346623	161104 173628.208 < 0000020C 090C07E0 0B040511 0F00FF80  ................ 
15346624	161104 173628.209 < 00000600 81000414 00000000 000044B2  ..............D. 
15346625	161104 173628.209 < 14000000 00000000 00140000 00000000  ................ 
15346626	161104 173628.209 < 76BE1400 00000000 00000205 00000269  v..............i 
15346627	161104 173628.209 < 05000000 00050000 00000500 0008CD05  ................ 
15346628	161104 173628.210 < 00000000 05000000 00020C09 0C07E00B  ................ 
15346629	161104 173628.210 < 0405111E 00FF8000 00060081 00041400  ................ 
15346630	161104 173628.210 < 00000000 0044C414 00000000 00000000  .....D.......... 
15346631	161104 173628.210 < 14000000 00000076 DC69D07E           .......v.i.~     
15346632	161104 173628.221 recved frame: I * N(R)=6 N(S)=7 Info=222 S
15346633	161104 173628.224 sending frame: RR N(R)=0
15346634	161104 173628.225 > 7EA00A00 02A2BD61 114D927E           ~......a.M.~     
15346635	161104 173628.366 < 7EA03361 0002A2BD D05DDC14 00000000  ~.3a.....]...... 
15346636	161104 173628.367 < 00000002 05000002 6E050000 00000500  ........n....... 
15346637	161104 173628.367 < 00000005 000008E0 05000000 00050000  ................ 
15346638	161104 173628.367 < 00002DE0 7E                          ..-.~            
15346639	161104 173628.367 recved frame: I * N(R)=6 N(S)=0 Info=39
15346640	161104 173628.369 profile row 0: 2016-11-04 15:45:00
15346641	161104 173628.370 profile row 1: 2016-11-04 16:00:00
15346642	161104 173628.371 profile row 2: 2016-11-04 16:15:00
15346643	161104 173628.378 profile row 3: 2016-11-04 16:30:00
15346644	161104 173628.384 profile row 4: 2016-11-04 16:45:00
15346645	161104 173628.388 profile row 5: 2016-11-04 17:00:00
15346646	161104 173628.393 profile row 6: 2016-11-04 17:15:00
15346647	161104 173628.398 profile row 7: 2016-11-04 17:30:00
15346648	161104 173628.483 keepalive stopped
15346649	161104 173628.484 read profile buf [2016-11-04 17:30:01, 2016-11-04 17:36:00]
15346650	161104 173628.485 sending frame: I N(R)=1 N(S)=6 Info=59
15346651	161104 173628.485 > 7EA04700 02A2BD61 3CE381E6 E6000501  ~.G....a<....... 
15346652	161104 173628.486 > 04627801 02040204 12000809 06000001  .bx............. 
15346653	161104 173628.498 > 0000FF0F 02120000 090C07E0 0B04FF11  ................ 
15346654	161104 173628.499 > 1E010080 0000090C 07E00B04 FF112400  ..............$. 
15346655	161104 173628.500 > 00800000 01001238 7E                 .......8~        
15346656	161104 173628.811 < 7EA01461 0002A2BD F2D67AE6 E7000C01  ~..a......z..... 
15346657	161104 173628.812 < 000100F9 F17E                        .....~           
15346658	161104 173628.812 recved frame: I * N(R)=7 N(S)=1 Info=8
15346659	161104 173628.818 keepalive stopped
15346660	161104 173628.819 [ERR] profile 0.0.98.133.61.255 not found in server
15346661	161104 173628.820 [ERR] profile 0.0.98.133.62.255 not found in server
15346662	161104 173628.820 [ERR] profile 0.0.98.133.63.255 not found in server
15346663	161104 173628.820 [ERR] profile 0.0.98.133.64.255 not found in server
15346664	161104 173628.824 69 mp's use dummy acquisition
15346665	161104 173628.878 keepalive stopped
15346666	161104 173629.162 profile 1.0.99.98.0.255 period=0, objs_num=6, sort_method=1 entries_in_use=0, entries=0
15346667	161104 173629.163 start read event log
15346668	161104 173629.165 profile read max step=0:56.00
15346669	161104 173629.197 read profile buf [2016-11-04 16:36:01, 2016-11-04 17:32:00]
15346670	161104 173629.198 sending frame: I N(R)=2 N(S)=7 Info=59
15346671	161104 173629.200 > 7EA04700 02A2BD61 5EF7C1E6 E6000501  ~.G....a^....... 
15346672	161104 173629.226 > 0460E801 02040204 12000809 06000001  .`.............. 
15346673	161104 173629.228 > 0000FF0F 02120000 090C07E0 0B04FF10  ................ 
15346674	161104 173629.229 > 24010080 0000090C 07E00B04 FF112000  $............. . 
15346675	161104 173629.231 > 00800000 0100D29C 7E                 ........~        
15346676	161104 173629.726 < 7EA01461 0002A2BD 14EEF8E6 E7000C01  ~..a............ 
15346677	161104 173629.727 < 000100F9 F17E                        .....~           
15346678	161104 173629.727 recved frame: I * N(R)=0 N(S)=2 Info=8
15346679	161104 173629.731 keepalive stopped
15346680	161104 173629.732 read profile buf [2016-11-04 17:32:01, 2016-11-04 17:36:00]
15346681	161104 173629.733 sending frame: I N(R)=3 N(S)=0 Info=59
15346682	161104 173629.733 > 7EA04700 02A2BD61 708B09E6 E6000501  ~.G....ap....... 
15346683	161104 173629.734 > 0460E801 02040204 12000809 06000001  .`.............. 
15346684	161104 173629.734 > 0000FF0F 02120000 090C07E0 0B04FF11  ................ 
15346685	161104 173629.734 > 20010080 0000090C 07E00B04 FF112400   .............$. 
15346686	161104 173629.735 > 00800000 010093B6 7E                 ........~        
15346687	161104 173634.371 < 7EA01961 0002A2BD 36B1D4E6 E7000C01  ~..a....6....... 
15346688	161104 173634.372 < 000182F9 9F110103 2F017E             ......../.~      
15346689	161104 173634.372 recved frame: I * N(R)=1 N(S)=3 Info=13
15346690	161104 173634.372 [ERR] unrecognized tag of data: 12
15346691	161104 173634.373 sending frame: DISC
15346692	161104 173634.373 > 7EA00A00 02A2BD61 535BF37E           ~......aS[.~     
15346693	161104 173634.496 < 7EA02161 0002A2BD 73BEC981 80120501  ~.!a....s....... 
15346694	161104 173634.497 < F806013E 07040000 00010804 00000001  ...>............ 
15346695	161104 173634.497 < 480E7E                               H.~              
15346696	161104 173634.497 recved frame: UA * Info=21
15346697	161104 173634.497 hdlc disconnected
15346698	161104 173634.499 closed /dev/tts8 tx=550/14 rx=1123/14, recv_delay=6.630s, send_delay=0.000s
15346699	iteration 86782
15346700	xdlms -L --brief --no-save --no-last-value --no-reg --lp-from 2016-11-04 15:36:01 --lp-to 2016-11-04 17:36:00 --no-lp-time-hist 9 8 13 1478252160 1
15346701	161104 173636.285 com=9 meter=8 baud=13 acqtime=2016-11-04 17:36:00
15346702	161104 173637.147 opened (3)/dev/tts8 8N1 9600 tx_ipg=24984, rx_ipg=24984 (DTR|RTS|CTS|CAR|RNG)
15346703	161104 173637.295 sending frame: SNRM Info=23
15346704	161104 173637.297 > 7EA02300 02A2BD61 93ED1781 80140502  ~.#....a........ 
15346705	161104 173637.297 > 07F00602 07F00704 00000001 08040000  ................ 
15346706	161104 173637.297 > 00015856 7E                          ..XV~            
15346707	161104 173637.421 < 7EA02161 0002A2BD 73BEC981 80120501  ~.!a....s....... 
15346708	161104 173637.422 < F806013E 07040000 00010804 00000001  ...>............ 
15346709	161104 173637.422 < 480E7E                               H.~              
15346710	161104 173637.422 recved frame: UA * Info=21
15346711	161104 173637.423 negotiated mtu tx/rx = 79/2049
15346712	161104 173637.423 hdlc connected
15346713	161104 173637.425 sending frame: I N(R)=0 N(S)=0 Info=54
15346714	161104 173637.426 > 7EA04200 02A2BD61 102E9AE6 E6006031  ~.B....a......`1 
15346715	161104 173637.439 > 80020780 A1090607 60857405 0801028A  ........`.t..... 
15346716	161104 173637.440 > 0207808B 07608574 05080202 AC028000  .....`.t........ 
15346717	161104 173637.442 > BE0F040D 01000000 065F0400 FFFFFF00  ........._...... 
15346718	161104 173637.443 > 00BC7F7E                             ...~             
15346719	161104 173637.671 < 7EA05261 0002A2BD 300300E6 E7006141  ~.Ra....0.....aA 
15346720	161104 173637.672 < A1090607 60857405 080102A2 03020100  ....`.t......... 
15346721	161104 173637.672 < A305A103 02010E88 02078089 07608574  .............`.t 
15346722	161104 173637.672 < 05080202 AA0A8008 34323133 30303030  ........42130000 
15346723	161104 173637.672 < BE0F040D 0800065F 04001802 200960FA  ......._.... .`. 
15346724	161104 173637.672 < 00EAD77E                             ...~             
15346725	161104 173637.673 recved frame: I * N(R)=1 N(S)=0 Info=70
15346726	161104 173637.675 AARE: app=(2,16,756,5,8,1,2) asso_result=0 (14) initiate err=0 +auth secu_machanism=(2,16,756,5,8,2,2)
15346727	161104 173637.675 xdlms param: qos=0 ver=6 max_send_pdu=2400, vaa=fa00
15346728	161104 173637.676 sending frame: I N(R)=1 N(S)=1 Info=19
15346729	161104 173637.692 > 7EA01F00 02A2BD61 32BEC4E6 E6000601  ~......a2....... 
15346730	161104 173637.693 > 02FA5801 09083534 34373536 3730F7CC  ..X...54475670.. 
15346731	161104 173637.694 > 7E                                   ~                
15346732	161104 173637.807 < 7EA01261 0002A2BD 521187E6 E7000D01  ~..a....R....... 
15346733	161104 173637.807 < 0007E47E                             ...~             
15346734	161104 173637.807 recved frame: I * N(R)=2 N(S)=1 Info=6
15346735	161104 173637.808 hls auth ok
15346736	161104 173637.808 read LDN
15346737	161104 173637.808 reading 1 vars, ttl=1
15346738	161104 173637.808 sending frame: I N(R)=2 N(S)=2 Info=8
15346739	161104 173637.809 > 7EA01400 02A2BD61 540CB4E6 E6000501  ~......aT....... 
15346740	161104 173637.809 > 02FD0810 D37E                        .....~           
15346741	161104 173637.936 < 7EA02461 0002A2BD 74A24DE6 E7000C01  ~.$a....t.M..... 
15346742	161104 173637.937 < 0009104C 475A3531 32353934 36320000  ...LGZ51259462.. 
15346743	161104 173637.937 < 0000006B C27E                        ...k.~           
15346744	161104 173637.937 recved frame: I * N(R)=3 N(S)=2 Info=24
15346745	161104 173637.943 keepalive stopped
15346746	161104 173638.137 solve obj names:
15346747	161104 173638.204 read server info
15346748	161104 173638.232 reading 3 vars, ttl=3
15346749	161104 173638.233 sending frame: I N(R)=3 N(S)=3 Info=14
15346750	161104 173638.235 > 7EA01A00 02A2BD61 763D30E6 E6000503  ~......av=0..... 
15346751	161104 173638.237 > 02FF0802 4C580299 F01D067E           ....LX.....~     
15346752	161104 173638.396 < 7EA02C61 0002A2BD 965257E6 E7000C03  ~.,a.....RW..... 
15346753	161104 173638.397 < 000A0348 30340006 00000024 00090C07  ...H04.....$.... 
15346754	161104 173638.397 < E00B0102 000000FF 8000FFA4 7F7E      .............~   
15346755	161104 173638.397 recved frame: I * N(R)=4 N(S)=3 Info=32
15346756	161104 173638.398 detected a suspicous clock value, status=0xff
15346757	161104 173638.511 keepalive stopped
15346758	161104 173638.512 ldn: LGZ51259462 ver: H04 vz1: 36 last billing reset: 2016-11-01 00:00:00
15346759	161104 173638.971 read server clock
15346760	161104 173638.972 reading 1 vars, ttl=1
15346761	161104 173638.973 sending frame: I N(R)=4 N(S)=4 Info=8
15346762	161104 173638.975 > 7EA01400 02A2BD61 986CB8E6 E6000501  ~......a.l...... 
15346763	161104 173638.976 > 022BC8F7 1E7E                        .+...~           
15346764	161104 173639.096 < 7EA02061 0002A2BD B8B42EE6 E7000C01  ~. a............ 
15346765	161104 173639.097 < 00090C07 E00B0405 11242AFF 8000004F  .........$*....O 
15346766	161104 173639.097 < B57E                                 .~               
15346767	161104 173639.097 recved frame: I * N(R)=5 N(S)=4 Info=20
15346768	161104 173639.102 keepalive stopped
15346769	161104 173639.102 server time is 2016-11-04 17:36:41.92
15346770	161104 173639.108 time drift (2s) out of sync window, sync is aborted
15346771	161104 173639.290 profile 1.0.99.1.0.255 period=900, objs_num=12, sort_method=1 entries_in_use=0, entries=0
15346772	161104 173639.293 start read load profile for 10 mp's from 2016-11-04 15:36:01 to 2016-11-04 17:36:00
15346773	161104 173639.294 profile read max step=8:00.00
15346774	161104 173639.307 read profile buf [2016-11-04 15:36:01, 2016-11-04 17:36:00]
15346775	161104 173639.309 sending frame: I N(R)=5 N(S)=5 Info=59
15346776	161104 173639.310 > 7EA04700 02A2BD61 BADD60E6 E6000501  ~.G....a..`..... 
15346777	161104 173639.311 > 04627801 02040204 12000809 06000001  .bx............. 
15346778	161104 173639.311 > 0000FF0F 02120000 090C07E0 0B04FF0F  ................ 
15346779	161104 173639.312 > 24010080 0000090C 07E00B04 FF112400  $.............$. 
15346780	161104 173639.312 > 00800000 01000AD9 7E                 ........~        
15346781	161104 173639.846 < 7EA8F261 0002A2BD DA7580E6 E7000C01  ~..a.....u...... 
15346782	161104 173639.847 < 00010802 0C090C07 E00B0405 0F2D00FF  .............-.. 
15346783	161104 173639.847 < 80000006 00810004 14000000 00000044  ...............D 
15346784	161104 173639.847 < 4D140000 00000000 00001400 00000000  M............... 
15346785	161104 173639.847 < 00760D14 00000000 00000002 05000002  .v.............. 
15346786	161104 173639.848 < 57050000 00000500 00000005 00000861  W..............a 
15346787	161104 173639.848 < 05000000 00050000 0000020C 090C07E0  ................ 
15346788	161104 173639.848 < 0B040510 0000FF80 00000600 81000414  ................ 
15346789	161104 173639.849 < 00000000 0000445D 14000000 00000000  ......D]........ 
15346790	161104 173639.849 < 00140000 00000000 762A1400 00000000  ........v*...... 
