15247854	161104 173629.951 < 7EA01461 0002A2BD 36FEFAE6 E7000C01  ~..a....6....... 
15247855	161104 173629.952 < 000100F9 F17E                        .....~           
15247856	161104 173629.952 recved frame: I * N(R)=1 N(S)=3 Info=8
15247857	161104 173629.962 keepalive stopped
15247858	161104 173629.962 sending frame: DISC
15247859	161104 173629.963 > 7EA00A00 02A2BD61 535BF37E           ~......aS[.~     
15247860	161104 173630.071 < 7EA02161 0002A2BD 73BEC981 80120501  ~.!a....s....... 
15247861	161104 173630.071 < F806013E 07040000 00010804 00000001  ...>............ 
15247862	161104 173630.072 < 480E7E                               H.~              
15247863	161104 173630.072 recved frame: UA * Info=21
15247864	161104 173630.072 hdlc disconnected
15247865	161104 173630.073 closed /dev/tts9 tx=550/14 rx=1118/14, recv_delay=2.245s, send_delay=0.000s
15247866	iteration 86213
15247867	xdlms -L --brief --no-save --no-last-value --no-reg --lp-from 2016-11-04 15:36:01 --lp-to 2016-11-04 17:36:00 --no-lp-time-hist 10 3 13 1478252160 1
15247868	161104 173631.607 com=10 meter=3 baud=13 acqtime=2016-11-04 17:36:00
15247869	161104 173632.133 opened (3)/dev/tts9 8N1 9600 tx_ipg=24984, rx_ipg=24984 (DTR|RTS|CTS|CAR|RNG)
15247870	161104 173632.256 sending frame: SNRM Info=23
15247871	161104 173632.259 > 7EA02300 02A2BD61 93ED1781 80140502  ~.#....a........ 
15247872	161104 173632.260 > 07F00602 07F00704 00000001 08040000  ................ 
15247873	161104 173632.261 > 00015856 7E                          ..XV~            
15247874	161104 173632.396 < 7EA02161 0002A2BD 73BEC981 80120501  ~.!a....s....... 
15247875	161104 173632.396 < F806013E 07040000 00010804 00000001  ...>............ 
15247876	161104 173632.397 < 480E7E                               H.~              
15247877	161104 173632.397 recved frame: UA * Info=21
15247878	161104 173632.397 negotiated mtu tx/rx = 79/2049
15247879	161104 173632.397 hdlc connected
15247880	161104 173632.400 sending frame: I N(R)=0 N(S)=0 Info=54
15247881	161104 173632.400 > 7EA04200 02A2BD61 102E9AE6 E6006031  ~.B....a......`1 
15247882	161104 173632.401 > 80020780 A1090607 60857405 0801028A  ........`.t..... 
15247883	161104 173632.412 > 0207808B 07608574 05080202 AC028000  .....`.t........ 
15247884	161104 173632.414 > BE0F040D 01000000 065F0400 FFFFFF00  ........._...... 
15247885	161104 173632.415 > 00BC7F7E                             ...~             
15247886	161104 173632.776 < 7EA05261 0002A2BD 300300E6 E7006141  ~.Ra....0.....aA 
15247887	161104 173632.777 < A1090607 60857405 080102A2 03020100  ....`.t......... 
15247888	161104 173632.777 < A305A103 02010E88 02078089 07608574  .............`.t 
15247889	161104 173632.777 < 05080202 AA0A8008 38433136 30303030  ........8C160000 
15247890	161104 173632.777 < BE0F040D 0800065F 04001802 200960FA  ......._.... .`. 
15247891	161104 173632.777 < 00C96E7E                             ..n~             
15247892	161104 173632.778 recved frame: I * N(R)=1 N(S)=0 Info=70
15247893	161104 173632.780 AARE: app=(2,16,756,5,8,1,2) asso_result=0 (14) initiate err=0 +auth secu_machanism=(2,16,756,5,8,2,2)
15247894	161104 173632.780 xdlms param: qos=0 ver=6 max_send_pdu=2400, vaa=fa00
15247895	161104 173632.781 sending frame: I N(R)=1 N(S)=1 Info=19
15247896	161104 173632.783 > 7EA01F00 02A2BD61 32BEC4E6 E6000601  ~......a2....... 
15247897	161104 173632.785 > 02FA5801 09083945 34413536 37306757  ..X...9E4A5670gW 
15247898	161104 173632.799 > 7E                                   ~                
15247899	161104 173632.951 < 7EA01261 0002A2BD 521187E6 E7000D01  ~..a....R....... 
15247900	161104 173632.951 < 0007E47E                             ...~             
15247901	161104 173632.952 recved frame: I * N(R)=2 N(S)=1 Info=6
15247902	161104 173632.952 hls auth ok
15247903	161104 173632.952 read LDN
15247904	161104 173632.953 reading 1 vars, ttl=1
15247905	161104 173632.953 sending frame: I N(R)=2 N(S)=2 Info=8
15247906	161104 173632.953 > 7EA01400 02A2BD61 540CB4E6 E6000501  ~......aT....... 
15247907	161104 173632.954 > 02FD0810 D37E                        .....~           
15247908	161104 173633.151 < 7EA02461 0002A2BD 74A24DE6 E7000C01  ~.$a....t.M..... 
15247909	161104 173633.152 < 0009104C 475A3531 32353934 36320000  ...LGZ51259462.. 
15247910	161104 173633.152 < 0000006B C27E                        ...k.~           
15247911	161104 173633.152 recved frame: I * N(R)=3 N(S)=2 Info=24
15247912	161104 173633.168 keepalive stopped
15247913	161104 173633.244 solve obj names:
15247914	161104 173633.254 read server info
15247915	161104 173633.256 reading 3 vars, ttl=3
15247916	161104 173633.258 sending frame: I N(R)=3 N(S)=3 Info=14
15247917	161104 173633.260 > 7EA01A00 02A2BD61 763D30E6 E6000503  ~......av=0..... 
15247918	161104 173633.261 > 02FF0802 4C580299 F01D067E           ....LX.....~     
15247919	161104 173633.466 < 7EA02C61 0002A2BD 965257E6 E7000C03  ~.,a.....RW..... 
15247920	161104 173633.467 < 000A0348 30340006 00000024 00090C07  ...H04.....$.... 
15247921	161104 173633.467 < E00B0102 000000FF 8000FFA4 7F7E      .............~   
15247922	161104 173633.467 recved frame: I * N(R)=4 N(S)=3 Info=32
15247923	161104 173633.468 detected a suspicous clock value, status=0xff
15247924	161104 173633.601 keepalive stopped
15247925	161104 173633.602 ldn: LGZ51259462 ver: H04 vz1: 36 last billing reset: 2016-11-01 00:00:00
15247926	161104 173633.820 read server clock
15247927	161104 173633.823 reading 1 vars, ttl=1
15247928	161104 173633.824 sending frame: I N(R)=4 N(S)=4 Info=8
15247929	161104 173633.825 > 7EA01400 02A2BD61 986CB8E6 E6000501  ~......a.l...... 
15247930	161104 173633.827 > 022BC8F7 1E7E                        .+...~           
15247931	161104 173633.976 < 7EA02061 0002A2BD B8B42EE6 E7000C01  ~. a............ 
15247932	161104 173633.977 < 00090C07 E00B0405 112425FF 800000B3  .........$%..... 
15247933	161104 173633.977 < DF7E                                 .~               
15247934	161104 173633.977 recved frame: I * N(R)=5 N(S)=4 Info=20
15247935	161104 173633.980 keepalive stopped
15247936	161104 173633.981 server time is 2016-11-04 17:36:36.92
15247937	161104 173634.014 time drift (3s) out of sync window, sync is aborted
15247938	161104 173634.093 profile 1.0.99.1.0.255 period=900, objs_num=12, sort_method=1 entries_in_use=0, entries=0
15247939	161104 173634.096 start read load profile for 10 mp's from 2016-11-04 15:36:01 to 2016-11-04 17:36:00
15247940	161104 173634.098 profile read max step=8:00.00
15247941	161104 173634.103 read profile buf [2016-11-04 15:36:01, 2016-11-04 17:36:00]
15247942	161104 173634.105 sending frame: I N(R)=5 N(S)=5 Info=59
15247943	161104 173634.107 > 7EA04700 02A2BD61 BADD60E6 E6000501  ~.G....a..`..... 
15247944	161104 173634.108 > 04627801 02040204 12000809 06000001  .bx............. 
15247945	161104 173634.109 > 0000FF0F 02120000 090C07E0 0B04FF0F  ................ 
15247946	161104 173634.112 > 24010080 0000090C 07E00B04 FF112400  $.............$. 
15247947	161104 173634.114 > 00800000 01000AD9 7E                 ........~        
15247948	161104 173634.451 < 7EA04B61 0002A2BD DAA7BCE6 E7000C01  ~.Ka............ 
15247949	161104 173634.452 < 00020C09 0C07E00B 04050F2D 00FF8000  ...........-.... 
15247950	161104 173634.452 < 00060081 00041400 00000000 00444D14  .............DM. 
15247951	161104 173634.452 < 00000000 00000000 14000000 00000076  ...............v 
15247952	161104 173634.452 < 0D140000 00000000 0002A974 7E        ...........t~    
15247953	161104 173634.453 recved frame: I * N(R)=6 N(S)=5 Info=63
15247954	161104 173634.454 [WARNING] row 0: no clock in profile buffer?
15247955	161104 173634.454 [WARNING] row 1: no clock in profile buffer?
15247956	161104 173634.454 [WARNING] row 2: no clock in profile buffer?
15247957	161104 173634.454 [WARNING] row 3: no clock in profile buffer?
15247958	161104 173634.454 [WARNING] row 4: no clock in profile buffer?
15247959	161104 173634.454 [WARNING] row 5: no clock in profile buffer?
15247960	161104 173634.455 [WARNING] row 6: no clock in profile buffer?
15247961	161104 173634.455 [WARNING] row 7: no clock in profile buffer?
15247962	161104 173634.455 [WARNING] row 8: no clock in profile buffer?
15247963	161104 173634.455 [WARNING] row 9: no clock in profile buffer?
15247964	161104 173634.455 [WARNING] row 10: no clock in profile buffer?
15247965	161104 173634.455 [WARNING] row 11: no clock in profile buffer?
15247966	161104 173634.459 keepalive stopped
15247967	161104 173634.460 [ERR] profile 0.0.98.133.61.255 not found in server
15247968	161104 173634.461 [ERR] profile 0.0.98.133.62.255 not found in server
15247969	161104 173634.467 [ERR] profile 0.0.98.133.63.255 not found in server
15247970	161104 173634.468 [ERR] profile 0.0.98.133.64.255 not found in server
15247971	161104 173634.470 69 mp's use dummy acquisition
15247972	161104 173634.477 keepalive stopped
15247973	161104 173634.861 profile 1.0.99.98.0.255 period=0, objs_num=6, sort_method=1 entries_in_use=0, entries=0
15247974	161104 173634.862 start read event log
15247975	161104 173634.863 profile read max step=0:56.00
15247976	161104 173634.865 read profile buf [2016-11-04 16:36:01, 2016-11-04 17:32:00]
15247977	161104 173634.867 sending frame: I N(R)=6 N(S)=6 Info=59
15247978	161104 173634.868 > 7EA04700 02A2BD61 DCED66E6 E6000501  ~.G....a..f..... 
15247979	161104 173634.868 > 0460E801 02040204 12000809 06000001  .`.............. 
15247980	161104 173634.868 > 0000FF0F 02120000 090C07E0 0B04FF10  ................ 
15247981	161104 173634.869 > 24010080 0000090C 07E00B04 FF112000  $............. . 
15247982	161104 173634.869 > 00800000 0100D29C 7E                 ........~        
15247983	161104 173635.046 < 7EA01461 0002A2BD FCA893E6 E7000C01  ~..a............ 
15247984	161104 173635.047 < 000100F9 F17E                        .....~           
15247985	161104 173635.047 recved frame: I * N(R)=7 N(S)=6 Info=8
15247986	161104 173635.052 keepalive stopped
15247987	161104 173635.053 read profile buf [2016-11-04 17:32:01, 2016-11-04 17:36:00]
15247988	161104 173635.054 sending frame: I N(R)=7 N(S)=7 Info=59
15247989	161104 173635.054 > 7EA04700 02A2BD61 FEFD64E6 E6000501  ~.G....a..d..... 
15247990	161104 173635.054 > 0460E801 02040204 12000809 06000001  .`.............. 
15247991	161104 173635.055 > 0000FF0F 02120000 090C07E0 0B04FF11  ................ 
15247992	161104 173635.055 > 20010080 0000090C 07E00B04 FF112400   .............$. 
15247993	161104 173635.055 > 00800000 010093B6 7E                 ........~        
15247994	161104 173635.251 < 7EA01461 0002A2BD 1EB457E6 E7000C01  ~..a......W..... 
15247995	161104 173635.252 < 000100F9 F17E                        .....~           
15247996	161104 173635.252 recved frame: I * N(R)=0 N(S)=7 Info=8
15247997	161104 173635.257 keepalive stopped
15247998	161104 173635.257 sending frame: DISC
15247999	161104 173635.258 > 7EA00A00 02A2BD61 535BF37E           ~......aS[.~     
15248000	161104 173635.376 < 7EA02161 0002A2BD 73BEC981 80120501  ~.!a....s....... 
15248001	161104 173635.378 < F806013E 07040000 00010804 00000001  ...>............ 
15248002	161104 173635.379 < 480E7E                               H.~              
15248003	161104 173635.381 recved frame: UA * Info=21
15248004	161104 173635.402 hdlc disconnected
15248005	161104 173635.405 closed /dev/tts9 tx=441/10 rx=413/10, recv_delay=1.415s, send_delay=0.000s
15248006	iteration 86214
15248007	xdlms -L --brief --no-save --no-last-value --no-reg --lp-from 2016-11-04 15:36:01 --lp-to 2016-11-04 17:36:00 --no-lp-time-hist 10 3 13 1478252160 1
15248008	161104 173637.139 com=10 meter=3 baud=13 acqtime=2016-11-04 17:36:00
15248009	161104 173638.088 opened (3)/dev/tts9 8N1 9600 tx_ipg=24984, rx_ipg=24984 (DTR|RTS|CTS|CAR|RNG)
15248010	161104 173638.292 sending frame: SNRM Info=23
15248011	161104 173638.295 > 7EA02300 02A2BD61 93ED1781 80140502  ~.#....a........ 
15248012	161104 173638.296 > 07F00602 07F00704 00000001 08040000  ................ 
15248013	161104 173638.307 > 00015856 7E                          ..XV~            
15248014	161104 173638.431 < 7EA02161 0002A2BD 73BEC981 80120501  ~.!a....s....... 
15248015	161104 173638.432 < F806013E 07040000 00010804 00000001  ...>............ 
15248016	161104 173638.432 < 480E7E                               H.~              
15248017	161104 173638.432 recved frame: UA * Info=21
15248018	161104 173638.432 negotiated mtu tx/rx = 79/2049
15248019	161104 173638.433 hdlc connected
15248020	161104 173638.435 sending frame: I N(R)=0 N(S)=0 Info=54
15248021	161104 173638.436 > 7EA04200 02A2BD61 102E9AE6 E6006031  ~.B....a......`1 
15248022	161104 173638.438 > 80020780 A1090607 60857405 0801028A  ........`.t..... 
15248023	161104 173638.439 > 0207808B 07608574 05080202 AC028000  .....`.t........ 
15248024	161104 173638.441 > BE0F040D 01000000 065F0400 FFFFFF00  ........._...... 
15248025	161104 173638.442 > 00BC7F7E                             ...~             
15248026	161104 173638.696 < 7EA05261 0002A2BD 300300E6 E7006141  ~.Ra....0.....aA 
15248027	161104 173638.697 < A1090607 60857405 080102A2 03020100  ....`.t......... 
15248028	161104 173638.697 < A305A103 02010E88 02078089 07608574  .............`.t 
15248029	161104 173638.697 < 05080202 AA0A8008 38443031 30303030  ........8D010000 
15248030	161104 173638.697 < BE0F040D 0800065F 04001802 200960FA  ......._.... .`. 
15248031	161104 173638.698 < 006D297E                             .m)~             
15248032	161104 173638.698 recved frame: I * N(R)=1 N(S)=0 Info=70
15248033	161104 173638.700 AARE: app=(2,16,756,5,8,1,2) asso_result=0 (14) initiate err=0 +auth secu_machanism=(2,16,756,5,8,2,2)
15248034	161104 173638.700 xdlms param: qos=0 ver=6 max_send_pdu=2400, vaa=fa00
15248035	161104 173638.709 sending frame: I N(R)=1 N(S)=1 Info=19
15248036	161104 173638.711 > 7EA01F00 02A2BD61 32BEC4E6 E6000601  ~......a2....... 
15248037	161104 173638.749 > 02FA5801 09083946 33353536 37303BDB  ..X...9F355670;. 
15248038	161104 173638.750 > 7E                                   ~                
15248039	161104 173638.826 < 7EA01261 0002A2BD 521187E6 E7000D01  ~..a....R....... 
15248040	161104 173638.826 < 0007E47E                             ...~             
15248041	161104 173638.827 recved frame: I * N(R)=2 N(S)=1 Info=6
15248042	161104 173638.827 hls auth ok
15248043	161104 173638.827 read LDN
15248044	161104 173638.828 reading 1 vars, ttl=1
15248045	161104 173638.828 sending frame: I N(R)=2 N(S)=2 Info=8
15248046	161104 173638.828 > 7EA01400 02A2BD61 540CB4E6 E6000501  ~......aT....... 
15248047	161104 173638.828 > 02FD0810 D37E                        .....~           
15248048	161104 173638.957 < 7EA02461 0002A2BD 74A24DE6 E7000C01  ~.$a....t.M..... 
15248049	161104 173638.957 < 0009104C 475A3531 32353934 36320000  ...LGZ51259462.. 
15248050	161104 173638.957 < 0000006B C27E                        ...k.~           
15248051	161104 173638.958 recved frame: I * N(R)=3 N(S)=2 Info=24
15248052	161104 173638.983 keepalive stopped
15248053	161104 173639.093 solve obj names:
15248054	161104 173639.149 read server info
